[2023-08-16 22:06:49][__main__.py][L41][INFO]dataset:
  name: fc_small
  batch_size: 16
  train_set: 0.9
  test_set: 0.1
  fc_path: /mnt/ssd1/mehul_data/research/fc_small_data.npy
  node_sz: 400
  node_feature_sz: 400
  num_classes: 2
  perc_edges: 100
  node: fc
model:
  name: GraphSAGE
  num_layers: 2
  hidden_size: 64
  dropout: 0.5
  readout: mean
  edge_percentage: 0.1
optimizer:
- name: Adam
  lr: 0.0001
  match_rule: None
  except_rule: None
  no_weight_decay: false
  weight_decay: 0.0001
  lr_scheduler:
    mode: poly
    base_lr: 0.0001
    target_lr: 1.0e-05
    decay_factor: 0.1
    milestones:
    - 0.3
    - 0.6
    - 0.9
    poly_power: 2.0
    lr_decay: 0.98
    warm_up_from: 0.0
    warm_up_steps: 0
training:
  name: Train
  epochs: 100
  l2: 0.0
log_path: result
repeat_time: 2
device: cuda:0
is_wandb: false
project: asd-graph

[2023-08-16 22:06:49][__init__.py][L15][INFO]cfg.dataset.name: fc_small
[2023-08-16 22:06:51][optimizer.py][L66][INFO]Parameters [normal] length [10]
[2023-08-16 22:06:51][__init__.py][L25][INFO]Training: Train
[2023-08-16 22:06:52][Train.py][L35][INFO]#model params: 1698049
[2023-08-16 22:06:52][Train.py][L163][INFO]Epoch[1/100] | Train Loss: 0.686 | Train Accuracy: 58.696% | Test Loss: 0.639 | Test Accuracy: 57.143% | Test AUC:0.7818 | Test Sen:0.1000 | Test Spe:1.0000 | Test F1:0.5714 | Test Recall:0.5714 | Test Precision:0.5714 | Best Test Accuracy: 57.143% | Best Test AUC:0.7818 | Best Test Sensitivity:0.1000 | Best Test Specificity:1.0000 | LR:0.0000982
[2023-08-16 22:06:52][Train.py][L163][INFO]Epoch[2/100] | Train Loss: 0.614 | Train Accuracy: 63.587% | Test Loss: 0.679 | Test Accuracy: 47.619% | Test AUC:0.8000 | Test Sen:1.0000 | Test Spe:0.0000 | Test F1:0.4762 | Test Recall:0.4762 | Test Precision:0.4762 | Best Test Accuracy: 57.143% | Best Test AUC:0.7818 | Best Test Sensitivity:0.1000 | Best Test Specificity:1.0000 | LR:0.0000964
[2023-08-16 22:06:53][Train.py][L163][INFO]Epoch[3/100] | Train Loss: 0.537 | Train Accuracy: 78.261% | Test Loss: 0.590 | Test Accuracy: 76.190% | Test AUC:0.7909 | Test Sen:0.9000 | Test Spe:0.6364 | Test F1:0.7619 | Test Recall:0.7619 | Test Precision:0.7619 | Best Test Accuracy: 76.190% | Best Test AUC:0.7909 | Best Test Sensitivity:0.9000 | Best Test Specificity:0.6364 | LR:0.0000947
[2023-08-16 22:06:53][Train.py][L163][INFO]Epoch[4/100] | Train Loss: 0.468 | Train Accuracy: 82.065% | Test Loss: 0.562 | Test Accuracy: 76.190% | Test AUC:0.7909 | Test Sen:0.9000 | Test Spe:0.6364 | Test F1:0.7619 | Test Recall:0.7619 | Test Precision:0.7619 | Best Test Accuracy: 76.190% | Best Test AUC:0.7909 | Best Test Sensitivity:0.9000 | Best Test Specificity:0.6364 | LR:0.0000929
[2023-08-16 22:06:53][Train.py][L163][INFO]Epoch[5/100] | Train Loss: 0.432 | Train Accuracy: 83.152% | Test Loss: 0.665 | Test Accuracy: 66.667% | Test AUC:0.7818 | Test Sen:0.9000 | Test Spe:0.4545 | Test F1:0.6667 | Test Recall:0.6667 | Test Precision:0.6667 | Best Test Accuracy: 76.190% | Best Test AUC:0.7909 | Best Test Sensitivity:0.9000 | Best Test Specificity:0.6364 | LR:0.0000912
[2023-08-16 22:06:54][Train.py][L163][INFO]Epoch[6/100] | Train Loss: 0.354 | Train Accuracy: 87.500% | Test Loss: 0.549 | Test Accuracy: 71.429% | Test AUC:0.7636 | Test Sen:0.8000 | Test Spe:0.6364 | Test F1:0.7143 | Test Recall:0.7143 | Test Precision:0.7143 | Best Test Accuracy: 76.190% | Best Test AUC:0.7909 | Best Test Sensitivity:0.9000 | Best Test Specificity:0.6364 | LR:0.0000895
[2023-08-16 22:06:54][Train.py][L163][INFO]Epoch[7/100] | Train Loss: 0.329 | Train Accuracy: 91.304% | Test Loss: 0.631 | Test Accuracy: 76.190% | Test AUC:0.7455 | Test Sen:0.9000 | Test Spe:0.6364 | Test F1:0.7619 | Test Recall:0.7619 | Test Precision:0.7619 | Best Test Accuracy: 76.190% | Best Test AUC:0.7909 | Best Test Sensitivity:0.9000 | Best Test Specificity:0.6364 | LR:0.0000878
[2023-08-16 22:06:54][Train.py][L163][INFO]Epoch[8/100] | Train Loss: 0.258 | Train Accuracy: 95.109% | Test Loss: 0.571 | Test Accuracy: 76.190% | Test AUC:0.7455 | Test Sen:0.9000 | Test Spe:0.6364 | Test F1:0.7619 | Test Recall:0.7619 | Test Precision:0.7619 | Best Test Accuracy: 76.190% | Best Test AUC:0.7909 | Best Test Sensitivity:0.9000 | Best Test Specificity:0.6364 | LR:0.0000862
[2023-08-16 22:06:55][Train.py][L163][INFO]Epoch[9/100] | Train Loss: 0.219 | Train Accuracy: 96.196% | Test Loss: 0.596 | Test Accuracy: 76.190% | Test AUC:0.7545 | Test Sen:0.9000 | Test Spe:0.6364 | Test F1:0.7619 | Test Recall:0.7619 | Test Precision:0.7619 | Best Test Accuracy: 76.190% | Best Test AUC:0.7909 | Best Test Sensitivity:0.9000 | Best Test Specificity:0.6364 | LR:0.0000845
[2023-08-16 22:06:55][Train.py][L163][INFO]Epoch[10/100] | Train Loss: 0.184 | Train Accuracy: 98.370% | Test Loss: 0.586 | Test Accuracy: 76.190% | Test AUC:0.7364 | Test Sen:0.9000 | Test Spe:0.6364 | Test F1:0.7619 | Test Recall:0.7619 | Test Precision:0.7619 | Best Test Accuracy: 76.190% | Best Test AUC:0.7909 | Best Test Sensitivity:0.9000 | Best Test Specificity:0.6364 | LR:0.0000829
[2023-08-16 22:06:55][Train.py][L163][INFO]Epoch[11/100] | Train Loss: 0.154 | Train Accuracy: 98.913% | Test Loss: 0.619 | Test Accuracy: 76.190% | Test AUC:0.7455 | Test Sen:0.9000 | Test Spe:0.6364 | Test F1:0.7619 | Test Recall:0.7619 | Test Precision:0.7619 | Best Test Accuracy: 76.190% | Best Test AUC:0.7909 | Best Test Sensitivity:0.9000 | Best Test Specificity:0.6364 | LR:0.0000813
[2023-08-16 22:06:56][Train.py][L163][INFO]Epoch[12/100] | Train Loss: 0.127 | Train Accuracy: 99.457% | Test Loss: 0.639 | Test Accuracy: 76.190% | Test AUC:0.7273 | Test Sen:0.9000 | Test Spe:0.6364 | Test F1:0.7619 | Test Recall:0.7619 | Test Precision:0.7619 | Best Test Accuracy: 76.190% | Best Test AUC:0.7909 | Best Test Sensitivity:0.9000 | Best Test Specificity:0.6364 | LR:0.0000797
[2023-08-16 22:06:56][Train.py][L163][INFO]Epoch[13/100] | Train Loss: 0.103 | Train Accuracy: 99.457% | Test Loss: 0.629 | Test Accuracy: 76.190% | Test AUC:0.7364 | Test Sen:0.9000 | Test Spe:0.6364 | Test F1:0.7619 | Test Recall:0.7619 | Test Precision:0.7619 | Best Test Accuracy: 76.190% | Best Test AUC:0.7909 | Best Test Sensitivity:0.9000 | Best Test Specificity:0.6364 | LR:0.0000781
[2023-08-16 22:06:56][Train.py][L163][INFO]Epoch[14/100] | Train Loss: 0.087 | Train Accuracy: 98.913% | Test Loss: 0.649 | Test Accuracy: 76.190% | Test AUC:0.7364 | Test Sen:0.9000 | Test Spe:0.6364 | Test F1:0.7619 | Test Recall:0.7619 | Test Precision:0.7619 | Best Test Accuracy: 76.190% | Best Test AUC:0.7909 | Best Test Sensitivity:0.9000 | Best Test Specificity:0.6364 | LR:0.0000766
[2023-08-16 22:06:57][Train.py][L163][INFO]Epoch[15/100] | Train Loss: 0.072 | Train Accuracy: 99.457% | Test Loss: 0.687 | Test Accuracy: 76.190% | Test AUC:0.7364 | Test Sen:0.9000 | Test Spe:0.6364 | Test F1:0.7619 | Test Recall:0.7619 | Test Precision:0.7619 | Best Test Accuracy: 76.190% | Best Test AUC:0.7909 | Best Test Sensitivity:0.9000 | Best Test Specificity:0.6364 | LR:0.0000750
[2023-08-16 22:06:57][Train.py][L163][INFO]Epoch[16/100] | Train Loss: 0.067 | Train Accuracy: 98.913% | Test Loss: 0.665 | Test Accuracy: 76.190% | Test AUC:0.7364 | Test Sen:0.9000 | Test Spe:0.6364 | Test F1:0.7619 | Test Recall:0.7619 | Test Precision:0.7619 | Best Test Accuracy: 76.190% | Best Test AUC:0.7909 | Best Test Sensitivity:0.9000 | Best Test Specificity:0.6364 | LR:0.0000735
[2023-08-16 22:06:57][Train.py][L163][INFO]Epoch[17/100] | Train Loss: 0.053 | Train Accuracy: 99.457% | Test Loss: 0.719 | Test Accuracy: 76.190% | Test AUC:0.7273 | Test Sen:0.9000 | Test Spe:0.6364 | Test F1:0.7619 | Test Recall:0.7619 | Test Precision:0.7619 | Best Test Accuracy: 76.190% | Best Test AUC:0.7909 | Best Test Sensitivity:0.9000 | Best Test Specificity:0.6364 | LR:0.0000720
[2023-08-16 22:06:58][Train.py][L163][INFO]Epoch[18/100] | Train Loss: 0.048 | Train Accuracy: 98.913% | Test Loss: 0.716 | Test Accuracy: 76.190% | Test AUC:0.7273 | Test Sen:0.9000 | Test Spe:0.6364 | Test F1:0.7619 | Test Recall:0.7619 | Test Precision:0.7619 | Best Test Accuracy: 76.190% | Best Test AUC:0.7909 | Best Test Sensitivity:0.9000 | Best Test Specificity:0.6364 | LR:0.0000705
[2023-08-16 22:06:58][Train.py][L163][INFO]Epoch[19/100] | Train Loss: 0.044 | Train Accuracy: 98.913% | Test Loss: 0.732 | Test Accuracy: 76.190% | Test AUC:0.7182 | Test Sen:0.9000 | Test Spe:0.6364 | Test F1:0.7619 | Test Recall:0.7619 | Test Precision:0.7619 | Best Test Accuracy: 76.190% | Best Test AUC:0.7909 | Best Test Sensitivity:0.9000 | Best Test Specificity:0.6364 | LR:0.0000690
[2023-08-16 22:06:58][Train.py][L163][INFO]Epoch[20/100] | Train Loss: 0.040 | Train Accuracy: 98.913% | Test Loss: 0.727 | Test Accuracy: 76.190% | Test AUC:0.7273 | Test Sen:0.9000 | Test Spe:0.6364 | Test F1:0.7619 | Test Recall:0.7619 | Test Precision:0.7619 | Best Test Accuracy: 76.190% | Best Test AUC:0.7909 | Best Test Sensitivity:0.9000 | Best Test Specificity:0.6364 | LR:0.0000676
[2023-08-16 22:06:59][Train.py][L163][INFO]Epoch[21/100] | Train Loss: 0.035 | Train Accuracy: 99.457% | Test Loss: 0.763 | Test Accuracy: 76.190% | Test AUC:0.7182 | Test Sen:0.9000 | Test Spe:0.6364 | Test F1:0.7619 | Test Recall:0.7619 | Test Precision:0.7619 | Best Test Accuracy: 76.190% | Best Test AUC:0.7909 | Best Test Sensitivity:0.9000 | Best Test Specificity:0.6364 | LR:0.0000662
[2023-08-16 22:06:59][Train.py][L163][INFO]Epoch[22/100] | Train Loss: 0.032 | Train Accuracy: 98.913% | Test Loss: 0.748 | Test Accuracy: 76.190% | Test AUC:0.7273 | Test Sen:0.9000 | Test Spe:0.6364 | Test F1:0.7619 | Test Recall:0.7619 | Test Precision:0.7619 | Best Test Accuracy: 76.190% | Best Test AUC:0.7909 | Best Test Sensitivity:0.9000 | Best Test Specificity:0.6364 | LR:0.0000648
[2023-08-16 22:07:00][Train.py][L163][INFO]Epoch[23/100] | Train Loss: 0.030 | Train Accuracy: 99.457% | Test Loss: 0.785 | Test Accuracy: 76.190% | Test AUC:0.7273 | Test Sen:0.9000 | Test Spe:0.6364 | Test F1:0.7619 | Test Recall:0.7619 | Test Precision:0.7619 | Best Test Accuracy: 76.190% | Best Test AUC:0.7909 | Best Test Sensitivity:0.9000 | Best Test Specificity:0.6364 | LR:0.0000634
[2023-08-16 22:07:00][Train.py][L163][INFO]Epoch[24/100] | Train Loss: 0.029 | Train Accuracy: 99.457% | Test Loss: 0.790 | Test Accuracy: 76.190% | Test AUC:0.7364 | Test Sen:0.9000 | Test Spe:0.6364 | Test F1:0.7619 | Test Recall:0.7619 | Test Precision:0.7619 | Best Test Accuracy: 76.190% | Best Test AUC:0.7909 | Best Test Sensitivity:0.9000 | Best Test Specificity:0.6364 | LR:0.0000620
[2023-08-16 22:07:01][Train.py][L163][INFO]Epoch[25/100] | Train Loss: 0.025 | Train Accuracy: 99.457% | Test Loss: 0.785 | Test Accuracy: 76.190% | Test AUC:0.7364 | Test Sen:0.9000 | Test Spe:0.6364 | Test F1:0.7619 | Test Recall:0.7619 | Test Precision:0.7619 | Best Test Accuracy: 76.190% | Best Test AUC:0.7909 | Best Test Sensitivity:0.9000 | Best Test Specificity:0.6364 | LR:0.0000606
[2023-08-16 22:07:01][Train.py][L163][INFO]Epoch[26/100] | Train Loss: 0.025 | Train Accuracy: 99.457% | Test Loss: 0.796 | Test Accuracy: 76.190% | Test AUC:0.7455 | Test Sen:0.9000 | Test Spe:0.6364 | Test F1:0.7619 | Test Recall:0.7619 | Test Precision:0.7619 | Best Test Accuracy: 76.190% | Best Test AUC:0.7909 | Best Test Sensitivity:0.9000 | Best Test Specificity:0.6364 | LR:0.0000593
[2023-08-16 22:07:02][Train.py][L163][INFO]Epoch[27/100] | Train Loss: 0.023 | Train Accuracy: 99.457% | Test Loss: 0.804 | Test Accuracy: 76.190% | Test AUC:0.7273 | Test Sen:0.9000 | Test Spe:0.6364 | Test F1:0.7619 | Test Recall:0.7619 | Test Precision:0.7619 | Best Test Accuracy: 76.190% | Best Test AUC:0.7909 | Best Test Sensitivity:0.9000 | Best Test Specificity:0.6364 | LR:0.0000580
[2023-08-16 22:07:02][Train.py][L163][INFO]Epoch[28/100] | Train Loss: 0.021 | Train Accuracy: 99.457% | Test Loss: 0.808 | Test Accuracy: 76.190% | Test AUC:0.7364 | Test Sen:0.9000 | Test Spe:0.6364 | Test F1:0.7619 | Test Recall:0.7619 | Test Precision:0.7619 | Best Test Accuracy: 76.190% | Best Test AUC:0.7909 | Best Test Sensitivity:0.9000 | Best Test Specificity:0.6364 | LR:0.0000567
[2023-08-16 22:07:03][Train.py][L163][INFO]Epoch[29/100] | Train Loss: 0.024 | Train Accuracy: 99.457% | Test Loss: 0.829 | Test Accuracy: 76.190% | Test AUC:0.7545 | Test Sen:0.9000 | Test Spe:0.6364 | Test F1:0.7619 | Test Recall:0.7619 | Test Precision:0.7619 | Best Test Accuracy: 76.190% | Best Test AUC:0.7909 | Best Test Sensitivity:0.9000 | Best Test Specificity:0.6364 | LR:0.0000554
[2023-08-16 22:07:03][Train.py][L163][INFO]Epoch[30/100] | Train Loss: 0.022 | Train Accuracy: 99.457% | Test Loss: 0.838 | Test Accuracy: 76.190% | Test AUC:0.7545 | Test Sen:0.9000 | Test Spe:0.6364 | Test F1:0.7619 | Test Recall:0.7619 | Test Precision:0.7619 | Best Test Accuracy: 76.190% | Best Test AUC:0.7909 | Best Test Sensitivity:0.9000 | Best Test Specificity:0.6364 | LR:0.0000541
[2023-08-16 22:07:04][Train.py][L163][INFO]Epoch[31/100] | Train Loss: 0.019 | Train Accuracy: 99.457% | Test Loss: 0.841 | Test Accuracy: 76.190% | Test AUC:0.7364 | Test Sen:0.9000 | Test Spe:0.6364 | Test F1:0.7619 | Test Recall:0.7619 | Test Precision:0.7619 | Best Test Accuracy: 76.190% | Best Test AUC:0.7909 | Best Test Sensitivity:0.9000 | Best Test Specificity:0.6364 | LR:0.0000528
[2023-08-16 22:07:04][Train.py][L163][INFO]Epoch[32/100] | Train Loss: 0.023 | Train Accuracy: 98.913% | Test Loss: 0.859 | Test Accuracy: 76.190% | Test AUC:0.7273 | Test Sen:0.9000 | Test Spe:0.6364 | Test F1:0.7619 | Test Recall:0.7619 | Test Precision:0.7619 | Best Test Accuracy: 76.190% | Best Test AUC:0.7909 | Best Test Sensitivity:0.9000 | Best Test Specificity:0.6364 | LR:0.0000516
[2023-08-16 22:07:05][Train.py][L163][INFO]Epoch[33/100] | Train Loss: 0.019 | Train Accuracy: 98.913% | Test Loss: 0.823 | Test Accuracy: 76.190% | Test AUC:0.7455 | Test Sen:0.9000 | Test Spe:0.6364 | Test F1:0.7619 | Test Recall:0.7619 | Test Precision:0.7619 | Best Test Accuracy: 76.190% | Best Test AUC:0.7909 | Best Test Sensitivity:0.9000 | Best Test Specificity:0.6364 | LR:0.0000504
[2023-08-16 22:07:05][Train.py][L163][INFO]Epoch[34/100] | Train Loss: 0.018 | Train Accuracy: 98.913% | Test Loss: 0.886 | Test Accuracy: 76.190% | Test AUC:0.7545 | Test Sen:0.9000 | Test Spe:0.6364 | Test F1:0.7619 | Test Recall:0.7619 | Test Precision:0.7619 | Best Test Accuracy: 76.190% | Best Test AUC:0.7909 | Best Test Sensitivity:0.9000 | Best Test Specificity:0.6364 | LR:0.0000492
[2023-08-16 22:07:06][Train.py][L163][INFO]Epoch[35/100] | Train Loss: 0.017 | Train Accuracy: 99.457% | Test Loss: 0.899 | Test Accuracy: 76.190% | Test AUC:0.7364 | Test Sen:0.9000 | Test Spe:0.6364 | Test F1:0.7619 | Test Recall:0.7619 | Test Precision:0.7619 | Best Test Accuracy: 76.190% | Best Test AUC:0.7909 | Best Test Sensitivity:0.9000 | Best Test Specificity:0.6364 | LR:0.0000480
[2023-08-16 22:07:06][Train.py][L163][INFO]Epoch[36/100] | Train Loss: 0.019 | Train Accuracy: 99.457% | Test Loss: 0.818 | Test Accuracy: 76.190% | Test AUC:0.7364 | Test Sen:0.9000 | Test Spe:0.6364 | Test F1:0.7619 | Test Recall:0.7619 | Test Precision:0.7619 | Best Test Accuracy: 76.190% | Best Test AUC:0.7909 | Best Test Sensitivity:0.9000 | Best Test Specificity:0.6364 | LR:0.0000469
[2023-08-16 22:07:07][Train.py][L163][INFO]Epoch[37/100] | Train Loss: 0.017 | Train Accuracy: 98.913% | Test Loss: 0.871 | Test Accuracy: 76.190% | Test AUC:0.7455 | Test Sen:0.9000 | Test Spe:0.6364 | Test F1:0.7619 | Test Recall:0.7619 | Test Precision:0.7619 | Best Test Accuracy: 76.190% | Best Test AUC:0.7909 | Best Test Sensitivity:0.9000 | Best Test Specificity:0.6364 | LR:0.0000457
[2023-08-16 22:07:07][Train.py][L163][INFO]Epoch[38/100] | Train Loss: 0.018 | Train Accuracy: 99.457% | Test Loss: 0.905 | Test Accuracy: 76.190% | Test AUC:0.7364 | Test Sen:0.9000 | Test Spe:0.6364 | Test F1:0.7619 | Test Recall:0.7619 | Test Precision:0.7619 | Best Test Accuracy: 76.190% | Best Test AUC:0.7909 | Best Test Sensitivity:0.9000 | Best Test Specificity:0.6364 | LR:0.0000446
[2023-08-16 22:07:08][Train.py][L163][INFO]Epoch[39/100] | Train Loss: 0.015 | Train Accuracy: 99.457% | Test Loss: 0.856 | Test Accuracy: 76.190% | Test AUC:0.7364 | Test Sen:0.9000 | Test Spe:0.6364 | Test F1:0.7619 | Test Recall:0.7619 | Test Precision:0.7619 | Best Test Accuracy: 76.190% | Best Test AUC:0.7909 | Best Test Sensitivity:0.9000 | Best Test Specificity:0.6364 | LR:0.0000435
[2023-08-16 22:07:08][Train.py][L163][INFO]Epoch[40/100] | Train Loss: 0.015 | Train Accuracy: 99.457% | Test Loss: 0.857 | Test Accuracy: 76.190% | Test AUC:0.7455 | Test Sen:0.9000 | Test Spe:0.6364 | Test F1:0.7619 | Test Recall:0.7619 | Test Precision:0.7619 | Best Test Accuracy: 76.190% | Best Test AUC:0.7909 | Best Test Sensitivity:0.9000 | Best Test Specificity:0.6364 | LR:0.0000424
[2023-08-16 22:07:09][Train.py][L163][INFO]Epoch[41/100] | Train Loss: 0.016 | Train Accuracy: 98.913% | Test Loss: 0.905 | Test Accuracy: 76.190% | Test AUC:0.7455 | Test Sen:0.9000 | Test Spe:0.6364 | Test F1:0.7619 | Test Recall:0.7619 | Test Precision:0.7619 | Best Test Accuracy: 76.190% | Best Test AUC:0.7909 | Best Test Sensitivity:0.9000 | Best Test Specificity:0.6364 | LR:0.0000413
[2023-08-16 22:07:09][Train.py][L163][INFO]Epoch[42/100] | Train Loss: 0.017 | Train Accuracy: 99.457% | Test Loss: 0.884 | Test Accuracy: 76.190% | Test AUC:0.7545 | Test Sen:0.9000 | Test Spe:0.6364 | Test F1:0.7619 | Test Recall:0.7619 | Test Precision:0.7619 | Best Test Accuracy: 76.190% | Best Test AUC:0.7909 | Best Test Sensitivity:0.9000 | Best Test Specificity:0.6364 | LR:0.0000403
[2023-08-16 22:07:10][Train.py][L163][INFO]Epoch[43/100] | Train Loss: 0.015 | Train Accuracy: 99.457% | Test Loss: 0.930 | Test Accuracy: 76.190% | Test AUC:0.7364 | Test Sen:0.9000 | Test Spe:0.6364 | Test F1:0.7619 | Test Recall:0.7619 | Test Precision:0.7619 | Best Test Accuracy: 76.190% | Best Test AUC:0.7909 | Best Test Sensitivity:0.9000 | Best Test Specificity:0.6364 | LR:0.0000392
[2023-08-16 22:07:10][Train.py][L163][INFO]Epoch[44/100] | Train Loss: 0.015 | Train Accuracy: 99.457% | Test Loss: 0.879 | Test Accuracy: 76.190% | Test AUC:0.7364 | Test Sen:0.9000 | Test Spe:0.6364 | Test F1:0.7619 | Test Recall:0.7619 | Test Precision:0.7619 | Best Test Accuracy: 76.190% | Best Test AUC:0.7909 | Best Test Sensitivity:0.9000 | Best Test Specificity:0.6364 | LR:0.0000382
[2023-08-16 22:07:11][Train.py][L163][INFO]Epoch[45/100] | Train Loss: 0.014 | Train Accuracy: 98.913% | Test Loss: 0.896 | Test Accuracy: 76.190% | Test AUC:0.7364 | Test Sen:0.9000 | Test Spe:0.6364 | Test F1:0.7619 | Test Recall:0.7619 | Test Precision:0.7619 | Best Test Accuracy: 76.190% | Best Test AUC:0.7909 | Best Test Sensitivity:0.9000 | Best Test Specificity:0.6364 | LR:0.0000372
[2023-08-16 22:07:11][Train.py][L163][INFO]Epoch[46/100] | Train Loss: 0.015 | Train Accuracy: 99.457% | Test Loss: 0.920 | Test Accuracy: 76.190% | Test AUC:0.7455 | Test Sen:0.9000 | Test Spe:0.6364 | Test F1:0.7619 | Test Recall:0.7619 | Test Precision:0.7619 | Best Test Accuracy: 76.190% | Best Test AUC:0.7909 | Best Test Sensitivity:0.9000 | Best Test Specificity:0.6364 | LR:0.0000362
[2023-08-16 22:07:12][Train.py][L163][INFO]Epoch[47/100] | Train Loss: 0.014 | Train Accuracy: 99.457% | Test Loss: 0.889 | Test Accuracy: 76.190% | Test AUC:0.7364 | Test Sen:0.9000 | Test Spe:0.6364 | Test F1:0.7619 | Test Recall:0.7619 | Test Precision:0.7619 | Best Test Accuracy: 76.190% | Best Test AUC:0.7909 | Best Test Sensitivity:0.9000 | Best Test Specificity:0.6364 | LR:0.0000353
[2023-08-16 22:07:12][Train.py][L163][INFO]Epoch[48/100] | Train Loss: 0.014 | Train Accuracy: 98.913% | Test Loss: 0.944 | Test Accuracy: 76.190% | Test AUC:0.7455 | Test Sen:0.9000 | Test Spe:0.6364 | Test F1:0.7619 | Test Recall:0.7619 | Test Precision:0.7619 | Best Test Accuracy: 76.190% | Best Test AUC:0.7909 | Best Test Sensitivity:0.9000 | Best Test Specificity:0.6364 | LR:0.0000343
[2023-08-16 22:07:13][Train.py][L163][INFO]Epoch[49/100] | Train Loss: 0.013 | Train Accuracy: 98.913% | Test Loss: 0.931 | Test Accuracy: 76.190% | Test AUC:0.7455 | Test Sen:0.9000 | Test Spe:0.6364 | Test F1:0.7619 | Test Recall:0.7619 | Test Precision:0.7619 | Best Test Accuracy: 76.190% | Best Test AUC:0.7909 | Best Test Sensitivity:0.9000 | Best Test Specificity:0.6364 | LR:0.0000334
[2023-08-16 22:07:14][Train.py][L163][INFO]Epoch[50/100] | Train Loss: 0.013 | Train Accuracy: 99.457% | Test Loss: 0.913 | Test Accuracy: 76.190% | Test AUC:0.7364 | Test Sen:0.9000 | Test Spe:0.6364 | Test F1:0.7619 | Test Recall:0.7619 | Test Precision:0.7619 | Best Test Accuracy: 76.190% | Best Test AUC:0.7909 | Best Test Sensitivity:0.9000 | Best Test Specificity:0.6364 | LR:0.0000325
[2023-08-16 22:07:14][Train.py][L163][INFO]Epoch[51/100] | Train Loss: 0.014 | Train Accuracy: 98.913% | Test Loss: 0.933 | Test Accuracy: 76.190% | Test AUC:0.7455 | Test Sen:0.9000 | Test Spe:0.6364 | Test F1:0.7619 | Test Recall:0.7619 | Test Precision:0.7619 | Best Test Accuracy: 76.190% | Best Test AUC:0.7909 | Best Test Sensitivity:0.9000 | Best Test Specificity:0.6364 | LR:0.0000316
[2023-08-16 22:07:15][Train.py][L163][INFO]Epoch[52/100] | Train Loss: 0.010 | Train Accuracy: 100.000% | Test Loss: 0.892 | Test Accuracy: 76.190% | Test AUC:0.7364 | Test Sen:0.9000 | Test Spe:0.6364 | Test F1:0.7619 | Test Recall:0.7619 | Test Precision:0.7619 | Best Test Accuracy: 76.190% | Best Test AUC:0.7909 | Best Test Sensitivity:0.9000 | Best Test Specificity:0.6364 | LR:0.0000307
[2023-08-16 22:07:15][Train.py][L163][INFO]Epoch[53/100] | Train Loss: 0.014 | Train Accuracy: 99.457% | Test Loss: 0.909 | Test Accuracy: 76.190% | Test AUC:0.7455 | Test Sen:0.9000 | Test Spe:0.6364 | Test F1:0.7619 | Test Recall:0.7619 | Test Precision:0.7619 | Best Test Accuracy: 76.190% | Best Test AUC:0.7909 | Best Test Sensitivity:0.9000 | Best Test Specificity:0.6364 | LR:0.0000299
[2023-08-16 22:07:16][Train.py][L163][INFO]Epoch[54/100] | Train Loss: 0.015 | Train Accuracy: 99.457% | Test Loss: 0.947 | Test Accuracy: 76.190% | Test AUC:0.7545 | Test Sen:0.9000 | Test Spe:0.6364 | Test F1:0.7619 | Test Recall:0.7619 | Test Precision:0.7619 | Best Test Accuracy: 76.190% | Best Test AUC:0.7909 | Best Test Sensitivity:0.9000 | Best Test Specificity:0.6364 | LR:0.0000290
[2023-08-16 22:07:16][Train.py][L163][INFO]Epoch[55/100] | Train Loss: 0.015 | Train Accuracy: 99.457% | Test Loss: 1.035 | Test Accuracy: 76.190% | Test AUC:0.7364 | Test Sen:0.9000 | Test Spe:0.6364 | Test F1:0.7619 | Test Recall:0.7619 | Test Precision:0.7619 | Best Test Accuracy: 76.190% | Best Test AUC:0.7909 | Best Test Sensitivity:0.9000 | Best Test Specificity:0.6364 | LR:0.0000282
[2023-08-16 22:07:17][Train.py][L163][INFO]Epoch[56/100] | Train Loss: 0.013 | Train Accuracy: 99.457% | Test Loss: 0.918 | Test Accuracy: 76.190% | Test AUC:0.7364 | Test Sen:0.9000 | Test Spe:0.6364 | Test F1:0.7619 | Test Recall:0.7619 | Test Precision:0.7619 | Best Test Accuracy: 76.190% | Best Test AUC:0.7909 | Best Test Sensitivity:0.9000 | Best Test Specificity:0.6364 | LR:0.0000274
[2023-08-16 22:07:17][Train.py][L163][INFO]Epoch[57/100] | Train Loss: 0.012 | Train Accuracy: 98.913% | Test Loss: 0.909 | Test Accuracy: 76.190% | Test AUC:0.7364 | Test Sen:0.9000 | Test Spe:0.6364 | Test F1:0.7619 | Test Recall:0.7619 | Test Precision:0.7619 | Best Test Accuracy: 76.190% | Best Test AUC:0.7909 | Best Test Sensitivity:0.9000 | Best Test Specificity:0.6364 | LR:0.0000266
[2023-08-16 22:07:18][Train.py][L163][INFO]Epoch[58/100] | Train Loss: 0.012 | Train Accuracy: 99.457% | Test Loss: 0.941 | Test Accuracy: 76.190% | Test AUC:0.7364 | Test Sen:0.9000 | Test Spe:0.6364 | Test F1:0.7619 | Test Recall:0.7619 | Test Precision:0.7619 | Best Test Accuracy: 76.190% | Best Test AUC:0.7909 | Best Test Sensitivity:0.9000 | Best Test Specificity:0.6364 | LR:0.0000259
[2023-08-16 22:07:18][Train.py][L163][INFO]Epoch[59/100] | Train Loss: 0.012 | Train Accuracy: 99.457% | Test Loss: 0.948 | Test Accuracy: 76.190% | Test AUC:0.7364 | Test Sen:0.9000 | Test Spe:0.6364 | Test F1:0.7619 | Test Recall:0.7619 | Test Precision:0.7619 | Best Test Accuracy: 76.190% | Best Test AUC:0.7909 | Best Test Sensitivity:0.9000 | Best Test Specificity:0.6364 | LR:0.0000251
[2023-08-16 22:07:19][Train.py][L163][INFO]Epoch[60/100] | Train Loss: 0.011 | Train Accuracy: 99.457% | Test Loss: 0.943 | Test Accuracy: 76.190% | Test AUC:0.7364 | Test Sen:0.9000 | Test Spe:0.6364 | Test F1:0.7619 | Test Recall:0.7619 | Test Precision:0.7619 | Best Test Accuracy: 76.190% | Best Test AUC:0.7909 | Best Test Sensitivity:0.9000 | Best Test Specificity:0.6364 | LR:0.0000244
[2023-08-16 22:07:19][Train.py][L163][INFO]Epoch[61/100] | Train Loss: 0.013 | Train Accuracy: 98.913% | Test Loss: 0.965 | Test Accuracy: 76.190% | Test AUC:0.7455 | Test Sen:0.9000 | Test Spe:0.6364 | Test F1:0.7619 | Test Recall:0.7619 | Test Precision:0.7619 | Best Test Accuracy: 76.190% | Best Test AUC:0.7909 | Best Test Sensitivity:0.9000 | Best Test Specificity:0.6364 | LR:0.0000237
[2023-08-16 22:07:20][Train.py][L163][INFO]Epoch[62/100] | Train Loss: 0.012 | Train Accuracy: 99.457% | Test Loss: 0.932 | Test Accuracy: 76.190% | Test AUC:0.7364 | Test Sen:0.9000 | Test Spe:0.6364 | Test F1:0.7619 | Test Recall:0.7619 | Test Precision:0.7619 | Best Test Accuracy: 76.190% | Best Test AUC:0.7909 | Best Test Sensitivity:0.9000 | Best Test Specificity:0.6364 | LR:0.0000230
[2023-08-16 22:07:20][Train.py][L163][INFO]Epoch[63/100] | Train Loss: 0.013 | Train Accuracy: 99.457% | Test Loss: 0.941 | Test Accuracy: 76.190% | Test AUC:0.7364 | Test Sen:0.9000 | Test Spe:0.6364 | Test F1:0.7619 | Test Recall:0.7619 | Test Precision:0.7619 | Best Test Accuracy: 76.190% | Best Test AUC:0.7909 | Best Test Sensitivity:0.9000 | Best Test Specificity:0.6364 | LR:0.0000223
[2023-08-16 22:07:21][Train.py][L163][INFO]Epoch[64/100] | Train Loss: 0.011 | Train Accuracy: 99.457% | Test Loss: 0.981 | Test Accuracy: 76.190% | Test AUC:0.7455 | Test Sen:0.9000 | Test Spe:0.6364 | Test F1:0.7619 | Test Recall:0.7619 | Test Precision:0.7619 | Best Test Accuracy: 76.190% | Best Test AUC:0.7909 | Best Test Sensitivity:0.9000 | Best Test Specificity:0.6364 | LR:0.0000217
[2023-08-16 22:07:21][Train.py][L163][INFO]Epoch[65/100] | Train Loss: 0.013 | Train Accuracy: 99.457% | Test Loss: 0.985 | Test Accuracy: 76.190% | Test AUC:0.7455 | Test Sen:0.9000 | Test Spe:0.6364 | Test F1:0.7619 | Test Recall:0.7619 | Test Precision:0.7619 | Best Test Accuracy: 76.190% | Best Test AUC:0.7909 | Best Test Sensitivity:0.9000 | Best Test Specificity:0.6364 | LR:0.0000210
[2023-08-16 22:07:22][Train.py][L163][INFO]Epoch[66/100] | Train Loss: 0.011 | Train Accuracy: 99.457% | Test Loss: 0.942 | Test Accuracy: 76.190% | Test AUC:0.7364 | Test Sen:0.9000 | Test Spe:0.6364 | Test F1:0.7619 | Test Recall:0.7619 | Test Precision:0.7619 | Best Test Accuracy: 76.190% | Best Test AUC:0.7909 | Best Test Sensitivity:0.9000 | Best Test Specificity:0.6364 | LR:0.0000204
[2023-08-16 22:07:22][Train.py][L163][INFO]Epoch[67/100] | Train Loss: 0.012 | Train Accuracy: 98.913% | Test Loss: 0.955 | Test Accuracy: 76.190% | Test AUC:0.7364 | Test Sen:0.9000 | Test Spe:0.6364 | Test F1:0.7619 | Test Recall:0.7619 | Test Precision:0.7619 | Best Test Accuracy: 76.190% | Best Test AUC:0.7909 | Best Test Sensitivity:0.9000 | Best Test Specificity:0.6364 | LR:0.0000198
[2023-08-16 22:07:23][Train.py][L163][INFO]Epoch[68/100] | Train Loss: 0.012 | Train Accuracy: 99.457% | Test Loss: 0.942 | Test Accuracy: 76.190% | Test AUC:0.7364 | Test Sen:0.9000 | Test Spe:0.6364 | Test F1:0.7619 | Test Recall:0.7619 | Test Precision:0.7619 | Best Test Accuracy: 76.190% | Best Test AUC:0.7909 | Best Test Sensitivity:0.9000 | Best Test Specificity:0.6364 | LR:0.0000192
[2023-08-16 22:07:23][Train.py][L163][INFO]Epoch[69/100] | Train Loss: 0.011 | Train Accuracy: 99.457% | Test Loss: 0.964 | Test Accuracy: 76.190% | Test AUC:0.7364 | Test Sen:0.9000 | Test Spe:0.6364 | Test F1:0.7619 | Test Recall:0.7619 | Test Precision:0.7619 | Best Test Accuracy: 76.190% | Best Test AUC:0.7909 | Best Test Sensitivity:0.9000 | Best Test Specificity:0.6364 | LR:0.0000186
[2023-08-16 22:07:24][Train.py][L163][INFO]Epoch[70/100] | Train Loss: 0.012 | Train Accuracy: 99.457% | Test Loss: 0.978 | Test Accuracy: 76.190% | Test AUC:0.7455 | Test Sen:0.9000 | Test Spe:0.6364 | Test F1:0.7619 | Test Recall:0.7619 | Test Precision:0.7619 | Best Test Accuracy: 76.190% | Best Test AUC:0.7909 | Best Test Sensitivity:0.9000 | Best Test Specificity:0.6364 | LR:0.0000181
[2023-08-16 22:07:24][Train.py][L163][INFO]Epoch[71/100] | Train Loss: 0.012 | Train Accuracy: 98.913% | Test Loss: 0.958 | Test Accuracy: 76.190% | Test AUC:0.7364 | Test Sen:0.9000 | Test Spe:0.6364 | Test F1:0.7619 | Test Recall:0.7619 | Test Precision:0.7619 | Best Test Accuracy: 76.190% | Best Test AUC:0.7909 | Best Test Sensitivity:0.9000 | Best Test Specificity:0.6364 | LR:0.0000176
[2023-08-16 22:07:25][Train.py][L163][INFO]Epoch[72/100] | Train Loss: 0.011 | Train Accuracy: 98.913% | Test Loss: 0.974 | Test Accuracy: 76.190% | Test AUC:0.7455 | Test Sen:0.9000 | Test Spe:0.6364 | Test F1:0.7619 | Test Recall:0.7619 | Test Precision:0.7619 | Best Test Accuracy: 76.190% | Best Test AUC:0.7909 | Best Test Sensitivity:0.9000 | Best Test Specificity:0.6364 | LR:0.0000171
[2023-08-16 22:07:25][Train.py][L163][INFO]Epoch[73/100] | Train Loss: 0.011 | Train Accuracy: 99.457% | Test Loss: 0.953 | Test Accuracy: 76.190% | Test AUC:0.7364 | Test Sen:0.9000 | Test Spe:0.6364 | Test F1:0.7619 | Test Recall:0.7619 | Test Precision:0.7619 | Best Test Accuracy: 76.190% | Best Test AUC:0.7909 | Best Test Sensitivity:0.9000 | Best Test Specificity:0.6364 | LR:0.0000166
[2023-08-16 22:07:26][Train.py][L163][INFO]Epoch[74/100] | Train Loss: 0.011 | Train Accuracy: 99.457% | Test Loss: 0.961 | Test Accuracy: 76.190% | Test AUC:0.7364 | Test Sen:0.9000 | Test Spe:0.6364 | Test F1:0.7619 | Test Recall:0.7619 | Test Precision:0.7619 | Best Test Accuracy: 76.190% | Best Test AUC:0.7909 | Best Test Sensitivity:0.9000 | Best Test Specificity:0.6364 | LR:0.0000161
[2023-08-16 22:07:26][Train.py][L163][INFO]Epoch[75/100] | Train Loss: 0.011 | Train Accuracy: 99.457% | Test Loss: 0.971 | Test Accuracy: 76.190% | Test AUC:0.7455 | Test Sen:0.9000 | Test Spe:0.6364 | Test F1:0.7619 | Test Recall:0.7619 | Test Precision:0.7619 | Best Test Accuracy: 76.190% | Best Test AUC:0.7909 | Best Test Sensitivity:0.9000 | Best Test Specificity:0.6364 | LR:0.0000156
[2023-08-16 22:07:27][Train.py][L163][INFO]Epoch[76/100] | Train Loss: 0.012 | Train Accuracy: 98.913% | Test Loss: 0.992 | Test Accuracy: 76.190% | Test AUC:0.7455 | Test Sen:0.9000 | Test Spe:0.6364 | Test F1:0.7619 | Test Recall:0.7619 | Test Precision:0.7619 | Best Test Accuracy: 76.190% | Best Test AUC:0.7909 | Best Test Sensitivity:0.9000 | Best Test Specificity:0.6364 | LR:0.0000152
[2023-08-16 22:07:27][Train.py][L163][INFO]Epoch[77/100] | Train Loss: 0.012 | Train Accuracy: 98.913% | Test Loss: 0.972 | Test Accuracy: 76.190% | Test AUC:0.7455 | Test Sen:0.9000 | Test Spe:0.6364 | Test F1:0.7619 | Test Recall:0.7619 | Test Precision:0.7619 | Best Test Accuracy: 76.190% | Best Test AUC:0.7909 | Best Test Sensitivity:0.9000 | Best Test Specificity:0.6364 | LR:0.0000148
[2023-08-16 22:07:28][Train.py][L163][INFO]Epoch[78/100] | Train Loss: 0.011 | Train Accuracy: 99.457% | Test Loss: 0.978 | Test Accuracy: 76.190% | Test AUC:0.7455 | Test Sen:0.9000 | Test Spe:0.6364 | Test F1:0.7619 | Test Recall:0.7619 | Test Precision:0.7619 | Best Test Accuracy: 76.190% | Best Test AUC:0.7909 | Best Test Sensitivity:0.9000 | Best Test Specificity:0.6364 | LR:0.0000144
[2023-08-16 22:07:29][Train.py][L163][INFO]Epoch[79/100] | Train Loss: 0.011 | Train Accuracy: 98.913% | Test Loss: 0.981 | Test Accuracy: 76.190% | Test AUC:0.7455 | Test Sen:0.9000 | Test Spe:0.6364 | Test F1:0.7619 | Test Recall:0.7619 | Test Precision:0.7619 | Best Test Accuracy: 76.190% | Best Test AUC:0.7909 | Best Test Sensitivity:0.9000 | Best Test Specificity:0.6364 | LR:0.0000140
[2023-08-16 22:07:29][Train.py][L163][INFO]Epoch[80/100] | Train Loss: 0.010 | Train Accuracy: 99.457% | Test Loss: 0.973 | Test Accuracy: 76.190% | Test AUC:0.7364 | Test Sen:0.9000 | Test Spe:0.6364 | Test F1:0.7619 | Test Recall:0.7619 | Test Precision:0.7619 | Best Test Accuracy: 76.190% | Best Test AUC:0.7909 | Best Test Sensitivity:0.9000 | Best Test Specificity:0.6364 | LR:0.0000136
[2023-08-16 22:07:30][Train.py][L163][INFO]Epoch[81/100] | Train Loss: 0.010 | Train Accuracy: 99.457% | Test Loss: 0.973 | Test Accuracy: 76.190% | Test AUC:0.7364 | Test Sen:0.9000 | Test Spe:0.6364 | Test F1:0.7619 | Test Recall:0.7619 | Test Precision:0.7619 | Best Test Accuracy: 76.190% | Best Test AUC:0.7909 | Best Test Sensitivity:0.9000 | Best Test Specificity:0.6364 | LR:0.0000132
[2023-08-16 22:07:30][Train.py][L163][INFO]Epoch[82/100] | Train Loss: 0.012 | Train Accuracy: 99.457% | Test Loss: 0.967 | Test Accuracy: 76.190% | Test AUC:0.7364 | Test Sen:0.9000 | Test Spe:0.6364 | Test F1:0.7619 | Test Recall:0.7619 | Test Precision:0.7619 | Best Test Accuracy: 76.190% | Best Test AUC:0.7909 | Best Test Sensitivity:0.9000 | Best Test Specificity:0.6364 | LR:0.0000129
[2023-08-16 22:07:31][Train.py][L163][INFO]Epoch[83/100] | Train Loss: 0.011 | Train Accuracy: 99.457% | Test Loss: 1.012 | Test Accuracy: 76.190% | Test AUC:0.7455 | Test Sen:0.9000 | Test Spe:0.6364 | Test F1:0.7619 | Test Recall:0.7619 | Test Precision:0.7619 | Best Test Accuracy: 76.190% | Best Test AUC:0.7909 | Best Test Sensitivity:0.9000 | Best Test Specificity:0.6364 | LR:0.0000126
[2023-08-16 22:07:31][Train.py][L163][INFO]Epoch[84/100] | Train Loss: 0.011 | Train Accuracy: 99.457% | Test Loss: 1.007 | Test Accuracy: 76.190% | Test AUC:0.7455 | Test Sen:0.9000 | Test Spe:0.6364 | Test F1:0.7619 | Test Recall:0.7619 | Test Precision:0.7619 | Best Test Accuracy: 76.190% | Best Test AUC:0.7909 | Best Test Sensitivity:0.9000 | Best Test Specificity:0.6364 | LR:0.0000123
[2023-08-16 22:07:32][Train.py][L163][INFO]Epoch[85/100] | Train Loss: 0.012 | Train Accuracy: 98.913% | Test Loss: 0.966 | Test Accuracy: 76.190% | Test AUC:0.7364 | Test Sen:0.9000 | Test Spe:0.6364 | Test F1:0.7619 | Test Recall:0.7619 | Test Precision:0.7619 | Best Test Accuracy: 76.190% | Best Test AUC:0.7909 | Best Test Sensitivity:0.9000 | Best Test Specificity:0.6364 | LR:0.0000120
[2023-08-16 22:07:32][Train.py][L163][INFO]Epoch[86/100] | Train Loss: 0.010 | Train Accuracy: 99.457% | Test Loss: 0.997 | Test Accuracy: 76.190% | Test AUC:0.7455 | Test Sen:0.9000 | Test Spe:0.6364 | Test F1:0.7619 | Test Recall:0.7619 | Test Precision:0.7619 | Best Test Accuracy: 76.190% | Best Test AUC:0.7909 | Best Test Sensitivity:0.9000 | Best Test Specificity:0.6364 | LR:0.0000118
[2023-08-16 22:07:33][Train.py][L163][INFO]Epoch[87/100] | Train Loss: 0.012 | Train Accuracy: 99.457% | Test Loss: 1.007 | Test Accuracy: 76.190% | Test AUC:0.7455 | Test Sen:0.9000 | Test Spe:0.6364 | Test F1:0.7619 | Test Recall:0.7619 | Test Precision:0.7619 | Best Test Accuracy: 76.190% | Best Test AUC:0.7909 | Best Test Sensitivity:0.9000 | Best Test Specificity:0.6364 | LR:0.0000115
[2023-08-16 22:07:33][Train.py][L163][INFO]Epoch[88/100] | Train Loss: 0.011 | Train Accuracy: 99.457% | Test Loss: 0.985 | Test Accuracy: 76.190% | Test AUC:0.7364 | Test Sen:0.9000 | Test Spe:0.6364 | Test F1:0.7619 | Test Recall:0.7619 | Test Precision:0.7619 | Best Test Accuracy: 76.190% | Best Test AUC:0.7909 | Best Test Sensitivity:0.9000 | Best Test Specificity:0.6364 | LR:0.0000113
[2023-08-16 22:07:34][Train.py][L163][INFO]Epoch[89/100] | Train Loss: 0.011 | Train Accuracy: 99.457% | Test Loss: 0.967 | Test Accuracy: 76.190% | Test AUC:0.7364 | Test Sen:0.9000 | Test Spe:0.6364 | Test F1:0.7619 | Test Recall:0.7619 | Test Precision:0.7619 | Best Test Accuracy: 76.190% | Best Test AUC:0.7909 | Best Test Sensitivity:0.9000 | Best Test Specificity:0.6364 | LR:0.0000111
[2023-08-16 22:07:34][Train.py][L163][INFO]Epoch[90/100] | Train Loss: 0.011 | Train Accuracy: 98.913% | Test Loss: 0.965 | Test Accuracy: 76.190% | Test AUC:0.7364 | Test Sen:0.9000 | Test Spe:0.6364 | Test F1:0.7619 | Test Recall:0.7619 | Test Precision:0.7619 | Best Test Accuracy: 76.190% | Best Test AUC:0.7909 | Best Test Sensitivity:0.9000 | Best Test Specificity:0.6364 | LR:0.0000109
[2023-08-16 22:07:35][Train.py][L163][INFO]Epoch[91/100] | Train Loss: 0.011 | Train Accuracy: 98.913% | Test Loss: 0.989 | Test Accuracy: 76.190% | Test AUC:0.7364 | Test Sen:0.9000 | Test Spe:0.6364 | Test F1:0.7619 | Test Recall:0.7619 | Test Precision:0.7619 | Best Test Accuracy: 76.190% | Best Test AUC:0.7909 | Best Test Sensitivity:0.9000 | Best Test Specificity:0.6364 | LR:0.0000107
[2023-08-16 22:07:35][Train.py][L163][INFO]Epoch[92/100] | Train Loss: 0.011 | Train Accuracy: 99.457% | Test Loss: 0.992 | Test Accuracy: 76.190% | Test AUC:0.7455 | Test Sen:0.9000 | Test Spe:0.6364 | Test F1:0.7619 | Test Recall:0.7619 | Test Precision:0.7619 | Best Test Accuracy: 76.190% | Best Test AUC:0.7909 | Best Test Sensitivity:0.9000 | Best Test Specificity:0.6364 | LR:0.0000106
[2023-08-16 22:07:36][Train.py][L163][INFO]Epoch[93/100] | Train Loss: 0.010 | Train Accuracy: 99.457% | Test Loss: 0.976 | Test Accuracy: 76.190% | Test AUC:0.7364 | Test Sen:0.9000 | Test Spe:0.6364 | Test F1:0.7619 | Test Recall:0.7619 | Test Precision:0.7619 | Best Test Accuracy: 76.190% | Best Test AUC:0.7909 | Best Test Sensitivity:0.9000 | Best Test Specificity:0.6364 | LR:0.0000104
[2023-08-16 22:07:36][Train.py][L163][INFO]Epoch[94/100] | Train Loss: 0.010 | Train Accuracy: 99.457% | Test Loss: 0.985 | Test Accuracy: 76.190% | Test AUC:0.7364 | Test Sen:0.9000 | Test Spe:0.6364 | Test F1:0.7619 | Test Recall:0.7619 | Test Precision:0.7619 | Best Test Accuracy: 76.190% | Best Test AUC:0.7909 | Best Test Sensitivity:0.9000 | Best Test Specificity:0.6364 | LR:0.0000103
[2023-08-16 22:07:37][Train.py][L163][INFO]Epoch[95/100] | Train Loss: 0.010 | Train Accuracy: 99.457% | Test Loss: 0.986 | Test Accuracy: 76.190% | Test AUC:0.7364 | Test Sen:0.9000 | Test Spe:0.6364 | Test F1:0.7619 | Test Recall:0.7619 | Test Precision:0.7619 | Best Test Accuracy: 76.190% | Best Test AUC:0.7909 | Best Test Sensitivity:0.9000 | Best Test Specificity:0.6364 | LR:0.0000102
[2023-08-16 22:07:37][Train.py][L163][INFO]Epoch[96/100] | Train Loss: 0.011 | Train Accuracy: 99.457% | Test Loss: 0.992 | Test Accuracy: 76.190% | Test AUC:0.7364 | Test Sen:0.9000 | Test Spe:0.6364 | Test F1:0.7619 | Test Recall:0.7619 | Test Precision:0.7619 | Best Test Accuracy: 76.190% | Best Test AUC:0.7909 | Best Test Sensitivity:0.9000 | Best Test Specificity:0.6364 | LR:0.0000101
[2023-08-16 22:07:38][Train.py][L163][INFO]Epoch[97/100] | Train Loss: 0.011 | Train Accuracy: 98.913% | Test Loss: 1.013 | Test Accuracy: 76.190% | Test AUC:0.7455 | Test Sen:0.9000 | Test Spe:0.6364 | Test F1:0.7619 | Test Recall:0.7619 | Test Precision:0.7619 | Best Test Accuracy: 76.190% | Best Test AUC:0.7909 | Best Test Sensitivity:0.9000 | Best Test Specificity:0.6364 | LR:0.0000101
[2023-08-16 22:07:38][Train.py][L163][INFO]Epoch[98/100] | Train Loss: 0.010 | Train Accuracy: 99.457% | Test Loss: 0.996 | Test Accuracy: 76.190% | Test AUC:0.7364 | Test Sen:0.9000 | Test Spe:0.6364 | Test F1:0.7619 | Test Recall:0.7619 | Test Precision:0.7619 | Best Test Accuracy: 76.190% | Best Test AUC:0.7909 | Best Test Sensitivity:0.9000 | Best Test Specificity:0.6364 | LR:0.0000100
[2023-08-16 22:07:39][Train.py][L163][INFO]Epoch[99/100] | Train Loss: 0.010 | Train Accuracy: 99.457% | Test Loss: 0.989 | Test Accuracy: 76.190% | Test AUC:0.7364 | Test Sen:0.9000 | Test Spe:0.6364 | Test F1:0.7619 | Test Recall:0.7619 | Test Precision:0.7619 | Best Test Accuracy: 76.190% | Best Test AUC:0.7909 | Best Test Sensitivity:0.9000 | Best Test Specificity:0.6364 | LR:0.0000100
[2023-08-16 22:07:39][Train.py][L163][INFO]Epoch[100/100] | Train Loss: 0.011 | Train Accuracy: 98.913% | Test Loss: 0.995 | Test Accuracy: 76.190% | Test AUC:0.7364 | Test Sen:0.9000 | Test Spe:0.6364 | Test F1:0.7619 | Test Recall:0.7619 | Test Precision:0.7619 | Best Test Accuracy: 76.190% | Best Test AUC:0.7909 | Best Test Sensitivity:0.9000 | Best Test Specificity:0.6364 | LR:0.0000100
[2023-08-16 22:07:39][__main__.py][L41][INFO]dataset:
  name: fc_small
  batch_size: 16
  train_set: 0.9
  test_set: 0.1
  fc_path: /mnt/ssd1/mehul_data/research/fc_small_data.npy
  node_sz: 400
  node_feature_sz: 400
  num_classes: 2
  perc_edges: 100
  node: fc
model:
  name: GraphSAGE
  num_layers: 2
  hidden_size: 64
  dropout: 0.5
  readout: mean
  edge_percentage: 0.1
optimizer:
- name: Adam
  lr: 0.0001
  match_rule: None
  except_rule: None
  no_weight_decay: false
  weight_decay: 0.0001
  lr_scheduler:
    mode: poly
    base_lr: 0.0001
    target_lr: 1.0e-05
    decay_factor: 0.1
    milestones:
    - 0.3
    - 0.6
    - 0.9
    poly_power: 2.0
    lr_decay: 0.98
    warm_up_from: 0.0
    warm_up_steps: 0
training:
  name: Train
  epochs: 100
  l2: 0.0
log_path: result
repeat_time: 2
device: cuda:0
is_wandb: false
project: asd-graph
steps_per_epoch: 12.0
total_steps: 1200.0

[2023-08-16 22:07:39][__init__.py][L15][INFO]cfg.dataset.name: fc_small
[2023-08-16 22:07:42][optimizer.py][L66][INFO]Parameters [normal] length [10]
[2023-08-16 22:07:42][__init__.py][L25][INFO]Training: Train
[2023-08-16 22:07:42][Train.py][L35][INFO]#model params: 1698049
[2023-08-16 22:07:42][Train.py][L163][INFO]Epoch[1/100] | Train Loss: 0.727 | Train Accuracy: 51.087% | Test Loss: 0.709 | Test Accuracy: 47.619% | Test AUC:0.8455 | Test Sen:1.0000 | Test Spe:0.0000 | Test F1:0.4762 | Test Recall:0.4762 | Test Precision:0.4762 | Best Test Accuracy: 47.619% | Best Test AUC:0.8455 | Best Test Sensitivity:1.0000 | Best Test Specificity:0.0000 | LR:0.0000982
[2023-08-16 22:07:43][Train.py][L163][INFO]Epoch[2/100] | Train Loss: 0.630 | Train Accuracy: 64.674% | Test Loss: 0.636 | Test Accuracy: 76.190% | Test AUC:0.8545 | Test Sen:1.0000 | Test Spe:0.5455 | Test F1:0.7619 | Test Recall:0.7619 | Test Precision:0.7619 | Best Test Accuracy: 76.190% | Best Test AUC:0.8545 | Best Test Sensitivity:1.0000 | Best Test Specificity:0.5455 | LR:0.0000964
[2023-08-16 22:07:43][Train.py][L163][INFO]Epoch[3/100] | Train Loss: 0.562 | Train Accuracy: 79.891% | Test Loss: 0.633 | Test Accuracy: 57.143% | Test AUC:0.8636 | Test Sen:1.0000 | Test Spe:0.1818 | Test F1:0.5714 | Test Recall:0.5714 | Test Precision:0.5714 | Best Test Accuracy: 76.190% | Best Test AUC:0.8545 | Best Test Sensitivity:1.0000 | Best Test Specificity:0.5455 | LR:0.0000947
[2023-08-16 22:07:44][Train.py][L163][INFO]Epoch[4/100] | Train Loss: 0.510 | Train Accuracy: 75.000% | Test Loss: 0.543 | Test Accuracy: 71.429% | Test AUC:0.8727 | Test Sen:0.8000 | Test Spe:0.6364 | Test F1:0.7143 | Test Recall:0.7143 | Test Precision:0.7143 | Best Test Accuracy: 76.190% | Best Test AUC:0.8545 | Best Test Sensitivity:1.0000 | Best Test Specificity:0.5455 | LR:0.0000929
[2023-08-16 22:07:44][Train.py][L163][INFO]Epoch[5/100] | Train Loss: 0.438 | Train Accuracy: 88.043% | Test Loss: 0.522 | Test Accuracy: 76.190% | Test AUC:0.8636 | Test Sen:0.9000 | Test Spe:0.6364 | Test F1:0.7619 | Test Recall:0.7619 | Test Precision:0.7619 | Best Test Accuracy: 76.190% | Best Test AUC:0.8545 | Best Test Sensitivity:1.0000 | Best Test Specificity:0.5455 | LR:0.0000912
[2023-08-16 22:07:45][Train.py][L163][INFO]Epoch[6/100] | Train Loss: 0.375 | Train Accuracy: 91.848% | Test Loss: 0.514 | Test Accuracy: 80.952% | Test AUC:0.8545 | Test Sen:0.9000 | Test Spe:0.7273 | Test F1:0.8095 | Test Recall:0.8095 | Test Precision:0.8095 | Best Test Accuracy: 80.952% | Best Test AUC:0.8545 | Best Test Sensitivity:0.9000 | Best Test Specificity:0.7273 | LR:0.0000895
[2023-08-16 22:07:45][Train.py][L163][INFO]Epoch[7/100] | Train Loss: 0.318 | Train Accuracy: 93.478% | Test Loss: 0.521 | Test Accuracy: 76.190% | Test AUC:0.8455 | Test Sen:0.9000 | Test Spe:0.6364 | Test F1:0.7619 | Test Recall:0.7619 | Test Precision:0.7619 | Best Test Accuracy: 80.952% | Best Test AUC:0.8545 | Best Test Sensitivity:0.9000 | Best Test Specificity:0.7273 | LR:0.0000878
[2023-08-16 22:07:46][Train.py][L163][INFO]Epoch[8/100] | Train Loss: 0.279 | Train Accuracy: 93.478% | Test Loss: 0.536 | Test Accuracy: 76.190% | Test AUC:0.8182 | Test Sen:0.9000 | Test Spe:0.6364 | Test F1:0.7619 | Test Recall:0.7619 | Test Precision:0.7619 | Best Test Accuracy: 80.952% | Best Test AUC:0.8545 | Best Test Sensitivity:0.9000 | Best Test Specificity:0.7273 | LR:0.0000862
[2023-08-16 22:07:46][Train.py][L163][INFO]Epoch[9/100] | Train Loss: 0.226 | Train Accuracy: 96.739% | Test Loss: 0.479 | Test Accuracy: 76.190% | Test AUC:0.8455 | Test Sen:0.8000 | Test Spe:0.7273 | Test F1:0.7619 | Test Recall:0.7619 | Test Precision:0.7619 | Best Test Accuracy: 80.952% | Best Test AUC:0.8545 | Best Test Sensitivity:0.9000 | Best Test Specificity:0.7273 | LR:0.0000845
[2023-08-16 22:07:47][Train.py][L163][INFO]Epoch[10/100] | Train Loss: 0.194 | Train Accuracy: 98.913% | Test Loss: 0.492 | Test Accuracy: 80.952% | Test AUC:0.8455 | Test Sen:0.9000 | Test Spe:0.7273 | Test F1:0.8095 | Test Recall:0.8095 | Test Precision:0.8095 | Best Test Accuracy: 80.952% | Best Test AUC:0.8545 | Best Test Sensitivity:0.9000 | Best Test Specificity:0.7273 | LR:0.0000829
[2023-08-16 22:07:47][Train.py][L163][INFO]Epoch[11/100] | Train Loss: 0.166 | Train Accuracy: 97.826% | Test Loss: 0.568 | Test Accuracy: 76.190% | Test AUC:0.8455 | Test Sen:0.9000 | Test Spe:0.6364 | Test F1:0.7619 | Test Recall:0.7619 | Test Precision:0.7619 | Best Test Accuracy: 80.952% | Best Test AUC:0.8545 | Best Test Sensitivity:0.9000 | Best Test Specificity:0.7273 | LR:0.0000813
[2023-08-16 22:07:48][Train.py][L163][INFO]Epoch[12/100] | Train Loss: 0.133 | Train Accuracy: 98.913% | Test Loss: 0.481 | Test Accuracy: 76.190% | Test AUC:0.8545 | Test Sen:0.8000 | Test Spe:0.7273 | Test F1:0.7619 | Test Recall:0.7619 | Test Precision:0.7619 | Best Test Accuracy: 80.952% | Best Test AUC:0.8545 | Best Test Sensitivity:0.9000 | Best Test Specificity:0.7273 | LR:0.0000797
[2023-08-16 22:07:48][Train.py][L163][INFO]Epoch[13/100] | Train Loss: 0.111 | Train Accuracy: 99.457% | Test Loss: 0.493 | Test Accuracy: 76.190% | Test AUC:0.8545 | Test Sen:0.8000 | Test Spe:0.7273 | Test F1:0.7619 | Test Recall:0.7619 | Test Precision:0.7619 | Best Test Accuracy: 80.952% | Best Test AUC:0.8545 | Best Test Sensitivity:0.9000 | Best Test Specificity:0.7273 | LR:0.0000781
[2023-08-16 22:07:49][Train.py][L163][INFO]Epoch[14/100] | Train Loss: 0.091 | Train Accuracy: 98.913% | Test Loss: 0.510 | Test Accuracy: 80.952% | Test AUC:0.8545 | Test Sen:0.9000 | Test Spe:0.7273 | Test F1:0.8095 | Test Recall:0.8095 | Test Precision:0.8095 | Best Test Accuracy: 80.952% | Best Test AUC:0.8545 | Best Test Sensitivity:0.9000 | Best Test Specificity:0.7273 | LR:0.0000766
[2023-08-16 22:07:49][Train.py][L163][INFO]Epoch[15/100] | Train Loss: 0.080 | Train Accuracy: 99.457% | Test Loss: 0.509 | Test Accuracy: 80.952% | Test AUC:0.8364 | Test Sen:0.9000 | Test Spe:0.7273 | Test F1:0.8095 | Test Recall:0.8095 | Test Precision:0.8095 | Best Test Accuracy: 80.952% | Best Test AUC:0.8545 | Best Test Sensitivity:0.9000 | Best Test Specificity:0.7273 | LR:0.0000750
[2023-08-16 22:07:50][Train.py][L163][INFO]Epoch[16/100] | Train Loss: 0.073 | Train Accuracy: 98.913% | Test Loss: 0.534 | Test Accuracy: 80.952% | Test AUC:0.8455 | Test Sen:0.9000 | Test Spe:0.7273 | Test F1:0.8095 | Test Recall:0.8095 | Test Precision:0.8095 | Best Test Accuracy: 80.952% | Best Test AUC:0.8545 | Best Test Sensitivity:0.9000 | Best Test Specificity:0.7273 | LR:0.0000735
[2023-08-16 22:07:50][Train.py][L163][INFO]Epoch[17/100] | Train Loss: 0.066 | Train Accuracy: 99.457% | Test Loss: 0.553 | Test Accuracy: 80.952% | Test AUC:0.8364 | Test Sen:0.9000 | Test Spe:0.7273 | Test F1:0.8095 | Test Recall:0.8095 | Test Precision:0.8095 | Best Test Accuracy: 80.952% | Best Test AUC:0.8545 | Best Test Sensitivity:0.9000 | Best Test Specificity:0.7273 | LR:0.0000720
[2023-08-16 22:07:51][Train.py][L163][INFO]Epoch[18/100] | Train Loss: 0.053 | Train Accuracy: 99.457% | Test Loss: 0.540 | Test Accuracy: 80.952% | Test AUC:0.8364 | Test Sen:0.9000 | Test Spe:0.7273 | Test F1:0.8095 | Test Recall:0.8095 | Test Precision:0.8095 | Best Test Accuracy: 80.952% | Best Test AUC:0.8545 | Best Test Sensitivity:0.9000 | Best Test Specificity:0.7273 | LR:0.0000705
[2023-08-16 22:07:51][Train.py][L163][INFO]Epoch[19/100] | Train Loss: 0.046 | Train Accuracy: 99.457% | Test Loss: 0.544 | Test Accuracy: 76.190% | Test AUC:0.8364 | Test Sen:0.8000 | Test Spe:0.7273 | Test F1:0.7619 | Test Recall:0.7619 | Test Precision:0.7619 | Best Test Accuracy: 80.952% | Best Test AUC:0.8545 | Best Test Sensitivity:0.9000 | Best Test Specificity:0.7273 | LR:0.0000690
[2023-08-16 22:07:52][Train.py][L163][INFO]Epoch[20/100] | Train Loss: 0.041 | Train Accuracy: 98.913% | Test Loss: 0.540 | Test Accuracy: 76.190% | Test AUC:0.8364 | Test Sen:0.8000 | Test Spe:0.7273 | Test F1:0.7619 | Test Recall:0.7619 | Test Precision:0.7619 | Best Test Accuracy: 80.952% | Best Test AUC:0.8545 | Best Test Sensitivity:0.9000 | Best Test Specificity:0.7273 | LR:0.0000676
[2023-08-16 22:07:52][Train.py][L163][INFO]Epoch[21/100] | Train Loss: 0.037 | Train Accuracy: 98.913% | Test Loss: 0.552 | Test Accuracy: 76.190% | Test AUC:0.8545 | Test Sen:0.8000 | Test Spe:0.7273 | Test F1:0.7619 | Test Recall:0.7619 | Test Precision:0.7619 | Best Test Accuracy: 80.952% | Best Test AUC:0.8545 | Best Test Sensitivity:0.9000 | Best Test Specificity:0.7273 | LR:0.0000662
[2023-08-16 22:07:53][Train.py][L163][INFO]Epoch[22/100] | Train Loss: 0.033 | Train Accuracy: 99.457% | Test Loss: 0.547 | Test Accuracy: 76.190% | Test AUC:0.8545 | Test Sen:0.8000 | Test Spe:0.7273 | Test F1:0.7619 | Test Recall:0.7619 | Test Precision:0.7619 | Best Test Accuracy: 80.952% | Best Test AUC:0.8545 | Best Test Sensitivity:0.9000 | Best Test Specificity:0.7273 | LR:0.0000648
[2023-08-16 22:07:53][Train.py][L163][INFO]Epoch[23/100] | Train Loss: 0.032 | Train Accuracy: 99.457% | Test Loss: 0.580 | Test Accuracy: 80.952% | Test AUC:0.8545 | Test Sen:0.9000 | Test Spe:0.7273 | Test F1:0.8095 | Test Recall:0.8095 | Test Precision:0.8095 | Best Test Accuracy: 80.952% | Best Test AUC:0.8545 | Best Test Sensitivity:0.9000 | Best Test Specificity:0.7273 | LR:0.0000634
[2023-08-16 22:07:54][Train.py][L163][INFO]Epoch[24/100] | Train Loss: 0.030 | Train Accuracy: 99.457% | Test Loss: 0.566 | Test Accuracy: 76.190% | Test AUC:0.8455 | Test Sen:0.8000 | Test Spe:0.7273 | Test F1:0.7619 | Test Recall:0.7619 | Test Precision:0.7619 | Best Test Accuracy: 80.952% | Best Test AUC:0.8545 | Best Test Sensitivity:0.9000 | Best Test Specificity:0.7273 | LR:0.0000620
[2023-08-16 22:07:54][Train.py][L163][INFO]Epoch[25/100] | Train Loss: 0.028 | Train Accuracy: 98.913% | Test Loss: 0.570 | Test Accuracy: 76.190% | Test AUC:0.8455 | Test Sen:0.8000 | Test Spe:0.7273 | Test F1:0.7619 | Test Recall:0.7619 | Test Precision:0.7619 | Best Test Accuracy: 80.952% | Best Test AUC:0.8545 | Best Test Sensitivity:0.9000 | Best Test Specificity:0.7273 | LR:0.0000606
[2023-08-16 22:07:55][Train.py][L163][INFO]Epoch[26/100] | Train Loss: 0.025 | Train Accuracy: 99.457% | Test Loss: 0.580 | Test Accuracy: 76.190% | Test AUC:0.8455 | Test Sen:0.8000 | Test Spe:0.7273 | Test F1:0.7619 | Test Recall:0.7619 | Test Precision:0.7619 | Best Test Accuracy: 80.952% | Best Test AUC:0.8545 | Best Test Sensitivity:0.9000 | Best Test Specificity:0.7273 | LR:0.0000593
[2023-08-16 22:07:55][Train.py][L163][INFO]Epoch[27/100] | Train Loss: 0.024 | Train Accuracy: 99.457% | Test Loss: 0.577 | Test Accuracy: 76.190% | Test AUC:0.8455 | Test Sen:0.8000 | Test Spe:0.7273 | Test F1:0.7619 | Test Recall:0.7619 | Test Precision:0.7619 | Best Test Accuracy: 80.952% | Best Test AUC:0.8545 | Best Test Sensitivity:0.9000 | Best Test Specificity:0.7273 | LR:0.0000580
[2023-08-16 22:07:56][Train.py][L163][INFO]Epoch[28/100] | Train Loss: 0.025 | Train Accuracy: 99.457% | Test Loss: 0.592 | Test Accuracy: 76.190% | Test AUC:0.8545 | Test Sen:0.8000 | Test Spe:0.7273 | Test F1:0.7619 | Test Recall:0.7619 | Test Precision:0.7619 | Best Test Accuracy: 80.952% | Best Test AUC:0.8545 | Best Test Sensitivity:0.9000 | Best Test Specificity:0.7273 | LR:0.0000567
[2023-08-16 22:07:56][Train.py][L163][INFO]Epoch[29/100] | Train Loss: 0.027 | Train Accuracy: 99.457% | Test Loss: 0.581 | Test Accuracy: 76.190% | Test AUC:0.8364 | Test Sen:0.8000 | Test Spe:0.7273 | Test F1:0.7619 | Test Recall:0.7619 | Test Precision:0.7619 | Best Test Accuracy: 80.952% | Best Test AUC:0.8545 | Best Test Sensitivity:0.9000 | Best Test Specificity:0.7273 | LR:0.0000554
[2023-08-16 22:07:57][Train.py][L163][INFO]Epoch[30/100] | Train Loss: 0.023 | Train Accuracy: 99.457% | Test Loss: 0.579 | Test Accuracy: 76.190% | Test AUC:0.8364 | Test Sen:0.8000 | Test Spe:0.7273 | Test F1:0.7619 | Test Recall:0.7619 | Test Precision:0.7619 | Best Test Accuracy: 80.952% | Best Test AUC:0.8545 | Best Test Sensitivity:0.9000 | Best Test Specificity:0.7273 | LR:0.0000541
[2023-08-16 22:07:57][Train.py][L163][INFO]Epoch[31/100] | Train Loss: 0.021 | Train Accuracy: 98.913% | Test Loss: 0.608 | Test Accuracy: 76.190% | Test AUC:0.8545 | Test Sen:0.8000 | Test Spe:0.7273 | Test F1:0.7619 | Test Recall:0.7619 | Test Precision:0.7619 | Best Test Accuracy: 80.952% | Best Test AUC:0.8545 | Best Test Sensitivity:0.9000 | Best Test Specificity:0.7273 | LR:0.0000528
[2023-08-16 22:07:58][Train.py][L163][INFO]Epoch[32/100] | Train Loss: 0.020 | Train Accuracy: 99.457% | Test Loss: 0.598 | Test Accuracy: 76.190% | Test AUC:0.8455 | Test Sen:0.8000 | Test Spe:0.7273 | Test F1:0.7619 | Test Recall:0.7619 | Test Precision:0.7619 | Best Test Accuracy: 80.952% | Best Test AUC:0.8545 | Best Test Sensitivity:0.9000 | Best Test Specificity:0.7273 | LR:0.0000516
[2023-08-16 22:07:59][Train.py][L163][INFO]Epoch[33/100] | Train Loss: 0.022 | Train Accuracy: 99.457% | Test Loss: 0.600 | Test Accuracy: 76.190% | Test AUC:0.8545 | Test Sen:0.8000 | Test Spe:0.7273 | Test F1:0.7619 | Test Recall:0.7619 | Test Precision:0.7619 | Best Test Accuracy: 80.952% | Best Test AUC:0.8545 | Best Test Sensitivity:0.9000 | Best Test Specificity:0.7273 | LR:0.0000504
[2023-08-16 22:07:59][Train.py][L163][INFO]Epoch[34/100] | Train Loss: 0.019 | Train Accuracy: 98.913% | Test Loss: 0.624 | Test Accuracy: 76.190% | Test AUC:0.8455 | Test Sen:0.8000 | Test Spe:0.7273 | Test F1:0.7619 | Test Recall:0.7619 | Test Precision:0.7619 | Best Test Accuracy: 80.952% | Best Test AUC:0.8545 | Best Test Sensitivity:0.9000 | Best Test Specificity:0.7273 | LR:0.0000492
[2023-08-16 22:07:59][Train.py][L163][INFO]Epoch[35/100] | Train Loss: 0.018 | Train Accuracy: 98.913% | Test Loss: 0.613 | Test Accuracy: 76.190% | Test AUC:0.8455 | Test Sen:0.8000 | Test Spe:0.7273 | Test F1:0.7619 | Test Recall:0.7619 | Test Precision:0.7619 | Best Test Accuracy: 80.952% | Best Test AUC:0.8545 | Best Test Sensitivity:0.9000 | Best Test Specificity:0.7273 | LR:0.0000480
[2023-08-16 22:08:00][Train.py][L163][INFO]Epoch[36/100] | Train Loss: 0.018 | Train Accuracy: 99.457% | Test Loss: 0.597 | Test Accuracy: 76.190% | Test AUC:0.8455 | Test Sen:0.8000 | Test Spe:0.7273 | Test F1:0.7619 | Test Recall:0.7619 | Test Precision:0.7619 | Best Test Accuracy: 80.952% | Best Test AUC:0.8545 | Best Test Sensitivity:0.9000 | Best Test Specificity:0.7273 | LR:0.0000469
[2023-08-16 22:08:00][Train.py][L163][INFO]Epoch[37/100] | Train Loss: 0.018 | Train Accuracy: 98.913% | Test Loss: 0.623 | Test Accuracy: 76.190% | Test AUC:0.8545 | Test Sen:0.8000 | Test Spe:0.7273 | Test F1:0.7619 | Test Recall:0.7619 | Test Precision:0.7619 | Best Test Accuracy: 80.952% | Best Test AUC:0.8545 | Best Test Sensitivity:0.9000 | Best Test Specificity:0.7273 | LR:0.0000457
[2023-08-16 22:08:01][Train.py][L163][INFO]Epoch[38/100] | Train Loss: 0.016 | Train Accuracy: 98.913% | Test Loss: 0.616 | Test Accuracy: 76.190% | Test AUC:0.8455 | Test Sen:0.8000 | Test Spe:0.7273 | Test F1:0.7619 | Test Recall:0.7619 | Test Precision:0.7619 | Best Test Accuracy: 80.952% | Best Test AUC:0.8545 | Best Test Sensitivity:0.9000 | Best Test Specificity:0.7273 | LR:0.0000446
[2023-08-16 22:08:02][Train.py][L163][INFO]Epoch[39/100] | Train Loss: 0.018 | Train Accuracy: 99.457% | Test Loss: 0.625 | Test Accuracy: 76.190% | Test AUC:0.8455 | Test Sen:0.8000 | Test Spe:0.7273 | Test F1:0.7619 | Test Recall:0.7619 | Test Precision:0.7619 | Best Test Accuracy: 80.952% | Best Test AUC:0.8545 | Best Test Sensitivity:0.9000 | Best Test Specificity:0.7273 | LR:0.0000435
[2023-08-16 22:08:02][Train.py][L163][INFO]Epoch[40/100] | Train Loss: 0.016 | Train Accuracy: 98.913% | Test Loss: 0.632 | Test Accuracy: 76.190% | Test AUC:0.8455 | Test Sen:0.8000 | Test Spe:0.7273 | Test F1:0.7619 | Test Recall:0.7619 | Test Precision:0.7619 | Best Test Accuracy: 80.952% | Best Test AUC:0.8545 | Best Test Sensitivity:0.9000 | Best Test Specificity:0.7273 | LR:0.0000424
[2023-08-16 22:08:03][Train.py][L163][INFO]Epoch[41/100] | Train Loss: 0.015 | Train Accuracy: 99.457% | Test Loss: 0.627 | Test Accuracy: 76.190% | Test AUC:0.8455 | Test Sen:0.8000 | Test Spe:0.7273 | Test F1:0.7619 | Test Recall:0.7619 | Test Precision:0.7619 | Best Test Accuracy: 80.952% | Best Test AUC:0.8545 | Best Test Sensitivity:0.9000 | Best Test Specificity:0.7273 | LR:0.0000413
[2023-08-16 22:08:03][Train.py][L163][INFO]Epoch[42/100] | Train Loss: 0.016 | Train Accuracy: 99.457% | Test Loss: 0.625 | Test Accuracy: 76.190% | Test AUC:0.8455 | Test Sen:0.8000 | Test Spe:0.7273 | Test F1:0.7619 | Test Recall:0.7619 | Test Precision:0.7619 | Best Test Accuracy: 80.952% | Best Test AUC:0.8545 | Best Test Sensitivity:0.9000 | Best Test Specificity:0.7273 | LR:0.0000403
[2023-08-16 22:08:04][Train.py][L163][INFO]Epoch[43/100] | Train Loss: 0.015 | Train Accuracy: 99.457% | Test Loss: 0.626 | Test Accuracy: 76.190% | Test AUC:0.8455 | Test Sen:0.8000 | Test Spe:0.7273 | Test F1:0.7619 | Test Recall:0.7619 | Test Precision:0.7619 | Best Test Accuracy: 80.952% | Best Test AUC:0.8545 | Best Test Sensitivity:0.9000 | Best Test Specificity:0.7273 | LR:0.0000392
[2023-08-16 22:08:04][Train.py][L163][INFO]Epoch[44/100] | Train Loss: 0.015 | Train Accuracy: 98.913% | Test Loss: 0.636 | Test Accuracy: 76.190% | Test AUC:0.8455 | Test Sen:0.8000 | Test Spe:0.7273 | Test F1:0.7619 | Test Recall:0.7619 | Test Precision:0.7619 | Best Test Accuracy: 80.952% | Best Test AUC:0.8545 | Best Test Sensitivity:0.9000 | Best Test Specificity:0.7273 | LR:0.0000382
[2023-08-16 22:08:05][Train.py][L163][INFO]Epoch[45/100] | Train Loss: 0.015 | Train Accuracy: 99.457% | Test Loss: 0.632 | Test Accuracy: 76.190% | Test AUC:0.8455 | Test Sen:0.8000 | Test Spe:0.7273 | Test F1:0.7619 | Test Recall:0.7619 | Test Precision:0.7619 | Best Test Accuracy: 80.952% | Best Test AUC:0.8545 | Best Test Sensitivity:0.9000 | Best Test Specificity:0.7273 | LR:0.0000372
[2023-08-16 22:08:05][Train.py][L163][INFO]Epoch[46/100] | Train Loss: 0.015 | Train Accuracy: 99.457% | Test Loss: 0.649 | Test Accuracy: 76.190% | Test AUC:0.8455 | Test Sen:0.8000 | Test Spe:0.7273 | Test F1:0.7619 | Test Recall:0.7619 | Test Precision:0.7619 | Best Test Accuracy: 80.952% | Best Test AUC:0.8545 | Best Test Sensitivity:0.9000 | Best Test Specificity:0.7273 | LR:0.0000362
[2023-08-16 22:08:05][Train.py][L163][INFO]Epoch[47/100] | Train Loss: 0.016 | Train Accuracy: 99.457% | Test Loss: 0.648 | Test Accuracy: 76.190% | Test AUC:0.8455 | Test Sen:0.8000 | Test Spe:0.7273 | Test F1:0.7619 | Test Recall:0.7619 | Test Precision:0.7619 | Best Test Accuracy: 80.952% | Best Test AUC:0.8545 | Best Test Sensitivity:0.9000 | Best Test Specificity:0.7273 | LR:0.0000353
[2023-08-16 22:08:06][Train.py][L163][INFO]Epoch[48/100] | Train Loss: 0.014 | Train Accuracy: 98.913% | Test Loss: 0.627 | Test Accuracy: 76.190% | Test AUC:0.8455 | Test Sen:0.8000 | Test Spe:0.7273 | Test F1:0.7619 | Test Recall:0.7619 | Test Precision:0.7619 | Best Test Accuracy: 80.952% | Best Test AUC:0.8545 | Best Test Sensitivity:0.9000 | Best Test Specificity:0.7273 | LR:0.0000343
[2023-08-16 22:08:07][Train.py][L163][INFO]Epoch[49/100] | Train Loss: 0.015 | Train Accuracy: 99.457% | Test Loss: 0.653 | Test Accuracy: 76.190% | Test AUC:0.8455 | Test Sen:0.8000 | Test Spe:0.7273 | Test F1:0.7619 | Test Recall:0.7619 | Test Precision:0.7619 | Best Test Accuracy: 80.952% | Best Test AUC:0.8545 | Best Test Sensitivity:0.9000 | Best Test Specificity:0.7273 | LR:0.0000334
[2023-08-16 22:08:07][Train.py][L163][INFO]Epoch[50/100] | Train Loss: 0.014 | Train Accuracy: 99.457% | Test Loss: 0.661 | Test Accuracy: 80.952% | Test AUC:0.8455 | Test Sen:0.9000 | Test Spe:0.7273 | Test F1:0.8095 | Test Recall:0.8095 | Test Precision:0.8095 | Best Test Accuracy: 80.952% | Best Test AUC:0.8545 | Best Test Sensitivity:0.9000 | Best Test Specificity:0.7273 | LR:0.0000325
[2023-08-16 22:08:08][Train.py][L163][INFO]Epoch[51/100] | Train Loss: 0.014 | Train Accuracy: 98.913% | Test Loss: 0.639 | Test Accuracy: 76.190% | Test AUC:0.8455 | Test Sen:0.8000 | Test Spe:0.7273 | Test F1:0.7619 | Test Recall:0.7619 | Test Precision:0.7619 | Best Test Accuracy: 80.952% | Best Test AUC:0.8545 | Best Test Sensitivity:0.9000 | Best Test Specificity:0.7273 | LR:0.0000316
[2023-08-16 22:08:08][Train.py][L163][INFO]Epoch[52/100] | Train Loss: 0.015 | Train Accuracy: 98.913% | Test Loss: 0.659 | Test Accuracy: 76.190% | Test AUC:0.8455 | Test Sen:0.8000 | Test Spe:0.7273 | Test F1:0.7619 | Test Recall:0.7619 | Test Precision:0.7619 | Best Test Accuracy: 80.952% | Best Test AUC:0.8545 | Best Test Sensitivity:0.9000 | Best Test Specificity:0.7273 | LR:0.0000307
[2023-08-16 22:08:09][Train.py][L163][INFO]Epoch[53/100] | Train Loss: 0.014 | Train Accuracy: 98.913% | Test Loss: 0.632 | Test Accuracy: 76.190% | Test AUC:0.8455 | Test Sen:0.8000 | Test Spe:0.7273 | Test F1:0.7619 | Test Recall:0.7619 | Test Precision:0.7619 | Best Test Accuracy: 80.952% | Best Test AUC:0.8545 | Best Test Sensitivity:0.9000 | Best Test Specificity:0.7273 | LR:0.0000299
[2023-08-16 22:08:09][Train.py][L163][INFO]Epoch[54/100] | Train Loss: 0.014 | Train Accuracy: 99.457% | Test Loss: 0.650 | Test Accuracy: 76.190% | Test AUC:0.8455 | Test Sen:0.8000 | Test Spe:0.7273 | Test F1:0.7619 | Test Recall:0.7619 | Test Precision:0.7619 | Best Test Accuracy: 80.952% | Best Test AUC:0.8545 | Best Test Sensitivity:0.9000 | Best Test Specificity:0.7273 | LR:0.0000290
[2023-08-16 22:08:10][Train.py][L163][INFO]Epoch[55/100] | Train Loss: 0.013 | Train Accuracy: 99.457% | Test Loss: 0.676 | Test Accuracy: 80.952% | Test AUC:0.8364 | Test Sen:0.9000 | Test Spe:0.7273 | Test F1:0.8095 | Test Recall:0.8095 | Test Precision:0.8095 | Best Test Accuracy: 80.952% | Best Test AUC:0.8545 | Best Test Sensitivity:0.9000 | Best Test Specificity:0.7273 | LR:0.0000282
[2023-08-16 22:08:10][Train.py][L163][INFO]Epoch[56/100] | Train Loss: 0.014 | Train Accuracy: 99.457% | Test Loss: 0.681 | Test Accuracy: 80.952% | Test AUC:0.8455 | Test Sen:0.9000 | Test Spe:0.7273 | Test F1:0.8095 | Test Recall:0.8095 | Test Precision:0.8095 | Best Test Accuracy: 80.952% | Best Test AUC:0.8545 | Best Test Sensitivity:0.9000 | Best Test Specificity:0.7273 | LR:0.0000274
[2023-08-16 22:08:11][Train.py][L163][INFO]Epoch[57/100] | Train Loss: 0.015 | Train Accuracy: 99.457% | Test Loss: 0.631 | Test Accuracy: 76.190% | Test AUC:0.8455 | Test Sen:0.8000 | Test Spe:0.7273 | Test F1:0.7619 | Test Recall:0.7619 | Test Precision:0.7619 | Best Test Accuracy: 80.952% | Best Test AUC:0.8545 | Best Test Sensitivity:0.9000 | Best Test Specificity:0.7273 | LR:0.0000266
[2023-08-16 22:08:11][Train.py][L163][INFO]Epoch[58/100] | Train Loss: 0.012 | Train Accuracy: 99.457% | Test Loss: 0.716 | Test Accuracy: 80.952% | Test AUC:0.8364 | Test Sen:0.9000 | Test Spe:0.7273 | Test F1:0.8095 | Test Recall:0.8095 | Test Precision:0.8095 | Best Test Accuracy: 80.952% | Best Test AUC:0.8545 | Best Test Sensitivity:0.9000 | Best Test Specificity:0.7273 | LR:0.0000259
[2023-08-16 22:08:12][Train.py][L163][INFO]Epoch[59/100] | Train Loss: 0.015 | Train Accuracy: 99.457% | Test Loss: 0.677 | Test Accuracy: 80.952% | Test AUC:0.8455 | Test Sen:0.9000 | Test Spe:0.7273 | Test F1:0.8095 | Test Recall:0.8095 | Test Precision:0.8095 | Best Test Accuracy: 80.952% | Best Test AUC:0.8545 | Best Test Sensitivity:0.9000 | Best Test Specificity:0.7273 | LR:0.0000251
[2023-08-16 22:08:12][Train.py][L163][INFO]Epoch[60/100] | Train Loss: 0.012 | Train Accuracy: 99.457% | Test Loss: 0.649 | Test Accuracy: 76.190% | Test AUC:0.8455 | Test Sen:0.8000 | Test Spe:0.7273 | Test F1:0.7619 | Test Recall:0.7619 | Test Precision:0.7619 | Best Test Accuracy: 80.952% | Best Test AUC:0.8545 | Best Test Sensitivity:0.9000 | Best Test Specificity:0.7273 | LR:0.0000244
[2023-08-16 22:08:13][Train.py][L163][INFO]Epoch[61/100] | Train Loss: 0.013 | Train Accuracy: 99.457% | Test Loss: 0.662 | Test Accuracy: 76.190% | Test AUC:0.8455 | Test Sen:0.8000 | Test Spe:0.7273 | Test F1:0.7619 | Test Recall:0.7619 | Test Precision:0.7619 | Best Test Accuracy: 80.952% | Best Test AUC:0.8545 | Best Test Sensitivity:0.9000 | Best Test Specificity:0.7273 | LR:0.0000237
[2023-08-16 22:08:13][Train.py][L163][INFO]Epoch[62/100] | Train Loss: 0.012 | Train Accuracy: 99.457% | Test Loss: 0.662 | Test Accuracy: 76.190% | Test AUC:0.8455 | Test Sen:0.8000 | Test Spe:0.7273 | Test F1:0.7619 | Test Recall:0.7619 | Test Precision:0.7619 | Best Test Accuracy: 80.952% | Best Test AUC:0.8545 | Best Test Sensitivity:0.9000 | Best Test Specificity:0.7273 | LR:0.0000230
[2023-08-16 22:08:14][Train.py][L163][INFO]Epoch[63/100] | Train Loss: 0.013 | Train Accuracy: 98.913% | Test Loss: 0.648 | Test Accuracy: 76.190% | Test AUC:0.8455 | Test Sen:0.8000 | Test Spe:0.7273 | Test F1:0.7619 | Test Recall:0.7619 | Test Precision:0.7619 | Best Test Accuracy: 80.952% | Best Test AUC:0.8545 | Best Test Sensitivity:0.9000 | Best Test Specificity:0.7273 | LR:0.0000223
[2023-08-16 22:08:14][Train.py][L163][INFO]Epoch[64/100] | Train Loss: 0.012 | Train Accuracy: 99.457% | Test Loss: 0.666 | Test Accuracy: 76.190% | Test AUC:0.8455 | Test Sen:0.8000 | Test Spe:0.7273 | Test F1:0.7619 | Test Recall:0.7619 | Test Precision:0.7619 | Best Test Accuracy: 80.952% | Best Test AUC:0.8545 | Best Test Sensitivity:0.9000 | Best Test Specificity:0.7273 | LR:0.0000217
[2023-08-16 22:08:15][Train.py][L163][INFO]Epoch[65/100] | Train Loss: 0.012 | Train Accuracy: 99.457% | Test Loss: 0.682 | Test Accuracy: 76.190% | Test AUC:0.8455 | Test Sen:0.8000 | Test Spe:0.7273 | Test F1:0.7619 | Test Recall:0.7619 | Test Precision:0.7619 | Best Test Accuracy: 80.952% | Best Test AUC:0.8545 | Best Test Sensitivity:0.9000 | Best Test Specificity:0.7273 | LR:0.0000210
[2023-08-16 22:08:15][Train.py][L163][INFO]Epoch[66/100] | Train Loss: 0.013 | Train Accuracy: 99.457% | Test Loss: 0.690 | Test Accuracy: 80.952% | Test AUC:0.8455 | Test Sen:0.9000 | Test Spe:0.7273 | Test F1:0.8095 | Test Recall:0.8095 | Test Precision:0.8095 | Best Test Accuracy: 80.952% | Best Test AUC:0.8545 | Best Test Sensitivity:0.9000 | Best Test Specificity:0.7273 | LR:0.0000204
[2023-08-16 22:08:16][Train.py][L163][INFO]Epoch[67/100] | Train Loss: 0.013 | Train Accuracy: 98.913% | Test Loss: 0.662 | Test Accuracy: 76.190% | Test AUC:0.8455 | Test Sen:0.8000 | Test Spe:0.7273 | Test F1:0.7619 | Test Recall:0.7619 | Test Precision:0.7619 | Best Test Accuracy: 80.952% | Best Test AUC:0.8545 | Best Test Sensitivity:0.9000 | Best Test Specificity:0.7273 | LR:0.0000198
[2023-08-16 22:08:16][Train.py][L163][INFO]Epoch[68/100] | Train Loss: 0.013 | Train Accuracy: 98.913% | Test Loss: 0.668 | Test Accuracy: 76.190% | Test AUC:0.8455 | Test Sen:0.8000 | Test Spe:0.7273 | Test F1:0.7619 | Test Recall:0.7619 | Test Precision:0.7619 | Best Test Accuracy: 80.952% | Best Test AUC:0.8545 | Best Test Sensitivity:0.9000 | Best Test Specificity:0.7273 | LR:0.0000192
[2023-08-16 22:08:17][Train.py][L163][INFO]Epoch[69/100] | Train Loss: 0.011 | Train Accuracy: 98.913% | Test Loss: 0.668 | Test Accuracy: 76.190% | Test AUC:0.8455 | Test Sen:0.8000 | Test Spe:0.7273 | Test F1:0.7619 | Test Recall:0.7619 | Test Precision:0.7619 | Best Test Accuracy: 80.952% | Best Test AUC:0.8545 | Best Test Sensitivity:0.9000 | Best Test Specificity:0.7273 | LR:0.0000186
[2023-08-16 22:08:17][Train.py][L163][INFO]Epoch[70/100] | Train Loss: 0.012 | Train Accuracy: 99.457% | Test Loss: 0.667 | Test Accuracy: 76.190% | Test AUC:0.8455 | Test Sen:0.8000 | Test Spe:0.7273 | Test F1:0.7619 | Test Recall:0.7619 | Test Precision:0.7619 | Best Test Accuracy: 80.952% | Best Test AUC:0.8545 | Best Test Sensitivity:0.9000 | Best Test Specificity:0.7273 | LR:0.0000181
[2023-08-16 22:08:18][Train.py][L163][INFO]Epoch[71/100] | Train Loss: 0.012 | Train Accuracy: 99.457% | Test Loss: 0.673 | Test Accuracy: 76.190% | Test AUC:0.8455 | Test Sen:0.8000 | Test Spe:0.7273 | Test F1:0.7619 | Test Recall:0.7619 | Test Precision:0.7619 | Best Test Accuracy: 80.952% | Best Test AUC:0.8545 | Best Test Sensitivity:0.9000 | Best Test Specificity:0.7273 | LR:0.0000176
[2023-08-16 22:08:18][Train.py][L163][INFO]Epoch[72/100] | Train Loss: 0.011 | Train Accuracy: 99.457% | Test Loss: 0.685 | Test Accuracy: 76.190% | Test AUC:0.8455 | Test Sen:0.8000 | Test Spe:0.7273 | Test F1:0.7619 | Test Recall:0.7619 | Test Precision:0.7619 | Best Test Accuracy: 80.952% | Best Test AUC:0.8545 | Best Test Sensitivity:0.9000 | Best Test Specificity:0.7273 | LR:0.0000171
[2023-08-16 22:08:19][Train.py][L163][INFO]Epoch[73/100] | Train Loss: 0.011 | Train Accuracy: 99.457% | Test Loss: 0.683 | Test Accuracy: 76.190% | Test AUC:0.8455 | Test Sen:0.8000 | Test Spe:0.7273 | Test F1:0.7619 | Test Recall:0.7619 | Test Precision:0.7619 | Best Test Accuracy: 80.952% | Best Test AUC:0.8545 | Best Test Sensitivity:0.9000 | Best Test Specificity:0.7273 | LR:0.0000166
[2023-08-16 22:08:19][Train.py][L163][INFO]Epoch[74/100] | Train Loss: 0.012 | Train Accuracy: 99.457% | Test Loss: 0.686 | Test Accuracy: 76.190% | Test AUC:0.8455 | Test Sen:0.8000 | Test Spe:0.7273 | Test F1:0.7619 | Test Recall:0.7619 | Test Precision:0.7619 | Best Test Accuracy: 80.952% | Best Test AUC:0.8545 | Best Test Sensitivity:0.9000 | Best Test Specificity:0.7273 | LR:0.0000161
[2023-08-16 22:08:20][Train.py][L163][INFO]Epoch[75/100] | Train Loss: 0.011 | Train Accuracy: 99.457% | Test Loss: 0.656 | Test Accuracy: 76.190% | Test AUC:0.8455 | Test Sen:0.8000 | Test Spe:0.7273 | Test F1:0.7619 | Test Recall:0.7619 | Test Precision:0.7619 | Best Test Accuracy: 80.952% | Best Test AUC:0.8545 | Best Test Sensitivity:0.9000 | Best Test Specificity:0.7273 | LR:0.0000156
[2023-08-16 22:08:20][Train.py][L163][INFO]Epoch[76/100] | Train Loss: 0.012 | Train Accuracy: 99.457% | Test Loss: 0.663 | Test Accuracy: 76.190% | Test AUC:0.8455 | Test Sen:0.8000 | Test Spe:0.7273 | Test F1:0.7619 | Test Recall:0.7619 | Test Precision:0.7619 | Best Test Accuracy: 80.952% | Best Test AUC:0.8545 | Best Test Sensitivity:0.9000 | Best Test Specificity:0.7273 | LR:0.0000152
[2023-08-16 22:08:21][Train.py][L163][INFO]Epoch[77/100] | Train Loss: 0.012 | Train Accuracy: 98.913% | Test Loss: 0.686 | Test Accuracy: 76.190% | Test AUC:0.8455 | Test Sen:0.8000 | Test Spe:0.7273 | Test F1:0.7619 | Test Recall:0.7619 | Test Precision:0.7619 | Best Test Accuracy: 80.952% | Best Test AUC:0.8545 | Best Test Sensitivity:0.9000 | Best Test Specificity:0.7273 | LR:0.0000148
[2023-08-16 22:08:21][Train.py][L163][INFO]Epoch[78/100] | Train Loss: 0.012 | Train Accuracy: 99.457% | Test Loss: 0.678 | Test Accuracy: 76.190% | Test AUC:0.8455 | Test Sen:0.8000 | Test Spe:0.7273 | Test F1:0.7619 | Test Recall:0.7619 | Test Precision:0.7619 | Best Test Accuracy: 80.952% | Best Test AUC:0.8545 | Best Test Sensitivity:0.9000 | Best Test Specificity:0.7273 | LR:0.0000144
[2023-08-16 22:08:22][Train.py][L163][INFO]Epoch[79/100] | Train Loss: 0.013 | Train Accuracy: 98.913% | Test Loss: 0.707 | Test Accuracy: 80.952% | Test AUC:0.8455 | Test Sen:0.9000 | Test Spe:0.7273 | Test F1:0.8095 | Test Recall:0.8095 | Test Precision:0.8095 | Best Test Accuracy: 80.952% | Best Test AUC:0.8545 | Best Test Sensitivity:0.9000 | Best Test Specificity:0.7273 | LR:0.0000140
[2023-08-16 22:08:22][Train.py][L163][INFO]Epoch[80/100] | Train Loss: 0.012 | Train Accuracy: 99.457% | Test Loss: 0.686 | Test Accuracy: 76.190% | Test AUC:0.8455 | Test Sen:0.8000 | Test Spe:0.7273 | Test F1:0.7619 | Test Recall:0.7619 | Test Precision:0.7619 | Best Test Accuracy: 80.952% | Best Test AUC:0.8545 | Best Test Sensitivity:0.9000 | Best Test Specificity:0.7273 | LR:0.0000136
[2023-08-16 22:08:23][Train.py][L163][INFO]Epoch[81/100] | Train Loss: 0.012 | Train Accuracy: 99.457% | Test Loss: 0.684 | Test Accuracy: 76.190% | Test AUC:0.8455 | Test Sen:0.8000 | Test Spe:0.7273 | Test F1:0.7619 | Test Recall:0.7619 | Test Precision:0.7619 | Best Test Accuracy: 80.952% | Best Test AUC:0.8545 | Best Test Sensitivity:0.9000 | Best Test Specificity:0.7273 | LR:0.0000132
[2023-08-16 22:08:23][Train.py][L163][INFO]Epoch[82/100] | Train Loss: 0.011 | Train Accuracy: 99.457% | Test Loss: 0.679 | Test Accuracy: 76.190% | Test AUC:0.8455 | Test Sen:0.8000 | Test Spe:0.7273 | Test F1:0.7619 | Test Recall:0.7619 | Test Precision:0.7619 | Best Test Accuracy: 80.952% | Best Test AUC:0.8545 | Best Test Sensitivity:0.9000 | Best Test Specificity:0.7273 | LR:0.0000129
[2023-08-16 22:08:24][Train.py][L163][INFO]Epoch[83/100] | Train Loss: 0.011 | Train Accuracy: 99.457% | Test Loss: 0.670 | Test Accuracy: 76.190% | Test AUC:0.8455 | Test Sen:0.8000 | Test Spe:0.7273 | Test F1:0.7619 | Test Recall:0.7619 | Test Precision:0.7619 | Best Test Accuracy: 80.952% | Best Test AUC:0.8545 | Best Test Sensitivity:0.9000 | Best Test Specificity:0.7273 | LR:0.0000126
[2023-08-16 22:08:24][Train.py][L163][INFO]Epoch[84/100] | Train Loss: 0.011 | Train Accuracy: 99.457% | Test Loss: 0.674 | Test Accuracy: 76.190% | Test AUC:0.8455 | Test Sen:0.8000 | Test Spe:0.7273 | Test F1:0.7619 | Test Recall:0.7619 | Test Precision:0.7619 | Best Test Accuracy: 80.952% | Best Test AUC:0.8545 | Best Test Sensitivity:0.9000 | Best Test Specificity:0.7273 | LR:0.0000123
[2023-08-16 22:08:25][Train.py][L163][INFO]Epoch[85/100] | Train Loss: 0.011 | Train Accuracy: 99.457% | Test Loss: 0.680 | Test Accuracy: 76.190% | Test AUC:0.8455 | Test Sen:0.8000 | Test Spe:0.7273 | Test F1:0.7619 | Test Recall:0.7619 | Test Precision:0.7619 | Best Test Accuracy: 80.952% | Best Test AUC:0.8545 | Best Test Sensitivity:0.9000 | Best Test Specificity:0.7273 | LR:0.0000120
[2023-08-16 22:08:26][Train.py][L163][INFO]Epoch[86/100] | Train Loss: 0.011 | Train Accuracy: 98.913% | Test Loss: 0.684 | Test Accuracy: 76.190% | Test AUC:0.8455 | Test Sen:0.8000 | Test Spe:0.7273 | Test F1:0.7619 | Test Recall:0.7619 | Test Precision:0.7619 | Best Test Accuracy: 80.952% | Best Test AUC:0.8545 | Best Test Sensitivity:0.9000 | Best Test Specificity:0.7273 | LR:0.0000118
[2023-08-16 22:08:26][Train.py][L163][INFO]Epoch[87/100] | Train Loss: 0.011 | Train Accuracy: 99.457% | Test Loss: 0.692 | Test Accuracy: 76.190% | Test AUC:0.8455 | Test Sen:0.8000 | Test Spe:0.7273 | Test F1:0.7619 | Test Recall:0.7619 | Test Precision:0.7619 | Best Test Accuracy: 80.952% | Best Test AUC:0.8545 | Best Test Sensitivity:0.9000 | Best Test Specificity:0.7273 | LR:0.0000115
[2023-08-16 22:08:27][Train.py][L163][INFO]Epoch[88/100] | Train Loss: 0.011 | Train Accuracy: 99.457% | Test Loss: 0.695 | Test Accuracy: 76.190% | Test AUC:0.8455 | Test Sen:0.8000 | Test Spe:0.7273 | Test F1:0.7619 | Test Recall:0.7619 | Test Precision:0.7619 | Best Test Accuracy: 80.952% | Best Test AUC:0.8545 | Best Test Sensitivity:0.9000 | Best Test Specificity:0.7273 | LR:0.0000113
[2023-08-16 22:08:27][Train.py][L163][INFO]Epoch[89/100] | Train Loss: 0.010 | Train Accuracy: 100.000% | Test Loss: 0.677 | Test Accuracy: 76.190% | Test AUC:0.8455 | Test Sen:0.8000 | Test Spe:0.7273 | Test F1:0.7619 | Test Recall:0.7619 | Test Precision:0.7619 | Best Test Accuracy: 80.952% | Best Test AUC:0.8545 | Best Test Sensitivity:0.9000 | Best Test Specificity:0.7273 | LR:0.0000111
[2023-08-16 22:08:28][Train.py][L163][INFO]Epoch[90/100] | Train Loss: 0.011 | Train Accuracy: 99.457% | Test Loss: 0.672 | Test Accuracy: 76.190% | Test AUC:0.8455 | Test Sen:0.8000 | Test Spe:0.7273 | Test F1:0.7619 | Test Recall:0.7619 | Test Precision:0.7619 | Best Test Accuracy: 80.952% | Best Test AUC:0.8545 | Best Test Sensitivity:0.9000 | Best Test Specificity:0.7273 | LR:0.0000109
[2023-08-16 22:08:28][Train.py][L163][INFO]Epoch[91/100] | Train Loss: 0.011 | Train Accuracy: 99.457% | Test Loss: 0.677 | Test Accuracy: 76.190% | Test AUC:0.8455 | Test Sen:0.8000 | Test Spe:0.7273 | Test F1:0.7619 | Test Recall:0.7619 | Test Precision:0.7619 | Best Test Accuracy: 80.952% | Best Test AUC:0.8545 | Best Test Sensitivity:0.9000 | Best Test Specificity:0.7273 | LR:0.0000107
[2023-08-16 22:08:29][Train.py][L163][INFO]Epoch[92/100] | Train Loss: 0.011 | Train Accuracy: 99.457% | Test Loss: 0.686 | Test Accuracy: 76.190% | Test AUC:0.8455 | Test Sen:0.8000 | Test Spe:0.7273 | Test F1:0.7619 | Test Recall:0.7619 | Test Precision:0.7619 | Best Test Accuracy: 80.952% | Best Test AUC:0.8545 | Best Test Sensitivity:0.9000 | Best Test Specificity:0.7273 | LR:0.0000106
[2023-08-16 22:08:29][Train.py][L163][INFO]Epoch[93/100] | Train Loss: 0.011 | Train Accuracy: 99.457% | Test Loss: 0.693 | Test Accuracy: 76.190% | Test AUC:0.8455 | Test Sen:0.8000 | Test Spe:0.7273 | Test F1:0.7619 | Test Recall:0.7619 | Test Precision:0.7619 | Best Test Accuracy: 80.952% | Best Test AUC:0.8545 | Best Test Sensitivity:0.9000 | Best Test Specificity:0.7273 | LR:0.0000104
[2023-08-16 22:08:30][Train.py][L163][INFO]Epoch[94/100] | Train Loss: 0.012 | Train Accuracy: 98.913% | Test Loss: 0.713 | Test Accuracy: 80.952% | Test AUC:0.8364 | Test Sen:0.9000 | Test Spe:0.7273 | Test F1:0.8095 | Test Recall:0.8095 | Test Precision:0.8095 | Best Test Accuracy: 80.952% | Best Test AUC:0.8545 | Best Test Sensitivity:0.9000 | Best Test Specificity:0.7273 | LR:0.0000103
[2023-08-16 22:08:30][Train.py][L163][INFO]Epoch[95/100] | Train Loss: 0.012 | Train Accuracy: 98.913% | Test Loss: 0.675 | Test Accuracy: 76.190% | Test AUC:0.8455 | Test Sen:0.8000 | Test Spe:0.7273 | Test F1:0.7619 | Test Recall:0.7619 | Test Precision:0.7619 | Best Test Accuracy: 80.952% | Best Test AUC:0.8545 | Best Test Sensitivity:0.9000 | Best Test Specificity:0.7273 | LR:0.0000102
[2023-08-16 22:08:31][Train.py][L163][INFO]Epoch[96/100] | Train Loss: 0.011 | Train Accuracy: 99.457% | Test Loss: 0.682 | Test Accuracy: 76.190% | Test AUC:0.8455 | Test Sen:0.8000 | Test Spe:0.7273 | Test F1:0.7619 | Test Recall:0.7619 | Test Precision:0.7619 | Best Test Accuracy: 80.952% | Best Test AUC:0.8545 | Best Test Sensitivity:0.9000 | Best Test Specificity:0.7273 | LR:0.0000101
[2023-08-16 22:08:31][Train.py][L163][INFO]Epoch[97/100] | Train Loss: 0.011 | Train Accuracy: 99.457% | Test Loss: 0.691 | Test Accuracy: 76.190% | Test AUC:0.8455 | Test Sen:0.8000 | Test Spe:0.7273 | Test F1:0.7619 | Test Recall:0.7619 | Test Precision:0.7619 | Best Test Accuracy: 80.952% | Best Test AUC:0.8545 | Best Test Sensitivity:0.9000 | Best Test Specificity:0.7273 | LR:0.0000101
[2023-08-16 22:08:32][Train.py][L163][INFO]Epoch[98/100] | Train Loss: 0.011 | Train Accuracy: 99.457% | Test Loss: 0.693 | Test Accuracy: 76.190% | Test AUC:0.8455 | Test Sen:0.8000 | Test Spe:0.7273 | Test F1:0.7619 | Test Recall:0.7619 | Test Precision:0.7619 | Best Test Accuracy: 80.952% | Best Test AUC:0.8545 | Best Test Sensitivity:0.9000 | Best Test Specificity:0.7273 | LR:0.0000100
[2023-08-16 22:08:32][Train.py][L163][INFO]Epoch[99/100] | Train Loss: 0.010 | Train Accuracy: 99.457% | Test Loss: 0.697 | Test Accuracy: 76.190% | Test AUC:0.8455 | Test Sen:0.8000 | Test Spe:0.7273 | Test F1:0.7619 | Test Recall:0.7619 | Test Precision:0.7619 | Best Test Accuracy: 80.952% | Best Test AUC:0.8545 | Best Test Sensitivity:0.9000 | Best Test Specificity:0.7273 | LR:0.0000100
[2023-08-16 22:08:33][Train.py][L163][INFO]Epoch[100/100] | Train Loss: 0.011 | Train Accuracy: 99.457% | Test Loss: 0.693 | Test Accuracy: 76.190% | Test AUC:0.8455 | Test Sen:0.8000 | Test Spe:0.7273 | Test F1:0.7619 | Test Recall:0.7619 | Test Precision:0.7619 | Best Test Accuracy: 80.952% | Best Test AUC:0.8545 | Best Test Sensitivity:0.9000 | Best Test Specificity:0.7273 | LR:0.0000100
