[2023-08-16 19:16:10][__main__.py][L41][INFO]dataset:
  name: fc_small
  batch_size: 16
  train_set: 0.9
  test_set: 0.1
  fc_path: /mnt/ssd1/mehul_data/research/fc_small_data.npy
  node_sz: 400
  node_feature_sz: 400
  num_classes: 2
  perc_edges: 100
  node: fc
model:
  name: GAT
  num_layers: 2
  hidden_size: 64
  dropout: 0.5
  readout: mean
optimizer:
- name: Adam
  lr: 0.0001
  match_rule: None
  except_rule: None
  no_weight_decay: false
  weight_decay: 0.0001
  lr_scheduler:
    mode: poly
    base_lr: 0.0001
    target_lr: 1.0e-05
    decay_factor: 0.1
    milestones:
    - 0.3
    - 0.6
    - 0.9
    poly_power: 2.0
    lr_decay: 0.98
    warm_up_from: 0.0
    warm_up_steps: 0
training:
  name: Train
  epochs: 100
  l2: 0.0
log_path: result
repeat_time: 1
device: cuda:0
is_wandb: true
project: asd-graph

[2023-08-16 19:16:10][__init__.py][L15][INFO]cfg.dataset.name: fc_small
[2023-08-16 19:16:12][optimizer.py][L66][INFO]Parameters [normal] length [12]
[2023-08-16 19:16:12][__init__.py][L25][INFO]Training: Train
[2023-08-16 19:16:12][Train.py][L35][INFO]#model params: 1668609
[2023-08-16 19:16:13][Train.py][L163][INFO]Epoch[1/100] | Train Loss: 0.706 | Train Accuracy: 51.630% | Test Loss: 0.679 | Test Accuracy: 61.905% | Test AUC:0.5818 | Test Sen:0.7000 | Test Spe:0.5455 | Test F1:0.6190 | Test Recall:0.6190 | Test Precision:0.6190 | Best Test Accuracy: 61.905% | Best Test AUC:0.5818 | Best Test Sensitivity:0.7000 | Best Test Specificity:0.5455 | LR:0.0000982
[2023-08-16 19:16:13][Train.py][L163][INFO]Epoch[2/100] | Train Loss: 0.651 | Train Accuracy: 60.870% | Test Loss: 0.641 | Test Accuracy: 57.143% | Test AUC:0.6545 | Test Sen:0.6000 | Test Spe:0.5455 | Test F1:0.5714 | Test Recall:0.5714 | Test Precision:0.5714 | Best Test Accuracy: 61.905% | Best Test AUC:0.5818 | Best Test Sensitivity:0.7000 | Best Test Specificity:0.5455 | LR:0.0000964
[2023-08-16 19:16:13][Train.py][L163][INFO]Epoch[3/100] | Train Loss: 0.626 | Train Accuracy: 68.478% | Test Loss: 0.680 | Test Accuracy: 76.190% | Test AUC:0.6545 | Test Sen:1.0000 | Test Spe:0.5455 | Test F1:0.7619 | Test Recall:0.7619 | Test Precision:0.7619 | Best Test Accuracy: 76.190% | Best Test AUC:0.6545 | Best Test Sensitivity:1.0000 | Best Test Specificity:0.5455 | LR:0.0000947
[2023-08-16 19:16:14][Train.py][L163][INFO]Epoch[4/100] | Train Loss: 0.599 | Train Accuracy: 65.761% | Test Loss: 0.626 | Test Accuracy: 52.381% | Test AUC:0.6000 | Test Sen:0.5000 | Test Spe:0.5455 | Test F1:0.5238 | Test Recall:0.5238 | Test Precision:0.5238 | Best Test Accuracy: 76.190% | Best Test AUC:0.6545 | Best Test Sensitivity:1.0000 | Best Test Specificity:0.5455 | LR:0.0000929
[2023-08-16 19:16:14][Train.py][L163][INFO]Epoch[5/100] | Train Loss: 0.551 | Train Accuracy: 74.457% | Test Loss: 0.647 | Test Accuracy: 71.429% | Test AUC:0.6455 | Test Sen:0.9000 | Test Spe:0.5455 | Test F1:0.7143 | Test Recall:0.7143 | Test Precision:0.7143 | Best Test Accuracy: 76.190% | Best Test AUC:0.6545 | Best Test Sensitivity:1.0000 | Best Test Specificity:0.5455 | LR:0.0000912
[2023-08-16 19:16:15][Train.py][L163][INFO]Epoch[6/100] | Train Loss: 0.534 | Train Accuracy: 68.478% | Test Loss: 0.647 | Test Accuracy: 61.905% | Test AUC:0.6182 | Test Sen:0.7000 | Test Spe:0.5455 | Test F1:0.6190 | Test Recall:0.6190 | Test Precision:0.6190 | Best Test Accuracy: 76.190% | Best Test AUC:0.6545 | Best Test Sensitivity:1.0000 | Best Test Specificity:0.5455 | LR:0.0000895
[2023-08-16 19:16:15][Train.py][L163][INFO]Epoch[7/100] | Train Loss: 0.492 | Train Accuracy: 80.435% | Test Loss: 0.726 | Test Accuracy: 76.190% | Test AUC:0.6545 | Test Sen:1.0000 | Test Spe:0.5455 | Test F1:0.7619 | Test Recall:0.7619 | Test Precision:0.7619 | Best Test Accuracy: 76.190% | Best Test AUC:0.6545 | Best Test Sensitivity:1.0000 | Best Test Specificity:0.5455 | LR:0.0000878
[2023-08-16 19:16:15][Train.py][L163][INFO]Epoch[8/100] | Train Loss: 0.482 | Train Accuracy: 75.000% | Test Loss: 0.691 | Test Accuracy: 61.905% | Test AUC:0.6091 | Test Sen:0.7000 | Test Spe:0.5455 | Test F1:0.6190 | Test Recall:0.6190 | Test Precision:0.6190 | Best Test Accuracy: 76.190% | Best Test AUC:0.6545 | Best Test Sensitivity:1.0000 | Best Test Specificity:0.5455 | LR:0.0000862
[2023-08-16 19:16:16][Train.py][L163][INFO]Epoch[9/100] | Train Loss: 0.422 | Train Accuracy: 83.696% | Test Loss: 0.745 | Test Accuracy: 66.667% | Test AUC:0.6273 | Test Sen:0.8000 | Test Spe:0.5455 | Test F1:0.6667 | Test Recall:0.6667 | Test Precision:0.6667 | Best Test Accuracy: 76.190% | Best Test AUC:0.6545 | Best Test Sensitivity:1.0000 | Best Test Specificity:0.5455 | LR:0.0000845
[2023-08-16 19:16:16][Train.py][L163][INFO]Epoch[10/100] | Train Loss: 0.394 | Train Accuracy: 86.413% | Test Loss: 0.766 | Test Accuracy: 61.905% | Test AUC:0.6273 | Test Sen:0.7000 | Test Spe:0.5455 | Test F1:0.6190 | Test Recall:0.6190 | Test Precision:0.6190 | Best Test Accuracy: 76.190% | Best Test AUC:0.6545 | Best Test Sensitivity:1.0000 | Best Test Specificity:0.5455 | LR:0.0000829
[2023-08-16 19:16:17][Train.py][L163][INFO]Epoch[11/100] | Train Loss: 0.376 | Train Accuracy: 84.239% | Test Loss: 0.804 | Test Accuracy: 57.143% | Test AUC:0.6455 | Test Sen:0.6000 | Test Spe:0.5455 | Test F1:0.5714 | Test Recall:0.5714 | Test Precision:0.5714 | Best Test Accuracy: 76.190% | Best Test AUC:0.6545 | Best Test Sensitivity:1.0000 | Best Test Specificity:0.5455 | LR:0.0000813
[2023-08-16 19:16:17][Train.py][L163][INFO]Epoch[12/100] | Train Loss: 0.334 | Train Accuracy: 89.130% | Test Loss: 0.853 | Test Accuracy: 57.143% | Test AUC:0.6273 | Test Sen:0.6000 | Test Spe:0.5455 | Test F1:0.5714 | Test Recall:0.5714 | Test Precision:0.5714 | Best Test Accuracy: 76.190% | Best Test AUC:0.6545 | Best Test Sensitivity:1.0000 | Best Test Specificity:0.5455 | LR:0.0000797
[2023-08-16 19:16:18][Train.py][L163][INFO]Epoch[13/100] | Train Loss: 0.295 | Train Accuracy: 91.304% | Test Loss: 0.882 | Test Accuracy: 61.905% | Test AUC:0.6364 | Test Sen:0.6000 | Test Spe:0.6364 | Test F1:0.6190 | Test Recall:0.6190 | Test Precision:0.6190 | Best Test Accuracy: 76.190% | Best Test AUC:0.6545 | Best Test Sensitivity:1.0000 | Best Test Specificity:0.5455 | LR:0.0000781
[2023-08-16 19:16:18][Train.py][L163][INFO]Epoch[14/100] | Train Loss: 0.288 | Train Accuracy: 90.761% | Test Loss: 0.952 | Test Accuracy: 61.905% | Test AUC:0.6364 | Test Sen:0.7000 | Test Spe:0.5455 | Test F1:0.6190 | Test Recall:0.6190 | Test Precision:0.6190 | Best Test Accuracy: 76.190% | Best Test AUC:0.6545 | Best Test Sensitivity:1.0000 | Best Test Specificity:0.5455 | LR:0.0000766
[2023-08-16 19:16:18][Train.py][L163][INFO]Epoch[15/100] | Train Loss: 0.256 | Train Accuracy: 94.022% | Test Loss: 0.962 | Test Accuracy: 57.143% | Test AUC:0.6545 | Test Sen:0.6000 | Test Spe:0.5455 | Test F1:0.5714 | Test Recall:0.5714 | Test Precision:0.5714 | Best Test Accuracy: 76.190% | Best Test AUC:0.6545 | Best Test Sensitivity:1.0000 | Best Test Specificity:0.5455 | LR:0.0000750
[2023-08-16 19:16:19][Train.py][L163][INFO]Epoch[16/100] | Train Loss: 0.228 | Train Accuracy: 92.391% | Test Loss: 1.003 | Test Accuracy: 61.905% | Test AUC:0.6545 | Test Sen:0.6000 | Test Spe:0.6364 | Test F1:0.6190 | Test Recall:0.6190 | Test Precision:0.6190 | Best Test Accuracy: 76.190% | Best Test AUC:0.6545 | Best Test Sensitivity:1.0000 | Best Test Specificity:0.5455 | LR:0.0000735
[2023-08-16 19:16:19][Train.py][L163][INFO]Epoch[17/100] | Train Loss: 0.209 | Train Accuracy: 95.652% | Test Loss: 1.049 | Test Accuracy: 61.905% | Test AUC:0.6545 | Test Sen:0.7000 | Test Spe:0.5455 | Test F1:0.6190 | Test Recall:0.6190 | Test Precision:0.6190 | Best Test Accuracy: 76.190% | Best Test AUC:0.6545 | Best Test Sensitivity:1.0000 | Best Test Specificity:0.5455 | LR:0.0000720
[2023-08-16 19:16:20][Train.py][L163][INFO]Epoch[18/100] | Train Loss: 0.191 | Train Accuracy: 95.652% | Test Loss: 1.074 | Test Accuracy: 61.905% | Test AUC:0.6636 | Test Sen:0.6000 | Test Spe:0.6364 | Test F1:0.6190 | Test Recall:0.6190 | Test Precision:0.6190 | Best Test Accuracy: 76.190% | Best Test AUC:0.6545 | Best Test Sensitivity:1.0000 | Best Test Specificity:0.5455 | LR:0.0000705
[2023-08-16 19:16:20][Train.py][L163][INFO]Epoch[19/100] | Train Loss: 0.164 | Train Accuracy: 97.283% | Test Loss: 1.103 | Test Accuracy: 61.905% | Test AUC:0.6636 | Test Sen:0.6000 | Test Spe:0.6364 | Test F1:0.6190 | Test Recall:0.6190 | Test Precision:0.6190 | Best Test Accuracy: 76.190% | Best Test AUC:0.6545 | Best Test Sensitivity:1.0000 | Best Test Specificity:0.5455 | LR:0.0000690
[2023-08-16 19:16:21][Train.py][L163][INFO]Epoch[20/100] | Train Loss: 0.148 | Train Accuracy: 97.826% | Test Loss: 1.146 | Test Accuracy: 61.905% | Test AUC:0.6636 | Test Sen:0.6000 | Test Spe:0.6364 | Test F1:0.6190 | Test Recall:0.6190 | Test Precision:0.6190 | Best Test Accuracy: 76.190% | Best Test AUC:0.6545 | Best Test Sensitivity:1.0000 | Best Test Specificity:0.5455 | LR:0.0000676
[2023-08-16 19:16:21][Train.py][L163][INFO]Epoch[21/100] | Train Loss: 0.134 | Train Accuracy: 97.826% | Test Loss: 1.158 | Test Accuracy: 61.905% | Test AUC:0.6636 | Test Sen:0.6000 | Test Spe:0.6364 | Test F1:0.6190 | Test Recall:0.6190 | Test Precision:0.6190 | Best Test Accuracy: 76.190% | Best Test AUC:0.6545 | Best Test Sensitivity:1.0000 | Best Test Specificity:0.5455 | LR:0.0000662
[2023-08-16 19:16:21][Train.py][L163][INFO]Epoch[22/100] | Train Loss: 0.121 | Train Accuracy: 98.913% | Test Loss: 1.202 | Test Accuracy: 66.667% | Test AUC:0.6818 | Test Sen:0.7000 | Test Spe:0.6364 | Test F1:0.6667 | Test Recall:0.6667 | Test Precision:0.6667 | Best Test Accuracy: 76.190% | Best Test AUC:0.6545 | Best Test Sensitivity:1.0000 | Best Test Specificity:0.5455 | LR:0.0000648
[2023-08-16 19:16:22][Train.py][L163][INFO]Epoch[23/100] | Train Loss: 0.111 | Train Accuracy: 98.913% | Test Loss: 1.223 | Test Accuracy: 61.905% | Test AUC:0.6727 | Test Sen:0.6000 | Test Spe:0.6364 | Test F1:0.6190 | Test Recall:0.6190 | Test Precision:0.6190 | Best Test Accuracy: 76.190% | Best Test AUC:0.6545 | Best Test Sensitivity:1.0000 | Best Test Specificity:0.5455 | LR:0.0000634
[2023-08-16 19:16:22][Train.py][L163][INFO]Epoch[24/100] | Train Loss: 0.099 | Train Accuracy: 99.457% | Test Loss: 1.260 | Test Accuracy: 61.905% | Test AUC:0.6727 | Test Sen:0.6000 | Test Spe:0.6364 | Test F1:0.6190 | Test Recall:0.6190 | Test Precision:0.6190 | Best Test Accuracy: 76.190% | Best Test AUC:0.6545 | Best Test Sensitivity:1.0000 | Best Test Specificity:0.5455 | LR:0.0000620
[2023-08-16 19:16:23][Train.py][L163][INFO]Epoch[25/100] | Train Loss: 0.089 | Train Accuracy: 98.913% | Test Loss: 1.300 | Test Accuracy: 61.905% | Test AUC:0.6909 | Test Sen:0.6000 | Test Spe:0.6364 | Test F1:0.6190 | Test Recall:0.6190 | Test Precision:0.6190 | Best Test Accuracy: 76.190% | Best Test AUC:0.6545 | Best Test Sensitivity:1.0000 | Best Test Specificity:0.5455 | LR:0.0000606
[2023-08-16 19:16:23][Train.py][L163][INFO]Epoch[26/100] | Train Loss: 0.079 | Train Accuracy: 99.457% | Test Loss: 1.318 | Test Accuracy: 61.905% | Test AUC:0.6909 | Test Sen:0.6000 | Test Spe:0.6364 | Test F1:0.6190 | Test Recall:0.6190 | Test Precision:0.6190 | Best Test Accuracy: 76.190% | Best Test AUC:0.6545 | Best Test Sensitivity:1.0000 | Best Test Specificity:0.5455 | LR:0.0000593
[2023-08-16 19:16:24][Train.py][L163][INFO]Epoch[27/100] | Train Loss: 0.076 | Train Accuracy: 98.913% | Test Loss: 1.346 | Test Accuracy: 61.905% | Test AUC:0.7000 | Test Sen:0.6000 | Test Spe:0.6364 | Test F1:0.6190 | Test Recall:0.6190 | Test Precision:0.6190 | Best Test Accuracy: 76.190% | Best Test AUC:0.6545 | Best Test Sensitivity:1.0000 | Best Test Specificity:0.5455 | LR:0.0000580
[2023-08-16 19:16:24][Train.py][L163][INFO]Epoch[28/100] | Train Loss: 0.066 | Train Accuracy: 99.457% | Test Loss: 1.364 | Test Accuracy: 61.905% | Test AUC:0.7091 | Test Sen:0.6000 | Test Spe:0.6364 | Test F1:0.6190 | Test Recall:0.6190 | Test Precision:0.6190 | Best Test Accuracy: 76.190% | Best Test AUC:0.6545 | Best Test Sensitivity:1.0000 | Best Test Specificity:0.5455 | LR:0.0000567
[2023-08-16 19:16:24][Train.py][L163][INFO]Epoch[29/100] | Train Loss: 0.064 | Train Accuracy: 98.913% | Test Loss: 1.386 | Test Accuracy: 61.905% | Test AUC:0.7091 | Test Sen:0.6000 | Test Spe:0.6364 | Test F1:0.6190 | Test Recall:0.6190 | Test Precision:0.6190 | Best Test Accuracy: 76.190% | Best Test AUC:0.6545 | Best Test Sensitivity:1.0000 | Best Test Specificity:0.5455 | LR:0.0000554
[2023-08-16 19:16:25][Train.py][L163][INFO]Epoch[30/100] | Train Loss: 0.059 | Train Accuracy: 98.913% | Test Loss: 1.414 | Test Accuracy: 61.905% | Test AUC:0.7091 | Test Sen:0.6000 | Test Spe:0.6364 | Test F1:0.6190 | Test Recall:0.6190 | Test Precision:0.6190 | Best Test Accuracy: 76.190% | Best Test AUC:0.6545 | Best Test Sensitivity:1.0000 | Best Test Specificity:0.5455 | LR:0.0000541
[2023-08-16 19:16:25][Train.py][L163][INFO]Epoch[31/100] | Train Loss: 0.052 | Train Accuracy: 98.913% | Test Loss: 1.428 | Test Accuracy: 61.905% | Test AUC:0.7091 | Test Sen:0.6000 | Test Spe:0.6364 | Test F1:0.6190 | Test Recall:0.6190 | Test Precision:0.6190 | Best Test Accuracy: 76.190% | Best Test AUC:0.6545 | Best Test Sensitivity:1.0000 | Best Test Specificity:0.5455 | LR:0.0000528
[2023-08-16 19:16:26][Train.py][L163][INFO]Epoch[32/100] | Train Loss: 0.049 | Train Accuracy: 98.913% | Test Loss: 1.449 | Test Accuracy: 61.905% | Test AUC:0.7091 | Test Sen:0.6000 | Test Spe:0.6364 | Test F1:0.6190 | Test Recall:0.6190 | Test Precision:0.6190 | Best Test Accuracy: 76.190% | Best Test AUC:0.6545 | Best Test Sensitivity:1.0000 | Best Test Specificity:0.5455 | LR:0.0000516
[2023-08-16 19:16:26][Train.py][L163][INFO]Epoch[33/100] | Train Loss: 0.046 | Train Accuracy: 99.457% | Test Loss: 1.465 | Test Accuracy: 61.905% | Test AUC:0.7182 | Test Sen:0.6000 | Test Spe:0.6364 | Test F1:0.6190 | Test Recall:0.6190 | Test Precision:0.6190 | Best Test Accuracy: 76.190% | Best Test AUC:0.6545 | Best Test Sensitivity:1.0000 | Best Test Specificity:0.5455 | LR:0.0000504
[2023-08-16 19:16:27][Train.py][L163][INFO]Epoch[34/100] | Train Loss: 0.044 | Train Accuracy: 98.913% | Test Loss: 1.481 | Test Accuracy: 61.905% | Test AUC:0.7182 | Test Sen:0.6000 | Test Spe:0.6364 | Test F1:0.6190 | Test Recall:0.6190 | Test Precision:0.6190 | Best Test Accuracy: 76.190% | Best Test AUC:0.6545 | Best Test Sensitivity:1.0000 | Best Test Specificity:0.5455 | LR:0.0000492
[2023-08-16 19:16:27][Train.py][L163][INFO]Epoch[35/100] | Train Loss: 0.039 | Train Accuracy: 99.457% | Test Loss: 1.498 | Test Accuracy: 61.905% | Test AUC:0.7182 | Test Sen:0.6000 | Test Spe:0.6364 | Test F1:0.6190 | Test Recall:0.6190 | Test Precision:0.6190 | Best Test Accuracy: 76.190% | Best Test AUC:0.6545 | Best Test Sensitivity:1.0000 | Best Test Specificity:0.5455 | LR:0.0000480
[2023-08-16 19:16:27][Train.py][L163][INFO]Epoch[36/100] | Train Loss: 0.037 | Train Accuracy: 98.913% | Test Loss: 1.516 | Test Accuracy: 61.905% | Test AUC:0.7182 | Test Sen:0.6000 | Test Spe:0.6364 | Test F1:0.6190 | Test Recall:0.6190 | Test Precision:0.6190 | Best Test Accuracy: 76.190% | Best Test AUC:0.6545 | Best Test Sensitivity:1.0000 | Best Test Specificity:0.5455 | LR:0.0000469
[2023-08-16 19:16:28][Train.py][L163][INFO]Epoch[37/100] | Train Loss: 0.036 | Train Accuracy: 99.457% | Test Loss: 1.530 | Test Accuracy: 61.905% | Test AUC:0.7182 | Test Sen:0.6000 | Test Spe:0.6364 | Test F1:0.6190 | Test Recall:0.6190 | Test Precision:0.6190 | Best Test Accuracy: 76.190% | Best Test AUC:0.6545 | Best Test Sensitivity:1.0000 | Best Test Specificity:0.5455 | LR:0.0000457
[2023-08-16 19:16:28][Train.py][L163][INFO]Epoch[38/100] | Train Loss: 0.034 | Train Accuracy: 99.457% | Test Loss: 1.539 | Test Accuracy: 61.905% | Test AUC:0.7182 | Test Sen:0.6000 | Test Spe:0.6364 | Test F1:0.6190 | Test Recall:0.6190 | Test Precision:0.6190 | Best Test Accuracy: 76.190% | Best Test AUC:0.6545 | Best Test Sensitivity:1.0000 | Best Test Specificity:0.5455 | LR:0.0000446
[2023-08-16 19:16:29][Train.py][L163][INFO]Epoch[39/100] | Train Loss: 0.032 | Train Accuracy: 99.457% | Test Loss: 1.550 | Test Accuracy: 61.905% | Test AUC:0.7182 | Test Sen:0.6000 | Test Spe:0.6364 | Test F1:0.6190 | Test Recall:0.6190 | Test Precision:0.6190 | Best Test Accuracy: 76.190% | Best Test AUC:0.6545 | Best Test Sensitivity:1.0000 | Best Test Specificity:0.5455 | LR:0.0000435
[2023-08-16 19:16:29][Train.py][L163][INFO]Epoch[40/100] | Train Loss: 0.033 | Train Accuracy: 98.913% | Test Loss: 1.567 | Test Accuracy: 61.905% | Test AUC:0.7091 | Test Sen:0.6000 | Test Spe:0.6364 | Test F1:0.6190 | Test Recall:0.6190 | Test Precision:0.6190 | Best Test Accuracy: 76.190% | Best Test AUC:0.6545 | Best Test Sensitivity:1.0000 | Best Test Specificity:0.5455 | LR:0.0000424
[2023-08-16 19:16:29][Train.py][L163][INFO]Epoch[41/100] | Train Loss: 0.030 | Train Accuracy: 99.457% | Test Loss: 1.579 | Test Accuracy: 61.905% | Test AUC:0.7182 | Test Sen:0.6000 | Test Spe:0.6364 | Test F1:0.6190 | Test Recall:0.6190 | Test Precision:0.6190 | Best Test Accuracy: 76.190% | Best Test AUC:0.6545 | Best Test Sensitivity:1.0000 | Best Test Specificity:0.5455 | LR:0.0000413
[2023-08-16 19:16:30][Train.py][L163][INFO]Epoch[42/100] | Train Loss: 0.029 | Train Accuracy: 99.457% | Test Loss: 1.588 | Test Accuracy: 61.905% | Test AUC:0.7182 | Test Sen:0.6000 | Test Spe:0.6364 | Test F1:0.6190 | Test Recall:0.6190 | Test Precision:0.6190 | Best Test Accuracy: 76.190% | Best Test AUC:0.6545 | Best Test Sensitivity:1.0000 | Best Test Specificity:0.5455 | LR:0.0000403
[2023-08-16 19:16:30][Train.py][L163][INFO]Epoch[43/100] | Train Loss: 0.027 | Train Accuracy: 99.457% | Test Loss: 1.602 | Test Accuracy: 61.905% | Test AUC:0.7182 | Test Sen:0.6000 | Test Spe:0.6364 | Test F1:0.6190 | Test Recall:0.6190 | Test Precision:0.6190 | Best Test Accuracy: 76.190% | Best Test AUC:0.6545 | Best Test Sensitivity:1.0000 | Best Test Specificity:0.5455 | LR:0.0000392
[2023-08-16 19:16:31][Train.py][L163][INFO]Epoch[44/100] | Train Loss: 0.028 | Train Accuracy: 98.913% | Test Loss: 1.606 | Test Accuracy: 61.905% | Test AUC:0.7182 | Test Sen:0.6000 | Test Spe:0.6364 | Test F1:0.6190 | Test Recall:0.6190 | Test Precision:0.6190 | Best Test Accuracy: 76.190% | Best Test AUC:0.6545 | Best Test Sensitivity:1.0000 | Best Test Specificity:0.5455 | LR:0.0000382
[2023-08-16 19:16:31][Train.py][L163][INFO]Epoch[45/100] | Train Loss: 0.026 | Train Accuracy: 99.457% | Test Loss: 1.613 | Test Accuracy: 61.905% | Test AUC:0.7091 | Test Sen:0.6000 | Test Spe:0.6364 | Test F1:0.6190 | Test Recall:0.6190 | Test Precision:0.6190 | Best Test Accuracy: 76.190% | Best Test AUC:0.6545 | Best Test Sensitivity:1.0000 | Best Test Specificity:0.5455 | LR:0.0000372
[2023-08-16 19:16:32][Train.py][L163][INFO]Epoch[46/100] | Train Loss: 0.025 | Train Accuracy: 99.457% | Test Loss: 1.627 | Test Accuracy: 61.905% | Test AUC:0.7091 | Test Sen:0.6000 | Test Spe:0.6364 | Test F1:0.6190 | Test Recall:0.6190 | Test Precision:0.6190 | Best Test Accuracy: 76.190% | Best Test AUC:0.6545 | Best Test Sensitivity:1.0000 | Best Test Specificity:0.5455 | LR:0.0000362
[2023-08-16 19:16:32][Train.py][L163][INFO]Epoch[47/100] | Train Loss: 0.024 | Train Accuracy: 99.457% | Test Loss: 1.641 | Test Accuracy: 61.905% | Test AUC:0.7091 | Test Sen:0.6000 | Test Spe:0.6364 | Test F1:0.6190 | Test Recall:0.6190 | Test Precision:0.6190 | Best Test Accuracy: 76.190% | Best Test AUC:0.6545 | Best Test Sensitivity:1.0000 | Best Test Specificity:0.5455 | LR:0.0000353
[2023-08-16 19:16:32][Train.py][L163][INFO]Epoch[48/100] | Train Loss: 0.023 | Train Accuracy: 99.457% | Test Loss: 1.649 | Test Accuracy: 61.905% | Test AUC:0.7091 | Test Sen:0.6000 | Test Spe:0.6364 | Test F1:0.6190 | Test Recall:0.6190 | Test Precision:0.6190 | Best Test Accuracy: 76.190% | Best Test AUC:0.6545 | Best Test Sensitivity:1.0000 | Best Test Specificity:0.5455 | LR:0.0000343
[2023-08-16 19:16:33][Train.py][L163][INFO]Epoch[49/100] | Train Loss: 0.023 | Train Accuracy: 98.913% | Test Loss: 1.657 | Test Accuracy: 61.905% | Test AUC:0.7182 | Test Sen:0.6000 | Test Spe:0.6364 | Test F1:0.6190 | Test Recall:0.6190 | Test Precision:0.6190 | Best Test Accuracy: 76.190% | Best Test AUC:0.6545 | Best Test Sensitivity:1.0000 | Best Test Specificity:0.5455 | LR:0.0000334
[2023-08-16 19:16:33][Train.py][L163][INFO]Epoch[50/100] | Train Loss: 0.022 | Train Accuracy: 99.457% | Test Loss: 1.660 | Test Accuracy: 61.905% | Test AUC:0.7091 | Test Sen:0.6000 | Test Spe:0.6364 | Test F1:0.6190 | Test Recall:0.6190 | Test Precision:0.6190 | Best Test Accuracy: 76.190% | Best Test AUC:0.6545 | Best Test Sensitivity:1.0000 | Best Test Specificity:0.5455 | LR:0.0000325
[2023-08-16 19:16:34][Train.py][L163][INFO]Epoch[51/100] | Train Loss: 0.022 | Train Accuracy: 98.913% | Test Loss: 1.673 | Test Accuracy: 61.905% | Test AUC:0.7091 | Test Sen:0.6000 | Test Spe:0.6364 | Test F1:0.6190 | Test Recall:0.6190 | Test Precision:0.6190 | Best Test Accuracy: 76.190% | Best Test AUC:0.6545 | Best Test Sensitivity:1.0000 | Best Test Specificity:0.5455 | LR:0.0000316
[2023-08-16 19:16:34][Train.py][L163][INFO]Epoch[52/100] | Train Loss: 0.021 | Train Accuracy: 98.913% | Test Loss: 1.678 | Test Accuracy: 61.905% | Test AUC:0.7091 | Test Sen:0.6000 | Test Spe:0.6364 | Test F1:0.6190 | Test Recall:0.6190 | Test Precision:0.6190 | Best Test Accuracy: 76.190% | Best Test AUC:0.6545 | Best Test Sensitivity:1.0000 | Best Test Specificity:0.5455 | LR:0.0000307
[2023-08-16 19:16:35][Train.py][L163][INFO]Epoch[53/100] | Train Loss: 0.020 | Train Accuracy: 98.913% | Test Loss: 1.687 | Test Accuracy: 61.905% | Test AUC:0.7091 | Test Sen:0.6000 | Test Spe:0.6364 | Test F1:0.6190 | Test Recall:0.6190 | Test Precision:0.6190 | Best Test Accuracy: 76.190% | Best Test AUC:0.6545 | Best Test Sensitivity:1.0000 | Best Test Specificity:0.5455 | LR:0.0000299
[2023-08-16 19:16:35][Train.py][L163][INFO]Epoch[54/100] | Train Loss: 0.020 | Train Accuracy: 99.457% | Test Loss: 1.697 | Test Accuracy: 61.905% | Test AUC:0.7091 | Test Sen:0.6000 | Test Spe:0.6364 | Test F1:0.6190 | Test Recall:0.6190 | Test Precision:0.6190 | Best Test Accuracy: 76.190% | Best Test AUC:0.6545 | Best Test Sensitivity:1.0000 | Best Test Specificity:0.5455 | LR:0.0000290
[2023-08-16 19:16:35][Train.py][L163][INFO]Epoch[55/100] | Train Loss: 0.020 | Train Accuracy: 98.913% | Test Loss: 1.702 | Test Accuracy: 61.905% | Test AUC:0.7091 | Test Sen:0.6000 | Test Spe:0.6364 | Test F1:0.6190 | Test Recall:0.6190 | Test Precision:0.6190 | Best Test Accuracy: 76.190% | Best Test AUC:0.6545 | Best Test Sensitivity:1.0000 | Best Test Specificity:0.5455 | LR:0.0000282
[2023-08-16 19:16:36][Train.py][L163][INFO]Epoch[56/100] | Train Loss: 0.019 | Train Accuracy: 99.457% | Test Loss: 1.708 | Test Accuracy: 61.905% | Test AUC:0.7091 | Test Sen:0.6000 | Test Spe:0.6364 | Test F1:0.6190 | Test Recall:0.6190 | Test Precision:0.6190 | Best Test Accuracy: 76.190% | Best Test AUC:0.6545 | Best Test Sensitivity:1.0000 | Best Test Specificity:0.5455 | LR:0.0000274
[2023-08-16 19:16:36][Train.py][L163][INFO]Epoch[57/100] | Train Loss: 0.019 | Train Accuracy: 99.457% | Test Loss: 1.717 | Test Accuracy: 61.905% | Test AUC:0.7091 | Test Sen:0.6000 | Test Spe:0.6364 | Test F1:0.6190 | Test Recall:0.6190 | Test Precision:0.6190 | Best Test Accuracy: 76.190% | Best Test AUC:0.6545 | Best Test Sensitivity:1.0000 | Best Test Specificity:0.5455 | LR:0.0000266
[2023-08-16 19:16:37][Train.py][L163][INFO]Epoch[58/100] | Train Loss: 0.020 | Train Accuracy: 99.457% | Test Loss: 1.726 | Test Accuracy: 61.905% | Test AUC:0.7091 | Test Sen:0.6000 | Test Spe:0.6364 | Test F1:0.6190 | Test Recall:0.6190 | Test Precision:0.6190 | Best Test Accuracy: 76.190% | Best Test AUC:0.6545 | Best Test Sensitivity:1.0000 | Best Test Specificity:0.5455 | LR:0.0000259
[2023-08-16 19:16:37][Train.py][L163][INFO]Epoch[59/100] | Train Loss: 0.019 | Train Accuracy: 99.457% | Test Loss: 1.730 | Test Accuracy: 61.905% | Test AUC:0.7091 | Test Sen:0.6000 | Test Spe:0.6364 | Test F1:0.6190 | Test Recall:0.6190 | Test Precision:0.6190 | Best Test Accuracy: 76.190% | Best Test AUC:0.6545 | Best Test Sensitivity:1.0000 | Best Test Specificity:0.5455 | LR:0.0000251
[2023-08-16 19:16:38][Train.py][L163][INFO]Epoch[60/100] | Train Loss: 0.018 | Train Accuracy: 99.457% | Test Loss: 1.733 | Test Accuracy: 66.667% | Test AUC:0.7182 | Test Sen:0.7000 | Test Spe:0.6364 | Test F1:0.6667 | Test Recall:0.6667 | Test Precision:0.6667 | Best Test Accuracy: 76.190% | Best Test AUC:0.6545 | Best Test Sensitivity:1.0000 | Best Test Specificity:0.5455 | LR:0.0000244
[2023-08-16 19:16:38][Train.py][L163][INFO]Epoch[61/100] | Train Loss: 0.018 | Train Accuracy: 99.457% | Test Loss: 1.732 | Test Accuracy: 61.905% | Test AUC:0.7091 | Test Sen:0.6000 | Test Spe:0.6364 | Test F1:0.6190 | Test Recall:0.6190 | Test Precision:0.6190 | Best Test Accuracy: 76.190% | Best Test AUC:0.6545 | Best Test Sensitivity:1.0000 | Best Test Specificity:0.5455 | LR:0.0000237
[2023-08-16 19:16:38][Train.py][L163][INFO]Epoch[62/100] | Train Loss: 0.018 | Train Accuracy: 99.457% | Test Loss: 1.738 | Test Accuracy: 61.905% | Test AUC:0.7091 | Test Sen:0.6000 | Test Spe:0.6364 | Test F1:0.6190 | Test Recall:0.6190 | Test Precision:0.6190 | Best Test Accuracy: 76.190% | Best Test AUC:0.6545 | Best Test Sensitivity:1.0000 | Best Test Specificity:0.5455 | LR:0.0000230
[2023-08-16 19:16:39][Train.py][L163][INFO]Epoch[63/100] | Train Loss: 0.018 | Train Accuracy: 99.457% | Test Loss: 1.741 | Test Accuracy: 61.905% | Test AUC:0.7091 | Test Sen:0.6000 | Test Spe:0.6364 | Test F1:0.6190 | Test Recall:0.6190 | Test Precision:0.6190 | Best Test Accuracy: 76.190% | Best Test AUC:0.6545 | Best Test Sensitivity:1.0000 | Best Test Specificity:0.5455 | LR:0.0000223
[2023-08-16 19:16:39][Train.py][L163][INFO]Epoch[64/100] | Train Loss: 0.017 | Train Accuracy: 99.457% | Test Loss: 1.747 | Test Accuracy: 61.905% | Test AUC:0.7091 | Test Sen:0.6000 | Test Spe:0.6364 | Test F1:0.6190 | Test Recall:0.6190 | Test Precision:0.6190 | Best Test Accuracy: 76.190% | Best Test AUC:0.6545 | Best Test Sensitivity:1.0000 | Best Test Specificity:0.5455 | LR:0.0000217
[2023-08-16 19:16:40][Train.py][L163][INFO]Epoch[65/100] | Train Loss: 0.017 | Train Accuracy: 99.457% | Test Loss: 1.750 | Test Accuracy: 61.905% | Test AUC:0.7091 | Test Sen:0.6000 | Test Spe:0.6364 | Test F1:0.6190 | Test Recall:0.6190 | Test Precision:0.6190 | Best Test Accuracy: 76.190% | Best Test AUC:0.6545 | Best Test Sensitivity:1.0000 | Best Test Specificity:0.5455 | LR:0.0000210
[2023-08-16 19:16:40][Train.py][L163][INFO]Epoch[66/100] | Train Loss: 0.017 | Train Accuracy: 98.913% | Test Loss: 1.756 | Test Accuracy: 61.905% | Test AUC:0.7091 | Test Sen:0.6000 | Test Spe:0.6364 | Test F1:0.6190 | Test Recall:0.6190 | Test Precision:0.6190 | Best Test Accuracy: 76.190% | Best Test AUC:0.6545 | Best Test Sensitivity:1.0000 | Best Test Specificity:0.5455 | LR:0.0000204
[2023-08-16 19:16:41][Train.py][L163][INFO]Epoch[67/100] | Train Loss: 0.016 | Train Accuracy: 98.913% | Test Loss: 1.761 | Test Accuracy: 61.905% | Test AUC:0.7091 | Test Sen:0.6000 | Test Spe:0.6364 | Test F1:0.6190 | Test Recall:0.6190 | Test Precision:0.6190 | Best Test Accuracy: 76.190% | Best Test AUC:0.6545 | Best Test Sensitivity:1.0000 | Best Test Specificity:0.5455 | LR:0.0000198
[2023-08-16 19:16:41][Train.py][L163][INFO]Epoch[68/100] | Train Loss: 0.017 | Train Accuracy: 99.457% | Test Loss: 1.765 | Test Accuracy: 61.905% | Test AUC:0.7091 | Test Sen:0.6000 | Test Spe:0.6364 | Test F1:0.6190 | Test Recall:0.6190 | Test Precision:0.6190 | Best Test Accuracy: 76.190% | Best Test AUC:0.6545 | Best Test Sensitivity:1.0000 | Best Test Specificity:0.5455 | LR:0.0000192
[2023-08-16 19:16:41][Train.py][L163][INFO]Epoch[69/100] | Train Loss: 0.017 | Train Accuracy: 99.457% | Test Loss: 1.773 | Test Accuracy: 61.905% | Test AUC:0.7091 | Test Sen:0.6000 | Test Spe:0.6364 | Test F1:0.6190 | Test Recall:0.6190 | Test Precision:0.6190 | Best Test Accuracy: 76.190% | Best Test AUC:0.6545 | Best Test Sensitivity:1.0000 | Best Test Specificity:0.5455 | LR:0.0000186
[2023-08-16 19:16:42][Train.py][L163][INFO]Epoch[70/100] | Train Loss: 0.017 | Train Accuracy: 99.457% | Test Loss: 1.775 | Test Accuracy: 61.905% | Test AUC:0.7091 | Test Sen:0.6000 | Test Spe:0.6364 | Test F1:0.6190 | Test Recall:0.6190 | Test Precision:0.6190 | Best Test Accuracy: 76.190% | Best Test AUC:0.6545 | Best Test Sensitivity:1.0000 | Best Test Specificity:0.5455 | LR:0.0000181
[2023-08-16 19:16:42][Train.py][L163][INFO]Epoch[71/100] | Train Loss: 0.016 | Train Accuracy: 98.913% | Test Loss: 1.780 | Test Accuracy: 61.905% | Test AUC:0.7091 | Test Sen:0.6000 | Test Spe:0.6364 | Test F1:0.6190 | Test Recall:0.6190 | Test Precision:0.6190 | Best Test Accuracy: 76.190% | Best Test AUC:0.6545 | Best Test Sensitivity:1.0000 | Best Test Specificity:0.5455 | LR:0.0000176
[2023-08-16 19:16:43][Train.py][L163][INFO]Epoch[72/100] | Train Loss: 0.016 | Train Accuracy: 99.457% | Test Loss: 1.784 | Test Accuracy: 61.905% | Test AUC:0.7091 | Test Sen:0.6000 | Test Spe:0.6364 | Test F1:0.6190 | Test Recall:0.6190 | Test Precision:0.6190 | Best Test Accuracy: 76.190% | Best Test AUC:0.6545 | Best Test Sensitivity:1.0000 | Best Test Specificity:0.5455 | LR:0.0000171
[2023-08-16 19:16:43][Train.py][L163][INFO]Epoch[73/100] | Train Loss: 0.015 | Train Accuracy: 99.457% | Test Loss: 1.787 | Test Accuracy: 61.905% | Test AUC:0.7091 | Test Sen:0.6000 | Test Spe:0.6364 | Test F1:0.6190 | Test Recall:0.6190 | Test Precision:0.6190 | Best Test Accuracy: 76.190% | Best Test AUC:0.6545 | Best Test Sensitivity:1.0000 | Best Test Specificity:0.5455 | LR:0.0000166
[2023-08-16 19:16:44][Train.py][L163][INFO]Epoch[74/100] | Train Loss: 0.015 | Train Accuracy: 98.913% | Test Loss: 1.791 | Test Accuracy: 61.905% | Test AUC:0.7091 | Test Sen:0.6000 | Test Spe:0.6364 | Test F1:0.6190 | Test Recall:0.6190 | Test Precision:0.6190 | Best Test Accuracy: 76.190% | Best Test AUC:0.6545 | Best Test Sensitivity:1.0000 | Best Test Specificity:0.5455 | LR:0.0000161
[2023-08-16 19:16:44][Train.py][L163][INFO]Epoch[75/100] | Train Loss: 0.015 | Train Accuracy: 99.457% | Test Loss: 1.794 | Test Accuracy: 61.905% | Test AUC:0.7091 | Test Sen:0.6000 | Test Spe:0.6364 | Test F1:0.6190 | Test Recall:0.6190 | Test Precision:0.6190 | Best Test Accuracy: 76.190% | Best Test AUC:0.6545 | Best Test Sensitivity:1.0000 | Best Test Specificity:0.5455 | LR:0.0000156
[2023-08-16 19:16:44][Train.py][L163][INFO]Epoch[76/100] | Train Loss: 0.015 | Train Accuracy: 98.913% | Test Loss: 1.796 | Test Accuracy: 61.905% | Test AUC:0.7091 | Test Sen:0.6000 | Test Spe:0.6364 | Test F1:0.6190 | Test Recall:0.6190 | Test Precision:0.6190 | Best Test Accuracy: 76.190% | Best Test AUC:0.6545 | Best Test Sensitivity:1.0000 | Best Test Specificity:0.5455 | LR:0.0000152
[2023-08-16 19:16:45][Train.py][L163][INFO]Epoch[77/100] | Train Loss: 0.015 | Train Accuracy: 99.457% | Test Loss: 1.799 | Test Accuracy: 61.905% | Test AUC:0.7091 | Test Sen:0.6000 | Test Spe:0.6364 | Test F1:0.6190 | Test Recall:0.6190 | Test Precision:0.6190 | Best Test Accuracy: 76.190% | Best Test AUC:0.6545 | Best Test Sensitivity:1.0000 | Best Test Specificity:0.5455 | LR:0.0000148
[2023-08-16 19:16:45][Train.py][L163][INFO]Epoch[78/100] | Train Loss: 0.015 | Train Accuracy: 98.913% | Test Loss: 1.802 | Test Accuracy: 61.905% | Test AUC:0.7091 | Test Sen:0.6000 | Test Spe:0.6364 | Test F1:0.6190 | Test Recall:0.6190 | Test Precision:0.6190 | Best Test Accuracy: 76.190% | Best Test AUC:0.6545 | Best Test Sensitivity:1.0000 | Best Test Specificity:0.5455 | LR:0.0000144
[2023-08-16 19:16:46][Train.py][L163][INFO]Epoch[79/100] | Train Loss: 0.015 | Train Accuracy: 99.457% | Test Loss: 1.804 | Test Accuracy: 61.905% | Test AUC:0.7091 | Test Sen:0.6000 | Test Spe:0.6364 | Test F1:0.6190 | Test Recall:0.6190 | Test Precision:0.6190 | Best Test Accuracy: 76.190% | Best Test AUC:0.6545 | Best Test Sensitivity:1.0000 | Best Test Specificity:0.5455 | LR:0.0000140
[2023-08-16 19:16:46][Train.py][L163][INFO]Epoch[80/100] | Train Loss: 0.015 | Train Accuracy: 98.913% | Test Loss: 1.807 | Test Accuracy: 61.905% | Test AUC:0.7091 | Test Sen:0.6000 | Test Spe:0.6364 | Test F1:0.6190 | Test Recall:0.6190 | Test Precision:0.6190 | Best Test Accuracy: 76.190% | Best Test AUC:0.6545 | Best Test Sensitivity:1.0000 | Best Test Specificity:0.5455 | LR:0.0000136
[2023-08-16 19:16:47][Train.py][L163][INFO]Epoch[81/100] | Train Loss: 0.015 | Train Accuracy: 99.457% | Test Loss: 1.812 | Test Accuracy: 61.905% | Test AUC:0.7091 | Test Sen:0.6000 | Test Spe:0.6364 | Test F1:0.6190 | Test Recall:0.6190 | Test Precision:0.6190 | Best Test Accuracy: 76.190% | Best Test AUC:0.6545 | Best Test Sensitivity:1.0000 | Best Test Specificity:0.5455 | LR:0.0000132
[2023-08-16 19:16:47][Train.py][L163][INFO]Epoch[82/100] | Train Loss: 0.016 | Train Accuracy: 99.457% | Test Loss: 1.820 | Test Accuracy: 61.905% | Test AUC:0.7182 | Test Sen:0.6000 | Test Spe:0.6364 | Test F1:0.6190 | Test Recall:0.6190 | Test Precision:0.6190 | Best Test Accuracy: 76.190% | Best Test AUC:0.6545 | Best Test Sensitivity:1.0000 | Best Test Specificity:0.5455 | LR:0.0000129
[2023-08-16 19:16:48][Train.py][L163][INFO]Epoch[83/100] | Train Loss: 0.015 | Train Accuracy: 99.457% | Test Loss: 1.819 | Test Accuracy: 61.905% | Test AUC:0.7091 | Test Sen:0.6000 | Test Spe:0.6364 | Test F1:0.6190 | Test Recall:0.6190 | Test Precision:0.6190 | Best Test Accuracy: 76.190% | Best Test AUC:0.6545 | Best Test Sensitivity:1.0000 | Best Test Specificity:0.5455 | LR:0.0000126
[2023-08-16 19:16:48][Train.py][L163][INFO]Epoch[84/100] | Train Loss: 0.015 | Train Accuracy: 99.457% | Test Loss: 1.821 | Test Accuracy: 61.905% | Test AUC:0.7091 | Test Sen:0.6000 | Test Spe:0.6364 | Test F1:0.6190 | Test Recall:0.6190 | Test Precision:0.6190 | Best Test Accuracy: 76.190% | Best Test AUC:0.6545 | Best Test Sensitivity:1.0000 | Best Test Specificity:0.5455 | LR:0.0000123
[2023-08-16 19:16:48][Train.py][L163][INFO]Epoch[85/100] | Train Loss: 0.015 | Train Accuracy: 99.457% | Test Loss: 1.824 | Test Accuracy: 61.905% | Test AUC:0.7091 | Test Sen:0.6000 | Test Spe:0.6364 | Test F1:0.6190 | Test Recall:0.6190 | Test Precision:0.6190 | Best Test Accuracy: 76.190% | Best Test AUC:0.6545 | Best Test Sensitivity:1.0000 | Best Test Specificity:0.5455 | LR:0.0000120
[2023-08-16 19:16:49][Train.py][L163][INFO]Epoch[86/100] | Train Loss: 0.015 | Train Accuracy: 99.457% | Test Loss: 1.826 | Test Accuracy: 61.905% | Test AUC:0.7091 | Test Sen:0.6000 | Test Spe:0.6364 | Test F1:0.6190 | Test Recall:0.6190 | Test Precision:0.6190 | Best Test Accuracy: 76.190% | Best Test AUC:0.6545 | Best Test Sensitivity:1.0000 | Best Test Specificity:0.5455 | LR:0.0000118
[2023-08-16 19:16:49][Train.py][L163][INFO]Epoch[87/100] | Train Loss: 0.015 | Train Accuracy: 99.457% | Test Loss: 1.827 | Test Accuracy: 61.905% | Test AUC:0.7091 | Test Sen:0.6000 | Test Spe:0.6364 | Test F1:0.6190 | Test Recall:0.6190 | Test Precision:0.6190 | Best Test Accuracy: 76.190% | Best Test AUC:0.6545 | Best Test Sensitivity:1.0000 | Best Test Specificity:0.5455 | LR:0.0000115
[2023-08-16 19:16:50][Train.py][L163][INFO]Epoch[88/100] | Train Loss: 0.015 | Train Accuracy: 99.457% | Test Loss: 1.829 | Test Accuracy: 61.905% | Test AUC:0.7091 | Test Sen:0.6000 | Test Spe:0.6364 | Test F1:0.6190 | Test Recall:0.6190 | Test Precision:0.6190 | Best Test Accuracy: 76.190% | Best Test AUC:0.6545 | Best Test Sensitivity:1.0000 | Best Test Specificity:0.5455 | LR:0.0000113
[2023-08-16 19:16:50][Train.py][L163][INFO]Epoch[89/100] | Train Loss: 0.014 | Train Accuracy: 98.913% | Test Loss: 1.830 | Test Accuracy: 61.905% | Test AUC:0.7091 | Test Sen:0.6000 | Test Spe:0.6364 | Test F1:0.6190 | Test Recall:0.6190 | Test Precision:0.6190 | Best Test Accuracy: 76.190% | Best Test AUC:0.6545 | Best Test Sensitivity:1.0000 | Best Test Specificity:0.5455 | LR:0.0000111
[2023-08-16 19:16:51][Train.py][L163][INFO]Epoch[90/100] | Train Loss: 0.014 | Train Accuracy: 98.913% | Test Loss: 1.832 | Test Accuracy: 61.905% | Test AUC:0.7091 | Test Sen:0.6000 | Test Spe:0.6364 | Test F1:0.6190 | Test Recall:0.6190 | Test Precision:0.6190 | Best Test Accuracy: 76.190% | Best Test AUC:0.6545 | Best Test Sensitivity:1.0000 | Best Test Specificity:0.5455 | LR:0.0000109
[2023-08-16 19:16:51][Train.py][L163][INFO]Epoch[91/100] | Train Loss: 0.014 | Train Accuracy: 98.913% | Test Loss: 1.834 | Test Accuracy: 61.905% | Test AUC:0.7091 | Test Sen:0.6000 | Test Spe:0.6364 | Test F1:0.6190 | Test Recall:0.6190 | Test Precision:0.6190 | Best Test Accuracy: 76.190% | Best Test AUC:0.6545 | Best Test Sensitivity:1.0000 | Best Test Specificity:0.5455 | LR:0.0000107
[2023-08-16 19:16:51][Train.py][L163][INFO]Epoch[92/100] | Train Loss: 0.014 | Train Accuracy: 98.913% | Test Loss: 1.836 | Test Accuracy: 61.905% | Test AUC:0.7091 | Test Sen:0.6000 | Test Spe:0.6364 | Test F1:0.6190 | Test Recall:0.6190 | Test Precision:0.6190 | Best Test Accuracy: 76.190% | Best Test AUC:0.6545 | Best Test Sensitivity:1.0000 | Best Test Specificity:0.5455 | LR:0.0000106
[2023-08-16 19:16:52][Train.py][L163][INFO]Epoch[93/100] | Train Loss: 0.014 | Train Accuracy: 99.457% | Test Loss: 1.839 | Test Accuracy: 61.905% | Test AUC:0.7091 | Test Sen:0.6000 | Test Spe:0.6364 | Test F1:0.6190 | Test Recall:0.6190 | Test Precision:0.6190 | Best Test Accuracy: 76.190% | Best Test AUC:0.6545 | Best Test Sensitivity:1.0000 | Best Test Specificity:0.5455 | LR:0.0000104
[2023-08-16 19:16:52][Train.py][L163][INFO]Epoch[94/100] | Train Loss: 0.014 | Train Accuracy: 99.457% | Test Loss: 1.841 | Test Accuracy: 61.905% | Test AUC:0.7091 | Test Sen:0.6000 | Test Spe:0.6364 | Test F1:0.6190 | Test Recall:0.6190 | Test Precision:0.6190 | Best Test Accuracy: 76.190% | Best Test AUC:0.6545 | Best Test Sensitivity:1.0000 | Best Test Specificity:0.5455 | LR:0.0000103
[2023-08-16 19:16:53][Train.py][L163][INFO]Epoch[95/100] | Train Loss: 0.014 | Train Accuracy: 99.457% | Test Loss: 1.842 | Test Accuracy: 61.905% | Test AUC:0.7091 | Test Sen:0.6000 | Test Spe:0.6364 | Test F1:0.6190 | Test Recall:0.6190 | Test Precision:0.6190 | Best Test Accuracy: 76.190% | Best Test AUC:0.6545 | Best Test Sensitivity:1.0000 | Best Test Specificity:0.5455 | LR:0.0000102
[2023-08-16 19:16:53][Train.py][L163][INFO]Epoch[96/100] | Train Loss: 0.014 | Train Accuracy: 99.457% | Test Loss: 1.845 | Test Accuracy: 61.905% | Test AUC:0.7091 | Test Sen:0.6000 | Test Spe:0.6364 | Test F1:0.6190 | Test Recall:0.6190 | Test Precision:0.6190 | Best Test Accuracy: 76.190% | Best Test AUC:0.6545 | Best Test Sensitivity:1.0000 | Best Test Specificity:0.5455 | LR:0.0000101
[2023-08-16 19:16:54][Train.py][L163][INFO]Epoch[97/100] | Train Loss: 0.014 | Train Accuracy: 99.457% | Test Loss: 1.848 | Test Accuracy: 61.905% | Test AUC:0.7182 | Test Sen:0.6000 | Test Spe:0.6364 | Test F1:0.6190 | Test Recall:0.6190 | Test Precision:0.6190 | Best Test Accuracy: 76.190% | Best Test AUC:0.6545 | Best Test Sensitivity:1.0000 | Best Test Specificity:0.5455 | LR:0.0000101
[2023-08-16 19:16:54][Train.py][L163][INFO]Epoch[98/100] | Train Loss: 0.014 | Train Accuracy: 99.457% | Test Loss: 1.850 | Test Accuracy: 61.905% | Test AUC:0.7091 | Test Sen:0.6000 | Test Spe:0.6364 | Test F1:0.6190 | Test Recall:0.6190 | Test Precision:0.6190 | Best Test Accuracy: 76.190% | Best Test AUC:0.6545 | Best Test Sensitivity:1.0000 | Best Test Specificity:0.5455 | LR:0.0000100
[2023-08-16 19:16:55][Train.py][L163][INFO]Epoch[99/100] | Train Loss: 0.014 | Train Accuracy: 98.913% | Test Loss: 1.852 | Test Accuracy: 61.905% | Test AUC:0.7091 | Test Sen:0.6000 | Test Spe:0.6364 | Test F1:0.6190 | Test Recall:0.6190 | Test Precision:0.6190 | Best Test Accuracy: 76.190% | Best Test AUC:0.6545 | Best Test Sensitivity:1.0000 | Best Test Specificity:0.5455 | LR:0.0000100
[2023-08-16 19:16:55][Train.py][L163][INFO]Epoch[100/100] | Train Loss: 0.013 | Train Accuracy: 99.457% | Test Loss: 1.853 | Test Accuracy: 61.905% | Test AUC:0.7091 | Test Sen:0.6000 | Test Spe:0.6364 | Test F1:0.6190 | Test Recall:0.6190 | Test Precision:0.6190 | Best Test Accuracy: 76.190% | Best Test AUC:0.6545 | Best Test Sensitivity:1.0000 | Best Test Specificity:0.5455 | LR:0.0000100
