[2023-08-16 19:04:30][__main__.py][L41][INFO]dataset:
  name: fc_bnt
  batch_size: 16
  train_set: 0.9
  test_set: 0.1
  fc_path: /mnt/ssd1/mehul_data/research/fc_bnt_data.npy
  node_sz: 200
  node_feature_sz: 200
  num_classes: 2
  perc_edges: 100
  node: fc
model:
  name: SignedGCN
  num_layers: 2
  hidden_size: 64
  dropout: 0.5
  readout: mean
optimizer:
- name: Adam
  lr: 0.0001
  match_rule: None
  except_rule: None
  no_weight_decay: false
  weight_decay: 0.0001
  lr_scheduler:
    mode: poly
    base_lr: 0.0001
    target_lr: 1.0e-05
    decay_factor: 0.1
    milestones:
    - 0.3
    - 0.6
    - 0.9
    poly_power: 2.0
    lr_decay: 0.98
    warm_up_from: 0.0
    warm_up_steps: 0
training:
  name: Train
  epochs: 100
  l2: 0.0
log_path: result
repeat_time: 1
device: cuda:0
is_wandb: true
project: asd-graph

[2023-08-16 19:04:30][__init__.py][L15][INFO]cfg.dataset.name: fc_bnt
[2023-08-16 19:04:33][optimizer.py][L66][INFO]Parameters [normal] length [24]
[2023-08-16 19:04:33][__init__.py][L25][INFO]Training: Train
[2023-08-16 19:04:33][Train.py][L35][INFO]#model params: 870273
[2023-08-16 19:04:34][Train.py][L163][INFO]Epoch[1/100] | Train Loss: 0.704 | Train Accuracy: 48.348% | Test Loss: 0.697 | Test Accuracy: 51.485% | Test AUC:0.4611 | Test Sen:0.0000 | Test Spe:1.0000 | Test F1:0.5149 | Test Recall:0.5149 | Test Precision:0.5149 | Best Test Accuracy: 51.485% | Best Test AUC:0.4611 | Best Test Sensitivity:0.0000 | Best Test Specificity:1.0000 | LR:0.0000982
[2023-08-16 19:04:35][Train.py][L163][INFO]Epoch[2/100] | Train Loss: 0.700 | Train Accuracy: 49.890% | Test Loss: 0.698 | Test Accuracy: 47.525% | Test AUC:0.4608 | Test Sen:0.0000 | Test Spe:0.9231 | Test F1:0.4752 | Test Recall:0.4752 | Test Precision:0.4752 | Best Test Accuracy: 51.485% | Best Test AUC:0.4611 | Best Test Sensitivity:0.0000 | Best Test Specificity:1.0000 | LR:0.0000964
[2023-08-16 19:04:36][Train.py][L163][INFO]Epoch[3/100] | Train Loss: 0.699 | Train Accuracy: 50.441% | Test Loss: 0.696 | Test Accuracy: 46.535% | Test AUC:0.4698 | Test Sen:0.3878 | Test Spe:0.5385 | Test F1:0.4653 | Test Recall:0.4653 | Test Precision:0.4653 | Best Test Accuracy: 51.485% | Best Test AUC:0.4611 | Best Test Sensitivity:0.0000 | Best Test Specificity:1.0000 | LR:0.0000947
[2023-08-16 19:04:37][Train.py][L163][INFO]Epoch[4/100] | Train Loss: 0.705 | Train Accuracy: 51.872% | Test Loss: 0.712 | Test Accuracy: 48.515% | Test AUC:0.4670 | Test Sen:1.0000 | Test Spe:0.0000 | Test F1:0.4851 | Test Recall:0.4851 | Test Precision:0.4851 | Best Test Accuracy: 51.485% | Best Test AUC:0.4611 | Best Test Sensitivity:0.0000 | Best Test Specificity:1.0000 | LR:0.0000929
[2023-08-16 19:04:38][Train.py][L163][INFO]Epoch[5/100] | Train Loss: 0.709 | Train Accuracy: 48.018% | Test Loss: 0.709 | Test Accuracy: 48.515% | Test AUC:0.4690 | Test Sen:1.0000 | Test Spe:0.0000 | Test F1:0.4851 | Test Recall:0.4851 | Test Precision:0.4851 | Best Test Accuracy: 51.485% | Best Test AUC:0.4611 | Best Test Sensitivity:0.0000 | Best Test Specificity:1.0000 | LR:0.0000912
[2023-08-16 19:04:39][Train.py][L163][INFO]Epoch[6/100] | Train Loss: 0.694 | Train Accuracy: 51.982% | Test Loss: 0.706 | Test Accuracy: 48.515% | Test AUC:0.4666 | Test Sen:1.0000 | Test Spe:0.0000 | Test F1:0.4851 | Test Recall:0.4851 | Test Precision:0.4851 | Best Test Accuracy: 51.485% | Best Test AUC:0.4611 | Best Test Sensitivity:0.0000 | Best Test Specificity:1.0000 | LR:0.0000895
[2023-08-16 19:04:40][Train.py][L163][INFO]Epoch[7/100] | Train Loss: 0.702 | Train Accuracy: 47.907% | Test Loss: 0.704 | Test Accuracy: 48.515% | Test AUC:0.4717 | Test Sen:1.0000 | Test Spe:0.0000 | Test F1:0.4851 | Test Recall:0.4851 | Test Precision:0.4851 | Best Test Accuracy: 51.485% | Best Test AUC:0.4611 | Best Test Sensitivity:0.0000 | Best Test Specificity:1.0000 | LR:0.0000878
[2023-08-16 19:04:41][Train.py][L163][INFO]Epoch[8/100] | Train Loss: 0.694 | Train Accuracy: 53.634% | Test Loss: 0.712 | Test Accuracy: 49.505% | Test AUC:0.4537 | Test Sen:0.0000 | Test Spe:0.9615 | Test F1:0.4950 | Test Recall:0.4950 | Test Precision:0.4950 | Best Test Accuracy: 51.485% | Best Test AUC:0.4611 | Best Test Sensitivity:0.0000 | Best Test Specificity:1.0000 | LR:0.0000862
[2023-08-16 19:04:42][Train.py][L163][INFO]Epoch[9/100] | Train Loss: 0.709 | Train Accuracy: 48.018% | Test Loss: 0.718 | Test Accuracy: 48.515% | Test AUC:0.4643 | Test Sen:1.0000 | Test Spe:0.0000 | Test F1:0.4851 | Test Recall:0.4851 | Test Precision:0.4851 | Best Test Accuracy: 51.485% | Best Test AUC:0.4611 | Best Test Sensitivity:0.0000 | Best Test Specificity:1.0000 | LR:0.0000845
[2023-08-16 19:04:43][Train.py][L163][INFO]Epoch[10/100] | Train Loss: 0.694 | Train Accuracy: 51.322% | Test Loss: 0.704 | Test Accuracy: 47.525% | Test AUC:0.4576 | Test Sen:0.9184 | Test Spe:0.0577 | Test F1:0.4752 | Test Recall:0.4752 | Test Precision:0.4752 | Best Test Accuracy: 51.485% | Best Test AUC:0.4611 | Best Test Sensitivity:0.0000 | Best Test Specificity:1.0000 | LR:0.0000829
[2023-08-16 19:04:44][Train.py][L163][INFO]Epoch[11/100] | Train Loss: 0.693 | Train Accuracy: 51.872% | Test Loss: 0.702 | Test Accuracy: 47.525% | Test AUC:0.4466 | Test Sen:0.6531 | Test Spe:0.3077 | Test F1:0.4752 | Test Recall:0.4752 | Test Precision:0.4752 | Best Test Accuracy: 51.485% | Best Test AUC:0.4611 | Best Test Sensitivity:0.0000 | Best Test Specificity:1.0000 | LR:0.0000813
[2023-08-16 19:04:45][Train.py][L163][INFO]Epoch[12/100] | Train Loss: 0.688 | Train Accuracy: 54.075% | Test Loss: 0.704 | Test Accuracy: 49.505% | Test AUC:0.4486 | Test Sen:0.8776 | Test Spe:0.1346 | Test F1:0.4950 | Test Recall:0.4950 | Test Precision:0.4950 | Best Test Accuracy: 51.485% | Best Test AUC:0.4611 | Best Test Sensitivity:0.0000 | Best Test Specificity:1.0000 | LR:0.0000797
[2023-08-16 19:04:46][Train.py][L163][INFO]Epoch[13/100] | Train Loss: 0.688 | Train Accuracy: 54.075% | Test Loss: 0.707 | Test Accuracy: 53.465% | Test AUC:0.4553 | Test Sen:0.5918 | Test Spe:0.4808 | Test F1:0.5347 | Test Recall:0.5347 | Test Precision:0.5347 | Best Test Accuracy: 53.465% | Best Test AUC:0.4553 | Best Test Sensitivity:0.5918 | Best Test Specificity:0.4808 | LR:0.0000781
[2023-08-16 19:04:47][Train.py][L163][INFO]Epoch[14/100] | Train Loss: 0.686 | Train Accuracy: 55.507% | Test Loss: 0.718 | Test Accuracy: 49.505% | Test AUC:0.4584 | Test Sen:0.7959 | Test Spe:0.2115 | Test F1:0.4950 | Test Recall:0.4950 | Test Precision:0.4950 | Best Test Accuracy: 53.465% | Best Test AUC:0.4553 | Best Test Sensitivity:0.5918 | Best Test Specificity:0.4808 | LR:0.0000766
[2023-08-16 19:04:49][Train.py][L163][INFO]Epoch[15/100] | Train Loss: 0.682 | Train Accuracy: 57.379% | Test Loss: 0.699 | Test Accuracy: 49.505% | Test AUC:0.4560 | Test Sen:0.3061 | Test Spe:0.6731 | Test F1:0.4950 | Test Recall:0.4950 | Test Precision:0.4950 | Best Test Accuracy: 53.465% | Best Test AUC:0.4553 | Best Test Sensitivity:0.5918 | Best Test Specificity:0.4808 | LR:0.0000750
[2023-08-16 19:04:50][Train.py][L163][INFO]Epoch[16/100] | Train Loss: 0.683 | Train Accuracy: 54.405% | Test Loss: 0.703 | Test Accuracy: 45.545% | Test AUC:0.4462 | Test Sen:0.0612 | Test Spe:0.8269 | Test F1:0.4554 | Test Recall:0.4554 | Test Precision:0.4554 | Best Test Accuracy: 53.465% | Best Test AUC:0.4553 | Best Test Sensitivity:0.5918 | Best Test Specificity:0.4808 | LR:0.0000735
[2023-08-16 19:04:51][Train.py][L163][INFO]Epoch[17/100] | Train Loss: 0.683 | Train Accuracy: 54.405% | Test Loss: 0.697 | Test Accuracy: 49.505% | Test AUC:0.4941 | Test Sen:0.2245 | Test Spe:0.7500 | Test F1:0.4950 | Test Recall:0.4950 | Test Precision:0.4950 | Best Test Accuracy: 53.465% | Best Test AUC:0.4553 | Best Test Sensitivity:0.5918 | Best Test Specificity:0.4808 | LR:0.0000720
[2023-08-16 19:04:52][Train.py][L163][INFO]Epoch[18/100] | Train Loss: 0.674 | Train Accuracy: 57.489% | Test Loss: 0.723 | Test Accuracy: 47.525% | Test AUC:0.4478 | Test Sen:0.7551 | Test Spe:0.2115 | Test F1:0.4752 | Test Recall:0.4752 | Test Precision:0.4752 | Best Test Accuracy: 53.465% | Best Test AUC:0.4553 | Best Test Sensitivity:0.5918 | Best Test Specificity:0.4808 | LR:0.0000705
[2023-08-16 19:04:53][Train.py][L163][INFO]Epoch[19/100] | Train Loss: 0.677 | Train Accuracy: 57.930% | Test Loss: 0.724 | Test Accuracy: 49.505% | Test AUC:0.4380 | Test Sen:0.8776 | Test Spe:0.1346 | Test F1:0.4950 | Test Recall:0.4950 | Test Precision:0.4950 | Best Test Accuracy: 53.465% | Best Test AUC:0.4553 | Best Test Sensitivity:0.5918 | Best Test Specificity:0.4808 | LR:0.0000690
[2023-08-16 19:04:54][Train.py][L163][INFO]Epoch[20/100] | Train Loss: 0.671 | Train Accuracy: 57.379% | Test Loss: 0.699 | Test Accuracy: 49.505% | Test AUC:0.5051 | Test Sen:0.2857 | Test Spe:0.6923 | Test F1:0.4950 | Test Recall:0.4950 | Test Precision:0.4950 | Best Test Accuracy: 53.465% | Best Test AUC:0.4553 | Best Test Sensitivity:0.5918 | Best Test Specificity:0.4808 | LR:0.0000676
[2023-08-16 19:04:55][Train.py][L163][INFO]Epoch[21/100] | Train Loss: 0.672 | Train Accuracy: 58.150% | Test Loss: 0.706 | Test Accuracy: 46.535% | Test AUC:0.4596 | Test Sen:0.1633 | Test Spe:0.7500 | Test F1:0.4653 | Test Recall:0.4653 | Test Precision:0.4653 | Best Test Accuracy: 53.465% | Best Test AUC:0.4553 | Best Test Sensitivity:0.5918 | Best Test Specificity:0.4808 | LR:0.0000662
[2023-08-16 19:04:56][Train.py][L163][INFO]Epoch[22/100] | Train Loss: 0.663 | Train Accuracy: 60.352% | Test Loss: 0.692 | Test Accuracy: 51.485% | Test AUC:0.5353 | Test Sen:0.3469 | Test Spe:0.6731 | Test F1:0.5149 | Test Recall:0.5149 | Test Precision:0.5149 | Best Test Accuracy: 53.465% | Best Test AUC:0.4553 | Best Test Sensitivity:0.5918 | Best Test Specificity:0.4808 | LR:0.0000648
[2023-08-16 19:04:57][Train.py][L163][INFO]Epoch[23/100] | Train Loss: 0.664 | Train Accuracy: 60.793% | Test Loss: 0.702 | Test Accuracy: 54.455% | Test AUC:0.5122 | Test Sen:0.4694 | Test Spe:0.6154 | Test F1:0.5446 | Test Recall:0.5446 | Test Precision:0.5446 | Best Test Accuracy: 54.455% | Best Test AUC:0.5122 | Best Test Sensitivity:0.4694 | Best Test Specificity:0.6154 | LR:0.0000634
[2023-08-16 19:04:58][Train.py][L163][INFO]Epoch[24/100] | Train Loss: 0.659 | Train Accuracy: 61.674% | Test Loss: 0.712 | Test Accuracy: 49.505% | Test AUC:0.4541 | Test Sen:0.4286 | Test Spe:0.5577 | Test F1:0.4950 | Test Recall:0.4950 | Test Precision:0.4950 | Best Test Accuracy: 54.455% | Best Test AUC:0.5122 | Best Test Sensitivity:0.4694 | Best Test Specificity:0.6154 | LR:0.0000620
[2023-08-16 19:04:59][Train.py][L163][INFO]Epoch[25/100] | Train Loss: 0.659 | Train Accuracy: 60.352% | Test Loss: 0.701 | Test Accuracy: 54.455% | Test AUC:0.5192 | Test Sen:0.4490 | Test Spe:0.6346 | Test F1:0.5446 | Test Recall:0.5446 | Test Precision:0.5446 | Best Test Accuracy: 54.455% | Best Test AUC:0.5122 | Best Test Sensitivity:0.4694 | Best Test Specificity:0.6154 | LR:0.0000606
[2023-08-16 19:05:00][Train.py][L163][INFO]Epoch[26/100] | Train Loss: 0.657 | Train Accuracy: 59.912% | Test Loss: 0.728 | Test Accuracy: 45.545% | Test AUC:0.4462 | Test Sen:0.6327 | Test Spe:0.2885 | Test F1:0.4554 | Test Recall:0.4554 | Test Precision:0.4554 | Best Test Accuracy: 54.455% | Best Test AUC:0.5122 | Best Test Sensitivity:0.4694 | Best Test Specificity:0.6154 | LR:0.0000593
[2023-08-16 19:05:01][Train.py][L163][INFO]Epoch[27/100] | Train Loss: 0.656 | Train Accuracy: 60.463% | Test Loss: 0.718 | Test Accuracy: 48.515% | Test AUC:0.4600 | Test Sen:0.4694 | Test Spe:0.5000 | Test F1:0.4851 | Test Recall:0.4851 | Test Precision:0.4851 | Best Test Accuracy: 54.455% | Best Test AUC:0.5122 | Best Test Sensitivity:0.4694 | Best Test Specificity:0.6154 | LR:0.0000580
[2023-08-16 19:05:02][Train.py][L163][INFO]Epoch[28/100] | Train Loss: 0.652 | Train Accuracy: 62.445% | Test Loss: 0.722 | Test Accuracy: 48.515% | Test AUC:0.4545 | Test Sen:0.2653 | Test Spe:0.6923 | Test F1:0.4851 | Test Recall:0.4851 | Test Precision:0.4851 | Best Test Accuracy: 54.455% | Best Test AUC:0.5122 | Best Test Sensitivity:0.4694 | Best Test Specificity:0.6154 | LR:0.0000567
[2023-08-16 19:05:03][Train.py][L163][INFO]Epoch[29/100] | Train Loss: 0.645 | Train Accuracy: 63.106% | Test Loss: 0.720 | Test Accuracy: 46.535% | Test AUC:0.4600 | Test Sen:0.4694 | Test Spe:0.4615 | Test F1:0.4653 | Test Recall:0.4653 | Test Precision:0.4653 | Best Test Accuracy: 54.455% | Best Test AUC:0.5122 | Best Test Sensitivity:0.4694 | Best Test Specificity:0.6154 | LR:0.0000554
[2023-08-16 19:05:04][Train.py][L163][INFO]Epoch[30/100] | Train Loss: 0.645 | Train Accuracy: 64.207% | Test Loss: 0.711 | Test Accuracy: 51.485% | Test AUC:0.4984 | Test Sen:0.4694 | Test Spe:0.5577 | Test F1:0.5149 | Test Recall:0.5149 | Test Precision:0.5149 | Best Test Accuracy: 54.455% | Best Test AUC:0.5122 | Best Test Sensitivity:0.4694 | Best Test Specificity:0.6154 | LR:0.0000541
[2023-08-16 19:05:05][Train.py][L163][INFO]Epoch[31/100] | Train Loss: 0.646 | Train Accuracy: 62.004% | Test Loss: 0.724 | Test Accuracy: 47.525% | Test AUC:0.4619 | Test Sen:0.5306 | Test Spe:0.4231 | Test F1:0.4752 | Test Recall:0.4752 | Test Precision:0.4752 | Best Test Accuracy: 54.455% | Best Test AUC:0.5122 | Best Test Sensitivity:0.4694 | Best Test Specificity:0.6154 | LR:0.0000528
[2023-08-16 19:05:06][Train.py][L163][INFO]Epoch[32/100] | Train Loss: 0.641 | Train Accuracy: 63.326% | Test Loss: 0.706 | Test Accuracy: 53.465% | Test AUC:0.5259 | Test Sen:0.3878 | Test Spe:0.6731 | Test F1:0.5347 | Test Recall:0.5347 | Test Precision:0.5347 | Best Test Accuracy: 54.455% | Best Test AUC:0.5122 | Best Test Sensitivity:0.4694 | Best Test Specificity:0.6154 | LR:0.0000516
[2023-08-16 19:05:07][Train.py][L163][INFO]Epoch[33/100] | Train Loss: 0.636 | Train Accuracy: 63.877% | Test Loss: 0.712 | Test Accuracy: 52.475% | Test AUC:0.5055 | Test Sen:0.4694 | Test Spe:0.5769 | Test F1:0.5248 | Test Recall:0.5248 | Test Precision:0.5248 | Best Test Accuracy: 54.455% | Best Test AUC:0.5122 | Best Test Sensitivity:0.4694 | Best Test Specificity:0.6154 | LR:0.0000504
[2023-08-16 19:05:08][Train.py][L163][INFO]Epoch[34/100] | Train Loss: 0.638 | Train Accuracy: 64.648% | Test Loss: 0.728 | Test Accuracy: 50.495% | Test AUC:0.4639 | Test Sen:0.4286 | Test Spe:0.5769 | Test F1:0.5050 | Test Recall:0.5050 | Test Precision:0.5050 | Best Test Accuracy: 54.455% | Best Test AUC:0.5122 | Best Test Sensitivity:0.4694 | Best Test Specificity:0.6154 | LR:0.0000492
[2023-08-16 19:05:09][Train.py][L163][INFO]Epoch[35/100] | Train Loss: 0.635 | Train Accuracy: 63.767% | Test Loss: 0.734 | Test Accuracy: 43.564% | Test AUC:0.4643 | Test Sen:0.5510 | Test Spe:0.3269 | Test F1:0.4356 | Test Recall:0.4356 | Test Precision:0.4356 | Best Test Accuracy: 54.455% | Best Test AUC:0.5122 | Best Test Sensitivity:0.4694 | Best Test Specificity:0.6154 | LR:0.0000480
[2023-08-16 19:05:10][Train.py][L163][INFO]Epoch[36/100] | Train Loss: 0.632 | Train Accuracy: 63.106% | Test Loss: 0.714 | Test Accuracy: 53.465% | Test AUC:0.5090 | Test Sen:0.4082 | Test Spe:0.6538 | Test F1:0.5347 | Test Recall:0.5347 | Test Precision:0.5347 | Best Test Accuracy: 54.455% | Best Test AUC:0.5122 | Best Test Sensitivity:0.4694 | Best Test Specificity:0.6154 | LR:0.0000469
[2023-08-16 19:05:11][Train.py][L163][INFO]Epoch[37/100] | Train Loss: 0.631 | Train Accuracy: 64.758% | Test Loss: 0.711 | Test Accuracy: 53.465% | Test AUC:0.5184 | Test Sen:0.3673 | Test Spe:0.6923 | Test F1:0.5347 | Test Recall:0.5347 | Test Precision:0.5347 | Best Test Accuracy: 54.455% | Best Test AUC:0.5122 | Best Test Sensitivity:0.4694 | Best Test Specificity:0.6154 | LR:0.0000457
[2023-08-16 19:05:12][Train.py][L163][INFO]Epoch[38/100] | Train Loss: 0.629 | Train Accuracy: 65.749% | Test Loss: 0.712 | Test Accuracy: 49.505% | Test AUC:0.5212 | Test Sen:0.4082 | Test Spe:0.5769 | Test F1:0.4950 | Test Recall:0.4950 | Test Precision:0.4950 | Best Test Accuracy: 54.455% | Best Test AUC:0.5122 | Best Test Sensitivity:0.4694 | Best Test Specificity:0.6154 | LR:0.0000446
[2023-08-16 19:05:13][Train.py][L163][INFO]Epoch[39/100] | Train Loss: 0.625 | Train Accuracy: 66.410% | Test Loss: 0.711 | Test Accuracy: 51.485% | Test AUC:0.5220 | Test Sen:0.3878 | Test Spe:0.6346 | Test F1:0.5149 | Test Recall:0.5149 | Test Precision:0.5149 | Best Test Accuracy: 54.455% | Best Test AUC:0.5122 | Best Test Sensitivity:0.4694 | Best Test Specificity:0.6154 | LR:0.0000435
[2023-08-16 19:05:14][Train.py][L163][INFO]Epoch[40/100] | Train Loss: 0.619 | Train Accuracy: 67.841% | Test Loss: 0.749 | Test Accuracy: 46.535% | Test AUC:0.4600 | Test Sen:0.5102 | Test Spe:0.4231 | Test F1:0.4653 | Test Recall:0.4653 | Test Precision:0.4653 | Best Test Accuracy: 54.455% | Best Test AUC:0.5122 | Best Test Sensitivity:0.4694 | Best Test Specificity:0.6154 | LR:0.0000424
[2023-08-16 19:05:15][Train.py][L163][INFO]Epoch[41/100] | Train Loss: 0.617 | Train Accuracy: 65.529% | Test Loss: 0.711 | Test Accuracy: 53.465% | Test AUC:0.5341 | Test Sen:0.3673 | Test Spe:0.6923 | Test F1:0.5347 | Test Recall:0.5347 | Test Precision:0.5347 | Best Test Accuracy: 54.455% | Best Test AUC:0.5122 | Best Test Sensitivity:0.4694 | Best Test Specificity:0.6154 | LR:0.0000413
[2023-08-16 19:05:16][Train.py][L163][INFO]Epoch[42/100] | Train Loss: 0.622 | Train Accuracy: 64.537% | Test Loss: 0.713 | Test Accuracy: 52.475% | Test AUC:0.5286 | Test Sen:0.3673 | Test Spe:0.6731 | Test F1:0.5248 | Test Recall:0.5248 | Test Precision:0.5248 | Best Test Accuracy: 54.455% | Best Test AUC:0.5122 | Best Test Sensitivity:0.4694 | Best Test Specificity:0.6154 | LR:0.0000403
[2023-08-16 19:05:17][Train.py][L163][INFO]Epoch[43/100] | Train Loss: 0.616 | Train Accuracy: 67.291% | Test Loss: 0.744 | Test Accuracy: 46.535% | Test AUC:0.4721 | Test Sen:0.5102 | Test Spe:0.4231 | Test F1:0.4653 | Test Recall:0.4653 | Test Precision:0.4653 | Best Test Accuracy: 54.455% | Best Test AUC:0.5122 | Best Test Sensitivity:0.4694 | Best Test Specificity:0.6154 | LR:0.0000392
[2023-08-16 19:05:18][Train.py][L163][INFO]Epoch[44/100] | Train Loss: 0.612 | Train Accuracy: 66.960% | Test Loss: 0.717 | Test Accuracy: 52.475% | Test AUC:0.5157 | Test Sen:0.3673 | Test Spe:0.6731 | Test F1:0.5248 | Test Recall:0.5248 | Test Precision:0.5248 | Best Test Accuracy: 54.455% | Best Test AUC:0.5122 | Best Test Sensitivity:0.4694 | Best Test Specificity:0.6154 | LR:0.0000382
[2023-08-16 19:05:19][Train.py][L163][INFO]Epoch[45/100] | Train Loss: 0.610 | Train Accuracy: 67.401% | Test Loss: 0.726 | Test Accuracy: 50.495% | Test AUC:0.5004 | Test Sen:0.4490 | Test Spe:0.5577 | Test F1:0.5050 | Test Recall:0.5050 | Test Precision:0.5050 | Best Test Accuracy: 54.455% | Best Test AUC:0.5122 | Best Test Sensitivity:0.4694 | Best Test Specificity:0.6154 | LR:0.0000372
[2023-08-16 19:05:20][Train.py][L163][INFO]Epoch[46/100] | Train Loss: 0.605 | Train Accuracy: 69.163% | Test Loss: 0.726 | Test Accuracy: 51.485% | Test AUC:0.5055 | Test Sen:0.3878 | Test Spe:0.6346 | Test F1:0.5149 | Test Recall:0.5149 | Test Precision:0.5149 | Best Test Accuracy: 54.455% | Best Test AUC:0.5122 | Best Test Sensitivity:0.4694 | Best Test Specificity:0.6154 | LR:0.0000362
[2023-08-16 19:05:22][Train.py][L163][INFO]Epoch[47/100] | Train Loss: 0.603 | Train Accuracy: 67.952% | Test Loss: 0.719 | Test Accuracy: 51.485% | Test AUC:0.5239 | Test Sen:0.4898 | Test Spe:0.5385 | Test F1:0.5149 | Test Recall:0.5149 | Test Precision:0.5149 | Best Test Accuracy: 54.455% | Best Test AUC:0.5122 | Best Test Sensitivity:0.4694 | Best Test Specificity:0.6154 | LR:0.0000353
[2023-08-16 19:05:23][Train.py][L163][INFO]Epoch[48/100] | Train Loss: 0.604 | Train Accuracy: 68.722% | Test Loss: 0.730 | Test Accuracy: 50.495% | Test AUC:0.5098 | Test Sen:0.5102 | Test Spe:0.5000 | Test F1:0.5050 | Test Recall:0.5050 | Test Precision:0.5050 | Best Test Accuracy: 54.455% | Best Test AUC:0.5122 | Best Test Sensitivity:0.4694 | Best Test Specificity:0.6154 | LR:0.0000343
[2023-08-16 19:05:24][Train.py][L163][INFO]Epoch[49/100] | Train Loss: 0.598 | Train Accuracy: 68.282% | Test Loss: 0.724 | Test Accuracy: 52.475% | Test AUC:0.5216 | Test Sen:0.5510 | Test Spe:0.5000 | Test F1:0.5248 | Test Recall:0.5248 | Test Precision:0.5248 | Best Test Accuracy: 54.455% | Best Test AUC:0.5122 | Best Test Sensitivity:0.4694 | Best Test Specificity:0.6154 | LR:0.0000334
[2023-08-16 19:05:25][Train.py][L163][INFO]Epoch[50/100] | Train Loss: 0.594 | Train Accuracy: 69.273% | Test Loss: 0.738 | Test Accuracy: 47.525% | Test AUC:0.5012 | Test Sen:0.4694 | Test Spe:0.4808 | Test F1:0.4752 | Test Recall:0.4752 | Test Precision:0.4752 | Best Test Accuracy: 54.455% | Best Test AUC:0.5122 | Best Test Sensitivity:0.4694 | Best Test Specificity:0.6154 | LR:0.0000325
[2023-08-16 19:05:26][Train.py][L163][INFO]Epoch[51/100] | Train Loss: 0.596 | Train Accuracy: 69.714% | Test Loss: 0.721 | Test Accuracy: 48.515% | Test AUC:0.5322 | Test Sen:0.3469 | Test Spe:0.6154 | Test F1:0.4851 | Test Recall:0.4851 | Test Precision:0.4851 | Best Test Accuracy: 54.455% | Best Test AUC:0.5122 | Best Test Sensitivity:0.4694 | Best Test Specificity:0.6154 | LR:0.0000316
[2023-08-16 19:05:27][Train.py][L163][INFO]Epoch[52/100] | Train Loss: 0.587 | Train Accuracy: 69.824% | Test Loss: 0.727 | Test Accuracy: 49.505% | Test AUC:0.5263 | Test Sen:0.3673 | Test Spe:0.6154 | Test F1:0.4950 | Test Recall:0.4950 | Test Precision:0.4950 | Best Test Accuracy: 54.455% | Best Test AUC:0.5122 | Best Test Sensitivity:0.4694 | Best Test Specificity:0.6154 | LR:0.0000307
[2023-08-16 19:05:28][Train.py][L163][INFO]Epoch[53/100] | Train Loss: 0.588 | Train Accuracy: 69.383% | Test Loss: 0.745 | Test Accuracy: 47.525% | Test AUC:0.5020 | Test Sen:0.4286 | Test Spe:0.5192 | Test F1:0.4752 | Test Recall:0.4752 | Test Precision:0.4752 | Best Test Accuracy: 54.455% | Best Test AUC:0.5122 | Best Test Sensitivity:0.4694 | Best Test Specificity:0.6154 | LR:0.0000299
[2023-08-16 19:05:29][Train.py][L163][INFO]Epoch[54/100] | Train Loss: 0.588 | Train Accuracy: 68.612% | Test Loss: 0.752 | Test Accuracy: 49.505% | Test AUC:0.4957 | Test Sen:0.4490 | Test Spe:0.5385 | Test F1:0.4950 | Test Recall:0.4950 | Test Precision:0.4950 | Best Test Accuracy: 54.455% | Best Test AUC:0.5122 | Best Test Sensitivity:0.4694 | Best Test Specificity:0.6154 | LR:0.0000290
[2023-08-16 19:05:30][Train.py][L163][INFO]Epoch[55/100] | Train Loss: 0.589 | Train Accuracy: 69.934% | Test Loss: 0.724 | Test Accuracy: 49.505% | Test AUC:0.5345 | Test Sen:0.3673 | Test Spe:0.6154 | Test F1:0.4950 | Test Recall:0.4950 | Test Precision:0.4950 | Best Test Accuracy: 54.455% | Best Test AUC:0.5122 | Best Test Sensitivity:0.4694 | Best Test Specificity:0.6154 | LR:0.0000282
[2023-08-16 19:05:31][Train.py][L163][INFO]Epoch[56/100] | Train Loss: 0.583 | Train Accuracy: 70.925% | Test Loss: 0.735 | Test Accuracy: 49.505% | Test AUC:0.5243 | Test Sen:0.3878 | Test Spe:0.5962 | Test F1:0.4950 | Test Recall:0.4950 | Test Precision:0.4950 | Best Test Accuracy: 54.455% | Best Test AUC:0.5122 | Best Test Sensitivity:0.4694 | Best Test Specificity:0.6154 | LR:0.0000274
[2023-08-16 19:05:32][Train.py][L163][INFO]Epoch[57/100] | Train Loss: 0.584 | Train Accuracy: 70.705% | Test Loss: 0.730 | Test Accuracy: 50.495% | Test AUC:0.5353 | Test Sen:0.4898 | Test Spe:0.5192 | Test F1:0.5050 | Test Recall:0.5050 | Test Precision:0.5050 | Best Test Accuracy: 54.455% | Best Test AUC:0.5122 | Best Test Sensitivity:0.4694 | Best Test Specificity:0.6154 | LR:0.0000266
[2023-08-16 19:05:33][Train.py][L163][INFO]Epoch[58/100] | Train Loss: 0.583 | Train Accuracy: 70.705% | Test Loss: 0.742 | Test Accuracy: 48.515% | Test AUC:0.5192 | Test Sen:0.4286 | Test Spe:0.5385 | Test F1:0.4851 | Test Recall:0.4851 | Test Precision:0.4851 | Best Test Accuracy: 54.455% | Best Test AUC:0.5122 | Best Test Sensitivity:0.4694 | Best Test Specificity:0.6154 | LR:0.0000259
[2023-08-16 19:05:34][Train.py][L163][INFO]Epoch[59/100] | Train Loss: 0.577 | Train Accuracy: 70.925% | Test Loss: 0.740 | Test Accuracy: 49.505% | Test AUC:0.5263 | Test Sen:0.4286 | Test Spe:0.5577 | Test F1:0.4950 | Test Recall:0.4950 | Test Precision:0.4950 | Best Test Accuracy: 54.455% | Best Test AUC:0.5122 | Best Test Sensitivity:0.4694 | Best Test Specificity:0.6154 | LR:0.0000251
[2023-08-16 19:05:35][Train.py][L163][INFO]Epoch[60/100] | Train Loss: 0.574 | Train Accuracy: 71.476% | Test Loss: 0.727 | Test Accuracy: 49.505% | Test AUC:0.5455 | Test Sen:0.3673 | Test Spe:0.6154 | Test F1:0.4950 | Test Recall:0.4950 | Test Precision:0.4950 | Best Test Accuracy: 54.455% | Best Test AUC:0.5122 | Best Test Sensitivity:0.4694 | Best Test Specificity:0.6154 | LR:0.0000244
[2023-08-16 19:05:36][Train.py][L163][INFO]Epoch[61/100] | Train Loss: 0.577 | Train Accuracy: 71.696% | Test Loss: 0.734 | Test Accuracy: 50.495% | Test AUC:0.5373 | Test Sen:0.3469 | Test Spe:0.6538 | Test F1:0.5050 | Test Recall:0.5050 | Test Precision:0.5050 | Best Test Accuracy: 54.455% | Best Test AUC:0.5122 | Best Test Sensitivity:0.4694 | Best Test Specificity:0.6154 | LR:0.0000237
[2023-08-16 19:05:37][Train.py][L163][INFO]Epoch[62/100] | Train Loss: 0.570 | Train Accuracy: 71.035% | Test Loss: 0.740 | Test Accuracy: 49.505% | Test AUC:0.5322 | Test Sen:0.3878 | Test Spe:0.5962 | Test F1:0.4950 | Test Recall:0.4950 | Test Precision:0.4950 | Best Test Accuracy: 54.455% | Best Test AUC:0.5122 | Best Test Sensitivity:0.4694 | Best Test Specificity:0.6154 | LR:0.0000230
[2023-08-16 19:05:38][Train.py][L163][INFO]Epoch[63/100] | Train Loss: 0.570 | Train Accuracy: 71.256% | Test Loss: 0.744 | Test Accuracy: 52.475% | Test AUC:0.5322 | Test Sen:0.4898 | Test Spe:0.5577 | Test F1:0.5248 | Test Recall:0.5248 | Test Precision:0.5248 | Best Test Accuracy: 54.455% | Best Test AUC:0.5122 | Best Test Sensitivity:0.4694 | Best Test Specificity:0.6154 | LR:0.0000223
[2023-08-16 19:05:39][Train.py][L163][INFO]Epoch[64/100] | Train Loss: 0.568 | Train Accuracy: 71.145% | Test Loss: 0.766 | Test Accuracy: 51.485% | Test AUC:0.5137 | Test Sen:0.5306 | Test Spe:0.5000 | Test F1:0.5149 | Test Recall:0.5149 | Test Precision:0.5149 | Best Test Accuracy: 54.455% | Best Test AUC:0.5122 | Best Test Sensitivity:0.4694 | Best Test Specificity:0.6154 | LR:0.0000217
[2023-08-16 19:05:40][Train.py][L163][INFO]Epoch[65/100] | Train Loss: 0.565 | Train Accuracy: 71.145% | Test Loss: 0.743 | Test Accuracy: 50.495% | Test AUC:0.5377 | Test Sen:0.4082 | Test Spe:0.5962 | Test F1:0.5050 | Test Recall:0.5050 | Test Precision:0.5050 | Best Test Accuracy: 54.455% | Best Test AUC:0.5122 | Best Test Sensitivity:0.4694 | Best Test Specificity:0.6154 | LR:0.0000210
[2023-08-16 19:05:41][Train.py][L163][INFO]Epoch[66/100] | Train Loss: 0.570 | Train Accuracy: 72.577% | Test Loss: 0.743 | Test Accuracy: 49.505% | Test AUC:0.5385 | Test Sen:0.4286 | Test Spe:0.5577 | Test F1:0.4950 | Test Recall:0.4950 | Test Precision:0.4950 | Best Test Accuracy: 54.455% | Best Test AUC:0.5122 | Best Test Sensitivity:0.4694 | Best Test Specificity:0.6154 | LR:0.0000204
[2023-08-16 19:05:42][Train.py][L163][INFO]Epoch[67/100] | Train Loss: 0.563 | Train Accuracy: 71.366% | Test Loss: 0.756 | Test Accuracy: 52.475% | Test AUC:0.5239 | Test Sen:0.5306 | Test Spe:0.5192 | Test F1:0.5248 | Test Recall:0.5248 | Test Precision:0.5248 | Best Test Accuracy: 54.455% | Best Test AUC:0.5122 | Best Test Sensitivity:0.4694 | Best Test Specificity:0.6154 | LR:0.0000198
[2023-08-16 19:05:43][Train.py][L163][INFO]Epoch[68/100] | Train Loss: 0.561 | Train Accuracy: 71.696% | Test Loss: 0.744 | Test Accuracy: 49.505% | Test AUC:0.5408 | Test Sen:0.4286 | Test Spe:0.5577 | Test F1:0.4950 | Test Recall:0.4950 | Test Precision:0.4950 | Best Test Accuracy: 54.455% | Best Test AUC:0.5122 | Best Test Sensitivity:0.4694 | Best Test Specificity:0.6154 | LR:0.0000192
[2023-08-16 19:05:44][Train.py][L163][INFO]Epoch[69/100] | Train Loss: 0.560 | Train Accuracy: 72.247% | Test Loss: 0.744 | Test Accuracy: 49.505% | Test AUC:0.5420 | Test Sen:0.3878 | Test Spe:0.5962 | Test F1:0.4950 | Test Recall:0.4950 | Test Precision:0.4950 | Best Test Accuracy: 54.455% | Best Test AUC:0.5122 | Best Test Sensitivity:0.4694 | Best Test Specificity:0.6154 | LR:0.0000186
[2023-08-16 19:05:45][Train.py][L163][INFO]Epoch[70/100] | Train Loss: 0.559 | Train Accuracy: 71.476% | Test Loss: 0.749 | Test Accuracy: 51.485% | Test AUC:0.5361 | Test Sen:0.4694 | Test Spe:0.5577 | Test F1:0.5149 | Test Recall:0.5149 | Test Precision:0.5149 | Best Test Accuracy: 54.455% | Best Test AUC:0.5122 | Best Test Sensitivity:0.4694 | Best Test Specificity:0.6154 | LR:0.0000181
[2023-08-16 19:05:46][Train.py][L163][INFO]Epoch[71/100] | Train Loss: 0.561 | Train Accuracy: 72.467% | Test Loss: 0.757 | Test Accuracy: 50.495% | Test AUC:0.5286 | Test Sen:0.4490 | Test Spe:0.5577 | Test F1:0.5050 | Test Recall:0.5050 | Test Precision:0.5050 | Best Test Accuracy: 54.455% | Best Test AUC:0.5122 | Best Test Sensitivity:0.4694 | Best Test Specificity:0.6154 | LR:0.0000176
[2023-08-16 19:05:47][Train.py][L163][INFO]Epoch[72/100] | Train Loss: 0.558 | Train Accuracy: 72.026% | Test Loss: 0.764 | Test Accuracy: 50.495% | Test AUC:0.5247 | Test Sen:0.4694 | Test Spe:0.5385 | Test F1:0.5050 | Test Recall:0.5050 | Test Precision:0.5050 | Best Test Accuracy: 54.455% | Best Test AUC:0.5122 | Best Test Sensitivity:0.4694 | Best Test Specificity:0.6154 | LR:0.0000171
[2023-08-16 19:05:48][Train.py][L163][INFO]Epoch[73/100] | Train Loss: 0.560 | Train Accuracy: 71.916% | Test Loss: 0.750 | Test Accuracy: 50.495% | Test AUC:0.5392 | Test Sen:0.4490 | Test Spe:0.5577 | Test F1:0.5050 | Test Recall:0.5050 | Test Precision:0.5050 | Best Test Accuracy: 54.455% | Best Test AUC:0.5122 | Best Test Sensitivity:0.4694 | Best Test Specificity:0.6154 | LR:0.0000166
[2023-08-16 19:05:49][Train.py][L163][INFO]Epoch[74/100] | Train Loss: 0.554 | Train Accuracy: 73.018% | Test Loss: 0.743 | Test Accuracy: 50.495% | Test AUC:0.5467 | Test Sen:0.3878 | Test Spe:0.6154 | Test F1:0.5050 | Test Recall:0.5050 | Test Precision:0.5050 | Best Test Accuracy: 54.455% | Best Test AUC:0.5122 | Best Test Sensitivity:0.4694 | Best Test Specificity:0.6154 | LR:0.0000161
[2023-08-16 19:05:50][Train.py][L163][INFO]Epoch[75/100] | Train Loss: 0.549 | Train Accuracy: 73.238% | Test Loss: 0.761 | Test Accuracy: 51.485% | Test AUC:0.5306 | Test Sen:0.4898 | Test Spe:0.5385 | Test F1:0.5149 | Test Recall:0.5149 | Test Precision:0.5149 | Best Test Accuracy: 54.455% | Best Test AUC:0.5122 | Best Test Sensitivity:0.4694 | Best Test Specificity:0.6154 | LR:0.0000156
[2023-08-16 19:05:51][Train.py][L163][INFO]Epoch[76/100] | Train Loss: 0.552 | Train Accuracy: 72.687% | Test Loss: 0.744 | Test Accuracy: 50.495% | Test AUC:0.5471 | Test Sen:0.3878 | Test Spe:0.6154 | Test F1:0.5050 | Test Recall:0.5050 | Test Precision:0.5050 | Best Test Accuracy: 54.455% | Best Test AUC:0.5122 | Best Test Sensitivity:0.4694 | Best Test Specificity:0.6154 | LR:0.0000152
[2023-08-16 19:05:52][Train.py][L163][INFO]Epoch[77/100] | Train Loss: 0.553 | Train Accuracy: 72.137% | Test Loss: 0.776 | Test Accuracy: 50.495% | Test AUC:0.5239 | Test Sen:0.4898 | Test Spe:0.5192 | Test F1:0.5050 | Test Recall:0.5050 | Test Precision:0.5050 | Best Test Accuracy: 54.455% | Best Test AUC:0.5122 | Best Test Sensitivity:0.4694 | Best Test Specificity:0.6154 | LR:0.0000148
[2023-08-16 19:05:53][Train.py][L163][INFO]Epoch[78/100] | Train Loss: 0.549 | Train Accuracy: 73.458% | Test Loss: 0.768 | Test Accuracy: 51.485% | Test AUC:0.5283 | Test Sen:0.5102 | Test Spe:0.5192 | Test F1:0.5149 | Test Recall:0.5149 | Test Precision:0.5149 | Best Test Accuracy: 54.455% | Best Test AUC:0.5122 | Best Test Sensitivity:0.4694 | Best Test Specificity:0.6154 | LR:0.0000144
[2023-08-16 19:05:54][Train.py][L163][INFO]Epoch[79/100] | Train Loss: 0.547 | Train Accuracy: 72.907% | Test Loss: 0.751 | Test Accuracy: 51.485% | Test AUC:0.5436 | Test Sen:0.4286 | Test Spe:0.5962 | Test F1:0.5149 | Test Recall:0.5149 | Test Precision:0.5149 | Best Test Accuracy: 54.455% | Best Test AUC:0.5122 | Best Test Sensitivity:0.4694 | Best Test Specificity:0.6154 | LR:0.0000140
[2023-08-16 19:05:55][Train.py][L163][INFO]Epoch[80/100] | Train Loss: 0.549 | Train Accuracy: 72.797% | Test Loss: 0.755 | Test Accuracy: 51.485% | Test AUC:0.5404 | Test Sen:0.4286 | Test Spe:0.5962 | Test F1:0.5149 | Test Recall:0.5149 | Test Precision:0.5149 | Best Test Accuracy: 54.455% | Best Test AUC:0.5122 | Best Test Sensitivity:0.4694 | Best Test Specificity:0.6154 | LR:0.0000136
[2023-08-16 19:05:56][Train.py][L163][INFO]Epoch[81/100] | Train Loss: 0.543 | Train Accuracy: 74.009% | Test Loss: 0.761 | Test Accuracy: 51.485% | Test AUC:0.5369 | Test Sen:0.4490 | Test Spe:0.5769 | Test F1:0.5149 | Test Recall:0.5149 | Test Precision:0.5149 | Best Test Accuracy: 54.455% | Best Test AUC:0.5122 | Best Test Sensitivity:0.4694 | Best Test Specificity:0.6154 | LR:0.0000132
[2023-08-16 19:05:57][Train.py][L163][INFO]Epoch[82/100] | Train Loss: 0.544 | Train Accuracy: 73.899% | Test Loss: 0.748 | Test Accuracy: 51.485% | Test AUC:0.5487 | Test Sen:0.3878 | Test Spe:0.6346 | Test F1:0.5149 | Test Recall:0.5149 | Test Precision:0.5149 | Best Test Accuracy: 54.455% | Best Test AUC:0.5122 | Best Test Sensitivity:0.4694 | Best Test Specificity:0.6154 | LR:0.0000129
[2023-08-16 19:05:59][Train.py][L163][INFO]Epoch[83/100] | Train Loss: 0.543 | Train Accuracy: 73.899% | Test Loss: 0.756 | Test Accuracy: 50.495% | Test AUC:0.5432 | Test Sen:0.4286 | Test Spe:0.5769 | Test F1:0.5050 | Test Recall:0.5050 | Test Precision:0.5050 | Best Test Accuracy: 54.455% | Best Test AUC:0.5122 | Best Test Sensitivity:0.4694 | Best Test Specificity:0.6154 | LR:0.0000126
[2023-08-16 19:06:00][Train.py][L163][INFO]Epoch[84/100] | Train Loss: 0.548 | Train Accuracy: 74.119% | Test Loss: 0.755 | Test Accuracy: 51.485% | Test AUC:0.5443 | Test Sen:0.4286 | Test Spe:0.5962 | Test F1:0.5149 | Test Recall:0.5149 | Test Precision:0.5149 | Best Test Accuracy: 54.455% | Best Test AUC:0.5122 | Best Test Sensitivity:0.4694 | Best Test Specificity:0.6154 | LR:0.0000123
[2023-08-16 19:06:01][Train.py][L163][INFO]Epoch[85/100] | Train Loss: 0.539 | Train Accuracy: 73.789% | Test Loss: 0.770 | Test Accuracy: 52.475% | Test AUC:0.5345 | Test Sen:0.5102 | Test Spe:0.5385 | Test F1:0.5248 | Test Recall:0.5248 | Test Precision:0.5248 | Best Test Accuracy: 54.455% | Best Test AUC:0.5122 | Best Test Sensitivity:0.4694 | Best Test Specificity:0.6154 | LR:0.0000120
[2023-08-16 19:06:02][Train.py][L163][INFO]Epoch[86/100] | Train Loss: 0.540 | Train Accuracy: 73.789% | Test Loss: 0.768 | Test Accuracy: 52.475% | Test AUC:0.5369 | Test Sen:0.5102 | Test Spe:0.5385 | Test F1:0.5248 | Test Recall:0.5248 | Test Precision:0.5248 | Best Test Accuracy: 54.455% | Best Test AUC:0.5122 | Best Test Sensitivity:0.4694 | Best Test Specificity:0.6154 | LR:0.0000118
[2023-08-16 19:06:03][Train.py][L163][INFO]Epoch[87/100] | Train Loss: 0.543 | Train Accuracy: 73.018% | Test Loss: 0.768 | Test Accuracy: 51.485% | Test AUC:0.5373 | Test Sen:0.4898 | Test Spe:0.5385 | Test F1:0.5149 | Test Recall:0.5149 | Test Precision:0.5149 | Best Test Accuracy: 54.455% | Best Test AUC:0.5122 | Best Test Sensitivity:0.4694 | Best Test Specificity:0.6154 | LR:0.0000115
[2023-08-16 19:06:04][Train.py][L163][INFO]Epoch[88/100] | Train Loss: 0.539 | Train Accuracy: 73.018% | Test Loss: 0.770 | Test Accuracy: 53.465% | Test AUC:0.5357 | Test Sen:0.5306 | Test Spe:0.5385 | Test F1:0.5347 | Test Recall:0.5347 | Test Precision:0.5347 | Best Test Accuracy: 54.455% | Best Test AUC:0.5122 | Best Test Sensitivity:0.4694 | Best Test Specificity:0.6154 | LR:0.0000113
[2023-08-16 19:06:05][Train.py][L163][INFO]Epoch[89/100] | Train Loss: 0.536 | Train Accuracy: 75.000% | Test Loss: 0.763 | Test Accuracy: 52.475% | Test AUC:0.5416 | Test Sen:0.4490 | Test Spe:0.5962 | Test F1:0.5248 | Test Recall:0.5248 | Test Precision:0.5248 | Best Test Accuracy: 54.455% | Best Test AUC:0.5122 | Best Test Sensitivity:0.4694 | Best Test Specificity:0.6154 | LR:0.0000111
[2023-08-16 19:06:06][Train.py][L163][INFO]Epoch[90/100] | Train Loss: 0.535 | Train Accuracy: 74.670% | Test Loss: 0.772 | Test Accuracy: 53.465% | Test AUC:0.5353 | Test Sen:0.5306 | Test Spe:0.5385 | Test F1:0.5347 | Test Recall:0.5347 | Test Precision:0.5347 | Best Test Accuracy: 54.455% | Best Test AUC:0.5122 | Best Test Sensitivity:0.4694 | Best Test Specificity:0.6154 | LR:0.0000109
[2023-08-16 19:06:07][Train.py][L163][INFO]Epoch[91/100] | Train Loss: 0.538 | Train Accuracy: 74.559% | Test Loss: 0.765 | Test Accuracy: 52.475% | Test AUC:0.5424 | Test Sen:0.4694 | Test Spe:0.5769 | Test F1:0.5248 | Test Recall:0.5248 | Test Precision:0.5248 | Best Test Accuracy: 54.455% | Best Test AUC:0.5122 | Best Test Sensitivity:0.4694 | Best Test Specificity:0.6154 | LR:0.0000107
[2023-08-16 19:06:08][Train.py][L163][INFO]Epoch[92/100] | Train Loss: 0.534 | Train Accuracy: 74.339% | Test Loss: 0.765 | Test Accuracy: 52.475% | Test AUC:0.5424 | Test Sen:0.4898 | Test Spe:0.5577 | Test F1:0.5248 | Test Recall:0.5248 | Test Precision:0.5248 | Best Test Accuracy: 54.455% | Best Test AUC:0.5122 | Best Test Sensitivity:0.4694 | Best Test Specificity:0.6154 | LR:0.0000106
[2023-08-16 19:06:09][Train.py][L163][INFO]Epoch[93/100] | Train Loss: 0.532 | Train Accuracy: 73.568% | Test Loss: 0.765 | Test Accuracy: 52.475% | Test AUC:0.5443 | Test Sen:0.4694 | Test Spe:0.5769 | Test F1:0.5248 | Test Recall:0.5248 | Test Precision:0.5248 | Best Test Accuracy: 54.455% | Best Test AUC:0.5122 | Best Test Sensitivity:0.4694 | Best Test Specificity:0.6154 | LR:0.0000104
[2023-08-16 19:06:10][Train.py][L163][INFO]Epoch[94/100] | Train Loss: 0.536 | Train Accuracy: 73.789% | Test Loss: 0.765 | Test Accuracy: 52.475% | Test AUC:0.5459 | Test Sen:0.4694 | Test Spe:0.5769 | Test F1:0.5248 | Test Recall:0.5248 | Test Precision:0.5248 | Best Test Accuracy: 54.455% | Best Test AUC:0.5122 | Best Test Sensitivity:0.4694 | Best Test Specificity:0.6154 | LR:0.0000103
[2023-08-16 19:06:11][Train.py][L163][INFO]Epoch[95/100] | Train Loss: 0.535 | Train Accuracy: 74.119% | Test Loss: 0.771 | Test Accuracy: 54.455% | Test AUC:0.5420 | Test Sen:0.5102 | Test Spe:0.5769 | Test F1:0.5446 | Test Recall:0.5446 | Test Precision:0.5446 | Best Test Accuracy: 54.455% | Best Test AUC:0.5122 | Best Test Sensitivity:0.4694 | Best Test Specificity:0.6154 | LR:0.0000102
[2023-08-16 19:06:12][Train.py][L163][INFO]Epoch[96/100] | Train Loss: 0.529 | Train Accuracy: 73.348% | Test Loss: 0.767 | Test Accuracy: 52.475% | Test AUC:0.5467 | Test Sen:0.4694 | Test Spe:0.5769 | Test F1:0.5248 | Test Recall:0.5248 | Test Precision:0.5248 | Best Test Accuracy: 54.455% | Best Test AUC:0.5122 | Best Test Sensitivity:0.4694 | Best Test Specificity:0.6154 | LR:0.0000101
[2023-08-16 19:06:13][Train.py][L163][INFO]Epoch[97/100] | Train Loss: 0.532 | Train Accuracy: 73.568% | Test Loss: 0.765 | Test Accuracy: 52.475% | Test AUC:0.5479 | Test Sen:0.4694 | Test Spe:0.5769 | Test F1:0.5248 | Test Recall:0.5248 | Test Precision:0.5248 | Best Test Accuracy: 54.455% | Best Test AUC:0.5122 | Best Test Sensitivity:0.4694 | Best Test Specificity:0.6154 | LR:0.0000101
[2023-08-16 19:06:14][Train.py][L163][INFO]Epoch[98/100] | Train Loss: 0.530 | Train Accuracy: 74.559% | Test Loss: 0.766 | Test Accuracy: 53.465% | Test AUC:0.5495 | Test Sen:0.4286 | Test Spe:0.6346 | Test F1:0.5347 | Test Recall:0.5347 | Test Precision:0.5347 | Best Test Accuracy: 54.455% | Best Test AUC:0.5122 | Best Test Sensitivity:0.4694 | Best Test Specificity:0.6154 | LR:0.0000100
[2023-08-16 19:06:15][Train.py][L163][INFO]Epoch[99/100] | Train Loss: 0.530 | Train Accuracy: 74.559% | Test Loss: 0.770 | Test Accuracy: 51.485% | Test AUC:0.5451 | Test Sen:0.4286 | Test Spe:0.5962 | Test F1:0.5149 | Test Recall:0.5149 | Test Precision:0.5149 | Best Test Accuracy: 54.455% | Best Test AUC:0.5122 | Best Test Sensitivity:0.4694 | Best Test Specificity:0.6154 | LR:0.0000100
[2023-08-16 19:06:16][Train.py][L163][INFO]Epoch[100/100] | Train Loss: 0.530 | Train Accuracy: 73.128% | Test Loss: 0.783 | Test Accuracy: 53.465% | Test AUC:0.5341 | Test Sen:0.5306 | Test Spe:0.5385 | Test F1:0.5347 | Test Recall:0.5347 | Test Precision:0.5347 | Best Test Accuracy: 54.455% | Best Test AUC:0.5122 | Best Test Sensitivity:0.4694 | Best Test Specificity:0.6154 | LR:0.0000100
