[2023-08-16 22:08:33][__main__.py][L41][INFO]dataset:
  name: fc_large
  batch_size: 16
  train_set: 0.9
  test_set: 0.1
  fc_path: /mnt/ssd1/mehul_data/research/fc_large_data.npy
  node_sz: 400
  node_feature_sz: 400
  num_classes: 2
  perc_edges: 100
  node: fc
model:
  name: GraphSAGE
  num_layers: 2
  hidden_size: 64
  dropout: 0.5
  readout: mean
  edge_percentage: 0.1
optimizer:
- name: Adam
  lr: 0.0001
  match_rule: None
  except_rule: None
  no_weight_decay: false
  weight_decay: 0.0001
  lr_scheduler:
    mode: poly
    base_lr: 0.0001
    target_lr: 1.0e-05
    decay_factor: 0.1
    milestones:
    - 0.3
    - 0.6
    - 0.9
    poly_power: 2.0
    lr_decay: 0.98
    warm_up_from: 0.0
    warm_up_steps: 0
training:
  name: Train
  epochs: 100
  l2: 0.0
log_path: result
repeat_time: 2
device: cuda:0
is_wandb: false
project: asd-graph

[2023-08-16 22:08:33][__init__.py][L15][INFO]cfg.dataset.name: fc_large
[2023-08-16 22:08:42][optimizer.py][L66][INFO]Parameters [normal] length [10]
[2023-08-16 22:08:42][__init__.py][L25][INFO]Training: Train
[2023-08-16 22:08:42][Train.py][L35][INFO]#model params: 1698049
[2023-08-16 22:08:44][Train.py][L163][INFO]Epoch[1/100] | Train Loss: 0.702 | Train Accuracy: 51.096% | Test Loss: 0.664 | Test Accuracy: 64.634% | Test AUC:0.7291 | Test Sen:0.5333 | Test Spe:0.7838 | Test F1:0.6463 | Test Recall:0.6463 | Test Precision:0.6463 | Best Test Accuracy: 64.634% | Best Test AUC:0.7291 | Best Test Sensitivity:0.5333 | Best Test Specificity:0.7838 | LR:0.0000982
[2023-08-16 22:08:46][Train.py][L163][INFO]Epoch[2/100] | Train Loss: 0.626 | Train Accuracy: 69.726% | Test Loss: 0.614 | Test Accuracy: 62.195% | Test AUC:0.7892 | Test Sen:0.9778 | Test Spe:0.1892 | Test F1:0.6220 | Test Recall:0.6220 | Test Precision:0.6220 | Best Test Accuracy: 64.634% | Best Test AUC:0.7291 | Best Test Sensitivity:0.5333 | Best Test Specificity:0.7838 | LR:0.0000964
[2023-08-16 22:08:48][Train.py][L163][INFO]Epoch[3/100] | Train Loss: 0.579 | Train Accuracy: 68.493% | Test Loss: 0.642 | Test Accuracy: 65.854% | Test AUC:0.7580 | Test Sen:0.4444 | Test Spe:0.9189 | Test F1:0.6585 | Test Recall:0.6585 | Test Precision:0.6585 | Best Test Accuracy: 65.854% | Best Test AUC:0.7580 | Best Test Sensitivity:0.4444 | Best Test Specificity:0.9189 | LR:0.0000947
[2023-08-16 22:08:50][Train.py][L163][INFO]Epoch[4/100] | Train Loss: 0.487 | Train Accuracy: 79.589% | Test Loss: 0.605 | Test Accuracy: 67.073% | Test AUC:0.7646 | Test Sen:0.5778 | Test Spe:0.7838 | Test F1:0.6707 | Test Recall:0.6707 | Test Precision:0.6707 | Best Test Accuracy: 67.073% | Best Test AUC:0.7646 | Best Test Sensitivity:0.5778 | Best Test Specificity:0.7838 | LR:0.0000929
[2023-08-16 22:08:52][Train.py][L163][INFO]Epoch[5/100] | Train Loss: 0.426 | Train Accuracy: 82.603% | Test Loss: 0.620 | Test Accuracy: 67.073% | Test AUC:0.7562 | Test Sen:0.6000 | Test Spe:0.7568 | Test F1:0.6707 | Test Recall:0.6707 | Test Precision:0.6707 | Best Test Accuracy: 67.073% | Best Test AUC:0.7646 | Best Test Sensitivity:0.5778 | Best Test Specificity:0.7838 | LR:0.0000912
[2023-08-16 22:08:54][Train.py][L163][INFO]Epoch[6/100] | Train Loss: 0.357 | Train Accuracy: 87.260% | Test Loss: 0.627 | Test Accuracy: 67.073% | Test AUC:0.7405 | Test Sen:0.7333 | Test Spe:0.5946 | Test F1:0.6707 | Test Recall:0.6707 | Test Precision:0.6707 | Best Test Accuracy: 67.073% | Best Test AUC:0.7646 | Best Test Sensitivity:0.5778 | Best Test Specificity:0.7838 | LR:0.0000895
[2023-08-16 22:08:55][Train.py][L163][INFO]Epoch[7/100] | Train Loss: 0.297 | Train Accuracy: 90.000% | Test Loss: 0.668 | Test Accuracy: 65.854% | Test AUC:0.7381 | Test Sen:0.6222 | Test Spe:0.7027 | Test F1:0.6585 | Test Recall:0.6585 | Test Precision:0.6585 | Best Test Accuracy: 67.073% | Best Test AUC:0.7646 | Best Test Sensitivity:0.5778 | Best Test Specificity:0.7838 | LR:0.0000878
[2023-08-16 22:08:57][Train.py][L163][INFO]Epoch[8/100] | Train Loss: 0.242 | Train Accuracy: 93.425% | Test Loss: 0.751 | Test Accuracy: 67.073% | Test AUC:0.7159 | Test Sen:0.6444 | Test Spe:0.7027 | Test F1:0.6707 | Test Recall:0.6707 | Test Precision:0.6707 | Best Test Accuracy: 67.073% | Best Test AUC:0.7646 | Best Test Sensitivity:0.5778 | Best Test Specificity:0.7838 | LR:0.0000862
[2023-08-16 22:08:59][Train.py][L163][INFO]Epoch[9/100] | Train Loss: 0.186 | Train Accuracy: 94.932% | Test Loss: 0.782 | Test Accuracy: 67.073% | Test AUC:0.7147 | Test Sen:0.6667 | Test Spe:0.6757 | Test F1:0.6707 | Test Recall:0.6707 | Test Precision:0.6707 | Best Test Accuracy: 67.073% | Best Test AUC:0.7646 | Best Test Sensitivity:0.5778 | Best Test Specificity:0.7838 | LR:0.0000845
[2023-08-16 22:09:01][Train.py][L163][INFO]Epoch[10/100] | Train Loss: 0.150 | Train Accuracy: 97.260% | Test Loss: 0.883 | Test Accuracy: 63.415% | Test AUC:0.6961 | Test Sen:0.6444 | Test Spe:0.6216 | Test F1:0.6341 | Test Recall:0.6341 | Test Precision:0.6341 | Best Test Accuracy: 67.073% | Best Test AUC:0.7646 | Best Test Sensitivity:0.5778 | Best Test Specificity:0.7838 | LR:0.0000829
[2023-08-16 22:09:03][Train.py][L163][INFO]Epoch[11/100] | Train Loss: 0.115 | Train Accuracy: 99.041% | Test Loss: 0.978 | Test Accuracy: 64.634% | Test AUC:0.6955 | Test Sen:0.6222 | Test Spe:0.6757 | Test F1:0.6463 | Test Recall:0.6463 | Test Precision:0.6463 | Best Test Accuracy: 67.073% | Best Test AUC:0.7646 | Best Test Sensitivity:0.5778 | Best Test Specificity:0.7838 | LR:0.0000813
[2023-08-16 22:09:05][Train.py][L163][INFO]Epoch[12/100] | Train Loss: 0.087 | Train Accuracy: 99.178% | Test Loss: 1.044 | Test Accuracy: 62.195% | Test AUC:0.6949 | Test Sen:0.5778 | Test Spe:0.6757 | Test F1:0.6220 | Test Recall:0.6220 | Test Precision:0.6220 | Best Test Accuracy: 67.073% | Best Test AUC:0.7646 | Best Test Sensitivity:0.5778 | Best Test Specificity:0.7838 | LR:0.0000797
[2023-08-16 22:09:07][Train.py][L163][INFO]Epoch[13/100] | Train Loss: 0.064 | Train Accuracy: 99.863% | Test Loss: 1.211 | Test Accuracy: 62.195% | Test AUC:0.6919 | Test Sen:0.5333 | Test Spe:0.7297 | Test F1:0.6220 | Test Recall:0.6220 | Test Precision:0.6220 | Best Test Accuracy: 67.073% | Best Test AUC:0.7646 | Best Test Sensitivity:0.5778 | Best Test Specificity:0.7838 | LR:0.0000781
[2023-08-16 22:09:09][Train.py][L163][INFO]Epoch[14/100] | Train Loss: 0.051 | Train Accuracy: 100.000% | Test Loss: 1.191 | Test Accuracy: 60.976% | Test AUC:0.6949 | Test Sen:0.5333 | Test Spe:0.7027 | Test F1:0.6098 | Test Recall:0.6098 | Test Precision:0.6098 | Best Test Accuracy: 67.073% | Best Test AUC:0.7646 | Best Test Sensitivity:0.5778 | Best Test Specificity:0.7838 | LR:0.0000766
[2023-08-16 22:09:11][Train.py][L163][INFO]Epoch[15/100] | Train Loss: 0.039 | Train Accuracy: 100.000% | Test Loss: 1.235 | Test Accuracy: 63.415% | Test AUC:0.6949 | Test Sen:0.6000 | Test Spe:0.6757 | Test F1:0.6341 | Test Recall:0.6341 | Test Precision:0.6341 | Best Test Accuracy: 67.073% | Best Test AUC:0.7646 | Best Test Sensitivity:0.5778 | Best Test Specificity:0.7838 | LR:0.0000750
[2023-08-16 22:09:13][Train.py][L163][INFO]Epoch[16/100] | Train Loss: 0.031 | Train Accuracy: 100.000% | Test Loss: 1.331 | Test Accuracy: 60.976% | Test AUC:0.6937 | Test Sen:0.5556 | Test Spe:0.6757 | Test F1:0.6098 | Test Recall:0.6098 | Test Precision:0.6098 | Best Test Accuracy: 67.073% | Best Test AUC:0.7646 | Best Test Sensitivity:0.5778 | Best Test Specificity:0.7838 | LR:0.0000735
[2023-08-16 22:09:15][Train.py][L163][INFO]Epoch[17/100] | Train Loss: 0.025 | Train Accuracy: 100.000% | Test Loss: 1.347 | Test Accuracy: 62.195% | Test AUC:0.6931 | Test Sen:0.5778 | Test Spe:0.6757 | Test F1:0.6220 | Test Recall:0.6220 | Test Precision:0.6220 | Best Test Accuracy: 67.073% | Best Test AUC:0.7646 | Best Test Sensitivity:0.5778 | Best Test Specificity:0.7838 | LR:0.0000720
[2023-08-16 22:09:17][Train.py][L163][INFO]Epoch[18/100] | Train Loss: 0.021 | Train Accuracy: 100.000% | Test Loss: 1.401 | Test Accuracy: 62.195% | Test AUC:0.6925 | Test Sen:0.5778 | Test Spe:0.6757 | Test F1:0.6220 | Test Recall:0.6220 | Test Precision:0.6220 | Best Test Accuracy: 67.073% | Best Test AUC:0.7646 | Best Test Sensitivity:0.5778 | Best Test Specificity:0.7838 | LR:0.0000705
[2023-08-16 22:09:19][Train.py][L163][INFO]Epoch[19/100] | Train Loss: 0.018 | Train Accuracy: 100.000% | Test Loss: 1.408 | Test Accuracy: 64.634% | Test AUC:0.6937 | Test Sen:0.6444 | Test Spe:0.6486 | Test F1:0.6463 | Test Recall:0.6463 | Test Precision:0.6463 | Best Test Accuracy: 67.073% | Best Test AUC:0.7646 | Best Test Sensitivity:0.5778 | Best Test Specificity:0.7838 | LR:0.0000690
[2023-08-16 22:09:21][Train.py][L163][INFO]Epoch[20/100] | Train Loss: 0.015 | Train Accuracy: 100.000% | Test Loss: 1.496 | Test Accuracy: 60.976% | Test AUC:0.6943 | Test Sen:0.5556 | Test Spe:0.6757 | Test F1:0.6098 | Test Recall:0.6098 | Test Precision:0.6098 | Best Test Accuracy: 67.073% | Best Test AUC:0.7646 | Best Test Sensitivity:0.5778 | Best Test Specificity:0.7838 | LR:0.0000676
[2023-08-16 22:09:23][Train.py][L163][INFO]Epoch[21/100] | Train Loss: 0.013 | Train Accuracy: 100.000% | Test Loss: 1.503 | Test Accuracy: 63.415% | Test AUC:0.6955 | Test Sen:0.6000 | Test Spe:0.6757 | Test F1:0.6341 | Test Recall:0.6341 | Test Precision:0.6341 | Best Test Accuracy: 67.073% | Best Test AUC:0.7646 | Best Test Sensitivity:0.5778 | Best Test Specificity:0.7838 | LR:0.0000662
[2023-08-16 22:09:25][Train.py][L163][INFO]Epoch[22/100] | Train Loss: 0.011 | Train Accuracy: 100.000% | Test Loss: 1.524 | Test Accuracy: 63.415% | Test AUC:0.6955 | Test Sen:0.6222 | Test Spe:0.6486 | Test F1:0.6341 | Test Recall:0.6341 | Test Precision:0.6341 | Best Test Accuracy: 67.073% | Best Test AUC:0.7646 | Best Test Sensitivity:0.5778 | Best Test Specificity:0.7838 | LR:0.0000648
[2023-08-16 22:09:27][Train.py][L163][INFO]Epoch[23/100] | Train Loss: 0.010 | Train Accuracy: 100.000% | Test Loss: 1.559 | Test Accuracy: 63.415% | Test AUC:0.6949 | Test Sen:0.6222 | Test Spe:0.6486 | Test F1:0.6341 | Test Recall:0.6341 | Test Precision:0.6341 | Best Test Accuracy: 67.073% | Best Test AUC:0.7646 | Best Test Sensitivity:0.5778 | Best Test Specificity:0.7838 | LR:0.0000634
[2023-08-16 22:09:29][Train.py][L163][INFO]Epoch[24/100] | Train Loss: 0.009 | Train Accuracy: 100.000% | Test Loss: 1.546 | Test Accuracy: 64.634% | Test AUC:0.6979 | Test Sen:0.6444 | Test Spe:0.6486 | Test F1:0.6463 | Test Recall:0.6463 | Test Precision:0.6463 | Best Test Accuracy: 67.073% | Best Test AUC:0.7646 | Best Test Sensitivity:0.5778 | Best Test Specificity:0.7838 | LR:0.0000620
[2023-08-16 22:09:31][Train.py][L163][INFO]Epoch[25/100] | Train Loss: 0.008 | Train Accuracy: 100.000% | Test Loss: 1.596 | Test Accuracy: 63.415% | Test AUC:0.6973 | Test Sen:0.6222 | Test Spe:0.6486 | Test F1:0.6341 | Test Recall:0.6341 | Test Precision:0.6341 | Best Test Accuracy: 67.073% | Best Test AUC:0.7646 | Best Test Sensitivity:0.5778 | Best Test Specificity:0.7838 | LR:0.0000606
[2023-08-16 22:09:33][Train.py][L163][INFO]Epoch[26/100] | Train Loss: 0.007 | Train Accuracy: 100.000% | Test Loss: 1.634 | Test Accuracy: 63.415% | Test AUC:0.6955 | Test Sen:0.6222 | Test Spe:0.6486 | Test F1:0.6341 | Test Recall:0.6341 | Test Precision:0.6341 | Best Test Accuracy: 67.073% | Best Test AUC:0.7646 | Best Test Sensitivity:0.5778 | Best Test Specificity:0.7838 | LR:0.0000593
[2023-08-16 22:09:35][Train.py][L163][INFO]Epoch[27/100] | Train Loss: 0.007 | Train Accuracy: 100.000% | Test Loss: 1.669 | Test Accuracy: 63.415% | Test AUC:0.6973 | Test Sen:0.6000 | Test Spe:0.6757 | Test F1:0.6341 | Test Recall:0.6341 | Test Precision:0.6341 | Best Test Accuracy: 67.073% | Best Test AUC:0.7646 | Best Test Sensitivity:0.5778 | Best Test Specificity:0.7838 | LR:0.0000580
[2023-08-16 22:09:37][Train.py][L163][INFO]Epoch[28/100] | Train Loss: 0.006 | Train Accuracy: 100.000% | Test Loss: 1.689 | Test Accuracy: 63.415% | Test AUC:0.6985 | Test Sen:0.6000 | Test Spe:0.6757 | Test F1:0.6341 | Test Recall:0.6341 | Test Precision:0.6341 | Best Test Accuracy: 67.073% | Best Test AUC:0.7646 | Best Test Sensitivity:0.5778 | Best Test Specificity:0.7838 | LR:0.0000567
[2023-08-16 22:09:39][Train.py][L163][INFO]Epoch[29/100] | Train Loss: 0.005 | Train Accuracy: 100.000% | Test Loss: 1.685 | Test Accuracy: 63.415% | Test AUC:0.6991 | Test Sen:0.6222 | Test Spe:0.6486 | Test F1:0.6341 | Test Recall:0.6341 | Test Precision:0.6341 | Best Test Accuracy: 67.073% | Best Test AUC:0.7646 | Best Test Sensitivity:0.5778 | Best Test Specificity:0.7838 | LR:0.0000554
[2023-08-16 22:09:40][Train.py][L163][INFO]Epoch[30/100] | Train Loss: 0.005 | Train Accuracy: 100.000% | Test Loss: 1.734 | Test Accuracy: 64.634% | Test AUC:0.6991 | Test Sen:0.6222 | Test Spe:0.6757 | Test F1:0.6463 | Test Recall:0.6463 | Test Precision:0.6463 | Best Test Accuracy: 67.073% | Best Test AUC:0.7646 | Best Test Sensitivity:0.5778 | Best Test Specificity:0.7838 | LR:0.0000541
[2023-08-16 22:09:42][Train.py][L163][INFO]Epoch[31/100] | Train Loss: 0.004 | Train Accuracy: 100.000% | Test Loss: 1.734 | Test Accuracy: 63.415% | Test AUC:0.6991 | Test Sen:0.6222 | Test Spe:0.6486 | Test F1:0.6341 | Test Recall:0.6341 | Test Precision:0.6341 | Best Test Accuracy: 67.073% | Best Test AUC:0.7646 | Best Test Sensitivity:0.5778 | Best Test Specificity:0.7838 | LR:0.0000528
[2023-08-16 22:09:44][Train.py][L163][INFO]Epoch[32/100] | Train Loss: 0.004 | Train Accuracy: 100.000% | Test Loss: 1.763 | Test Accuracy: 63.415% | Test AUC:0.6997 | Test Sen:0.6222 | Test Spe:0.6486 | Test F1:0.6341 | Test Recall:0.6341 | Test Precision:0.6341 | Best Test Accuracy: 67.073% | Best Test AUC:0.7646 | Best Test Sensitivity:0.5778 | Best Test Specificity:0.7838 | LR:0.0000516
[2023-08-16 22:09:46][Train.py][L163][INFO]Epoch[33/100] | Train Loss: 0.004 | Train Accuracy: 100.000% | Test Loss: 1.789 | Test Accuracy: 63.415% | Test AUC:0.6967 | Test Sen:0.6222 | Test Spe:0.6486 | Test F1:0.6341 | Test Recall:0.6341 | Test Precision:0.6341 | Best Test Accuracy: 67.073% | Best Test AUC:0.7646 | Best Test Sensitivity:0.5778 | Best Test Specificity:0.7838 | LR:0.0000504
[2023-08-16 22:09:48][Train.py][L163][INFO]Epoch[34/100] | Train Loss: 0.004 | Train Accuracy: 100.000% | Test Loss: 1.776 | Test Accuracy: 63.415% | Test AUC:0.6985 | Test Sen:0.6222 | Test Spe:0.6486 | Test F1:0.6341 | Test Recall:0.6341 | Test Precision:0.6341 | Best Test Accuracy: 67.073% | Best Test AUC:0.7646 | Best Test Sensitivity:0.5778 | Best Test Specificity:0.7838 | LR:0.0000492
[2023-08-16 22:09:50][Train.py][L163][INFO]Epoch[35/100] | Train Loss: 0.003 | Train Accuracy: 100.000% | Test Loss: 1.842 | Test Accuracy: 63.415% | Test AUC:0.6961 | Test Sen:0.6000 | Test Spe:0.6757 | Test F1:0.6341 | Test Recall:0.6341 | Test Precision:0.6341 | Best Test Accuracy: 67.073% | Best Test AUC:0.7646 | Best Test Sensitivity:0.5778 | Best Test Specificity:0.7838 | LR:0.0000480
[2023-08-16 22:09:52][Train.py][L163][INFO]Epoch[36/100] | Train Loss: 0.003 | Train Accuracy: 100.000% | Test Loss: 1.858 | Test Accuracy: 62.195% | Test AUC:0.6967 | Test Sen:0.5778 | Test Spe:0.6757 | Test F1:0.6220 | Test Recall:0.6220 | Test Precision:0.6220 | Best Test Accuracy: 67.073% | Best Test AUC:0.7646 | Best Test Sensitivity:0.5778 | Best Test Specificity:0.7838 | LR:0.0000469
[2023-08-16 22:09:54][Train.py][L163][INFO]Epoch[37/100] | Train Loss: 0.003 | Train Accuracy: 100.000% | Test Loss: 1.853 | Test Accuracy: 63.415% | Test AUC:0.6979 | Test Sen:0.6222 | Test Spe:0.6486 | Test F1:0.6341 | Test Recall:0.6341 | Test Precision:0.6341 | Best Test Accuracy: 67.073% | Best Test AUC:0.7646 | Best Test Sensitivity:0.5778 | Best Test Specificity:0.7838 | LR:0.0000457
[2023-08-16 22:09:56][Train.py][L163][INFO]Epoch[38/100] | Train Loss: 0.003 | Train Accuracy: 100.000% | Test Loss: 1.865 | Test Accuracy: 63.415% | Test AUC:0.6979 | Test Sen:0.6222 | Test Spe:0.6486 | Test F1:0.6341 | Test Recall:0.6341 | Test Precision:0.6341 | Best Test Accuracy: 67.073% | Best Test AUC:0.7646 | Best Test Sensitivity:0.5778 | Best Test Specificity:0.7838 | LR:0.0000446
[2023-08-16 22:09:58][Train.py][L163][INFO]Epoch[39/100] | Train Loss: 0.003 | Train Accuracy: 100.000% | Test Loss: 1.862 | Test Accuracy: 63.415% | Test AUC:0.6991 | Test Sen:0.6222 | Test Spe:0.6486 | Test F1:0.6341 | Test Recall:0.6341 | Test Precision:0.6341 | Best Test Accuracy: 67.073% | Best Test AUC:0.7646 | Best Test Sensitivity:0.5778 | Best Test Specificity:0.7838 | LR:0.0000435
[2023-08-16 22:10:00][Train.py][L163][INFO]Epoch[40/100] | Train Loss: 0.003 | Train Accuracy: 100.000% | Test Loss: 1.845 | Test Accuracy: 64.634% | Test AUC:0.6985 | Test Sen:0.6444 | Test Spe:0.6486 | Test F1:0.6463 | Test Recall:0.6463 | Test Precision:0.6463 | Best Test Accuracy: 67.073% | Best Test AUC:0.7646 | Best Test Sensitivity:0.5778 | Best Test Specificity:0.7838 | LR:0.0000424
[2023-08-16 22:10:02][Train.py][L163][INFO]Epoch[41/100] | Train Loss: 0.002 | Train Accuracy: 100.000% | Test Loss: 1.912 | Test Accuracy: 63.415% | Test AUC:0.6973 | Test Sen:0.6000 | Test Spe:0.6757 | Test F1:0.6341 | Test Recall:0.6341 | Test Precision:0.6341 | Best Test Accuracy: 67.073% | Best Test AUC:0.7646 | Best Test Sensitivity:0.5778 | Best Test Specificity:0.7838 | LR:0.0000413
[2023-08-16 22:10:04][Train.py][L163][INFO]Epoch[42/100] | Train Loss: 0.002 | Train Accuracy: 100.000% | Test Loss: 1.890 | Test Accuracy: 63.415% | Test AUC:0.6979 | Test Sen:0.6222 | Test Spe:0.6486 | Test F1:0.6341 | Test Recall:0.6341 | Test Precision:0.6341 | Best Test Accuracy: 67.073% | Best Test AUC:0.7646 | Best Test Sensitivity:0.5778 | Best Test Specificity:0.7838 | LR:0.0000403
[2023-08-16 22:10:06][Train.py][L163][INFO]Epoch[43/100] | Train Loss: 0.002 | Train Accuracy: 100.000% | Test Loss: 1.905 | Test Accuracy: 63.415% | Test AUC:0.6967 | Test Sen:0.6222 | Test Spe:0.6486 | Test F1:0.6341 | Test Recall:0.6341 | Test Precision:0.6341 | Best Test Accuracy: 67.073% | Best Test AUC:0.7646 | Best Test Sensitivity:0.5778 | Best Test Specificity:0.7838 | LR:0.0000392
[2023-08-16 22:10:08][Train.py][L163][INFO]Epoch[44/100] | Train Loss: 0.002 | Train Accuracy: 100.000% | Test Loss: 1.898 | Test Accuracy: 63.415% | Test AUC:0.6979 | Test Sen:0.6222 | Test Spe:0.6486 | Test F1:0.6341 | Test Recall:0.6341 | Test Precision:0.6341 | Best Test Accuracy: 67.073% | Best Test AUC:0.7646 | Best Test Sensitivity:0.5778 | Best Test Specificity:0.7838 | LR:0.0000382
[2023-08-16 22:10:10][Train.py][L163][INFO]Epoch[45/100] | Train Loss: 0.002 | Train Accuracy: 100.000% | Test Loss: 1.914 | Test Accuracy: 63.415% | Test AUC:0.6979 | Test Sen:0.6222 | Test Spe:0.6486 | Test F1:0.6341 | Test Recall:0.6341 | Test Precision:0.6341 | Best Test Accuracy: 67.073% | Best Test AUC:0.7646 | Best Test Sensitivity:0.5778 | Best Test Specificity:0.7838 | LR:0.0000372
[2023-08-16 22:10:12][Train.py][L163][INFO]Epoch[46/100] | Train Loss: 0.002 | Train Accuracy: 100.000% | Test Loss: 1.929 | Test Accuracy: 63.415% | Test AUC:0.6985 | Test Sen:0.6222 | Test Spe:0.6486 | Test F1:0.6341 | Test Recall:0.6341 | Test Precision:0.6341 | Best Test Accuracy: 67.073% | Best Test AUC:0.7646 | Best Test Sensitivity:0.5778 | Best Test Specificity:0.7838 | LR:0.0000362
[2023-08-16 22:10:14][Train.py][L163][INFO]Epoch[47/100] | Train Loss: 0.002 | Train Accuracy: 100.000% | Test Loss: 1.953 | Test Accuracy: 63.415% | Test AUC:0.6973 | Test Sen:0.6222 | Test Spe:0.6486 | Test F1:0.6341 | Test Recall:0.6341 | Test Precision:0.6341 | Best Test Accuracy: 67.073% | Best Test AUC:0.7646 | Best Test Sensitivity:0.5778 | Best Test Specificity:0.7838 | LR:0.0000353
[2023-08-16 22:10:16][Train.py][L163][INFO]Epoch[48/100] | Train Loss: 0.002 | Train Accuracy: 100.000% | Test Loss: 1.953 | Test Accuracy: 63.415% | Test AUC:0.6967 | Test Sen:0.6222 | Test Spe:0.6486 | Test F1:0.6341 | Test Recall:0.6341 | Test Precision:0.6341 | Best Test Accuracy: 67.073% | Best Test AUC:0.7646 | Best Test Sensitivity:0.5778 | Best Test Specificity:0.7838 | LR:0.0000343
[2023-08-16 22:10:18][Train.py][L163][INFO]Epoch[49/100] | Train Loss: 0.002 | Train Accuracy: 100.000% | Test Loss: 1.965 | Test Accuracy: 63.415% | Test AUC:0.6973 | Test Sen:0.6222 | Test Spe:0.6486 | Test F1:0.6341 | Test Recall:0.6341 | Test Precision:0.6341 | Best Test Accuracy: 67.073% | Best Test AUC:0.7646 | Best Test Sensitivity:0.5778 | Best Test Specificity:0.7838 | LR:0.0000334
[2023-08-16 22:10:20][Train.py][L163][INFO]Epoch[50/100] | Train Loss: 0.002 | Train Accuracy: 100.000% | Test Loss: 1.957 | Test Accuracy: 63.415% | Test AUC:0.6973 | Test Sen:0.6222 | Test Spe:0.6486 | Test F1:0.6341 | Test Recall:0.6341 | Test Precision:0.6341 | Best Test Accuracy: 67.073% | Best Test AUC:0.7646 | Best Test Sensitivity:0.5778 | Best Test Specificity:0.7838 | LR:0.0000325
[2023-08-16 22:10:21][Train.py][L163][INFO]Epoch[51/100] | Train Loss: 0.002 | Train Accuracy: 100.000% | Test Loss: 1.966 | Test Accuracy: 63.415% | Test AUC:0.6985 | Test Sen:0.6222 | Test Spe:0.6486 | Test F1:0.6341 | Test Recall:0.6341 | Test Precision:0.6341 | Best Test Accuracy: 67.073% | Best Test AUC:0.7646 | Best Test Sensitivity:0.5778 | Best Test Specificity:0.7838 | LR:0.0000316
[2023-08-16 22:10:22][Train.py][L163][INFO]Epoch[52/100] | Train Loss: 0.002 | Train Accuracy: 100.000% | Test Loss: 1.968 | Test Accuracy: 63.415% | Test AUC:0.6979 | Test Sen:0.6222 | Test Spe:0.6486 | Test F1:0.6341 | Test Recall:0.6341 | Test Precision:0.6341 | Best Test Accuracy: 67.073% | Best Test AUC:0.7646 | Best Test Sensitivity:0.5778 | Best Test Specificity:0.7838 | LR:0.0000307
[2023-08-16 22:10:24][Train.py][L163][INFO]Epoch[53/100] | Train Loss: 0.002 | Train Accuracy: 100.000% | Test Loss: 1.967 | Test Accuracy: 63.415% | Test AUC:0.6991 | Test Sen:0.6222 | Test Spe:0.6486 | Test F1:0.6341 | Test Recall:0.6341 | Test Precision:0.6341 | Best Test Accuracy: 67.073% | Best Test AUC:0.7646 | Best Test Sensitivity:0.5778 | Best Test Specificity:0.7838 | LR:0.0000299
[2023-08-16 22:10:25][Train.py][L163][INFO]Epoch[54/100] | Train Loss: 0.002 | Train Accuracy: 100.000% | Test Loss: 2.001 | Test Accuracy: 63.415% | Test AUC:0.6973 | Test Sen:0.6222 | Test Spe:0.6486 | Test F1:0.6341 | Test Recall:0.6341 | Test Precision:0.6341 | Best Test Accuracy: 67.073% | Best Test AUC:0.7646 | Best Test Sensitivity:0.5778 | Best Test Specificity:0.7838 | LR:0.0000290
[2023-08-16 22:10:26][Train.py][L163][INFO]Epoch[55/100] | Train Loss: 0.001 | Train Accuracy: 100.000% | Test Loss: 2.013 | Test Accuracy: 63.415% | Test AUC:0.6979 | Test Sen:0.6222 | Test Spe:0.6486 | Test F1:0.6341 | Test Recall:0.6341 | Test Precision:0.6341 | Best Test Accuracy: 67.073% | Best Test AUC:0.7646 | Best Test Sensitivity:0.5778 | Best Test Specificity:0.7838 | LR:0.0000282
[2023-08-16 22:10:28][Train.py][L163][INFO]Epoch[56/100] | Train Loss: 0.001 | Train Accuracy: 100.000% | Test Loss: 2.023 | Test Accuracy: 63.415% | Test AUC:0.6979 | Test Sen:0.6222 | Test Spe:0.6486 | Test F1:0.6341 | Test Recall:0.6341 | Test Precision:0.6341 | Best Test Accuracy: 67.073% | Best Test AUC:0.7646 | Best Test Sensitivity:0.5778 | Best Test Specificity:0.7838 | LR:0.0000274
[2023-08-16 22:10:29][Train.py][L163][INFO]Epoch[57/100] | Train Loss: 0.001 | Train Accuracy: 100.000% | Test Loss: 2.003 | Test Accuracy: 63.415% | Test AUC:0.6985 | Test Sen:0.6222 | Test Spe:0.6486 | Test F1:0.6341 | Test Recall:0.6341 | Test Precision:0.6341 | Best Test Accuracy: 67.073% | Best Test AUC:0.7646 | Best Test Sensitivity:0.5778 | Best Test Specificity:0.7838 | LR:0.0000266
[2023-08-16 22:10:31][Train.py][L163][INFO]Epoch[58/100] | Train Loss: 0.001 | Train Accuracy: 100.000% | Test Loss: 2.022 | Test Accuracy: 63.415% | Test AUC:0.6985 | Test Sen:0.6222 | Test Spe:0.6486 | Test F1:0.6341 | Test Recall:0.6341 | Test Precision:0.6341 | Best Test Accuracy: 67.073% | Best Test AUC:0.7646 | Best Test Sensitivity:0.5778 | Best Test Specificity:0.7838 | LR:0.0000259
[2023-08-16 22:10:32][Train.py][L163][INFO]Epoch[59/100] | Train Loss: 0.001 | Train Accuracy: 100.000% | Test Loss: 2.047 | Test Accuracy: 63.415% | Test AUC:0.6979 | Test Sen:0.6222 | Test Spe:0.6486 | Test F1:0.6341 | Test Recall:0.6341 | Test Precision:0.6341 | Best Test Accuracy: 67.073% | Best Test AUC:0.7646 | Best Test Sensitivity:0.5778 | Best Test Specificity:0.7838 | LR:0.0000251
[2023-08-16 22:10:33][Train.py][L163][INFO]Epoch[60/100] | Train Loss: 0.001 | Train Accuracy: 100.000% | Test Loss: 2.052 | Test Accuracy: 63.415% | Test AUC:0.6985 | Test Sen:0.6222 | Test Spe:0.6486 | Test F1:0.6341 | Test Recall:0.6341 | Test Precision:0.6341 | Best Test Accuracy: 67.073% | Best Test AUC:0.7646 | Best Test Sensitivity:0.5778 | Best Test Specificity:0.7838 | LR:0.0000244
[2023-08-16 22:10:35][Train.py][L163][INFO]Epoch[61/100] | Train Loss: 0.001 | Train Accuracy: 100.000% | Test Loss: 2.042 | Test Accuracy: 63.415% | Test AUC:0.6979 | Test Sen:0.6222 | Test Spe:0.6486 | Test F1:0.6341 | Test Recall:0.6341 | Test Precision:0.6341 | Best Test Accuracy: 67.073% | Best Test AUC:0.7646 | Best Test Sensitivity:0.5778 | Best Test Specificity:0.7838 | LR:0.0000237
[2023-08-16 22:10:36][Train.py][L163][INFO]Epoch[62/100] | Train Loss: 0.001 | Train Accuracy: 100.000% | Test Loss: 2.047 | Test Accuracy: 63.415% | Test AUC:0.6979 | Test Sen:0.6222 | Test Spe:0.6486 | Test F1:0.6341 | Test Recall:0.6341 | Test Precision:0.6341 | Best Test Accuracy: 67.073% | Best Test AUC:0.7646 | Best Test Sensitivity:0.5778 | Best Test Specificity:0.7838 | LR:0.0000230
[2023-08-16 22:10:38][Train.py][L163][INFO]Epoch[63/100] | Train Loss: 0.001 | Train Accuracy: 100.000% | Test Loss: 2.048 | Test Accuracy: 63.415% | Test AUC:0.6979 | Test Sen:0.6222 | Test Spe:0.6486 | Test F1:0.6341 | Test Recall:0.6341 | Test Precision:0.6341 | Best Test Accuracy: 67.073% | Best Test AUC:0.7646 | Best Test Sensitivity:0.5778 | Best Test Specificity:0.7838 | LR:0.0000223
[2023-08-16 22:10:39][Train.py][L163][INFO]Epoch[64/100] | Train Loss: 0.001 | Train Accuracy: 100.000% | Test Loss: 2.058 | Test Accuracy: 63.415% | Test AUC:0.6985 | Test Sen:0.6222 | Test Spe:0.6486 | Test F1:0.6341 | Test Recall:0.6341 | Test Precision:0.6341 | Best Test Accuracy: 67.073% | Best Test AUC:0.7646 | Best Test Sensitivity:0.5778 | Best Test Specificity:0.7838 | LR:0.0000217
[2023-08-16 22:10:41][Train.py][L163][INFO]Epoch[65/100] | Train Loss: 0.001 | Train Accuracy: 100.000% | Test Loss: 2.064 | Test Accuracy: 63.415% | Test AUC:0.6985 | Test Sen:0.6222 | Test Spe:0.6486 | Test F1:0.6341 | Test Recall:0.6341 | Test Precision:0.6341 | Best Test Accuracy: 67.073% | Best Test AUC:0.7646 | Best Test Sensitivity:0.5778 | Best Test Specificity:0.7838 | LR:0.0000210
[2023-08-16 22:10:42][Train.py][L163][INFO]Epoch[66/100] | Train Loss: 0.001 | Train Accuracy: 100.000% | Test Loss: 2.071 | Test Accuracy: 63.415% | Test AUC:0.6979 | Test Sen:0.6222 | Test Spe:0.6486 | Test F1:0.6341 | Test Recall:0.6341 | Test Precision:0.6341 | Best Test Accuracy: 67.073% | Best Test AUC:0.7646 | Best Test Sensitivity:0.5778 | Best Test Specificity:0.7838 | LR:0.0000204
[2023-08-16 22:10:43][Train.py][L163][INFO]Epoch[67/100] | Train Loss: 0.001 | Train Accuracy: 100.000% | Test Loss: 2.050 | Test Accuracy: 63.415% | Test AUC:0.6991 | Test Sen:0.6222 | Test Spe:0.6486 | Test F1:0.6341 | Test Recall:0.6341 | Test Precision:0.6341 | Best Test Accuracy: 67.073% | Best Test AUC:0.7646 | Best Test Sensitivity:0.5778 | Best Test Specificity:0.7838 | LR:0.0000198
[2023-08-16 22:10:45][Train.py][L163][INFO]Epoch[68/100] | Train Loss: 0.001 | Train Accuracy: 100.000% | Test Loss: 2.066 | Test Accuracy: 63.415% | Test AUC:0.6985 | Test Sen:0.6222 | Test Spe:0.6486 | Test F1:0.6341 | Test Recall:0.6341 | Test Precision:0.6341 | Best Test Accuracy: 67.073% | Best Test AUC:0.7646 | Best Test Sensitivity:0.5778 | Best Test Specificity:0.7838 | LR:0.0000192
[2023-08-16 22:10:46][Train.py][L163][INFO]Epoch[69/100] | Train Loss: 0.001 | Train Accuracy: 100.000% | Test Loss: 2.075 | Test Accuracy: 63.415% | Test AUC:0.6985 | Test Sen:0.6222 | Test Spe:0.6486 | Test F1:0.6341 | Test Recall:0.6341 | Test Precision:0.6341 | Best Test Accuracy: 67.073% | Best Test AUC:0.7646 | Best Test Sensitivity:0.5778 | Best Test Specificity:0.7838 | LR:0.0000186
[2023-08-16 22:10:48][Train.py][L163][INFO]Epoch[70/100] | Train Loss: 0.001 | Train Accuracy: 100.000% | Test Loss: 2.093 | Test Accuracy: 63.415% | Test AUC:0.6979 | Test Sen:0.6222 | Test Spe:0.6486 | Test F1:0.6341 | Test Recall:0.6341 | Test Precision:0.6341 | Best Test Accuracy: 67.073% | Best Test AUC:0.7646 | Best Test Sensitivity:0.5778 | Best Test Specificity:0.7838 | LR:0.0000181
[2023-08-16 22:10:49][Train.py][L163][INFO]Epoch[71/100] | Train Loss: 0.001 | Train Accuracy: 100.000% | Test Loss: 2.088 | Test Accuracy: 63.415% | Test AUC:0.6985 | Test Sen:0.6222 | Test Spe:0.6486 | Test F1:0.6341 | Test Recall:0.6341 | Test Precision:0.6341 | Best Test Accuracy: 67.073% | Best Test AUC:0.7646 | Best Test Sensitivity:0.5778 | Best Test Specificity:0.7838 | LR:0.0000176
[2023-08-16 22:10:51][Train.py][L163][INFO]Epoch[72/100] | Train Loss: 0.001 | Train Accuracy: 100.000% | Test Loss: 2.095 | Test Accuracy: 63.415% | Test AUC:0.6979 | Test Sen:0.6222 | Test Spe:0.6486 | Test F1:0.6341 | Test Recall:0.6341 | Test Precision:0.6341 | Best Test Accuracy: 67.073% | Best Test AUC:0.7646 | Best Test Sensitivity:0.5778 | Best Test Specificity:0.7838 | LR:0.0000171
[2023-08-16 22:10:52][Train.py][L163][INFO]Epoch[73/100] | Train Loss: 0.001 | Train Accuracy: 100.000% | Test Loss: 2.100 | Test Accuracy: 63.415% | Test AUC:0.6979 | Test Sen:0.6222 | Test Spe:0.6486 | Test F1:0.6341 | Test Recall:0.6341 | Test Precision:0.6341 | Best Test Accuracy: 67.073% | Best Test AUC:0.7646 | Best Test Sensitivity:0.5778 | Best Test Specificity:0.7838 | LR:0.0000166
[2023-08-16 22:10:53][Train.py][L163][INFO]Epoch[74/100] | Train Loss: 0.001 | Train Accuracy: 100.000% | Test Loss: 2.091 | Test Accuracy: 63.415% | Test AUC:0.6985 | Test Sen:0.6222 | Test Spe:0.6486 | Test F1:0.6341 | Test Recall:0.6341 | Test Precision:0.6341 | Best Test Accuracy: 67.073% | Best Test AUC:0.7646 | Best Test Sensitivity:0.5778 | Best Test Specificity:0.7838 | LR:0.0000161
[2023-08-16 22:10:55][Train.py][L163][INFO]Epoch[75/100] | Train Loss: 0.001 | Train Accuracy: 100.000% | Test Loss: 2.109 | Test Accuracy: 63.415% | Test AUC:0.6985 | Test Sen:0.6222 | Test Spe:0.6486 | Test F1:0.6341 | Test Recall:0.6341 | Test Precision:0.6341 | Best Test Accuracy: 67.073% | Best Test AUC:0.7646 | Best Test Sensitivity:0.5778 | Best Test Specificity:0.7838 | LR:0.0000156
[2023-08-16 22:10:56][Train.py][L163][INFO]Epoch[76/100] | Train Loss: 0.001 | Train Accuracy: 100.000% | Test Loss: 2.117 | Test Accuracy: 63.415% | Test AUC:0.6979 | Test Sen:0.6222 | Test Spe:0.6486 | Test F1:0.6341 | Test Recall:0.6341 | Test Precision:0.6341 | Best Test Accuracy: 67.073% | Best Test AUC:0.7646 | Best Test Sensitivity:0.5778 | Best Test Specificity:0.7838 | LR:0.0000152
[2023-08-16 22:10:58][Train.py][L163][INFO]Epoch[77/100] | Train Loss: 0.001 | Train Accuracy: 100.000% | Test Loss: 2.101 | Test Accuracy: 63.415% | Test AUC:0.6979 | Test Sen:0.6222 | Test Spe:0.6486 | Test F1:0.6341 | Test Recall:0.6341 | Test Precision:0.6341 | Best Test Accuracy: 67.073% | Best Test AUC:0.7646 | Best Test Sensitivity:0.5778 | Best Test Specificity:0.7838 | LR:0.0000148
[2023-08-16 22:10:59][Train.py][L163][INFO]Epoch[78/100] | Train Loss: 0.001 | Train Accuracy: 100.000% | Test Loss: 2.104 | Test Accuracy: 63.415% | Test AUC:0.6985 | Test Sen:0.6222 | Test Spe:0.6486 | Test F1:0.6341 | Test Recall:0.6341 | Test Precision:0.6341 | Best Test Accuracy: 67.073% | Best Test AUC:0.7646 | Best Test Sensitivity:0.5778 | Best Test Specificity:0.7838 | LR:0.0000144
[2023-08-16 22:11:00][Train.py][L163][INFO]Epoch[79/100] | Train Loss: 0.001 | Train Accuracy: 100.000% | Test Loss: 2.132 | Test Accuracy: 63.415% | Test AUC:0.6985 | Test Sen:0.6222 | Test Spe:0.6486 | Test F1:0.6341 | Test Recall:0.6341 | Test Precision:0.6341 | Best Test Accuracy: 67.073% | Best Test AUC:0.7646 | Best Test Sensitivity:0.5778 | Best Test Specificity:0.7838 | LR:0.0000140
[2023-08-16 22:11:02][Train.py][L163][INFO]Epoch[80/100] | Train Loss: 0.001 | Train Accuracy: 100.000% | Test Loss: 2.122 | Test Accuracy: 63.415% | Test AUC:0.6985 | Test Sen:0.6222 | Test Spe:0.6486 | Test F1:0.6341 | Test Recall:0.6341 | Test Precision:0.6341 | Best Test Accuracy: 67.073% | Best Test AUC:0.7646 | Best Test Sensitivity:0.5778 | Best Test Specificity:0.7838 | LR:0.0000136
[2023-08-16 22:11:03][Train.py][L163][INFO]Epoch[81/100] | Train Loss: 0.001 | Train Accuracy: 100.000% | Test Loss: 2.132 | Test Accuracy: 63.415% | Test AUC:0.6985 | Test Sen:0.6222 | Test Spe:0.6486 | Test F1:0.6341 | Test Recall:0.6341 | Test Precision:0.6341 | Best Test Accuracy: 67.073% | Best Test AUC:0.7646 | Best Test Sensitivity:0.5778 | Best Test Specificity:0.7838 | LR:0.0000132
[2023-08-16 22:11:04][Train.py][L163][INFO]Epoch[82/100] | Train Loss: 0.001 | Train Accuracy: 100.000% | Test Loss: 2.128 | Test Accuracy: 63.415% | Test AUC:0.6985 | Test Sen:0.6222 | Test Spe:0.6486 | Test F1:0.6341 | Test Recall:0.6341 | Test Precision:0.6341 | Best Test Accuracy: 67.073% | Best Test AUC:0.7646 | Best Test Sensitivity:0.5778 | Best Test Specificity:0.7838 | LR:0.0000129
[2023-08-16 22:11:06][Train.py][L163][INFO]Epoch[83/100] | Train Loss: 0.001 | Train Accuracy: 100.000% | Test Loss: 2.135 | Test Accuracy: 63.415% | Test AUC:0.6979 | Test Sen:0.6222 | Test Spe:0.6486 | Test F1:0.6341 | Test Recall:0.6341 | Test Precision:0.6341 | Best Test Accuracy: 67.073% | Best Test AUC:0.7646 | Best Test Sensitivity:0.5778 | Best Test Specificity:0.7838 | LR:0.0000126
[2023-08-16 22:11:07][Train.py][L163][INFO]Epoch[84/100] | Train Loss: 0.001 | Train Accuracy: 100.000% | Test Loss: 2.139 | Test Accuracy: 63.415% | Test AUC:0.6985 | Test Sen:0.6222 | Test Spe:0.6486 | Test F1:0.6341 | Test Recall:0.6341 | Test Precision:0.6341 | Best Test Accuracy: 67.073% | Best Test AUC:0.7646 | Best Test Sensitivity:0.5778 | Best Test Specificity:0.7838 | LR:0.0000123
[2023-08-16 22:11:09][Train.py][L163][INFO]Epoch[85/100] | Train Loss: 0.001 | Train Accuracy: 100.000% | Test Loss: 2.141 | Test Accuracy: 63.415% | Test AUC:0.6979 | Test Sen:0.6222 | Test Spe:0.6486 | Test F1:0.6341 | Test Recall:0.6341 | Test Precision:0.6341 | Best Test Accuracy: 67.073% | Best Test AUC:0.7646 | Best Test Sensitivity:0.5778 | Best Test Specificity:0.7838 | LR:0.0000120
[2023-08-16 22:11:10][Train.py][L163][INFO]Epoch[86/100] | Train Loss: 0.001 | Train Accuracy: 100.000% | Test Loss: 2.147 | Test Accuracy: 63.415% | Test AUC:0.6979 | Test Sen:0.6222 | Test Spe:0.6486 | Test F1:0.6341 | Test Recall:0.6341 | Test Precision:0.6341 | Best Test Accuracy: 67.073% | Best Test AUC:0.7646 | Best Test Sensitivity:0.5778 | Best Test Specificity:0.7838 | LR:0.0000118
[2023-08-16 22:11:11][Train.py][L163][INFO]Epoch[87/100] | Train Loss: 0.001 | Train Accuracy: 100.000% | Test Loss: 2.135 | Test Accuracy: 63.415% | Test AUC:0.6985 | Test Sen:0.6222 | Test Spe:0.6486 | Test F1:0.6341 | Test Recall:0.6341 | Test Precision:0.6341 | Best Test Accuracy: 67.073% | Best Test AUC:0.7646 | Best Test Sensitivity:0.5778 | Best Test Specificity:0.7838 | LR:0.0000115
[2023-08-16 22:11:13][Train.py][L163][INFO]Epoch[88/100] | Train Loss: 0.001 | Train Accuracy: 100.000% | Test Loss: 2.139 | Test Accuracy: 63.415% | Test AUC:0.6979 | Test Sen:0.6222 | Test Spe:0.6486 | Test F1:0.6341 | Test Recall:0.6341 | Test Precision:0.6341 | Best Test Accuracy: 67.073% | Best Test AUC:0.7646 | Best Test Sensitivity:0.5778 | Best Test Specificity:0.7838 | LR:0.0000113
[2023-08-16 22:11:14][Train.py][L163][INFO]Epoch[89/100] | Train Loss: 0.001 | Train Accuracy: 100.000% | Test Loss: 2.159 | Test Accuracy: 63.415% | Test AUC:0.6979 | Test Sen:0.6222 | Test Spe:0.6486 | Test F1:0.6341 | Test Recall:0.6341 | Test Precision:0.6341 | Best Test Accuracy: 67.073% | Best Test AUC:0.7646 | Best Test Sensitivity:0.5778 | Best Test Specificity:0.7838 | LR:0.0000111
[2023-08-16 22:11:15][Train.py][L163][INFO]Epoch[90/100] | Train Loss: 0.001 | Train Accuracy: 100.000% | Test Loss: 2.162 | Test Accuracy: 63.415% | Test AUC:0.6979 | Test Sen:0.6222 | Test Spe:0.6486 | Test F1:0.6341 | Test Recall:0.6341 | Test Precision:0.6341 | Best Test Accuracy: 67.073% | Best Test AUC:0.7646 | Best Test Sensitivity:0.5778 | Best Test Specificity:0.7838 | LR:0.0000109
[2023-08-16 22:11:17][Train.py][L163][INFO]Epoch[91/100] | Train Loss: 0.001 | Train Accuracy: 100.000% | Test Loss: 2.156 | Test Accuracy: 63.415% | Test AUC:0.6979 | Test Sen:0.6222 | Test Spe:0.6486 | Test F1:0.6341 | Test Recall:0.6341 | Test Precision:0.6341 | Best Test Accuracy: 67.073% | Best Test AUC:0.7646 | Best Test Sensitivity:0.5778 | Best Test Specificity:0.7838 | LR:0.0000107
[2023-08-16 22:11:18][Train.py][L163][INFO]Epoch[92/100] | Train Loss: 0.001 | Train Accuracy: 100.000% | Test Loss: 2.160 | Test Accuracy: 63.415% | Test AUC:0.6979 | Test Sen:0.6222 | Test Spe:0.6486 | Test F1:0.6341 | Test Recall:0.6341 | Test Precision:0.6341 | Best Test Accuracy: 67.073% | Best Test AUC:0.7646 | Best Test Sensitivity:0.5778 | Best Test Specificity:0.7838 | LR:0.0000106
[2023-08-16 22:11:20][Train.py][L163][INFO]Epoch[93/100] | Train Loss: 0.001 | Train Accuracy: 100.000% | Test Loss: 2.157 | Test Accuracy: 63.415% | Test AUC:0.6985 | Test Sen:0.6222 | Test Spe:0.6486 | Test F1:0.6341 | Test Recall:0.6341 | Test Precision:0.6341 | Best Test Accuracy: 67.073% | Best Test AUC:0.7646 | Best Test Sensitivity:0.5778 | Best Test Specificity:0.7838 | LR:0.0000104
[2023-08-16 22:11:21][Train.py][L163][INFO]Epoch[94/100] | Train Loss: 0.001 | Train Accuracy: 100.000% | Test Loss: 2.171 | Test Accuracy: 63.415% | Test AUC:0.6979 | Test Sen:0.6222 | Test Spe:0.6486 | Test F1:0.6341 | Test Recall:0.6341 | Test Precision:0.6341 | Best Test Accuracy: 67.073% | Best Test AUC:0.7646 | Best Test Sensitivity:0.5778 | Best Test Specificity:0.7838 | LR:0.0000103
[2023-08-16 22:11:22][Train.py][L163][INFO]Epoch[95/100] | Train Loss: 0.001 | Train Accuracy: 100.000% | Test Loss: 2.173 | Test Accuracy: 63.415% | Test AUC:0.6985 | Test Sen:0.6222 | Test Spe:0.6486 | Test F1:0.6341 | Test Recall:0.6341 | Test Precision:0.6341 | Best Test Accuracy: 67.073% | Best Test AUC:0.7646 | Best Test Sensitivity:0.5778 | Best Test Specificity:0.7838 | LR:0.0000102
[2023-08-16 22:11:24][Train.py][L163][INFO]Epoch[96/100] | Train Loss: 0.001 | Train Accuracy: 100.000% | Test Loss: 2.167 | Test Accuracy: 63.415% | Test AUC:0.6979 | Test Sen:0.6222 | Test Spe:0.6486 | Test F1:0.6341 | Test Recall:0.6341 | Test Precision:0.6341 | Best Test Accuracy: 67.073% | Best Test AUC:0.7646 | Best Test Sensitivity:0.5778 | Best Test Specificity:0.7838 | LR:0.0000101
[2023-08-16 22:11:25][Train.py][L163][INFO]Epoch[97/100] | Train Loss: 0.001 | Train Accuracy: 100.000% | Test Loss: 2.179 | Test Accuracy: 63.415% | Test AUC:0.6979 | Test Sen:0.6222 | Test Spe:0.6486 | Test F1:0.6341 | Test Recall:0.6341 | Test Precision:0.6341 | Best Test Accuracy: 67.073% | Best Test AUC:0.7646 | Best Test Sensitivity:0.5778 | Best Test Specificity:0.7838 | LR:0.0000101
[2023-08-16 22:11:26][Train.py][L163][INFO]Epoch[98/100] | Train Loss: 0.001 | Train Accuracy: 100.000% | Test Loss: 2.179 | Test Accuracy: 63.415% | Test AUC:0.6979 | Test Sen:0.6222 | Test Spe:0.6486 | Test F1:0.6341 | Test Recall:0.6341 | Test Precision:0.6341 | Best Test Accuracy: 67.073% | Best Test AUC:0.7646 | Best Test Sensitivity:0.5778 | Best Test Specificity:0.7838 | LR:0.0000100
[2023-08-16 22:11:28][Train.py][L163][INFO]Epoch[99/100] | Train Loss: 0.001 | Train Accuracy: 100.000% | Test Loss: 2.177 | Test Accuracy: 63.415% | Test AUC:0.6985 | Test Sen:0.6222 | Test Spe:0.6486 | Test F1:0.6341 | Test Recall:0.6341 | Test Precision:0.6341 | Best Test Accuracy: 67.073% | Best Test AUC:0.7646 | Best Test Sensitivity:0.5778 | Best Test Specificity:0.7838 | LR:0.0000100
[2023-08-16 22:11:29][Train.py][L163][INFO]Epoch[100/100] | Train Loss: 0.001 | Train Accuracy: 100.000% | Test Loss: 2.174 | Test Accuracy: 63.415% | Test AUC:0.6985 | Test Sen:0.6222 | Test Spe:0.6486 | Test F1:0.6341 | Test Recall:0.6341 | Test Precision:0.6341 | Best Test Accuracy: 67.073% | Best Test AUC:0.7646 | Best Test Sensitivity:0.5778 | Best Test Specificity:0.7838 | LR:0.0000100
[2023-08-16 22:11:29][__main__.py][L41][INFO]dataset:
  name: fc_large
  batch_size: 16
  train_set: 0.9
  test_set: 0.1
  fc_path: /mnt/ssd1/mehul_data/research/fc_large_data.npy
  node_sz: 400
  node_feature_sz: 400
  num_classes: 2
  perc_edges: 100
  node: fc
model:
  name: GraphSAGE
  num_layers: 2
  hidden_size: 64
  dropout: 0.5
  readout: mean
  edge_percentage: 0.1
optimizer:
- name: Adam
  lr: 0.0001
  match_rule: None
  except_rule: None
  no_weight_decay: false
  weight_decay: 0.0001
  lr_scheduler:
    mode: poly
    base_lr: 0.0001
    target_lr: 1.0e-05
    decay_factor: 0.1
    milestones:
    - 0.3
    - 0.6
    - 0.9
    poly_power: 2.0
    lr_decay: 0.98
    warm_up_from: 0.0
    warm_up_steps: 0
training:
  name: Train
  epochs: 100
  l2: 0.0
log_path: result
repeat_time: 2
device: cuda:0
is_wandb: false
project: asd-graph
steps_per_epoch: 46.0
total_steps: 4600.0

[2023-08-16 22:11:29][__init__.py][L15][INFO]cfg.dataset.name: fc_large
[2023-08-16 22:11:37][optimizer.py][L66][INFO]Parameters [normal] length [10]
[2023-08-16 22:11:37][__init__.py][L25][INFO]Training: Train
[2023-08-16 22:11:37][Train.py][L35][INFO]#model params: 1698049
[2023-08-16 22:11:38][Train.py][L163][INFO]Epoch[1/100] | Train Loss: 0.687 | Train Accuracy: 54.521% | Test Loss: 0.651 | Test Accuracy: 64.634% | Test AUC:0.7117 | Test Sen:0.4889 | Test Spe:0.8378 | Test F1:0.6463 | Test Recall:0.6463 | Test Precision:0.6463 | Best Test Accuracy: 64.634% | Best Test AUC:0.7117 | Best Test Sensitivity:0.4889 | Best Test Specificity:0.8378 | LR:0.0000982
[2023-08-16 22:11:40][Train.py][L163][INFO]Epoch[2/100] | Train Loss: 0.614 | Train Accuracy: 69.041% | Test Loss: 0.640 | Test Accuracy: 62.195% | Test AUC:0.7910 | Test Sen:0.3778 | Test Spe:0.9189 | Test F1:0.6220 | Test Recall:0.6220 | Test Precision:0.6220 | Best Test Accuracy: 64.634% | Best Test AUC:0.7117 | Best Test Sensitivity:0.4889 | Best Test Specificity:0.8378 | LR:0.0000964
[2023-08-16 22:11:41][Train.py][L163][INFO]Epoch[3/100] | Train Loss: 0.527 | Train Accuracy: 77.260% | Test Loss: 0.586 | Test Accuracy: 69.512% | Test AUC:0.7994 | Test Sen:0.6000 | Test Spe:0.8108 | Test F1:0.6951 | Test Recall:0.6951 | Test Precision:0.6951 | Best Test Accuracy: 69.512% | Best Test AUC:0.7994 | Best Test Sensitivity:0.6000 | Best Test Specificity:0.8108 | LR:0.0000947
[2023-08-16 22:11:42][Train.py][L163][INFO]Epoch[4/100] | Train Loss: 0.460 | Train Accuracy: 81.644% | Test Loss: 0.682 | Test Accuracy: 65.854% | Test AUC:0.7604 | Test Sen:0.4444 | Test Spe:0.9189 | Test F1:0.6585 | Test Recall:0.6585 | Test Precision:0.6585 | Best Test Accuracy: 69.512% | Best Test AUC:0.7994 | Best Test Sensitivity:0.6000 | Best Test Specificity:0.8108 | LR:0.0000929
[2023-08-16 22:11:44][Train.py][L163][INFO]Epoch[5/100] | Train Loss: 0.403 | Train Accuracy: 85.068% | Test Loss: 0.601 | Test Accuracy: 68.293% | Test AUC:0.7826 | Test Sen:0.5778 | Test Spe:0.8108 | Test F1:0.6829 | Test Recall:0.6829 | Test Precision:0.6829 | Best Test Accuracy: 69.512% | Best Test AUC:0.7994 | Best Test Sensitivity:0.6000 | Best Test Specificity:0.8108 | LR:0.0000912
[2023-08-16 22:11:45][Train.py][L163][INFO]Epoch[6/100] | Train Loss: 0.342 | Train Accuracy: 87.123% | Test Loss: 0.694 | Test Accuracy: 65.854% | Test AUC:0.7604 | Test Sen:0.4667 | Test Spe:0.8919 | Test F1:0.6585 | Test Recall:0.6585 | Test Precision:0.6585 | Best Test Accuracy: 69.512% | Best Test AUC:0.7994 | Best Test Sensitivity:0.6000 | Best Test Specificity:0.8108 | LR:0.0000895
[2023-08-16 22:11:47][Train.py][L163][INFO]Epoch[7/100] | Train Loss: 0.277 | Train Accuracy: 92.329% | Test Loss: 0.625 | Test Accuracy: 68.293% | Test AUC:0.7610 | Test Sen:0.7111 | Test Spe:0.6486 | Test F1:0.6829 | Test Recall:0.6829 | Test Precision:0.6829 | Best Test Accuracy: 69.512% | Best Test AUC:0.7994 | Best Test Sensitivity:0.6000 | Best Test Specificity:0.8108 | LR:0.0000878
[2023-08-16 22:11:48][Train.py][L163][INFO]Epoch[8/100] | Train Loss: 0.216 | Train Accuracy: 95.616% | Test Loss: 0.647 | Test Accuracy: 69.512% | Test AUC:0.7610 | Test Sen:0.6667 | Test Spe:0.7297 | Test F1:0.6951 | Test Recall:0.6951 | Test Precision:0.6951 | Best Test Accuracy: 69.512% | Best Test AUC:0.7994 | Best Test Sensitivity:0.6000 | Best Test Specificity:0.8108 | LR:0.0000862
[2023-08-16 22:11:49][Train.py][L163][INFO]Epoch[9/100] | Train Loss: 0.169 | Train Accuracy: 97.671% | Test Loss: 0.674 | Test Accuracy: 67.073% | Test AUC:0.7568 | Test Sen:0.7111 | Test Spe:0.6216 | Test F1:0.6707 | Test Recall:0.6707 | Test Precision:0.6707 | Best Test Accuracy: 69.512% | Best Test AUC:0.7994 | Best Test Sensitivity:0.6000 | Best Test Specificity:0.8108 | LR:0.0000845
[2023-08-16 22:11:51][Train.py][L163][INFO]Epoch[10/100] | Train Loss: 0.132 | Train Accuracy: 99.178% | Test Loss: 0.724 | Test Accuracy: 69.512% | Test AUC:0.7471 | Test Sen:0.7556 | Test Spe:0.6216 | Test F1:0.6951 | Test Recall:0.6951 | Test Precision:0.6951 | Best Test Accuracy: 69.512% | Best Test AUC:0.7994 | Best Test Sensitivity:0.6000 | Best Test Specificity:0.8108 | LR:0.0000829
[2023-08-16 22:11:52][Train.py][L163][INFO]Epoch[11/100] | Train Loss: 0.101 | Train Accuracy: 99.726% | Test Loss: 0.875 | Test Accuracy: 69.512% | Test AUC:0.7483 | Test Sen:0.5778 | Test Spe:0.8378 | Test F1:0.6951 | Test Recall:0.6951 | Test Precision:0.6951 | Best Test Accuracy: 69.512% | Best Test AUC:0.7994 | Best Test Sensitivity:0.6000 | Best Test Specificity:0.8108 | LR:0.0000813
[2023-08-16 22:11:53][Train.py][L163][INFO]Epoch[12/100] | Train Loss: 0.074 | Train Accuracy: 99.726% | Test Loss: 0.843 | Test Accuracy: 67.073% | Test AUC:0.7399 | Test Sen:0.6889 | Test Spe:0.6486 | Test F1:0.6707 | Test Recall:0.6707 | Test Precision:0.6707 | Best Test Accuracy: 69.512% | Best Test AUC:0.7994 | Best Test Sensitivity:0.6000 | Best Test Specificity:0.8108 | LR:0.0000797
[2023-08-16 22:11:55][Train.py][L163][INFO]Epoch[13/100] | Train Loss: 0.062 | Train Accuracy: 99.863% | Test Loss: 0.884 | Test Accuracy: 65.854% | Test AUC:0.7447 | Test Sen:0.6444 | Test Spe:0.6757 | Test F1:0.6585 | Test Recall:0.6585 | Test Precision:0.6585 | Best Test Accuracy: 69.512% | Best Test AUC:0.7994 | Best Test Sensitivity:0.6000 | Best Test Specificity:0.8108 | LR:0.0000781
[2023-08-16 22:11:56][Train.py][L163][INFO]Epoch[14/100] | Train Loss: 0.045 | Train Accuracy: 100.000% | Test Loss: 0.992 | Test Accuracy: 70.732% | Test AUC:0.7435 | Test Sen:0.6444 | Test Spe:0.7838 | Test F1:0.7073 | Test Recall:0.7073 | Test Precision:0.7073 | Best Test Accuracy: 70.732% | Best Test AUC:0.7435 | Best Test Sensitivity:0.6444 | Best Test Specificity:0.7838 | LR:0.0000766
[2023-08-16 22:11:58][Train.py][L163][INFO]Epoch[15/100] | Train Loss: 0.035 | Train Accuracy: 100.000% | Test Loss: 0.967 | Test Accuracy: 65.854% | Test AUC:0.7423 | Test Sen:0.6667 | Test Spe:0.6486 | Test F1:0.6585 | Test Recall:0.6585 | Test Precision:0.6585 | Best Test Accuracy: 70.732% | Best Test AUC:0.7435 | Best Test Sensitivity:0.6444 | Best Test Specificity:0.7838 | LR:0.0000750
[2023-08-16 22:11:59][Train.py][L163][INFO]Epoch[16/100] | Train Loss: 0.028 | Train Accuracy: 100.000% | Test Loss: 1.033 | Test Accuracy: 67.073% | Test AUC:0.7429 | Test Sen:0.6444 | Test Spe:0.7027 | Test F1:0.6707 | Test Recall:0.6707 | Test Precision:0.6707 | Best Test Accuracy: 70.732% | Best Test AUC:0.7435 | Best Test Sensitivity:0.6444 | Best Test Specificity:0.7838 | LR:0.0000735
[2023-08-16 22:12:00][Train.py][L163][INFO]Epoch[17/100] | Train Loss: 0.024 | Train Accuracy: 100.000% | Test Loss: 1.035 | Test Accuracy: 68.293% | Test AUC:0.7435 | Test Sen:0.6889 | Test Spe:0.6757 | Test F1:0.6829 | Test Recall:0.6829 | Test Precision:0.6829 | Best Test Accuracy: 70.732% | Best Test AUC:0.7435 | Best Test Sensitivity:0.6444 | Best Test Specificity:0.7838 | LR:0.0000720
[2023-08-16 22:12:02][Train.py][L163][INFO]Epoch[18/100] | Train Loss: 0.020 | Train Accuracy: 100.000% | Test Loss: 1.137 | Test Accuracy: 69.512% | Test AUC:0.7459 | Test Sen:0.6444 | Test Spe:0.7568 | Test F1:0.6951 | Test Recall:0.6951 | Test Precision:0.6951 | Best Test Accuracy: 70.732% | Best Test AUC:0.7435 | Best Test Sensitivity:0.6444 | Best Test Specificity:0.7838 | LR:0.0000705
[2023-08-16 22:12:03][Train.py][L163][INFO]Epoch[19/100] | Train Loss: 0.017 | Train Accuracy: 100.000% | Test Loss: 1.130 | Test Accuracy: 68.293% | Test AUC:0.7453 | Test Sen:0.6667 | Test Spe:0.7027 | Test F1:0.6829 | Test Recall:0.6829 | Test Precision:0.6829 | Best Test Accuracy: 70.732% | Best Test AUC:0.7435 | Best Test Sensitivity:0.6444 | Best Test Specificity:0.7838 | LR:0.0000690
[2023-08-16 22:12:04][Train.py][L163][INFO]Epoch[20/100] | Train Loss: 0.014 | Train Accuracy: 100.000% | Test Loss: 1.145 | Test Accuracy: 68.293% | Test AUC:0.7459 | Test Sen:0.6667 | Test Spe:0.7027 | Test F1:0.6829 | Test Recall:0.6829 | Test Precision:0.6829 | Best Test Accuracy: 70.732% | Best Test AUC:0.7435 | Best Test Sensitivity:0.6444 | Best Test Specificity:0.7838 | LR:0.0000676
[2023-08-16 22:12:06][Train.py][L163][INFO]Epoch[21/100] | Train Loss: 0.012 | Train Accuracy: 100.000% | Test Loss: 1.150 | Test Accuracy: 67.073% | Test AUC:0.7435 | Test Sen:0.6667 | Test Spe:0.6757 | Test F1:0.6707 | Test Recall:0.6707 | Test Precision:0.6707 | Best Test Accuracy: 70.732% | Best Test AUC:0.7435 | Best Test Sensitivity:0.6444 | Best Test Specificity:0.7838 | LR:0.0000662
[2023-08-16 22:12:07][Train.py][L163][INFO]Epoch[22/100] | Train Loss: 0.011 | Train Accuracy: 100.000% | Test Loss: 1.179 | Test Accuracy: 67.073% | Test AUC:0.7441 | Test Sen:0.6667 | Test Spe:0.6757 | Test F1:0.6707 | Test Recall:0.6707 | Test Precision:0.6707 | Best Test Accuracy: 70.732% | Best Test AUC:0.7435 | Best Test Sensitivity:0.6444 | Best Test Specificity:0.7838 | LR:0.0000648
[2023-08-16 22:12:09][Train.py][L163][INFO]Epoch[23/100] | Train Loss: 0.010 | Train Accuracy: 100.000% | Test Loss: 1.194 | Test Accuracy: 68.293% | Test AUC:0.7441 | Test Sen:0.6667 | Test Spe:0.7027 | Test F1:0.6829 | Test Recall:0.6829 | Test Precision:0.6829 | Best Test Accuracy: 70.732% | Best Test AUC:0.7435 | Best Test Sensitivity:0.6444 | Best Test Specificity:0.7838 | LR:0.0000634
[2023-08-16 22:12:10][Train.py][L163][INFO]Epoch[24/100] | Train Loss: 0.009 | Train Accuracy: 100.000% | Test Loss: 1.220 | Test Accuracy: 67.073% | Test AUC:0.7417 | Test Sen:0.6667 | Test Spe:0.6757 | Test F1:0.6707 | Test Recall:0.6707 | Test Precision:0.6707 | Best Test Accuracy: 70.732% | Best Test AUC:0.7435 | Best Test Sensitivity:0.6444 | Best Test Specificity:0.7838 | LR:0.0000620
[2023-08-16 22:12:11][Train.py][L163][INFO]Epoch[25/100] | Train Loss: 0.008 | Train Accuracy: 100.000% | Test Loss: 1.235 | Test Accuracy: 67.073% | Test AUC:0.7429 | Test Sen:0.6667 | Test Spe:0.6757 | Test F1:0.6707 | Test Recall:0.6707 | Test Precision:0.6707 | Best Test Accuracy: 70.732% | Best Test AUC:0.7435 | Best Test Sensitivity:0.6444 | Best Test Specificity:0.7838 | LR:0.0000606
[2023-08-16 22:12:13][Train.py][L163][INFO]Epoch[26/100] | Train Loss: 0.007 | Train Accuracy: 100.000% | Test Loss: 1.272 | Test Accuracy: 68.293% | Test AUC:0.7423 | Test Sen:0.6667 | Test Spe:0.7027 | Test F1:0.6829 | Test Recall:0.6829 | Test Precision:0.6829 | Best Test Accuracy: 70.732% | Best Test AUC:0.7435 | Best Test Sensitivity:0.6444 | Best Test Specificity:0.7838 | LR:0.0000593
[2023-08-16 22:12:14][Train.py][L163][INFO]Epoch[27/100] | Train Loss: 0.006 | Train Accuracy: 100.000% | Test Loss: 1.286 | Test Accuracy: 68.293% | Test AUC:0.7441 | Test Sen:0.6667 | Test Spe:0.7027 | Test F1:0.6829 | Test Recall:0.6829 | Test Precision:0.6829 | Best Test Accuracy: 70.732% | Best Test AUC:0.7435 | Best Test Sensitivity:0.6444 | Best Test Specificity:0.7838 | LR:0.0000580
[2023-08-16 22:12:15][Train.py][L163][INFO]Epoch[28/100] | Train Loss: 0.006 | Train Accuracy: 100.000% | Test Loss: 1.305 | Test Accuracy: 68.293% | Test AUC:0.7429 | Test Sen:0.6667 | Test Spe:0.7027 | Test F1:0.6829 | Test Recall:0.6829 | Test Precision:0.6829 | Best Test Accuracy: 70.732% | Best Test AUC:0.7435 | Best Test Sensitivity:0.6444 | Best Test Specificity:0.7838 | LR:0.0000567
[2023-08-16 22:12:17][Train.py][L163][INFO]Epoch[29/100] | Train Loss: 0.005 | Train Accuracy: 100.000% | Test Loss: 1.336 | Test Accuracy: 68.293% | Test AUC:0.7429 | Test Sen:0.6667 | Test Spe:0.7027 | Test F1:0.6829 | Test Recall:0.6829 | Test Precision:0.6829 | Best Test Accuracy: 70.732% | Best Test AUC:0.7435 | Best Test Sensitivity:0.6444 | Best Test Specificity:0.7838 | LR:0.0000554
[2023-08-16 22:12:18][Train.py][L163][INFO]Epoch[30/100] | Train Loss: 0.005 | Train Accuracy: 100.000% | Test Loss: 1.375 | Test Accuracy: 68.293% | Test AUC:0.7429 | Test Sen:0.6667 | Test Spe:0.7027 | Test F1:0.6829 | Test Recall:0.6829 | Test Precision:0.6829 | Best Test Accuracy: 70.732% | Best Test AUC:0.7435 | Best Test Sensitivity:0.6444 | Best Test Specificity:0.7838 | LR:0.0000541
[2023-08-16 22:12:20][Train.py][L163][INFO]Epoch[31/100] | Train Loss: 0.005 | Train Accuracy: 100.000% | Test Loss: 1.373 | Test Accuracy: 68.293% | Test AUC:0.7417 | Test Sen:0.6667 | Test Spe:0.7027 | Test F1:0.6829 | Test Recall:0.6829 | Test Precision:0.6829 | Best Test Accuracy: 70.732% | Best Test AUC:0.7435 | Best Test Sensitivity:0.6444 | Best Test Specificity:0.7838 | LR:0.0000528
[2023-08-16 22:12:21][Train.py][L163][INFO]Epoch[32/100] | Train Loss: 0.004 | Train Accuracy: 100.000% | Test Loss: 1.369 | Test Accuracy: 67.073% | Test AUC:0.7441 | Test Sen:0.6667 | Test Spe:0.6757 | Test F1:0.6707 | Test Recall:0.6707 | Test Precision:0.6707 | Best Test Accuracy: 70.732% | Best Test AUC:0.7435 | Best Test Sensitivity:0.6444 | Best Test Specificity:0.7838 | LR:0.0000516
[2023-08-16 22:12:22][Train.py][L163][INFO]Epoch[33/100] | Train Loss: 0.004 | Train Accuracy: 100.000% | Test Loss: 1.373 | Test Accuracy: 68.293% | Test AUC:0.7405 | Test Sen:0.6667 | Test Spe:0.7027 | Test F1:0.6829 | Test Recall:0.6829 | Test Precision:0.6829 | Best Test Accuracy: 70.732% | Best Test AUC:0.7435 | Best Test Sensitivity:0.6444 | Best Test Specificity:0.7838 | LR:0.0000504
[2023-08-16 22:12:24][Train.py][L163][INFO]Epoch[34/100] | Train Loss: 0.004 | Train Accuracy: 100.000% | Test Loss: 1.399 | Test Accuracy: 68.293% | Test AUC:0.7411 | Test Sen:0.6667 | Test Spe:0.7027 | Test F1:0.6829 | Test Recall:0.6829 | Test Precision:0.6829 | Best Test Accuracy: 70.732% | Best Test AUC:0.7435 | Best Test Sensitivity:0.6444 | Best Test Specificity:0.7838 | LR:0.0000492
[2023-08-16 22:12:25][Train.py][L163][INFO]Epoch[35/100] | Train Loss: 0.004 | Train Accuracy: 100.000% | Test Loss: 1.389 | Test Accuracy: 67.073% | Test AUC:0.7405 | Test Sen:0.6667 | Test Spe:0.6757 | Test F1:0.6707 | Test Recall:0.6707 | Test Precision:0.6707 | Best Test Accuracy: 70.732% | Best Test AUC:0.7435 | Best Test Sensitivity:0.6444 | Best Test Specificity:0.7838 | LR:0.0000480
[2023-08-16 22:12:26][Train.py][L163][INFO]Epoch[36/100] | Train Loss: 0.003 | Train Accuracy: 100.000% | Test Loss: 1.418 | Test Accuracy: 68.293% | Test AUC:0.7435 | Test Sen:0.6667 | Test Spe:0.7027 | Test F1:0.6829 | Test Recall:0.6829 | Test Precision:0.6829 | Best Test Accuracy: 70.732% | Best Test AUC:0.7435 | Best Test Sensitivity:0.6444 | Best Test Specificity:0.7838 | LR:0.0000469
[2023-08-16 22:12:28][Train.py][L163][INFO]Epoch[37/100] | Train Loss: 0.003 | Train Accuracy: 100.000% | Test Loss: 1.437 | Test Accuracy: 68.293% | Test AUC:0.7417 | Test Sen:0.6667 | Test Spe:0.7027 | Test F1:0.6829 | Test Recall:0.6829 | Test Precision:0.6829 | Best Test Accuracy: 70.732% | Best Test AUC:0.7435 | Best Test Sensitivity:0.6444 | Best Test Specificity:0.7838 | LR:0.0000457
[2023-08-16 22:12:29][Train.py][L163][INFO]Epoch[38/100] | Train Loss: 0.003 | Train Accuracy: 100.000% | Test Loss: 1.465 | Test Accuracy: 68.293% | Test AUC:0.7417 | Test Sen:0.6667 | Test Spe:0.7027 | Test F1:0.6829 | Test Recall:0.6829 | Test Precision:0.6829 | Best Test Accuracy: 70.732% | Best Test AUC:0.7435 | Best Test Sensitivity:0.6444 | Best Test Specificity:0.7838 | LR:0.0000446
[2023-08-16 22:12:30][Train.py][L163][INFO]Epoch[39/100] | Train Loss: 0.003 | Train Accuracy: 100.000% | Test Loss: 1.443 | Test Accuracy: 67.073% | Test AUC:0.7435 | Test Sen:0.6667 | Test Spe:0.6757 | Test F1:0.6707 | Test Recall:0.6707 | Test Precision:0.6707 | Best Test Accuracy: 70.732% | Best Test AUC:0.7435 | Best Test Sensitivity:0.6444 | Best Test Specificity:0.7838 | LR:0.0000435
[2023-08-16 22:12:32][Train.py][L163][INFO]Epoch[40/100] | Train Loss: 0.003 | Train Accuracy: 100.000% | Test Loss: 1.452 | Test Accuracy: 67.073% | Test AUC:0.7429 | Test Sen:0.6667 | Test Spe:0.6757 | Test F1:0.6707 | Test Recall:0.6707 | Test Precision:0.6707 | Best Test Accuracy: 70.732% | Best Test AUC:0.7435 | Best Test Sensitivity:0.6444 | Best Test Specificity:0.7838 | LR:0.0000424
[2023-08-16 22:12:33][Train.py][L163][INFO]Epoch[41/100] | Train Loss: 0.003 | Train Accuracy: 100.000% | Test Loss: 1.465 | Test Accuracy: 67.073% | Test AUC:0.7435 | Test Sen:0.6667 | Test Spe:0.6757 | Test F1:0.6707 | Test Recall:0.6707 | Test Precision:0.6707 | Best Test Accuracy: 70.732% | Best Test AUC:0.7435 | Best Test Sensitivity:0.6444 | Best Test Specificity:0.7838 | LR:0.0000413
[2023-08-16 22:12:35][Train.py][L163][INFO]Epoch[42/100] | Train Loss: 0.002 | Train Accuracy: 100.000% | Test Loss: 1.489 | Test Accuracy: 68.293% | Test AUC:0.7423 | Test Sen:0.6667 | Test Spe:0.7027 | Test F1:0.6829 | Test Recall:0.6829 | Test Precision:0.6829 | Best Test Accuracy: 70.732% | Best Test AUC:0.7435 | Best Test Sensitivity:0.6444 | Best Test Specificity:0.7838 | LR:0.0000403
[2023-08-16 22:12:36][Train.py][L163][INFO]Epoch[43/100] | Train Loss: 0.002 | Train Accuracy: 100.000% | Test Loss: 1.489 | Test Accuracy: 68.293% | Test AUC:0.7429 | Test Sen:0.6667 | Test Spe:0.7027 | Test F1:0.6829 | Test Recall:0.6829 | Test Precision:0.6829 | Best Test Accuracy: 70.732% | Best Test AUC:0.7435 | Best Test Sensitivity:0.6444 | Best Test Specificity:0.7838 | LR:0.0000392
[2023-08-16 22:12:37][Train.py][L163][INFO]Epoch[44/100] | Train Loss: 0.002 | Train Accuracy: 100.000% | Test Loss: 1.490 | Test Accuracy: 67.073% | Test AUC:0.7417 | Test Sen:0.6667 | Test Spe:0.6757 | Test F1:0.6707 | Test Recall:0.6707 | Test Precision:0.6707 | Best Test Accuracy: 70.732% | Best Test AUC:0.7435 | Best Test Sensitivity:0.6444 | Best Test Specificity:0.7838 | LR:0.0000382
[2023-08-16 22:12:39][Train.py][L163][INFO]Epoch[45/100] | Train Loss: 0.002 | Train Accuracy: 100.000% | Test Loss: 1.503 | Test Accuracy: 67.073% | Test AUC:0.7423 | Test Sen:0.6667 | Test Spe:0.6757 | Test F1:0.6707 | Test Recall:0.6707 | Test Precision:0.6707 | Best Test Accuracy: 70.732% | Best Test AUC:0.7435 | Best Test Sensitivity:0.6444 | Best Test Specificity:0.7838 | LR:0.0000372
[2023-08-16 22:12:40][Train.py][L163][INFO]Epoch[46/100] | Train Loss: 0.002 | Train Accuracy: 100.000% | Test Loss: 1.522 | Test Accuracy: 68.293% | Test AUC:0.7417 | Test Sen:0.6667 | Test Spe:0.7027 | Test F1:0.6829 | Test Recall:0.6829 | Test Precision:0.6829 | Best Test Accuracy: 70.732% | Best Test AUC:0.7435 | Best Test Sensitivity:0.6444 | Best Test Specificity:0.7838 | LR:0.0000362
[2023-08-16 22:12:41][Train.py][L163][INFO]Epoch[47/100] | Train Loss: 0.002 | Train Accuracy: 100.000% | Test Loss: 1.515 | Test Accuracy: 68.293% | Test AUC:0.7429 | Test Sen:0.6667 | Test Spe:0.7027 | Test F1:0.6829 | Test Recall:0.6829 | Test Precision:0.6829 | Best Test Accuracy: 70.732% | Best Test AUC:0.7435 | Best Test Sensitivity:0.6444 | Best Test Specificity:0.7838 | LR:0.0000353
[2023-08-16 22:12:43][Train.py][L163][INFO]Epoch[48/100] | Train Loss: 0.002 | Train Accuracy: 100.000% | Test Loss: 1.520 | Test Accuracy: 67.073% | Test AUC:0.7429 | Test Sen:0.6667 | Test Spe:0.6757 | Test F1:0.6707 | Test Recall:0.6707 | Test Precision:0.6707 | Best Test Accuracy: 70.732% | Best Test AUC:0.7435 | Best Test Sensitivity:0.6444 | Best Test Specificity:0.7838 | LR:0.0000343
[2023-08-16 22:12:44][Train.py][L163][INFO]Epoch[49/100] | Train Loss: 0.002 | Train Accuracy: 100.000% | Test Loss: 1.539 | Test Accuracy: 68.293% | Test AUC:0.7441 | Test Sen:0.6667 | Test Spe:0.7027 | Test F1:0.6829 | Test Recall:0.6829 | Test Precision:0.6829 | Best Test Accuracy: 70.732% | Best Test AUC:0.7435 | Best Test Sensitivity:0.6444 | Best Test Specificity:0.7838 | LR:0.0000334
[2023-08-16 22:12:45][Train.py][L163][INFO]Epoch[50/100] | Train Loss: 0.002 | Train Accuracy: 100.000% | Test Loss: 1.528 | Test Accuracy: 67.073% | Test AUC:0.7411 | Test Sen:0.6667 | Test Spe:0.6757 | Test F1:0.6707 | Test Recall:0.6707 | Test Precision:0.6707 | Best Test Accuracy: 70.732% | Best Test AUC:0.7435 | Best Test Sensitivity:0.6444 | Best Test Specificity:0.7838 | LR:0.0000325
[2023-08-16 22:12:47][Train.py][L163][INFO]Epoch[51/100] | Train Loss: 0.002 | Train Accuracy: 100.000% | Test Loss: 1.538 | Test Accuracy: 67.073% | Test AUC:0.7399 | Test Sen:0.6667 | Test Spe:0.6757 | Test F1:0.6707 | Test Recall:0.6707 | Test Precision:0.6707 | Best Test Accuracy: 70.732% | Best Test AUC:0.7435 | Best Test Sensitivity:0.6444 | Best Test Specificity:0.7838 | LR:0.0000316
[2023-08-16 22:12:48][Train.py][L163][INFO]Epoch[52/100] | Train Loss: 0.002 | Train Accuracy: 100.000% | Test Loss: 1.567 | Test Accuracy: 68.293% | Test AUC:0.7435 | Test Sen:0.6667 | Test Spe:0.7027 | Test F1:0.6829 | Test Recall:0.6829 | Test Precision:0.6829 | Best Test Accuracy: 70.732% | Best Test AUC:0.7435 | Best Test Sensitivity:0.6444 | Best Test Specificity:0.7838 | LR:0.0000307
[2023-08-16 22:12:49][Train.py][L163][INFO]Epoch[53/100] | Train Loss: 0.002 | Train Accuracy: 100.000% | Test Loss: 1.578 | Test Accuracy: 68.293% | Test AUC:0.7423 | Test Sen:0.6667 | Test Spe:0.7027 | Test F1:0.6829 | Test Recall:0.6829 | Test Precision:0.6829 | Best Test Accuracy: 70.732% | Best Test AUC:0.7435 | Best Test Sensitivity:0.6444 | Best Test Specificity:0.7838 | LR:0.0000299
[2023-08-16 22:12:51][Train.py][L163][INFO]Epoch[54/100] | Train Loss: 0.002 | Train Accuracy: 100.000% | Test Loss: 1.568 | Test Accuracy: 68.293% | Test AUC:0.7435 | Test Sen:0.6667 | Test Spe:0.7027 | Test F1:0.6829 | Test Recall:0.6829 | Test Precision:0.6829 | Best Test Accuracy: 70.732% | Best Test AUC:0.7435 | Best Test Sensitivity:0.6444 | Best Test Specificity:0.7838 | LR:0.0000290
[2023-08-16 22:12:52][Train.py][L163][INFO]Epoch[55/100] | Train Loss: 0.002 | Train Accuracy: 100.000% | Test Loss: 1.572 | Test Accuracy: 68.293% | Test AUC:0.7423 | Test Sen:0.6667 | Test Spe:0.7027 | Test F1:0.6829 | Test Recall:0.6829 | Test Precision:0.6829 | Best Test Accuracy: 70.732% | Best Test AUC:0.7435 | Best Test Sensitivity:0.6444 | Best Test Specificity:0.7838 | LR:0.0000282
[2023-08-16 22:12:53][Train.py][L163][INFO]Epoch[56/100] | Train Loss: 0.002 | Train Accuracy: 100.000% | Test Loss: 1.585 | Test Accuracy: 68.293% | Test AUC:0.7429 | Test Sen:0.6667 | Test Spe:0.7027 | Test F1:0.6829 | Test Recall:0.6829 | Test Precision:0.6829 | Best Test Accuracy: 70.732% | Best Test AUC:0.7435 | Best Test Sensitivity:0.6444 | Best Test Specificity:0.7838 | LR:0.0000274
[2023-08-16 22:12:55][Train.py][L163][INFO]Epoch[57/100] | Train Loss: 0.001 | Train Accuracy: 100.000% | Test Loss: 1.578 | Test Accuracy: 67.073% | Test AUC:0.7411 | Test Sen:0.6667 | Test Spe:0.6757 | Test F1:0.6707 | Test Recall:0.6707 | Test Precision:0.6707 | Best Test Accuracy: 70.732% | Best Test AUC:0.7435 | Best Test Sensitivity:0.6444 | Best Test Specificity:0.7838 | LR:0.0000266
[2023-08-16 22:12:56][Train.py][L163][INFO]Epoch[58/100] | Train Loss: 0.001 | Train Accuracy: 100.000% | Test Loss: 1.582 | Test Accuracy: 67.073% | Test AUC:0.7423 | Test Sen:0.6667 | Test Spe:0.6757 | Test F1:0.6707 | Test Recall:0.6707 | Test Precision:0.6707 | Best Test Accuracy: 70.732% | Best Test AUC:0.7435 | Best Test Sensitivity:0.6444 | Best Test Specificity:0.7838 | LR:0.0000259
[2023-08-16 22:12:58][Train.py][L163][INFO]Epoch[59/100] | Train Loss: 0.001 | Train Accuracy: 100.000% | Test Loss: 1.589 | Test Accuracy: 67.073% | Test AUC:0.7411 | Test Sen:0.6667 | Test Spe:0.6757 | Test F1:0.6707 | Test Recall:0.6707 | Test Precision:0.6707 | Best Test Accuracy: 70.732% | Best Test AUC:0.7435 | Best Test Sensitivity:0.6444 | Best Test Specificity:0.7838 | LR:0.0000251
[2023-08-16 22:12:59][Train.py][L163][INFO]Epoch[60/100] | Train Loss: 0.001 | Train Accuracy: 100.000% | Test Loss: 1.602 | Test Accuracy: 68.293% | Test AUC:0.7435 | Test Sen:0.6667 | Test Spe:0.7027 | Test F1:0.6829 | Test Recall:0.6829 | Test Precision:0.6829 | Best Test Accuracy: 70.732% | Best Test AUC:0.7435 | Best Test Sensitivity:0.6444 | Best Test Specificity:0.7838 | LR:0.0000244
[2023-08-16 22:13:00][Train.py][L163][INFO]Epoch[61/100] | Train Loss: 0.001 | Train Accuracy: 100.000% | Test Loss: 1.595 | Test Accuracy: 67.073% | Test AUC:0.7429 | Test Sen:0.6667 | Test Spe:0.6757 | Test F1:0.6707 | Test Recall:0.6707 | Test Precision:0.6707 | Best Test Accuracy: 70.732% | Best Test AUC:0.7435 | Best Test Sensitivity:0.6444 | Best Test Specificity:0.7838 | LR:0.0000237
[2023-08-16 22:13:02][Train.py][L163][INFO]Epoch[62/100] | Train Loss: 0.001 | Train Accuracy: 100.000% | Test Loss: 1.616 | Test Accuracy: 68.293% | Test AUC:0.7423 | Test Sen:0.6667 | Test Spe:0.7027 | Test F1:0.6829 | Test Recall:0.6829 | Test Precision:0.6829 | Best Test Accuracy: 70.732% | Best Test AUC:0.7435 | Best Test Sensitivity:0.6444 | Best Test Specificity:0.7838 | LR:0.0000230
[2023-08-16 22:13:03][Train.py][L163][INFO]Epoch[63/100] | Train Loss: 0.001 | Train Accuracy: 100.000% | Test Loss: 1.621 | Test Accuracy: 68.293% | Test AUC:0.7429 | Test Sen:0.6667 | Test Spe:0.7027 | Test F1:0.6829 | Test Recall:0.6829 | Test Precision:0.6829 | Best Test Accuracy: 70.732% | Best Test AUC:0.7435 | Best Test Sensitivity:0.6444 | Best Test Specificity:0.7838 | LR:0.0000223
[2023-08-16 22:13:05][Train.py][L163][INFO]Epoch[64/100] | Train Loss: 0.001 | Train Accuracy: 100.000% | Test Loss: 1.610 | Test Accuracy: 67.073% | Test AUC:0.7429 | Test Sen:0.6667 | Test Spe:0.6757 | Test F1:0.6707 | Test Recall:0.6707 | Test Precision:0.6707 | Best Test Accuracy: 70.732% | Best Test AUC:0.7435 | Best Test Sensitivity:0.6444 | Best Test Specificity:0.7838 | LR:0.0000217
[2023-08-16 22:13:06][Train.py][L163][INFO]Epoch[65/100] | Train Loss: 0.001 | Train Accuracy: 100.000% | Test Loss: 1.610 | Test Accuracy: 67.073% | Test AUC:0.7417 | Test Sen:0.6667 | Test Spe:0.6757 | Test F1:0.6707 | Test Recall:0.6707 | Test Precision:0.6707 | Best Test Accuracy: 70.732% | Best Test AUC:0.7435 | Best Test Sensitivity:0.6444 | Best Test Specificity:0.7838 | LR:0.0000210
[2023-08-16 22:13:07][Train.py][L163][INFO]Epoch[66/100] | Train Loss: 0.001 | Train Accuracy: 100.000% | Test Loss: 1.618 | Test Accuracy: 67.073% | Test AUC:0.7411 | Test Sen:0.6667 | Test Spe:0.6757 | Test F1:0.6707 | Test Recall:0.6707 | Test Precision:0.6707 | Best Test Accuracy: 70.732% | Best Test AUC:0.7435 | Best Test Sensitivity:0.6444 | Best Test Specificity:0.7838 | LR:0.0000204
[2023-08-16 22:13:09][Train.py][L163][INFO]Epoch[67/100] | Train Loss: 0.001 | Train Accuracy: 100.000% | Test Loss: 1.642 | Test Accuracy: 68.293% | Test AUC:0.7423 | Test Sen:0.6667 | Test Spe:0.7027 | Test F1:0.6829 | Test Recall:0.6829 | Test Precision:0.6829 | Best Test Accuracy: 70.732% | Best Test AUC:0.7435 | Best Test Sensitivity:0.6444 | Best Test Specificity:0.7838 | LR:0.0000198
[2023-08-16 22:13:10][Train.py][L163][INFO]Epoch[68/100] | Train Loss: 0.001 | Train Accuracy: 100.000% | Test Loss: 1.630 | Test Accuracy: 67.073% | Test AUC:0.7411 | Test Sen:0.6667 | Test Spe:0.6757 | Test F1:0.6707 | Test Recall:0.6707 | Test Precision:0.6707 | Best Test Accuracy: 70.732% | Best Test AUC:0.7435 | Best Test Sensitivity:0.6444 | Best Test Specificity:0.7838 | LR:0.0000192
[2023-08-16 22:13:11][Train.py][L163][INFO]Epoch[69/100] | Train Loss: 0.001 | Train Accuracy: 100.000% | Test Loss: 1.635 | Test Accuracy: 67.073% | Test AUC:0.7417 | Test Sen:0.6667 | Test Spe:0.6757 | Test F1:0.6707 | Test Recall:0.6707 | Test Precision:0.6707 | Best Test Accuracy: 70.732% | Best Test AUC:0.7435 | Best Test Sensitivity:0.6444 | Best Test Specificity:0.7838 | LR:0.0000186
[2023-08-16 22:13:13][Train.py][L163][INFO]Epoch[70/100] | Train Loss: 0.001 | Train Accuracy: 100.000% | Test Loss: 1.637 | Test Accuracy: 67.073% | Test AUC:0.7411 | Test Sen:0.6667 | Test Spe:0.6757 | Test F1:0.6707 | Test Recall:0.6707 | Test Precision:0.6707 | Best Test Accuracy: 70.732% | Best Test AUC:0.7435 | Best Test Sensitivity:0.6444 | Best Test Specificity:0.7838 | LR:0.0000181
[2023-08-16 22:13:14][Train.py][L163][INFO]Epoch[71/100] | Train Loss: 0.001 | Train Accuracy: 100.000% | Test Loss: 1.642 | Test Accuracy: 67.073% | Test AUC:0.7417 | Test Sen:0.6667 | Test Spe:0.6757 | Test F1:0.6707 | Test Recall:0.6707 | Test Precision:0.6707 | Best Test Accuracy: 70.732% | Best Test AUC:0.7435 | Best Test Sensitivity:0.6444 | Best Test Specificity:0.7838 | LR:0.0000176
[2023-08-16 22:13:15][Train.py][L163][INFO]Epoch[72/100] | Train Loss: 0.001 | Train Accuracy: 100.000% | Test Loss: 1.635 | Test Accuracy: 67.073% | Test AUC:0.7405 | Test Sen:0.6667 | Test Spe:0.6757 | Test F1:0.6707 | Test Recall:0.6707 | Test Precision:0.6707 | Best Test Accuracy: 70.732% | Best Test AUC:0.7435 | Best Test Sensitivity:0.6444 | Best Test Specificity:0.7838 | LR:0.0000171
[2023-08-16 22:13:17][Train.py][L163][INFO]Epoch[73/100] | Train Loss: 0.001 | Train Accuracy: 100.000% | Test Loss: 1.646 | Test Accuracy: 67.073% | Test AUC:0.7411 | Test Sen:0.6667 | Test Spe:0.6757 | Test F1:0.6707 | Test Recall:0.6707 | Test Precision:0.6707 | Best Test Accuracy: 70.732% | Best Test AUC:0.7435 | Best Test Sensitivity:0.6444 | Best Test Specificity:0.7838 | LR:0.0000166
[2023-08-16 22:13:18][Train.py][L163][INFO]Epoch[74/100] | Train Loss: 0.001 | Train Accuracy: 100.000% | Test Loss: 1.658 | Test Accuracy: 68.293% | Test AUC:0.7411 | Test Sen:0.6667 | Test Spe:0.7027 | Test F1:0.6829 | Test Recall:0.6829 | Test Precision:0.6829 | Best Test Accuracy: 70.732% | Best Test AUC:0.7435 | Best Test Sensitivity:0.6444 | Best Test Specificity:0.7838 | LR:0.0000161
[2023-08-16 22:13:19][Train.py][L163][INFO]Epoch[75/100] | Train Loss: 0.001 | Train Accuracy: 100.000% | Test Loss: 1.655 | Test Accuracy: 67.073% | Test AUC:0.7417 | Test Sen:0.6667 | Test Spe:0.6757 | Test F1:0.6707 | Test Recall:0.6707 | Test Precision:0.6707 | Best Test Accuracy: 70.732% | Best Test AUC:0.7435 | Best Test Sensitivity:0.6444 | Best Test Specificity:0.7838 | LR:0.0000156
[2023-08-16 22:13:21][Train.py][L163][INFO]Epoch[76/100] | Train Loss: 0.001 | Train Accuracy: 100.000% | Test Loss: 1.660 | Test Accuracy: 68.293% | Test AUC:0.7411 | Test Sen:0.6667 | Test Spe:0.7027 | Test F1:0.6829 | Test Recall:0.6829 | Test Precision:0.6829 | Best Test Accuracy: 70.732% | Best Test AUC:0.7435 | Best Test Sensitivity:0.6444 | Best Test Specificity:0.7838 | LR:0.0000152
[2023-08-16 22:13:22][Train.py][L163][INFO]Epoch[77/100] | Train Loss: 0.001 | Train Accuracy: 100.000% | Test Loss: 1.649 | Test Accuracy: 67.073% | Test AUC:0.7411 | Test Sen:0.6667 | Test Spe:0.6757 | Test F1:0.6707 | Test Recall:0.6707 | Test Precision:0.6707 | Best Test Accuracy: 70.732% | Best Test AUC:0.7435 | Best Test Sensitivity:0.6444 | Best Test Specificity:0.7838 | LR:0.0000148
[2023-08-16 22:13:24][Train.py][L163][INFO]Epoch[78/100] | Train Loss: 0.001 | Train Accuracy: 100.000% | Test Loss: 1.665 | Test Accuracy: 67.073% | Test AUC:0.7417 | Test Sen:0.6667 | Test Spe:0.6757 | Test F1:0.6707 | Test Recall:0.6707 | Test Precision:0.6707 | Best Test Accuracy: 70.732% | Best Test AUC:0.7435 | Best Test Sensitivity:0.6444 | Best Test Specificity:0.7838 | LR:0.0000144
[2023-08-16 22:13:25][Train.py][L163][INFO]Epoch[79/100] | Train Loss: 0.001 | Train Accuracy: 100.000% | Test Loss: 1.656 | Test Accuracy: 67.073% | Test AUC:0.7405 | Test Sen:0.6667 | Test Spe:0.6757 | Test F1:0.6707 | Test Recall:0.6707 | Test Precision:0.6707 | Best Test Accuracy: 70.732% | Best Test AUC:0.7435 | Best Test Sensitivity:0.6444 | Best Test Specificity:0.7838 | LR:0.0000140
[2023-08-16 22:13:26][Train.py][L163][INFO]Epoch[80/100] | Train Loss: 0.001 | Train Accuracy: 100.000% | Test Loss: 1.660 | Test Accuracy: 67.073% | Test AUC:0.7411 | Test Sen:0.6667 | Test Spe:0.6757 | Test F1:0.6707 | Test Recall:0.6707 | Test Precision:0.6707 | Best Test Accuracy: 70.732% | Best Test AUC:0.7435 | Best Test Sensitivity:0.6444 | Best Test Specificity:0.7838 | LR:0.0000136
[2023-08-16 22:13:28][Train.py][L163][INFO]Epoch[81/100] | Train Loss: 0.001 | Train Accuracy: 100.000% | Test Loss: 1.664 | Test Accuracy: 67.073% | Test AUC:0.7411 | Test Sen:0.6667 | Test Spe:0.6757 | Test F1:0.6707 | Test Recall:0.6707 | Test Precision:0.6707 | Best Test Accuracy: 70.732% | Best Test AUC:0.7435 | Best Test Sensitivity:0.6444 | Best Test Specificity:0.7838 | LR:0.0000132
[2023-08-16 22:13:29][Train.py][L163][INFO]Epoch[82/100] | Train Loss: 0.001 | Train Accuracy: 100.000% | Test Loss: 1.667 | Test Accuracy: 67.073% | Test AUC:0.7411 | Test Sen:0.6667 | Test Spe:0.6757 | Test F1:0.6707 | Test Recall:0.6707 | Test Precision:0.6707 | Best Test Accuracy: 70.732% | Best Test AUC:0.7435 | Best Test Sensitivity:0.6444 | Best Test Specificity:0.7838 | LR:0.0000129
[2023-08-16 22:13:30][Train.py][L163][INFO]Epoch[83/100] | Train Loss: 0.001 | Train Accuracy: 100.000% | Test Loss: 1.668 | Test Accuracy: 67.073% | Test AUC:0.7411 | Test Sen:0.6667 | Test Spe:0.6757 | Test F1:0.6707 | Test Recall:0.6707 | Test Precision:0.6707 | Best Test Accuracy: 70.732% | Best Test AUC:0.7435 | Best Test Sensitivity:0.6444 | Best Test Specificity:0.7838 | LR:0.0000126
[2023-08-16 22:13:32][Train.py][L163][INFO]Epoch[84/100] | Train Loss: 0.001 | Train Accuracy: 100.000% | Test Loss: 1.671 | Test Accuracy: 67.073% | Test AUC:0.7405 | Test Sen:0.6667 | Test Spe:0.6757 | Test F1:0.6707 | Test Recall:0.6707 | Test Precision:0.6707 | Best Test Accuracy: 70.732% | Best Test AUC:0.7435 | Best Test Sensitivity:0.6444 | Best Test Specificity:0.7838 | LR:0.0000123
[2023-08-16 22:13:33][Train.py][L163][INFO]Epoch[85/100] | Train Loss: 0.001 | Train Accuracy: 100.000% | Test Loss: 1.672 | Test Accuracy: 67.073% | Test AUC:0.7405 | Test Sen:0.6667 | Test Spe:0.6757 | Test F1:0.6707 | Test Recall:0.6707 | Test Precision:0.6707 | Best Test Accuracy: 70.732% | Best Test AUC:0.7435 | Best Test Sensitivity:0.6444 | Best Test Specificity:0.7838 | LR:0.0000120
[2023-08-16 22:13:35][Train.py][L163][INFO]Epoch[86/100] | Train Loss: 0.001 | Train Accuracy: 100.000% | Test Loss: 1.686 | Test Accuracy: 67.073% | Test AUC:0.7411 | Test Sen:0.6667 | Test Spe:0.6757 | Test F1:0.6707 | Test Recall:0.6707 | Test Precision:0.6707 | Best Test Accuracy: 70.732% | Best Test AUC:0.7435 | Best Test Sensitivity:0.6444 | Best Test Specificity:0.7838 | LR:0.0000118
[2023-08-16 22:13:36][Train.py][L163][INFO]Epoch[87/100] | Train Loss: 0.001 | Train Accuracy: 100.000% | Test Loss: 1.680 | Test Accuracy: 67.073% | Test AUC:0.7405 | Test Sen:0.6667 | Test Spe:0.6757 | Test F1:0.6707 | Test Recall:0.6707 | Test Precision:0.6707 | Best Test Accuracy: 70.732% | Best Test AUC:0.7435 | Best Test Sensitivity:0.6444 | Best Test Specificity:0.7838 | LR:0.0000115
[2023-08-16 22:13:37][Train.py][L163][INFO]Epoch[88/100] | Train Loss: 0.001 | Train Accuracy: 100.000% | Test Loss: 1.672 | Test Accuracy: 67.073% | Test AUC:0.7405 | Test Sen:0.6667 | Test Spe:0.6757 | Test F1:0.6707 | Test Recall:0.6707 | Test Precision:0.6707 | Best Test Accuracy: 70.732% | Best Test AUC:0.7435 | Best Test Sensitivity:0.6444 | Best Test Specificity:0.7838 | LR:0.0000113
[2023-08-16 22:13:39][Train.py][L163][INFO]Epoch[89/100] | Train Loss: 0.001 | Train Accuracy: 100.000% | Test Loss: 1.687 | Test Accuracy: 67.073% | Test AUC:0.7405 | Test Sen:0.6667 | Test Spe:0.6757 | Test F1:0.6707 | Test Recall:0.6707 | Test Precision:0.6707 | Best Test Accuracy: 70.732% | Best Test AUC:0.7435 | Best Test Sensitivity:0.6444 | Best Test Specificity:0.7838 | LR:0.0000111
[2023-08-16 22:13:40][Train.py][L163][INFO]Epoch[90/100] | Train Loss: 0.001 | Train Accuracy: 100.000% | Test Loss: 1.690 | Test Accuracy: 67.073% | Test AUC:0.7405 | Test Sen:0.6667 | Test Spe:0.6757 | Test F1:0.6707 | Test Recall:0.6707 | Test Precision:0.6707 | Best Test Accuracy: 70.732% | Best Test AUC:0.7435 | Best Test Sensitivity:0.6444 | Best Test Specificity:0.7838 | LR:0.0000109
[2023-08-16 22:13:41][Train.py][L163][INFO]Epoch[91/100] | Train Loss: 0.001 | Train Accuracy: 100.000% | Test Loss: 1.696 | Test Accuracy: 67.073% | Test AUC:0.7411 | Test Sen:0.6667 | Test Spe:0.6757 | Test F1:0.6707 | Test Recall:0.6707 | Test Precision:0.6707 | Best Test Accuracy: 70.732% | Best Test AUC:0.7435 | Best Test Sensitivity:0.6444 | Best Test Specificity:0.7838 | LR:0.0000107
[2023-08-16 22:13:43][Train.py][L163][INFO]Epoch[92/100] | Train Loss: 0.001 | Train Accuracy: 100.000% | Test Loss: 1.701 | Test Accuracy: 67.073% | Test AUC:0.7405 | Test Sen:0.6667 | Test Spe:0.6757 | Test F1:0.6707 | Test Recall:0.6707 | Test Precision:0.6707 | Best Test Accuracy: 70.732% | Best Test AUC:0.7435 | Best Test Sensitivity:0.6444 | Best Test Specificity:0.7838 | LR:0.0000106
[2023-08-16 22:13:44][Train.py][L163][INFO]Epoch[93/100] | Train Loss: 0.001 | Train Accuracy: 100.000% | Test Loss: 1.692 | Test Accuracy: 67.073% | Test AUC:0.7405 | Test Sen:0.6667 | Test Spe:0.6757 | Test F1:0.6707 | Test Recall:0.6707 | Test Precision:0.6707 | Best Test Accuracy: 70.732% | Best Test AUC:0.7435 | Best Test Sensitivity:0.6444 | Best Test Specificity:0.7838 | LR:0.0000104
[2023-08-16 22:13:45][Train.py][L163][INFO]Epoch[94/100] | Train Loss: 0.001 | Train Accuracy: 100.000% | Test Loss: 1.702 | Test Accuracy: 67.073% | Test AUC:0.7423 | Test Sen:0.6667 | Test Spe:0.6757 | Test F1:0.6707 | Test Recall:0.6707 | Test Precision:0.6707 | Best Test Accuracy: 70.732% | Best Test AUC:0.7435 | Best Test Sensitivity:0.6444 | Best Test Specificity:0.7838 | LR:0.0000103
[2023-08-16 22:13:47][Train.py][L163][INFO]Epoch[95/100] | Train Loss: 0.001 | Train Accuracy: 100.000% | Test Loss: 1.696 | Test Accuracy: 67.073% | Test AUC:0.7405 | Test Sen:0.6667 | Test Spe:0.6757 | Test F1:0.6707 | Test Recall:0.6707 | Test Precision:0.6707 | Best Test Accuracy: 70.732% | Best Test AUC:0.7435 | Best Test Sensitivity:0.6444 | Best Test Specificity:0.7838 | LR:0.0000102
[2023-08-16 22:13:48][Train.py][L163][INFO]Epoch[96/100] | Train Loss: 0.001 | Train Accuracy: 100.000% | Test Loss: 1.698 | Test Accuracy: 67.073% | Test AUC:0.7405 | Test Sen:0.6667 | Test Spe:0.6757 | Test F1:0.6707 | Test Recall:0.6707 | Test Precision:0.6707 | Best Test Accuracy: 70.732% | Best Test AUC:0.7435 | Best Test Sensitivity:0.6444 | Best Test Specificity:0.7838 | LR:0.0000101
[2023-08-16 22:13:50][Train.py][L163][INFO]Epoch[97/100] | Train Loss: 0.001 | Train Accuracy: 100.000% | Test Loss: 1.699 | Test Accuracy: 67.073% | Test AUC:0.7405 | Test Sen:0.6667 | Test Spe:0.6757 | Test F1:0.6707 | Test Recall:0.6707 | Test Precision:0.6707 | Best Test Accuracy: 70.732% | Best Test AUC:0.7435 | Best Test Sensitivity:0.6444 | Best Test Specificity:0.7838 | LR:0.0000101
[2023-08-16 22:13:51][Train.py][L163][INFO]Epoch[98/100] | Train Loss: 0.001 | Train Accuracy: 100.000% | Test Loss: 1.700 | Test Accuracy: 67.073% | Test AUC:0.7405 | Test Sen:0.6667 | Test Spe:0.6757 | Test F1:0.6707 | Test Recall:0.6707 | Test Precision:0.6707 | Best Test Accuracy: 70.732% | Best Test AUC:0.7435 | Best Test Sensitivity:0.6444 | Best Test Specificity:0.7838 | LR:0.0000100
[2023-08-16 22:13:52][Train.py][L163][INFO]Epoch[99/100] | Train Loss: 0.001 | Train Accuracy: 100.000% | Test Loss: 1.718 | Test Accuracy: 67.073% | Test AUC:0.7417 | Test Sen:0.6667 | Test Spe:0.6757 | Test F1:0.6707 | Test Recall:0.6707 | Test Precision:0.6707 | Best Test Accuracy: 70.732% | Best Test AUC:0.7435 | Best Test Sensitivity:0.6444 | Best Test Specificity:0.7838 | LR:0.0000100
[2023-08-16 22:13:54][Train.py][L163][INFO]Epoch[100/100] | Train Loss: 0.001 | Train Accuracy: 100.000% | Test Loss: 1.707 | Test Accuracy: 67.073% | Test AUC:0.7405 | Test Sen:0.6667 | Test Spe:0.6757 | Test F1:0.6707 | Test Recall:0.6707 | Test Precision:0.6707 | Best Test Accuracy: 70.732% | Best Test AUC:0.7435 | Best Test Sensitivity:0.6444 | Best Test Specificity:0.7838 | LR:0.0000100
