[2023-08-16 22:32:19][__main__.py][L41][INFO]dataset:
  name: fc_200
  batch_size: 16
  train_set: 0.9
  test_set: 0.1
  fc_path: /mnt/ssd1/mehul_data/research/fc_200_data.npy
  node_sz: 200
  node_feature_sz: 200
  num_classes: 2
  perc_edges: 100
  node: fc
model:
  name: GraphSAGE
  num_layers: 2
  hidden_size: 64
  dropout: 0.5
  readout: mean
  edge_percentage: 0.1
optimizer:
- name: Adam
  lr: 0.0001
  match_rule: None
  except_rule: None
  no_weight_decay: false
  weight_decay: 0.0001
  lr_scheduler:
    mode: poly
    base_lr: 0.0001
    target_lr: 1.0e-05
    decay_factor: 0.1
    milestones:
    - 0.3
    - 0.6
    - 0.9
    poly_power: 2.0
    lr_decay: 0.98
    warm_up_from: 0.0
    warm_up_steps: 0
training:
  name: Train
  epochs: 100
  l2: 0.0
log_path: result
repeat_time: 2
device: cuda:0
is_wandb: true
project: asd-graph

[2023-08-16 22:32:19][__init__.py][L15][INFO]cfg.dataset.name: fc_200
[2023-08-16 22:32:20][optimizer.py][L66][INFO]Parameters [normal] length [10]
[2023-08-16 22:32:20][__init__.py][L25][INFO]Training: Train
[2023-08-16 22:32:20][Train.py][L35][INFO]#model params: 853249
[2023-08-16 22:32:21][Train.py][L163][INFO]Epoch[1/100] | Train Loss: 0.699 | Train Accuracy: 52.603% | Test Loss: 0.709 | Test Accuracy: 53.659% | Test AUC:0.5873 | Test Sen:0.0000 | Test Spe:1.0000 | Test F1:0.5366 | Test Recall:0.5366 | Test Precision:0.5366 | Best Test Accuracy: 53.659% | Best Test AUC:0.5873 | Best Test Sensitivity:0.0000 | Best Test Specificity:1.0000 | LR:0.0000982
[2023-08-16 22:32:22][Train.py][L163][INFO]Epoch[2/100] | Train Loss: 0.640 | Train Accuracy: 66.164% | Test Loss: 0.667 | Test Accuracy: 54.878% | Test AUC:0.7016 | Test Sen:0.8158 | Test Spe:0.3182 | Test F1:0.5488 | Test Recall:0.5488 | Test Precision:0.5488 | Best Test Accuracy: 54.878% | Best Test AUC:0.7016 | Best Test Sensitivity:0.8158 | Best Test Specificity:0.3182 | LR:0.0000964
[2023-08-16 22:32:22][Train.py][L163][INFO]Epoch[3/100] | Train Loss: 0.595 | Train Accuracy: 70.685% | Test Loss: 0.641 | Test Accuracy: 68.293% | Test AUC:0.6872 | Test Sen:0.5789 | Test Spe:0.7727 | Test F1:0.6829 | Test Recall:0.6829 | Test Precision:0.6829 | Best Test Accuracy: 68.293% | Best Test AUC:0.6872 | Best Test Sensitivity:0.5789 | Best Test Specificity:0.7727 | LR:0.0000947
[2023-08-16 22:32:23][Train.py][L163][INFO]Epoch[4/100] | Train Loss: 0.568 | Train Accuracy: 71.370% | Test Loss: 0.632 | Test Accuracy: 68.293% | Test AUC:0.7051 | Test Sen:0.4737 | Test Spe:0.8636 | Test F1:0.6829 | Test Recall:0.6829 | Test Precision:0.6829 | Best Test Accuracy: 68.293% | Best Test AUC:0.6872 | Best Test Sensitivity:0.5789 | Best Test Specificity:0.7727 | LR:0.0000929
[2023-08-16 22:32:24][Train.py][L163][INFO]Epoch[5/100] | Train Loss: 0.533 | Train Accuracy: 73.699% | Test Loss: 0.619 | Test Accuracy: 69.512% | Test AUC:0.7177 | Test Sen:0.4737 | Test Spe:0.8864 | Test F1:0.6951 | Test Recall:0.6951 | Test Precision:0.6951 | Best Test Accuracy: 69.512% | Best Test AUC:0.7177 | Best Test Sensitivity:0.4737 | Best Test Specificity:0.8864 | LR:0.0000912
[2023-08-16 22:32:24][Train.py][L163][INFO]Epoch[6/100] | Train Loss: 0.475 | Train Accuracy: 81.918% | Test Loss: 0.612 | Test Accuracy: 64.634% | Test AUC:0.7135 | Test Sen:0.5789 | Test Spe:0.7045 | Test F1:0.6463 | Test Recall:0.6463 | Test Precision:0.6463 | Best Test Accuracy: 69.512% | Best Test AUC:0.7177 | Best Test Sensitivity:0.4737 | Best Test Specificity:0.8864 | LR:0.0000895
[2023-08-16 22:32:25][Train.py][L163][INFO]Epoch[7/100] | Train Loss: 0.437 | Train Accuracy: 82.192% | Test Loss: 0.631 | Test Accuracy: 65.854% | Test AUC:0.7022 | Test Sen:0.5000 | Test Spe:0.7955 | Test F1:0.6585 | Test Recall:0.6585 | Test Precision:0.6585 | Best Test Accuracy: 69.512% | Best Test AUC:0.7177 | Best Test Sensitivity:0.4737 | Best Test Specificity:0.8864 | LR:0.0000878
[2023-08-16 22:32:26][Train.py][L163][INFO]Epoch[8/100] | Train Loss: 0.397 | Train Accuracy: 85.890% | Test Loss: 0.618 | Test Accuracy: 64.634% | Test AUC:0.7123 | Test Sen:0.5789 | Test Spe:0.7045 | Test F1:0.6463 | Test Recall:0.6463 | Test Precision:0.6463 | Best Test Accuracy: 69.512% | Best Test AUC:0.7177 | Best Test Sensitivity:0.4737 | Best Test Specificity:0.8864 | LR:0.0000862
[2023-08-16 22:32:26][Train.py][L163][INFO]Epoch[9/100] | Train Loss: 0.362 | Train Accuracy: 86.575% | Test Loss: 0.619 | Test Accuracy: 67.073% | Test AUC:0.7171 | Test Sen:0.6316 | Test Spe:0.7045 | Test F1:0.6707 | Test Recall:0.6707 | Test Precision:0.6707 | Best Test Accuracy: 69.512% | Best Test AUC:0.7177 | Best Test Sensitivity:0.4737 | Best Test Specificity:0.8864 | LR:0.0000845
[2023-08-16 22:32:27][Train.py][L163][INFO]Epoch[10/100] | Train Loss: 0.324 | Train Accuracy: 90.000% | Test Loss: 0.701 | Test Accuracy: 57.317% | Test AUC:0.7261 | Test Sen:0.8158 | Test Spe:0.3636 | Test F1:0.5732 | Test Recall:0.5732 | Test Precision:0.5732 | Best Test Accuracy: 69.512% | Best Test AUC:0.7177 | Best Test Sensitivity:0.4737 | Best Test Specificity:0.8864 | LR:0.0000829
[2023-08-16 22:32:28][Train.py][L163][INFO]Epoch[11/100] | Train Loss: 0.295 | Train Accuracy: 90.137% | Test Loss: 0.650 | Test Accuracy: 67.073% | Test AUC:0.7171 | Test Sen:0.7105 | Test Spe:0.6364 | Test F1:0.6707 | Test Recall:0.6707 | Test Precision:0.6707 | Best Test Accuracy: 69.512% | Best Test AUC:0.7177 | Best Test Sensitivity:0.4737 | Best Test Specificity:0.8864 | LR:0.0000813
[2023-08-16 22:32:28][Train.py][L163][INFO]Epoch[12/100] | Train Loss: 0.267 | Train Accuracy: 92.329% | Test Loss: 0.673 | Test Accuracy: 62.195% | Test AUC:0.7081 | Test Sen:0.5000 | Test Spe:0.7273 | Test F1:0.6220 | Test Recall:0.6220 | Test Precision:0.6220 | Best Test Accuracy: 69.512% | Best Test AUC:0.7177 | Best Test Sensitivity:0.4737 | Best Test Specificity:0.8864 | LR:0.0000797
[2023-08-16 22:32:29][Train.py][L163][INFO]Epoch[13/100] | Train Loss: 0.253 | Train Accuracy: 91.781% | Test Loss: 0.680 | Test Accuracy: 65.854% | Test AUC:0.7075 | Test Sen:0.5526 | Test Spe:0.7500 | Test F1:0.6585 | Test Recall:0.6585 | Test Precision:0.6585 | Best Test Accuracy: 69.512% | Best Test AUC:0.7177 | Best Test Sensitivity:0.4737 | Best Test Specificity:0.8864 | LR:0.0000781
[2023-08-16 22:32:30][Train.py][L163][INFO]Epoch[14/100] | Train Loss: 0.214 | Train Accuracy: 94.247% | Test Loss: 0.688 | Test Accuracy: 65.854% | Test AUC:0.7081 | Test Sen:0.6316 | Test Spe:0.6818 | Test F1:0.6585 | Test Recall:0.6585 | Test Precision:0.6585 | Best Test Accuracy: 69.512% | Best Test AUC:0.7177 | Best Test Sensitivity:0.4737 | Best Test Specificity:0.8864 | LR:0.0000766
[2023-08-16 22:32:30][Train.py][L163][INFO]Epoch[15/100] | Train Loss: 0.187 | Train Accuracy: 96.027% | Test Loss: 0.707 | Test Accuracy: 65.854% | Test AUC:0.7135 | Test Sen:0.6316 | Test Spe:0.6818 | Test F1:0.6585 | Test Recall:0.6585 | Test Precision:0.6585 | Best Test Accuracy: 69.512% | Best Test AUC:0.7177 | Best Test Sensitivity:0.4737 | Best Test Specificity:0.8864 | LR:0.0000750
[2023-08-16 22:32:31][Train.py][L163][INFO]Epoch[16/100] | Train Loss: 0.176 | Train Accuracy: 95.890% | Test Loss: 0.734 | Test Accuracy: 65.854% | Test AUC:0.6944 | Test Sen:0.6053 | Test Spe:0.7045 | Test F1:0.6585 | Test Recall:0.6585 | Test Precision:0.6585 | Best Test Accuracy: 69.512% | Best Test AUC:0.7177 | Best Test Sensitivity:0.4737 | Best Test Specificity:0.8864 | LR:0.0000735
[2023-08-16 22:32:32][Train.py][L163][INFO]Epoch[17/100] | Train Loss: 0.145 | Train Accuracy: 97.945% | Test Loss: 0.753 | Test Accuracy: 67.073% | Test AUC:0.6890 | Test Sen:0.6053 | Test Spe:0.7273 | Test F1:0.6707 | Test Recall:0.6707 | Test Precision:0.6707 | Best Test Accuracy: 69.512% | Best Test AUC:0.7177 | Best Test Sensitivity:0.4737 | Best Test Specificity:0.8864 | LR:0.0000720
[2023-08-16 22:32:32][Train.py][L163][INFO]Epoch[18/100] | Train Loss: 0.128 | Train Accuracy: 98.767% | Test Loss: 0.784 | Test Accuracy: 64.634% | Test AUC:0.6842 | Test Sen:0.5526 | Test Spe:0.7273 | Test F1:0.6463 | Test Recall:0.6463 | Test Precision:0.6463 | Best Test Accuracy: 69.512% | Best Test AUC:0.7177 | Best Test Sensitivity:0.4737 | Best Test Specificity:0.8864 | LR:0.0000705
[2023-08-16 22:32:33][Train.py][L163][INFO]Epoch[19/100] | Train Loss: 0.112 | Train Accuracy: 99.452% | Test Loss: 0.806 | Test Accuracy: 65.854% | Test AUC:0.6812 | Test Sen:0.6316 | Test Spe:0.6818 | Test F1:0.6585 | Test Recall:0.6585 | Test Precision:0.6585 | Best Test Accuracy: 69.512% | Best Test AUC:0.7177 | Best Test Sensitivity:0.4737 | Best Test Specificity:0.8864 | LR:0.0000690
[2023-08-16 22:32:34][Train.py][L163][INFO]Epoch[20/100] | Train Loss: 0.104 | Train Accuracy: 99.452% | Test Loss: 0.824 | Test Accuracy: 65.854% | Test AUC:0.6872 | Test Sen:0.5789 | Test Spe:0.7273 | Test F1:0.6585 | Test Recall:0.6585 | Test Precision:0.6585 | Best Test Accuracy: 69.512% | Best Test AUC:0.7177 | Best Test Sensitivity:0.4737 | Best Test Specificity:0.8864 | LR:0.0000676
[2023-08-16 22:32:34][Train.py][L163][INFO]Epoch[21/100] | Train Loss: 0.087 | Train Accuracy: 100.000% | Test Loss: 0.838 | Test Accuracy: 67.073% | Test AUC:0.6902 | Test Sen:0.6053 | Test Spe:0.7273 | Test F1:0.6707 | Test Recall:0.6707 | Test Precision:0.6707 | Best Test Accuracy: 69.512% | Best Test AUC:0.7177 | Best Test Sensitivity:0.4737 | Best Test Specificity:0.8864 | LR:0.0000662
[2023-08-16 22:32:35][Train.py][L163][INFO]Epoch[22/100] | Train Loss: 0.075 | Train Accuracy: 99.863% | Test Loss: 0.920 | Test Accuracy: 59.756% | Test AUC:0.6884 | Test Sen:0.7632 | Test Spe:0.4545 | Test F1:0.5976 | Test Recall:0.5976 | Test Precision:0.5976 | Best Test Accuracy: 69.512% | Best Test AUC:0.7177 | Best Test Sensitivity:0.4737 | Best Test Specificity:0.8864 | LR:0.0000648
[2023-08-16 22:32:36][Train.py][L163][INFO]Epoch[23/100] | Train Loss: 0.068 | Train Accuracy: 99.863% | Test Loss: 0.905 | Test Accuracy: 64.634% | Test AUC:0.6848 | Test Sen:0.6316 | Test Spe:0.6591 | Test F1:0.6463 | Test Recall:0.6463 | Test Precision:0.6463 | Best Test Accuracy: 69.512% | Best Test AUC:0.7177 | Best Test Sensitivity:0.4737 | Best Test Specificity:0.8864 | LR:0.0000634
[2023-08-16 22:32:36][Train.py][L163][INFO]Epoch[24/100] | Train Loss: 0.059 | Train Accuracy: 100.000% | Test Loss: 0.909 | Test Accuracy: 68.293% | Test AUC:0.6854 | Test Sen:0.6579 | Test Spe:0.7045 | Test F1:0.6829 | Test Recall:0.6829 | Test Precision:0.6829 | Best Test Accuracy: 69.512% | Best Test AUC:0.7177 | Best Test Sensitivity:0.4737 | Best Test Specificity:0.8864 | LR:0.0000620
[2023-08-16 22:32:37][Train.py][L163][INFO]Epoch[25/100] | Train Loss: 0.056 | Train Accuracy: 100.000% | Test Loss: 0.937 | Test Accuracy: 67.073% | Test AUC:0.6806 | Test Sen:0.6316 | Test Spe:0.7045 | Test F1:0.6707 | Test Recall:0.6707 | Test Precision:0.6707 | Best Test Accuracy: 69.512% | Best Test AUC:0.7177 | Best Test Sensitivity:0.4737 | Best Test Specificity:0.8864 | LR:0.0000606
[2023-08-16 22:32:38][Train.py][L163][INFO]Epoch[26/100] | Train Loss: 0.049 | Train Accuracy: 100.000% | Test Loss: 0.949 | Test Accuracy: 67.073% | Test AUC:0.6854 | Test Sen:0.6316 | Test Spe:0.7045 | Test F1:0.6707 | Test Recall:0.6707 | Test Precision:0.6707 | Best Test Accuracy: 69.512% | Best Test AUC:0.7177 | Best Test Sensitivity:0.4737 | Best Test Specificity:0.8864 | LR:0.0000593
[2023-08-16 22:32:38][Train.py][L163][INFO]Epoch[27/100] | Train Loss: 0.045 | Train Accuracy: 100.000% | Test Loss: 1.012 | Test Accuracy: 60.976% | Test AUC:0.6872 | Test Sen:0.7105 | Test Spe:0.5227 | Test F1:0.6098 | Test Recall:0.6098 | Test Precision:0.6098 | Best Test Accuracy: 69.512% | Best Test AUC:0.7177 | Best Test Sensitivity:0.4737 | Best Test Specificity:0.8864 | LR:0.0000580
[2023-08-16 22:32:39][Train.py][L163][INFO]Epoch[28/100] | Train Loss: 0.042 | Train Accuracy: 100.000% | Test Loss: 1.006 | Test Accuracy: 67.073% | Test AUC:0.6836 | Test Sen:0.6579 | Test Spe:0.6818 | Test F1:0.6707 | Test Recall:0.6707 | Test Precision:0.6707 | Best Test Accuracy: 69.512% | Best Test AUC:0.7177 | Best Test Sensitivity:0.4737 | Best Test Specificity:0.8864 | LR:0.0000567
[2023-08-16 22:32:40][Train.py][L163][INFO]Epoch[29/100] | Train Loss: 0.037 | Train Accuracy: 100.000% | Test Loss: 1.024 | Test Accuracy: 65.854% | Test AUC:0.6866 | Test Sen:0.6842 | Test Spe:0.6364 | Test F1:0.6585 | Test Recall:0.6585 | Test Precision:0.6585 | Best Test Accuracy: 69.512% | Best Test AUC:0.7177 | Best Test Sensitivity:0.4737 | Best Test Specificity:0.8864 | LR:0.0000554
[2023-08-16 22:32:40][Train.py][L163][INFO]Epoch[30/100] | Train Loss: 0.032 | Train Accuracy: 100.000% | Test Loss: 1.028 | Test Accuracy: 68.293% | Test AUC:0.6836 | Test Sen:0.6316 | Test Spe:0.7273 | Test F1:0.6829 | Test Recall:0.6829 | Test Precision:0.6829 | Best Test Accuracy: 69.512% | Best Test AUC:0.7177 | Best Test Sensitivity:0.4737 | Best Test Specificity:0.8864 | LR:0.0000541
[2023-08-16 22:32:41][Train.py][L163][INFO]Epoch[31/100] | Train Loss: 0.030 | Train Accuracy: 100.000% | Test Loss: 1.053 | Test Accuracy: 67.073% | Test AUC:0.6800 | Test Sen:0.6579 | Test Spe:0.6818 | Test F1:0.6707 | Test Recall:0.6707 | Test Precision:0.6707 | Best Test Accuracy: 69.512% | Best Test AUC:0.7177 | Best Test Sensitivity:0.4737 | Best Test Specificity:0.8864 | LR:0.0000528
[2023-08-16 22:32:42][Train.py][L163][INFO]Epoch[32/100] | Train Loss: 0.028 | Train Accuracy: 100.000% | Test Loss: 1.067 | Test Accuracy: 64.634% | Test AUC:0.6794 | Test Sen:0.5789 | Test Spe:0.7045 | Test F1:0.6463 | Test Recall:0.6463 | Test Precision:0.6463 | Best Test Accuracy: 69.512% | Best Test AUC:0.7177 | Best Test Sensitivity:0.4737 | Best Test Specificity:0.8864 | LR:0.0000516
[2023-08-16 22:32:42][Train.py][L163][INFO]Epoch[33/100] | Train Loss: 0.026 | Train Accuracy: 100.000% | Test Loss: 1.093 | Test Accuracy: 67.073% | Test AUC:0.6806 | Test Sen:0.6579 | Test Spe:0.6818 | Test F1:0.6707 | Test Recall:0.6707 | Test Precision:0.6707 | Best Test Accuracy: 69.512% | Best Test AUC:0.7177 | Best Test Sensitivity:0.4737 | Best Test Specificity:0.8864 | LR:0.0000504
[2023-08-16 22:32:43][Train.py][L163][INFO]Epoch[34/100] | Train Loss: 0.023 | Train Accuracy: 100.000% | Test Loss: 1.104 | Test Accuracy: 67.073% | Test AUC:0.6800 | Test Sen:0.6579 | Test Spe:0.6818 | Test F1:0.6707 | Test Recall:0.6707 | Test Precision:0.6707 | Best Test Accuracy: 69.512% | Best Test AUC:0.7177 | Best Test Sensitivity:0.4737 | Best Test Specificity:0.8864 | LR:0.0000492
[2023-08-16 22:32:44][Train.py][L163][INFO]Epoch[35/100] | Train Loss: 0.022 | Train Accuracy: 100.000% | Test Loss: 1.119 | Test Accuracy: 67.073% | Test AUC:0.6800 | Test Sen:0.6579 | Test Spe:0.6818 | Test F1:0.6707 | Test Recall:0.6707 | Test Precision:0.6707 | Best Test Accuracy: 69.512% | Best Test AUC:0.7177 | Best Test Sensitivity:0.4737 | Best Test Specificity:0.8864 | LR:0.0000480
[2023-08-16 22:32:44][Train.py][L163][INFO]Epoch[36/100] | Train Loss: 0.020 | Train Accuracy: 100.000% | Test Loss: 1.135 | Test Accuracy: 67.073% | Test AUC:0.6782 | Test Sen:0.6579 | Test Spe:0.6818 | Test F1:0.6707 | Test Recall:0.6707 | Test Precision:0.6707 | Best Test Accuracy: 69.512% | Best Test AUC:0.7177 | Best Test Sensitivity:0.4737 | Best Test Specificity:0.8864 | LR:0.0000469
[2023-08-16 22:32:45][Train.py][L163][INFO]Epoch[37/100] | Train Loss: 0.019 | Train Accuracy: 100.000% | Test Loss: 1.147 | Test Accuracy: 67.073% | Test AUC:0.6818 | Test Sen:0.6579 | Test Spe:0.6818 | Test F1:0.6707 | Test Recall:0.6707 | Test Precision:0.6707 | Best Test Accuracy: 69.512% | Best Test AUC:0.7177 | Best Test Sensitivity:0.4737 | Best Test Specificity:0.8864 | LR:0.0000457
[2023-08-16 22:32:46][Train.py][L163][INFO]Epoch[38/100] | Train Loss: 0.018 | Train Accuracy: 100.000% | Test Loss: 1.160 | Test Accuracy: 65.854% | Test AUC:0.6794 | Test Sen:0.6053 | Test Spe:0.7045 | Test F1:0.6585 | Test Recall:0.6585 | Test Precision:0.6585 | Best Test Accuracy: 69.512% | Best Test AUC:0.7177 | Best Test Sensitivity:0.4737 | Best Test Specificity:0.8864 | LR:0.0000446
[2023-08-16 22:32:46][Train.py][L163][INFO]Epoch[39/100] | Train Loss: 0.016 | Train Accuracy: 100.000% | Test Loss: 1.176 | Test Accuracy: 67.073% | Test AUC:0.6806 | Test Sen:0.6053 | Test Spe:0.7273 | Test F1:0.6707 | Test Recall:0.6707 | Test Precision:0.6707 | Best Test Accuracy: 69.512% | Best Test AUC:0.7177 | Best Test Sensitivity:0.4737 | Best Test Specificity:0.8864 | LR:0.0000435
[2023-08-16 22:32:47][Train.py][L163][INFO]Epoch[40/100] | Train Loss: 0.016 | Train Accuracy: 100.000% | Test Loss: 1.192 | Test Accuracy: 67.073% | Test AUC:0.6788 | Test Sen:0.6579 | Test Spe:0.6818 | Test F1:0.6707 | Test Recall:0.6707 | Test Precision:0.6707 | Best Test Accuracy: 69.512% | Best Test AUC:0.7177 | Best Test Sensitivity:0.4737 | Best Test Specificity:0.8864 | LR:0.0000424
[2023-08-16 22:32:48][Train.py][L163][INFO]Epoch[41/100] | Train Loss: 0.015 | Train Accuracy: 100.000% | Test Loss: 1.205 | Test Accuracy: 67.073% | Test AUC:0.6794 | Test Sen:0.6579 | Test Spe:0.6818 | Test F1:0.6707 | Test Recall:0.6707 | Test Precision:0.6707 | Best Test Accuracy: 69.512% | Best Test AUC:0.7177 | Best Test Sensitivity:0.4737 | Best Test Specificity:0.8864 | LR:0.0000413
[2023-08-16 22:32:48][Train.py][L163][INFO]Epoch[42/100] | Train Loss: 0.014 | Train Accuracy: 100.000% | Test Loss: 1.217 | Test Accuracy: 67.073% | Test AUC:0.6788 | Test Sen:0.6579 | Test Spe:0.6818 | Test F1:0.6707 | Test Recall:0.6707 | Test Precision:0.6707 | Best Test Accuracy: 69.512% | Best Test AUC:0.7177 | Best Test Sensitivity:0.4737 | Best Test Specificity:0.8864 | LR:0.0000403
[2023-08-16 22:32:49][Train.py][L163][INFO]Epoch[43/100] | Train Loss: 0.013 | Train Accuracy: 100.000% | Test Loss: 1.232 | Test Accuracy: 67.073% | Test AUC:0.6782 | Test Sen:0.6579 | Test Spe:0.6818 | Test F1:0.6707 | Test Recall:0.6707 | Test Precision:0.6707 | Best Test Accuracy: 69.512% | Best Test AUC:0.7177 | Best Test Sensitivity:0.4737 | Best Test Specificity:0.8864 | LR:0.0000392
[2023-08-16 22:32:50][Train.py][L163][INFO]Epoch[44/100] | Train Loss: 0.012 | Train Accuracy: 100.000% | Test Loss: 1.240 | Test Accuracy: 67.073% | Test AUC:0.6776 | Test Sen:0.6579 | Test Spe:0.6818 | Test F1:0.6707 | Test Recall:0.6707 | Test Precision:0.6707 | Best Test Accuracy: 69.512% | Best Test AUC:0.7177 | Best Test Sensitivity:0.4737 | Best Test Specificity:0.8864 | LR:0.0000382
[2023-08-16 22:32:50][Train.py][L163][INFO]Epoch[45/100] | Train Loss: 0.012 | Train Accuracy: 100.000% | Test Loss: 1.246 | Test Accuracy: 64.634% | Test AUC:0.6794 | Test Sen:0.6053 | Test Spe:0.6818 | Test F1:0.6463 | Test Recall:0.6463 | Test Precision:0.6463 | Best Test Accuracy: 69.512% | Best Test AUC:0.7177 | Best Test Sensitivity:0.4737 | Best Test Specificity:0.8864 | LR:0.0000372
[2023-08-16 22:32:51][Train.py][L163][INFO]Epoch[46/100] | Train Loss: 0.011 | Train Accuracy: 100.000% | Test Loss: 1.263 | Test Accuracy: 67.073% | Test AUC:0.6752 | Test Sen:0.6579 | Test Spe:0.6818 | Test F1:0.6707 | Test Recall:0.6707 | Test Precision:0.6707 | Best Test Accuracy: 69.512% | Best Test AUC:0.7177 | Best Test Sensitivity:0.4737 | Best Test Specificity:0.8864 | LR:0.0000362
[2023-08-16 22:32:52][Train.py][L163][INFO]Epoch[47/100] | Train Loss: 0.011 | Train Accuracy: 100.000% | Test Loss: 1.273 | Test Accuracy: 67.073% | Test AUC:0.6764 | Test Sen:0.6579 | Test Spe:0.6818 | Test F1:0.6707 | Test Recall:0.6707 | Test Precision:0.6707 | Best Test Accuracy: 69.512% | Best Test AUC:0.7177 | Best Test Sensitivity:0.4737 | Best Test Specificity:0.8864 | LR:0.0000353
[2023-08-16 22:32:52][Train.py][L163][INFO]Epoch[48/100] | Train Loss: 0.010 | Train Accuracy: 100.000% | Test Loss: 1.278 | Test Accuracy: 67.073% | Test AUC:0.6800 | Test Sen:0.6579 | Test Spe:0.6818 | Test F1:0.6707 | Test Recall:0.6707 | Test Precision:0.6707 | Best Test Accuracy: 69.512% | Best Test AUC:0.7177 | Best Test Sensitivity:0.4737 | Best Test Specificity:0.8864 | LR:0.0000343
[2023-08-16 22:32:53][Train.py][L163][INFO]Epoch[49/100] | Train Loss: 0.010 | Train Accuracy: 100.000% | Test Loss: 1.293 | Test Accuracy: 67.073% | Test AUC:0.6764 | Test Sen:0.6579 | Test Spe:0.6818 | Test F1:0.6707 | Test Recall:0.6707 | Test Precision:0.6707 | Best Test Accuracy: 69.512% | Best Test AUC:0.7177 | Best Test Sensitivity:0.4737 | Best Test Specificity:0.8864 | LR:0.0000334
[2023-08-16 22:32:54][Train.py][L163][INFO]Epoch[50/100] | Train Loss: 0.009 | Train Accuracy: 100.000% | Test Loss: 1.301 | Test Accuracy: 67.073% | Test AUC:0.6764 | Test Sen:0.6579 | Test Spe:0.6818 | Test F1:0.6707 | Test Recall:0.6707 | Test Precision:0.6707 | Best Test Accuracy: 69.512% | Best Test AUC:0.7177 | Best Test Sensitivity:0.4737 | Best Test Specificity:0.8864 | LR:0.0000325
[2023-08-16 22:32:54][Train.py][L163][INFO]Epoch[51/100] | Train Loss: 0.009 | Train Accuracy: 100.000% | Test Loss: 1.316 | Test Accuracy: 67.073% | Test AUC:0.6740 | Test Sen:0.6579 | Test Spe:0.6818 | Test F1:0.6707 | Test Recall:0.6707 | Test Precision:0.6707 | Best Test Accuracy: 69.512% | Best Test AUC:0.7177 | Best Test Sensitivity:0.4737 | Best Test Specificity:0.8864 | LR:0.0000316
[2023-08-16 22:32:55][Train.py][L163][INFO]Epoch[52/100] | Train Loss: 0.009 | Train Accuracy: 100.000% | Test Loss: 1.321 | Test Accuracy: 67.073% | Test AUC:0.6746 | Test Sen:0.6579 | Test Spe:0.6818 | Test F1:0.6707 | Test Recall:0.6707 | Test Precision:0.6707 | Best Test Accuracy: 69.512% | Best Test AUC:0.7177 | Best Test Sensitivity:0.4737 | Best Test Specificity:0.8864 | LR:0.0000307
[2023-08-16 22:32:56][Train.py][L163][INFO]Epoch[53/100] | Train Loss: 0.008 | Train Accuracy: 100.000% | Test Loss: 1.323 | Test Accuracy: 67.073% | Test AUC:0.6776 | Test Sen:0.6579 | Test Spe:0.6818 | Test F1:0.6707 | Test Recall:0.6707 | Test Precision:0.6707 | Best Test Accuracy: 69.512% | Best Test AUC:0.7177 | Best Test Sensitivity:0.4737 | Best Test Specificity:0.8864 | LR:0.0000299
[2023-08-16 22:32:56][Train.py][L163][INFO]Epoch[54/100] | Train Loss: 0.008 | Train Accuracy: 100.000% | Test Loss: 1.336 | Test Accuracy: 67.073% | Test AUC:0.6746 | Test Sen:0.6579 | Test Spe:0.6818 | Test F1:0.6707 | Test Recall:0.6707 | Test Precision:0.6707 | Best Test Accuracy: 69.512% | Best Test AUC:0.7177 | Best Test Sensitivity:0.4737 | Best Test Specificity:0.8864 | LR:0.0000290
[2023-08-16 22:32:57][Train.py][L163][INFO]Epoch[55/100] | Train Loss: 0.008 | Train Accuracy: 100.000% | Test Loss: 1.342 | Test Accuracy: 67.073% | Test AUC:0.6740 | Test Sen:0.6579 | Test Spe:0.6818 | Test F1:0.6707 | Test Recall:0.6707 | Test Precision:0.6707 | Best Test Accuracy: 69.512% | Best Test AUC:0.7177 | Best Test Sensitivity:0.4737 | Best Test Specificity:0.8864 | LR:0.0000282
[2023-08-16 22:32:58][Train.py][L163][INFO]Epoch[56/100] | Train Loss: 0.008 | Train Accuracy: 100.000% | Test Loss: 1.359 | Test Accuracy: 67.073% | Test AUC:0.6764 | Test Sen:0.6579 | Test Spe:0.6818 | Test F1:0.6707 | Test Recall:0.6707 | Test Precision:0.6707 | Best Test Accuracy: 69.512% | Best Test AUC:0.7177 | Best Test Sensitivity:0.4737 | Best Test Specificity:0.8864 | LR:0.0000274
[2023-08-16 22:32:58][Train.py][L163][INFO]Epoch[57/100] | Train Loss: 0.007 | Train Accuracy: 100.000% | Test Loss: 1.362 | Test Accuracy: 67.073% | Test AUC:0.6746 | Test Sen:0.6579 | Test Spe:0.6818 | Test F1:0.6707 | Test Recall:0.6707 | Test Precision:0.6707 | Best Test Accuracy: 69.512% | Best Test AUC:0.7177 | Best Test Sensitivity:0.4737 | Best Test Specificity:0.8864 | LR:0.0000266
[2023-08-16 22:32:59][Train.py][L163][INFO]Epoch[58/100] | Train Loss: 0.007 | Train Accuracy: 100.000% | Test Loss: 1.366 | Test Accuracy: 65.854% | Test AUC:0.6734 | Test Sen:0.6316 | Test Spe:0.6818 | Test F1:0.6585 | Test Recall:0.6585 | Test Precision:0.6585 | Best Test Accuracy: 69.512% | Best Test AUC:0.7177 | Best Test Sensitivity:0.4737 | Best Test Specificity:0.8864 | LR:0.0000259
[2023-08-16 22:33:00][Train.py][L163][INFO]Epoch[59/100] | Train Loss: 0.007 | Train Accuracy: 100.000% | Test Loss: 1.372 | Test Accuracy: 65.854% | Test AUC:0.6752 | Test Sen:0.6316 | Test Spe:0.6818 | Test F1:0.6585 | Test Recall:0.6585 | Test Precision:0.6585 | Best Test Accuracy: 69.512% | Best Test AUC:0.7177 | Best Test Sensitivity:0.4737 | Best Test Specificity:0.8864 | LR:0.0000251
[2023-08-16 22:33:00][Train.py][L163][INFO]Epoch[60/100] | Train Loss: 0.007 | Train Accuracy: 100.000% | Test Loss: 1.381 | Test Accuracy: 65.854% | Test AUC:0.6758 | Test Sen:0.6316 | Test Spe:0.6818 | Test F1:0.6585 | Test Recall:0.6585 | Test Precision:0.6585 | Best Test Accuracy: 69.512% | Best Test AUC:0.7177 | Best Test Sensitivity:0.4737 | Best Test Specificity:0.8864 | LR:0.0000244
[2023-08-16 22:33:01][Train.py][L163][INFO]Epoch[61/100] | Train Loss: 0.006 | Train Accuracy: 100.000% | Test Loss: 1.389 | Test Accuracy: 65.854% | Test AUC:0.6746 | Test Sen:0.6316 | Test Spe:0.6818 | Test F1:0.6585 | Test Recall:0.6585 | Test Precision:0.6585 | Best Test Accuracy: 69.512% | Best Test AUC:0.7177 | Best Test Sensitivity:0.4737 | Best Test Specificity:0.8864 | LR:0.0000237
[2023-08-16 22:33:02][Train.py][L163][INFO]Epoch[62/100] | Train Loss: 0.006 | Train Accuracy: 100.000% | Test Loss: 1.391 | Test Accuracy: 65.854% | Test AUC:0.6758 | Test Sen:0.6316 | Test Spe:0.6818 | Test F1:0.6585 | Test Recall:0.6585 | Test Precision:0.6585 | Best Test Accuracy: 69.512% | Best Test AUC:0.7177 | Best Test Sensitivity:0.4737 | Best Test Specificity:0.8864 | LR:0.0000230
[2023-08-16 22:33:02][Train.py][L163][INFO]Epoch[63/100] | Train Loss: 0.006 | Train Accuracy: 100.000% | Test Loss: 1.411 | Test Accuracy: 65.854% | Test AUC:0.6764 | Test Sen:0.6842 | Test Spe:0.6364 | Test F1:0.6585 | Test Recall:0.6585 | Test Precision:0.6585 | Best Test Accuracy: 69.512% | Best Test AUC:0.7177 | Best Test Sensitivity:0.4737 | Best Test Specificity:0.8864 | LR:0.0000223
[2023-08-16 22:33:03][Train.py][L163][INFO]Epoch[64/100] | Train Loss: 0.006 | Train Accuracy: 100.000% | Test Loss: 1.409 | Test Accuracy: 65.854% | Test AUC:0.6740 | Test Sen:0.6316 | Test Spe:0.6818 | Test F1:0.6585 | Test Recall:0.6585 | Test Precision:0.6585 | Best Test Accuracy: 69.512% | Best Test AUC:0.7177 | Best Test Sensitivity:0.4737 | Best Test Specificity:0.8864 | LR:0.0000217
[2023-08-16 22:33:04][Train.py][L163][INFO]Epoch[65/100] | Train Loss: 0.006 | Train Accuracy: 100.000% | Test Loss: 1.417 | Test Accuracy: 67.073% | Test AUC:0.6746 | Test Sen:0.6579 | Test Spe:0.6818 | Test F1:0.6707 | Test Recall:0.6707 | Test Precision:0.6707 | Best Test Accuracy: 69.512% | Best Test AUC:0.7177 | Best Test Sensitivity:0.4737 | Best Test Specificity:0.8864 | LR:0.0000210
[2023-08-16 22:33:04][Train.py][L163][INFO]Epoch[66/100] | Train Loss: 0.006 | Train Accuracy: 100.000% | Test Loss: 1.421 | Test Accuracy: 67.073% | Test AUC:0.6740 | Test Sen:0.6579 | Test Spe:0.6818 | Test F1:0.6707 | Test Recall:0.6707 | Test Precision:0.6707 | Best Test Accuracy: 69.512% | Best Test AUC:0.7177 | Best Test Sensitivity:0.4737 | Best Test Specificity:0.8864 | LR:0.0000204
[2023-08-16 22:33:05][Train.py][L163][INFO]Epoch[67/100] | Train Loss: 0.005 | Train Accuracy: 100.000% | Test Loss: 1.424 | Test Accuracy: 65.854% | Test AUC:0.6746 | Test Sen:0.6316 | Test Spe:0.6818 | Test F1:0.6585 | Test Recall:0.6585 | Test Precision:0.6585 | Best Test Accuracy: 69.512% | Best Test AUC:0.7177 | Best Test Sensitivity:0.4737 | Best Test Specificity:0.8864 | LR:0.0000198
[2023-08-16 22:33:06][Train.py][L163][INFO]Epoch[68/100] | Train Loss: 0.005 | Train Accuracy: 100.000% | Test Loss: 1.434 | Test Accuracy: 67.073% | Test AUC:0.6728 | Test Sen:0.6579 | Test Spe:0.6818 | Test F1:0.6707 | Test Recall:0.6707 | Test Precision:0.6707 | Best Test Accuracy: 69.512% | Best Test AUC:0.7177 | Best Test Sensitivity:0.4737 | Best Test Specificity:0.8864 | LR:0.0000192
[2023-08-16 22:33:06][Train.py][L163][INFO]Epoch[69/100] | Train Loss: 0.005 | Train Accuracy: 100.000% | Test Loss: 1.439 | Test Accuracy: 67.073% | Test AUC:0.6746 | Test Sen:0.6579 | Test Spe:0.6818 | Test F1:0.6707 | Test Recall:0.6707 | Test Precision:0.6707 | Best Test Accuracy: 69.512% | Best Test AUC:0.7177 | Best Test Sensitivity:0.4737 | Best Test Specificity:0.8864 | LR:0.0000186
[2023-08-16 22:33:07][Train.py][L163][INFO]Epoch[70/100] | Train Loss: 0.005 | Train Accuracy: 100.000% | Test Loss: 1.445 | Test Accuracy: 67.073% | Test AUC:0.6728 | Test Sen:0.6579 | Test Spe:0.6818 | Test F1:0.6707 | Test Recall:0.6707 | Test Precision:0.6707 | Best Test Accuracy: 69.512% | Best Test AUC:0.7177 | Best Test Sensitivity:0.4737 | Best Test Specificity:0.8864 | LR:0.0000181
[2023-08-16 22:33:08][Train.py][L163][INFO]Epoch[71/100] | Train Loss: 0.005 | Train Accuracy: 100.000% | Test Loss: 1.446 | Test Accuracy: 65.854% | Test AUC:0.6728 | Test Sen:0.6316 | Test Spe:0.6818 | Test F1:0.6585 | Test Recall:0.6585 | Test Precision:0.6585 | Best Test Accuracy: 69.512% | Best Test AUC:0.7177 | Best Test Sensitivity:0.4737 | Best Test Specificity:0.8864 | LR:0.0000176
[2023-08-16 22:33:08][Train.py][L163][INFO]Epoch[72/100] | Train Loss: 0.005 | Train Accuracy: 100.000% | Test Loss: 1.453 | Test Accuracy: 65.854% | Test AUC:0.6746 | Test Sen:0.6316 | Test Spe:0.6818 | Test F1:0.6585 | Test Recall:0.6585 | Test Precision:0.6585 | Best Test Accuracy: 69.512% | Best Test AUC:0.7177 | Best Test Sensitivity:0.4737 | Best Test Specificity:0.8864 | LR:0.0000171
[2023-08-16 22:33:09][Train.py][L163][INFO]Epoch[73/100] | Train Loss: 0.005 | Train Accuracy: 100.000% | Test Loss: 1.456 | Test Accuracy: 65.854% | Test AUC:0.6740 | Test Sen:0.6316 | Test Spe:0.6818 | Test F1:0.6585 | Test Recall:0.6585 | Test Precision:0.6585 | Best Test Accuracy: 69.512% | Best Test AUC:0.7177 | Best Test Sensitivity:0.4737 | Best Test Specificity:0.8864 | LR:0.0000166
[2023-08-16 22:33:10][Train.py][L163][INFO]Epoch[74/100] | Train Loss: 0.005 | Train Accuracy: 100.000% | Test Loss: 1.460 | Test Accuracy: 65.854% | Test AUC:0.6734 | Test Sen:0.6316 | Test Spe:0.6818 | Test F1:0.6585 | Test Recall:0.6585 | Test Precision:0.6585 | Best Test Accuracy: 69.512% | Best Test AUC:0.7177 | Best Test Sensitivity:0.4737 | Best Test Specificity:0.8864 | LR:0.0000161
[2023-08-16 22:33:10][Train.py][L163][INFO]Epoch[75/100] | Train Loss: 0.005 | Train Accuracy: 100.000% | Test Loss: 1.464 | Test Accuracy: 65.854% | Test AUC:0.6734 | Test Sen:0.6316 | Test Spe:0.6818 | Test F1:0.6585 | Test Recall:0.6585 | Test Precision:0.6585 | Best Test Accuracy: 69.512% | Best Test AUC:0.7177 | Best Test Sensitivity:0.4737 | Best Test Specificity:0.8864 | LR:0.0000156
[2023-08-16 22:33:11][Train.py][L163][INFO]Epoch[76/100] | Train Loss: 0.004 | Train Accuracy: 100.000% | Test Loss: 1.472 | Test Accuracy: 65.854% | Test AUC:0.6746 | Test Sen:0.6316 | Test Spe:0.6818 | Test F1:0.6585 | Test Recall:0.6585 | Test Precision:0.6585 | Best Test Accuracy: 69.512% | Best Test AUC:0.7177 | Best Test Sensitivity:0.4737 | Best Test Specificity:0.8864 | LR:0.0000152
[2023-08-16 22:33:12][Train.py][L163][INFO]Epoch[77/100] | Train Loss: 0.004 | Train Accuracy: 100.000% | Test Loss: 1.479 | Test Accuracy: 67.073% | Test AUC:0.6758 | Test Sen:0.6842 | Test Spe:0.6591 | Test F1:0.6707 | Test Recall:0.6707 | Test Precision:0.6707 | Best Test Accuracy: 69.512% | Best Test AUC:0.7177 | Best Test Sensitivity:0.4737 | Best Test Specificity:0.8864 | LR:0.0000148
[2023-08-16 22:33:13][Train.py][L163][INFO]Epoch[78/100] | Train Loss: 0.004 | Train Accuracy: 100.000% | Test Loss: 1.483 | Test Accuracy: 65.854% | Test AUC:0.6746 | Test Sen:0.6579 | Test Spe:0.6591 | Test F1:0.6585 | Test Recall:0.6585 | Test Precision:0.6585 | Best Test Accuracy: 69.512% | Best Test AUC:0.7177 | Best Test Sensitivity:0.4737 | Best Test Specificity:0.8864 | LR:0.0000144
[2023-08-16 22:33:13][Train.py][L163][INFO]Epoch[79/100] | Train Loss: 0.004 | Train Accuracy: 100.000% | Test Loss: 1.486 | Test Accuracy: 65.854% | Test AUC:0.6746 | Test Sen:0.6316 | Test Spe:0.6818 | Test F1:0.6585 | Test Recall:0.6585 | Test Precision:0.6585 | Best Test Accuracy: 69.512% | Best Test AUC:0.7177 | Best Test Sensitivity:0.4737 | Best Test Specificity:0.8864 | LR:0.0000140
[2023-08-16 22:33:14][Train.py][L163][INFO]Epoch[80/100] | Train Loss: 0.004 | Train Accuracy: 100.000% | Test Loss: 1.491 | Test Accuracy: 65.854% | Test AUC:0.6746 | Test Sen:0.6579 | Test Spe:0.6591 | Test F1:0.6585 | Test Recall:0.6585 | Test Precision:0.6585 | Best Test Accuracy: 69.512% | Best Test AUC:0.7177 | Best Test Sensitivity:0.4737 | Best Test Specificity:0.8864 | LR:0.0000136
[2023-08-16 22:33:15][Train.py][L163][INFO]Epoch[81/100] | Train Loss: 0.004 | Train Accuracy: 100.000% | Test Loss: 1.499 | Test Accuracy: 65.854% | Test AUC:0.6764 | Test Sen:0.6842 | Test Spe:0.6364 | Test F1:0.6585 | Test Recall:0.6585 | Test Precision:0.6585 | Best Test Accuracy: 69.512% | Best Test AUC:0.7177 | Best Test Sensitivity:0.4737 | Best Test Specificity:0.8864 | LR:0.0000132
[2023-08-16 22:33:15][Train.py][L163][INFO]Epoch[82/100] | Train Loss: 0.004 | Train Accuracy: 100.000% | Test Loss: 1.499 | Test Accuracy: 65.854% | Test AUC:0.6746 | Test Sen:0.6316 | Test Spe:0.6818 | Test F1:0.6585 | Test Recall:0.6585 | Test Precision:0.6585 | Best Test Accuracy: 69.512% | Best Test AUC:0.7177 | Best Test Sensitivity:0.4737 | Best Test Specificity:0.8864 | LR:0.0000129
[2023-08-16 22:33:16][Train.py][L163][INFO]Epoch[83/100] | Train Loss: 0.004 | Train Accuracy: 100.000% | Test Loss: 1.502 | Test Accuracy: 65.854% | Test AUC:0.6740 | Test Sen:0.6316 | Test Spe:0.6818 | Test F1:0.6585 | Test Recall:0.6585 | Test Precision:0.6585 | Best Test Accuracy: 69.512% | Best Test AUC:0.7177 | Best Test Sensitivity:0.4737 | Best Test Specificity:0.8864 | LR:0.0000126
[2023-08-16 22:33:17][Train.py][L163][INFO]Epoch[84/100] | Train Loss: 0.004 | Train Accuracy: 100.000% | Test Loss: 1.504 | Test Accuracy: 65.854% | Test AUC:0.6740 | Test Sen:0.6316 | Test Spe:0.6818 | Test F1:0.6585 | Test Recall:0.6585 | Test Precision:0.6585 | Best Test Accuracy: 69.512% | Best Test AUC:0.7177 | Best Test Sensitivity:0.4737 | Best Test Specificity:0.8864 | LR:0.0000123
[2023-08-16 22:33:18][Train.py][L163][INFO]Epoch[85/100] | Train Loss: 0.004 | Train Accuracy: 100.000% | Test Loss: 1.509 | Test Accuracy: 65.854% | Test AUC:0.6746 | Test Sen:0.6316 | Test Spe:0.6818 | Test F1:0.6585 | Test Recall:0.6585 | Test Precision:0.6585 | Best Test Accuracy: 69.512% | Best Test AUC:0.7177 | Best Test Sensitivity:0.4737 | Best Test Specificity:0.8864 | LR:0.0000120
[2023-08-16 22:33:18][Train.py][L163][INFO]Epoch[86/100] | Train Loss: 0.004 | Train Accuracy: 100.000% | Test Loss: 1.512 | Test Accuracy: 65.854% | Test AUC:0.6746 | Test Sen:0.6316 | Test Spe:0.6818 | Test F1:0.6585 | Test Recall:0.6585 | Test Precision:0.6585 | Best Test Accuracy: 69.512% | Best Test AUC:0.7177 | Best Test Sensitivity:0.4737 | Best Test Specificity:0.8864 | LR:0.0000118
[2023-08-16 22:33:19][Train.py][L163][INFO]Epoch[87/100] | Train Loss: 0.004 | Train Accuracy: 100.000% | Test Loss: 1.516 | Test Accuracy: 65.854% | Test AUC:0.6740 | Test Sen:0.6316 | Test Spe:0.6818 | Test F1:0.6585 | Test Recall:0.6585 | Test Precision:0.6585 | Best Test Accuracy: 69.512% | Best Test AUC:0.7177 | Best Test Sensitivity:0.4737 | Best Test Specificity:0.8864 | LR:0.0000115
[2023-08-16 22:33:20][Train.py][L163][INFO]Epoch[88/100] | Train Loss: 0.004 | Train Accuracy: 100.000% | Test Loss: 1.523 | Test Accuracy: 64.634% | Test AUC:0.6734 | Test Sen:0.6316 | Test Spe:0.6591 | Test F1:0.6463 | Test Recall:0.6463 | Test Precision:0.6463 | Best Test Accuracy: 69.512% | Best Test AUC:0.7177 | Best Test Sensitivity:0.4737 | Best Test Specificity:0.8864 | LR:0.0000113
[2023-08-16 22:33:20][Train.py][L163][INFO]Epoch[89/100] | Train Loss: 0.004 | Train Accuracy: 100.000% | Test Loss: 1.531 | Test Accuracy: 65.854% | Test AUC:0.6746 | Test Sen:0.6842 | Test Spe:0.6364 | Test F1:0.6585 | Test Recall:0.6585 | Test Precision:0.6585 | Best Test Accuracy: 69.512% | Best Test AUC:0.7177 | Best Test Sensitivity:0.4737 | Best Test Specificity:0.8864 | LR:0.0000111
[2023-08-16 22:33:21][Train.py][L163][INFO]Epoch[90/100] | Train Loss: 0.004 | Train Accuracy: 100.000% | Test Loss: 1.531 | Test Accuracy: 64.634% | Test AUC:0.6746 | Test Sen:0.6316 | Test Spe:0.6591 | Test F1:0.6463 | Test Recall:0.6463 | Test Precision:0.6463 | Best Test Accuracy: 69.512% | Best Test AUC:0.7177 | Best Test Sensitivity:0.4737 | Best Test Specificity:0.8864 | LR:0.0000109
[2023-08-16 22:33:22][Train.py][L163][INFO]Epoch[91/100] | Train Loss: 0.003 | Train Accuracy: 100.000% | Test Loss: 1.533 | Test Accuracy: 64.634% | Test AUC:0.6746 | Test Sen:0.6316 | Test Spe:0.6591 | Test F1:0.6463 | Test Recall:0.6463 | Test Precision:0.6463 | Best Test Accuracy: 69.512% | Best Test AUC:0.7177 | Best Test Sensitivity:0.4737 | Best Test Specificity:0.8864 | LR:0.0000107
[2023-08-16 22:33:23][Train.py][L163][INFO]Epoch[92/100] | Train Loss: 0.003 | Train Accuracy: 100.000% | Test Loss: 1.537 | Test Accuracy: 64.634% | Test AUC:0.6728 | Test Sen:0.6316 | Test Spe:0.6591 | Test F1:0.6463 | Test Recall:0.6463 | Test Precision:0.6463 | Best Test Accuracy: 69.512% | Best Test AUC:0.7177 | Best Test Sensitivity:0.4737 | Best Test Specificity:0.8864 | LR:0.0000106
[2023-08-16 22:33:23][Train.py][L163][INFO]Epoch[93/100] | Train Loss: 0.003 | Train Accuracy: 100.000% | Test Loss: 1.540 | Test Accuracy: 64.634% | Test AUC:0.6728 | Test Sen:0.6316 | Test Spe:0.6591 | Test F1:0.6463 | Test Recall:0.6463 | Test Precision:0.6463 | Best Test Accuracy: 69.512% | Best Test AUC:0.7177 | Best Test Sensitivity:0.4737 | Best Test Specificity:0.8864 | LR:0.0000104
[2023-08-16 22:33:24][Train.py][L163][INFO]Epoch[94/100] | Train Loss: 0.003 | Train Accuracy: 100.000% | Test Loss: 1.542 | Test Accuracy: 64.634% | Test AUC:0.6728 | Test Sen:0.6316 | Test Spe:0.6591 | Test F1:0.6463 | Test Recall:0.6463 | Test Precision:0.6463 | Best Test Accuracy: 69.512% | Best Test AUC:0.7177 | Best Test Sensitivity:0.4737 | Best Test Specificity:0.8864 | LR:0.0000103
[2023-08-16 22:33:25][Train.py][L163][INFO]Epoch[95/100] | Train Loss: 0.003 | Train Accuracy: 100.000% | Test Loss: 1.546 | Test Accuracy: 65.854% | Test AUC:0.6728 | Test Sen:0.6316 | Test Spe:0.6818 | Test F1:0.6585 | Test Recall:0.6585 | Test Precision:0.6585 | Best Test Accuracy: 69.512% | Best Test AUC:0.7177 | Best Test Sensitivity:0.4737 | Best Test Specificity:0.8864 | LR:0.0000102
[2023-08-16 22:33:26][Train.py][L163][INFO]Epoch[96/100] | Train Loss: 0.003 | Train Accuracy: 100.000% | Test Loss: 1.549 | Test Accuracy: 64.634% | Test AUC:0.6734 | Test Sen:0.6316 | Test Spe:0.6591 | Test F1:0.6463 | Test Recall:0.6463 | Test Precision:0.6463 | Best Test Accuracy: 69.512% | Best Test AUC:0.7177 | Best Test Sensitivity:0.4737 | Best Test Specificity:0.8864 | LR:0.0000101
[2023-08-16 22:33:26][Train.py][L163][INFO]Epoch[97/100] | Train Loss: 0.003 | Train Accuracy: 100.000% | Test Loss: 1.556 | Test Accuracy: 64.634% | Test AUC:0.6740 | Test Sen:0.6316 | Test Spe:0.6591 | Test F1:0.6463 | Test Recall:0.6463 | Test Precision:0.6463 | Best Test Accuracy: 69.512% | Best Test AUC:0.7177 | Best Test Sensitivity:0.4737 | Best Test Specificity:0.8864 | LR:0.0000101
[2023-08-16 22:33:27][Train.py][L163][INFO]Epoch[98/100] | Train Loss: 0.003 | Train Accuracy: 100.000% | Test Loss: 1.560 | Test Accuracy: 64.634% | Test AUC:0.6734 | Test Sen:0.6579 | Test Spe:0.6364 | Test F1:0.6463 | Test Recall:0.6463 | Test Precision:0.6463 | Best Test Accuracy: 69.512% | Best Test AUC:0.7177 | Best Test Sensitivity:0.4737 | Best Test Specificity:0.8864 | LR:0.0000100
[2023-08-16 22:33:28][Train.py][L163][INFO]Epoch[99/100] | Train Loss: 0.003 | Train Accuracy: 100.000% | Test Loss: 1.563 | Test Accuracy: 64.634% | Test AUC:0.6722 | Test Sen:0.6316 | Test Spe:0.6591 | Test F1:0.6463 | Test Recall:0.6463 | Test Precision:0.6463 | Best Test Accuracy: 69.512% | Best Test AUC:0.7177 | Best Test Sensitivity:0.4737 | Best Test Specificity:0.8864 | LR:0.0000100
[2023-08-16 22:33:28][Train.py][L163][INFO]Epoch[100/100] | Train Loss: 0.003 | Train Accuracy: 100.000% | Test Loss: 1.562 | Test Accuracy: 64.634% | Test AUC:0.6740 | Test Sen:0.6053 | Test Spe:0.6818 | Test F1:0.6463 | Test Recall:0.6463 | Test Precision:0.6463 | Best Test Accuracy: 69.512% | Best Test AUC:0.7177 | Best Test Sensitivity:0.4737 | Best Test Specificity:0.8864 | LR:0.0000100
[2023-08-16 22:33:40][__main__.py][L41][INFO]dataset:
  name: fc_200
  batch_size: 16
  train_set: 0.9
  test_set: 0.1
  fc_path: /mnt/ssd1/mehul_data/research/fc_200_data.npy
  node_sz: 200
  node_feature_sz: 200
  num_classes: 2
  perc_edges: 100
  node: fc
model:
  name: GraphSAGE
  num_layers: 2
  hidden_size: 64
  dropout: 0.5
  readout: mean
  edge_percentage: 0.1
optimizer:
- name: Adam
  lr: 0.0001
  match_rule: None
  except_rule: None
  no_weight_decay: false
  weight_decay: 0.0001
  lr_scheduler:
    mode: poly
    base_lr: 0.0001
    target_lr: 1.0e-05
    decay_factor: 0.1
    milestones:
    - 0.3
    - 0.6
    - 0.9
    poly_power: 2.0
    lr_decay: 0.98
    warm_up_from: 0.0
    warm_up_steps: 0
training:
  name: Train
  epochs: 100
  l2: 0.0
log_path: result
repeat_time: 2
device: cuda:0
is_wandb: true
project: asd-graph
steps_per_epoch: 46.0
total_steps: 4600.0

[2023-08-16 22:33:40][__init__.py][L15][INFO]cfg.dataset.name: fc_200
[2023-08-16 22:33:42][optimizer.py][L66][INFO]Parameters [normal] length [10]
[2023-08-16 22:33:42][__init__.py][L25][INFO]Training: Train
[2023-08-16 22:33:42][Train.py][L35][INFO]#model params: 853249
[2023-08-16 22:33:43][Train.py][L163][INFO]Epoch[1/100] | Train Loss: 0.700 | Train Accuracy: 52.192% | Test Loss: 0.675 | Test Accuracy: 52.439% | Test AUC:0.6573 | Test Sen:0.6579 | Test Spe:0.4091 | Test F1:0.5244 | Test Recall:0.5244 | Test Precision:0.5244 | Best Test Accuracy: 52.439% | Best Test AUC:0.6573 | Best Test Sensitivity:0.6579 | Best Test Specificity:0.4091 | LR:0.0000982
[2023-08-16 22:33:44][Train.py][L163][INFO]Epoch[2/100] | Train Loss: 0.662 | Train Accuracy: 59.863% | Test Loss: 0.653 | Test Accuracy: 70.732% | Test AUC:0.6669 | Test Sen:0.5000 | Test Spe:0.8864 | Test F1:0.7073 | Test Recall:0.7073 | Test Precision:0.7073 | Best Test Accuracy: 70.732% | Best Test AUC:0.6669 | Best Test Sensitivity:0.5000 | Best Test Specificity:0.8864 | LR:0.0000964
[2023-08-16 22:33:44][Train.py][L163][INFO]Epoch[3/100] | Train Loss: 0.636 | Train Accuracy: 61.370% | Test Loss: 0.655 | Test Accuracy: 67.073% | Test AUC:0.6621 | Test Sen:0.3421 | Test Spe:0.9545 | Test F1:0.6707 | Test Recall:0.6707 | Test Precision:0.6707 | Best Test Accuracy: 70.732% | Best Test AUC:0.6669 | Best Test Sensitivity:0.5000 | Best Test Specificity:0.8864 | LR:0.0000947
[2023-08-16 22:33:45][Train.py][L163][INFO]Epoch[4/100] | Train Loss: 0.588 | Train Accuracy: 71.370% | Test Loss: 0.646 | Test Accuracy: 67.073% | Test AUC:0.6830 | Test Sen:0.3684 | Test Spe:0.9318 | Test F1:0.6707 | Test Recall:0.6707 | Test Precision:0.6707 | Best Test Accuracy: 70.732% | Best Test AUC:0.6669 | Best Test Sensitivity:0.5000 | Best Test Specificity:0.8864 | LR:0.0000929
[2023-08-16 22:33:46][Train.py][L163][INFO]Epoch[5/100] | Train Loss: 0.560 | Train Accuracy: 73.836% | Test Loss: 0.675 | Test Accuracy: 65.854% | Test AUC:0.6842 | Test Sen:0.3158 | Test Spe:0.9545 | Test F1:0.6585 | Test Recall:0.6585 | Test Precision:0.6585 | Best Test Accuracy: 70.732% | Best Test AUC:0.6669 | Best Test Sensitivity:0.5000 | Best Test Specificity:0.8864 | LR:0.0000912
[2023-08-16 22:33:47][Train.py][L163][INFO]Epoch[6/100] | Train Loss: 0.513 | Train Accuracy: 77.945% | Test Loss: 0.620 | Test Accuracy: 67.073% | Test AUC:0.7016 | Test Sen:0.6316 | Test Spe:0.7045 | Test F1:0.6707 | Test Recall:0.6707 | Test Precision:0.6707 | Best Test Accuracy: 70.732% | Best Test AUC:0.6669 | Best Test Sensitivity:0.5000 | Best Test Specificity:0.8864 | LR:0.0000895
[2023-08-16 22:33:47][Train.py][L163][INFO]Epoch[7/100] | Train Loss: 0.468 | Train Accuracy: 80.548% | Test Loss: 0.617 | Test Accuracy: 68.293% | Test AUC:0.7051 | Test Sen:0.5526 | Test Spe:0.7955 | Test F1:0.6829 | Test Recall:0.6829 | Test Precision:0.6829 | Best Test Accuracy: 70.732% | Best Test AUC:0.6669 | Best Test Sensitivity:0.5000 | Best Test Specificity:0.8864 | LR:0.0000878
[2023-08-16 22:33:48][Train.py][L163][INFO]Epoch[8/100] | Train Loss: 0.433 | Train Accuracy: 84.110% | Test Loss: 0.630 | Test Accuracy: 63.415% | Test AUC:0.7183 | Test Sen:0.7368 | Test Spe:0.5455 | Test F1:0.6341 | Test Recall:0.6341 | Test Precision:0.6341 | Best Test Accuracy: 70.732% | Best Test AUC:0.6669 | Best Test Sensitivity:0.5000 | Best Test Specificity:0.8864 | LR:0.0000862
[2023-08-16 22:33:49][Train.py][L163][INFO]Epoch[9/100] | Train Loss: 0.393 | Train Accuracy: 85.890% | Test Loss: 0.621 | Test Accuracy: 68.293% | Test AUC:0.7213 | Test Sen:0.6316 | Test Spe:0.7273 | Test F1:0.6829 | Test Recall:0.6829 | Test Precision:0.6829 | Best Test Accuracy: 70.732% | Best Test AUC:0.6669 | Best Test Sensitivity:0.5000 | Best Test Specificity:0.8864 | LR:0.0000845
[2023-08-16 22:33:49][Train.py][L163][INFO]Epoch[10/100] | Train Loss: 0.349 | Train Accuracy: 88.493% | Test Loss: 0.654 | Test Accuracy: 62.195% | Test AUC:0.7303 | Test Sen:0.8158 | Test Spe:0.4545 | Test F1:0.6220 | Test Recall:0.6220 | Test Precision:0.6220 | Best Test Accuracy: 70.732% | Best Test AUC:0.6669 | Best Test Sensitivity:0.5000 | Best Test Specificity:0.8864 | LR:0.0000829
[2023-08-16 22:33:50][Train.py][L163][INFO]Epoch[11/100] | Train Loss: 0.323 | Train Accuracy: 89.315% | Test Loss: 0.643 | Test Accuracy: 70.732% | Test AUC:0.7285 | Test Sen:0.6053 | Test Spe:0.7955 | Test F1:0.7073 | Test Recall:0.7073 | Test Precision:0.7073 | Best Test Accuracy: 70.732% | Best Test AUC:0.6669 | Best Test Sensitivity:0.5000 | Best Test Specificity:0.8864 | LR:0.0000813
[2023-08-16 22:33:51][Train.py][L163][INFO]Epoch[12/100] | Train Loss: 0.291 | Train Accuracy: 89.726% | Test Loss: 0.641 | Test Accuracy: 65.854% | Test AUC:0.7297 | Test Sen:0.6579 | Test Spe:0.6591 | Test F1:0.6585 | Test Recall:0.6585 | Test Precision:0.6585 | Best Test Accuracy: 70.732% | Best Test AUC:0.6669 | Best Test Sensitivity:0.5000 | Best Test Specificity:0.8864 | LR:0.0000797
[2023-08-16 22:33:52][Train.py][L163][INFO]Epoch[13/100] | Train Loss: 0.253 | Train Accuracy: 93.562% | Test Loss: 0.659 | Test Accuracy: 65.854% | Test AUC:0.7207 | Test Sen:0.5526 | Test Spe:0.7500 | Test F1:0.6585 | Test Recall:0.6585 | Test Precision:0.6585 | Best Test Accuracy: 70.732% | Best Test AUC:0.6669 | Best Test Sensitivity:0.5000 | Best Test Specificity:0.8864 | LR:0.0000781
[2023-08-16 22:33:52][Train.py][L163][INFO]Epoch[14/100] | Train Loss: 0.225 | Train Accuracy: 95.479% | Test Loss: 0.674 | Test Accuracy: 65.854% | Test AUC:0.7273 | Test Sen:0.6842 | Test Spe:0.6364 | Test F1:0.6585 | Test Recall:0.6585 | Test Precision:0.6585 | Best Test Accuracy: 70.732% | Best Test AUC:0.6669 | Best Test Sensitivity:0.5000 | Best Test Specificity:0.8864 | LR:0.0000766
[2023-08-16 22:33:53][Train.py][L163][INFO]Epoch[15/100] | Train Loss: 0.201 | Train Accuracy: 95.342% | Test Loss: 0.698 | Test Accuracy: 64.634% | Test AUC:0.7285 | Test Sen:0.6316 | Test Spe:0.6591 | Test F1:0.6463 | Test Recall:0.6463 | Test Precision:0.6463 | Best Test Accuracy: 70.732% | Best Test AUC:0.6669 | Best Test Sensitivity:0.5000 | Best Test Specificity:0.8864 | LR:0.0000750
[2023-08-16 22:33:54][Train.py][L163][INFO]Epoch[16/100] | Train Loss: 0.176 | Train Accuracy: 97.123% | Test Loss: 0.716 | Test Accuracy: 63.415% | Test AUC:0.7225 | Test Sen:0.6842 | Test Spe:0.5909 | Test F1:0.6341 | Test Recall:0.6341 | Test Precision:0.6341 | Best Test Accuracy: 70.732% | Best Test AUC:0.6669 | Best Test Sensitivity:0.5000 | Best Test Specificity:0.8864 | LR:0.0000735
[2023-08-16 22:33:54][Train.py][L163][INFO]Epoch[17/100] | Train Loss: 0.155 | Train Accuracy: 97.534% | Test Loss: 0.749 | Test Accuracy: 65.854% | Test AUC:0.7273 | Test Sen:0.7632 | Test Spe:0.5682 | Test F1:0.6585 | Test Recall:0.6585 | Test Precision:0.6585 | Best Test Accuracy: 70.732% | Best Test AUC:0.6669 | Best Test Sensitivity:0.5000 | Best Test Specificity:0.8864 | LR:0.0000720
[2023-08-16 22:33:55][Train.py][L163][INFO]Epoch[18/100] | Train Loss: 0.141 | Train Accuracy: 97.534% | Test Loss: 0.783 | Test Accuracy: 64.634% | Test AUC:0.7147 | Test Sen:0.6053 | Test Spe:0.6818 | Test F1:0.6463 | Test Recall:0.6463 | Test Precision:0.6463 | Best Test Accuracy: 70.732% | Best Test AUC:0.6669 | Best Test Sensitivity:0.5000 | Best Test Specificity:0.8864 | LR:0.0000705
[2023-08-16 22:33:56][Train.py][L163][INFO]Epoch[19/100] | Train Loss: 0.118 | Train Accuracy: 99.041% | Test Loss: 0.797 | Test Accuracy: 64.634% | Test AUC:0.7099 | Test Sen:0.6053 | Test Spe:0.6818 | Test F1:0.6463 | Test Recall:0.6463 | Test Precision:0.6463 | Best Test Accuracy: 70.732% | Best Test AUC:0.6669 | Best Test Sensitivity:0.5000 | Best Test Specificity:0.8864 | LR:0.0000690
[2023-08-16 22:33:56][Train.py][L163][INFO]Epoch[20/100] | Train Loss: 0.105 | Train Accuracy: 99.178% | Test Loss: 0.831 | Test Accuracy: 63.415% | Test AUC:0.7069 | Test Sen:0.6842 | Test Spe:0.5909 | Test F1:0.6341 | Test Recall:0.6341 | Test Precision:0.6341 | Best Test Accuracy: 70.732% | Best Test AUC:0.6669 | Best Test Sensitivity:0.5000 | Best Test Specificity:0.8864 | LR:0.0000676
[2023-08-16 22:33:57][Train.py][L163][INFO]Epoch[21/100] | Train Loss: 0.095 | Train Accuracy: 99.726% | Test Loss: 0.853 | Test Accuracy: 60.976% | Test AUC:0.7063 | Test Sen:0.6579 | Test Spe:0.5682 | Test F1:0.6098 | Test Recall:0.6098 | Test Precision:0.6098 | Best Test Accuracy: 70.732% | Best Test AUC:0.6669 | Best Test Sensitivity:0.5000 | Best Test Specificity:0.8864 | LR:0.0000662
[2023-08-16 22:33:58][Train.py][L163][INFO]Epoch[22/100] | Train Loss: 0.086 | Train Accuracy: 99.589% | Test Loss: 0.887 | Test Accuracy: 62.195% | Test AUC:0.7081 | Test Sen:0.7105 | Test Spe:0.5455 | Test F1:0.6220 | Test Recall:0.6220 | Test Precision:0.6220 | Best Test Accuracy: 70.732% | Best Test AUC:0.6669 | Best Test Sensitivity:0.5000 | Best Test Specificity:0.8864 | LR:0.0000648
[2023-08-16 22:33:58][Train.py][L163][INFO]Epoch[23/100] | Train Loss: 0.077 | Train Accuracy: 100.000% | Test Loss: 0.889 | Test Accuracy: 63.415% | Test AUC:0.7051 | Test Sen:0.6316 | Test Spe:0.6364 | Test F1:0.6341 | Test Recall:0.6341 | Test Precision:0.6341 | Best Test Accuracy: 70.732% | Best Test AUC:0.6669 | Best Test Sensitivity:0.5000 | Best Test Specificity:0.8864 | LR:0.0000634
[2023-08-16 22:33:59][Train.py][L163][INFO]Epoch[24/100] | Train Loss: 0.065 | Train Accuracy: 99.863% | Test Loss: 0.913 | Test Accuracy: 62.195% | Test AUC:0.7045 | Test Sen:0.6316 | Test Spe:0.6136 | Test F1:0.6220 | Test Recall:0.6220 | Test Precision:0.6220 | Best Test Accuracy: 70.732% | Best Test AUC:0.6669 | Best Test Sensitivity:0.5000 | Best Test Specificity:0.8864 | LR:0.0000620
[2023-08-16 22:34:00][Train.py][L163][INFO]Epoch[25/100] | Train Loss: 0.057 | Train Accuracy: 100.000% | Test Loss: 0.930 | Test Accuracy: 63.415% | Test AUC:0.7016 | Test Sen:0.6316 | Test Spe:0.6364 | Test F1:0.6341 | Test Recall:0.6341 | Test Precision:0.6341 | Best Test Accuracy: 70.732% | Best Test AUC:0.6669 | Best Test Sensitivity:0.5000 | Best Test Specificity:0.8864 | LR:0.0000606
[2023-08-16 22:34:00][Train.py][L163][INFO]Epoch[26/100] | Train Loss: 0.052 | Train Accuracy: 100.000% | Test Loss: 0.962 | Test Accuracy: 59.756% | Test AUC:0.6980 | Test Sen:0.6316 | Test Spe:0.5682 | Test F1:0.5976 | Test Recall:0.5976 | Test Precision:0.5976 | Best Test Accuracy: 70.732% | Best Test AUC:0.6669 | Best Test Sensitivity:0.5000 | Best Test Specificity:0.8864 | LR:0.0000593
[2023-08-16 22:34:01][Train.py][L163][INFO]Epoch[27/100] | Train Loss: 0.046 | Train Accuracy: 100.000% | Test Loss: 0.977 | Test Accuracy: 59.756% | Test AUC:0.6986 | Test Sen:0.6316 | Test Spe:0.5682 | Test F1:0.5976 | Test Recall:0.5976 | Test Precision:0.5976 | Best Test Accuracy: 70.732% | Best Test AUC:0.6669 | Best Test Sensitivity:0.5000 | Best Test Specificity:0.8864 | LR:0.0000580
[2023-08-16 22:34:02][Train.py][L163][INFO]Epoch[28/100] | Train Loss: 0.042 | Train Accuracy: 100.000% | Test Loss: 1.005 | Test Accuracy: 60.976% | Test AUC:0.6926 | Test Sen:0.6316 | Test Spe:0.5909 | Test F1:0.6098 | Test Recall:0.6098 | Test Precision:0.6098 | Best Test Accuracy: 70.732% | Best Test AUC:0.6669 | Best Test Sensitivity:0.5000 | Best Test Specificity:0.8864 | LR:0.0000567
[2023-08-16 22:34:02][Train.py][L163][INFO]Epoch[29/100] | Train Loss: 0.038 | Train Accuracy: 100.000% | Test Loss: 1.029 | Test Accuracy: 63.415% | Test AUC:0.6920 | Test Sen:0.6316 | Test Spe:0.6364 | Test F1:0.6341 | Test Recall:0.6341 | Test Precision:0.6341 | Best Test Accuracy: 70.732% | Best Test AUC:0.6669 | Best Test Sensitivity:0.5000 | Best Test Specificity:0.8864 | LR:0.0000554
[2023-08-16 22:34:03][Train.py][L163][INFO]Epoch[30/100] | Train Loss: 0.034 | Train Accuracy: 100.000% | Test Loss: 1.065 | Test Accuracy: 64.634% | Test AUC:0.6890 | Test Sen:0.5789 | Test Spe:0.7045 | Test F1:0.6463 | Test Recall:0.6463 | Test Precision:0.6463 | Best Test Accuracy: 70.732% | Best Test AUC:0.6669 | Best Test Sensitivity:0.5000 | Best Test Specificity:0.8864 | LR:0.0000541
[2023-08-16 22:34:04][Train.py][L163][INFO]Epoch[31/100] | Train Loss: 0.032 | Train Accuracy: 100.000% | Test Loss: 1.081 | Test Accuracy: 60.976% | Test AUC:0.6890 | Test Sen:0.6579 | Test Spe:0.5682 | Test F1:0.6098 | Test Recall:0.6098 | Test Precision:0.6098 | Best Test Accuracy: 70.732% | Best Test AUC:0.6669 | Best Test Sensitivity:0.5000 | Best Test Specificity:0.8864 | LR:0.0000528
[2023-08-16 22:34:04][Train.py][L163][INFO]Epoch[32/100] | Train Loss: 0.030 | Train Accuracy: 100.000% | Test Loss: 1.078 | Test Accuracy: 62.195% | Test AUC:0.6884 | Test Sen:0.6316 | Test Spe:0.6136 | Test F1:0.6220 | Test Recall:0.6220 | Test Precision:0.6220 | Best Test Accuracy: 70.732% | Best Test AUC:0.6669 | Best Test Sensitivity:0.5000 | Best Test Specificity:0.8864 | LR:0.0000516
[2023-08-16 22:34:05][Train.py][L163][INFO]Epoch[33/100] | Train Loss: 0.027 | Train Accuracy: 100.000% | Test Loss: 1.097 | Test Accuracy: 62.195% | Test AUC:0.6878 | Test Sen:0.6316 | Test Spe:0.6136 | Test F1:0.6220 | Test Recall:0.6220 | Test Precision:0.6220 | Best Test Accuracy: 70.732% | Best Test AUC:0.6669 | Best Test Sensitivity:0.5000 | Best Test Specificity:0.8864 | LR:0.0000504
[2023-08-16 22:34:06][Train.py][L163][INFO]Epoch[34/100] | Train Loss: 0.024 | Train Accuracy: 100.000% | Test Loss: 1.113 | Test Accuracy: 62.195% | Test AUC:0.6866 | Test Sen:0.6316 | Test Spe:0.6136 | Test F1:0.6220 | Test Recall:0.6220 | Test Precision:0.6220 | Best Test Accuracy: 70.732% | Best Test AUC:0.6669 | Best Test Sensitivity:0.5000 | Best Test Specificity:0.8864 | LR:0.0000492
[2023-08-16 22:34:06][Train.py][L163][INFO]Epoch[35/100] | Train Loss: 0.022 | Train Accuracy: 100.000% | Test Loss: 1.134 | Test Accuracy: 59.756% | Test AUC:0.6884 | Test Sen:0.6316 | Test Spe:0.5682 | Test F1:0.5976 | Test Recall:0.5976 | Test Precision:0.5976 | Best Test Accuracy: 70.732% | Best Test AUC:0.6669 | Best Test Sensitivity:0.5000 | Best Test Specificity:0.8864 | LR:0.0000480
[2023-08-16 22:34:07][Train.py][L163][INFO]Epoch[36/100] | Train Loss: 0.021 | Train Accuracy: 100.000% | Test Loss: 1.128 | Test Accuracy: 63.415% | Test AUC:0.6890 | Test Sen:0.6316 | Test Spe:0.6364 | Test F1:0.6341 | Test Recall:0.6341 | Test Precision:0.6341 | Best Test Accuracy: 70.732% | Best Test AUC:0.6669 | Best Test Sensitivity:0.5000 | Best Test Specificity:0.8864 | LR:0.0000469
[2023-08-16 22:34:08][Train.py][L163][INFO]Epoch[37/100] | Train Loss: 0.020 | Train Accuracy: 100.000% | Test Loss: 1.156 | Test Accuracy: 60.976% | Test AUC:0.6878 | Test Sen:0.6316 | Test Spe:0.5909 | Test F1:0.6098 | Test Recall:0.6098 | Test Precision:0.6098 | Best Test Accuracy: 70.732% | Best Test AUC:0.6669 | Best Test Sensitivity:0.5000 | Best Test Specificity:0.8864 | LR:0.0000457
[2023-08-16 22:34:08][Train.py][L163][INFO]Epoch[38/100] | Train Loss: 0.019 | Train Accuracy: 100.000% | Test Loss: 1.176 | Test Accuracy: 58.537% | Test AUC:0.6878 | Test Sen:0.6316 | Test Spe:0.5455 | Test F1:0.5854 | Test Recall:0.5854 | Test Precision:0.5854 | Best Test Accuracy: 70.732% | Best Test AUC:0.6669 | Best Test Sensitivity:0.5000 | Best Test Specificity:0.8864 | LR:0.0000446
[2023-08-16 22:34:09][Train.py][L163][INFO]Epoch[39/100] | Train Loss: 0.018 | Train Accuracy: 100.000% | Test Loss: 1.182 | Test Accuracy: 62.195% | Test AUC:0.6872 | Test Sen:0.6316 | Test Spe:0.6136 | Test F1:0.6220 | Test Recall:0.6220 | Test Precision:0.6220 | Best Test Accuracy: 70.732% | Best Test AUC:0.6669 | Best Test Sensitivity:0.5000 | Best Test Specificity:0.8864 | LR:0.0000435
[2023-08-16 22:34:10][Train.py][L163][INFO]Epoch[40/100] | Train Loss: 0.016 | Train Accuracy: 100.000% | Test Loss: 1.195 | Test Accuracy: 63.415% | Test AUC:0.6848 | Test Sen:0.6316 | Test Spe:0.6364 | Test F1:0.6341 | Test Recall:0.6341 | Test Precision:0.6341 | Best Test Accuracy: 70.732% | Best Test AUC:0.6669 | Best Test Sensitivity:0.5000 | Best Test Specificity:0.8864 | LR:0.0000424
[2023-08-16 22:34:10][Train.py][L163][INFO]Epoch[41/100] | Train Loss: 0.015 | Train Accuracy: 100.000% | Test Loss: 1.207 | Test Accuracy: 62.195% | Test AUC:0.6854 | Test Sen:0.6316 | Test Spe:0.6136 | Test F1:0.6220 | Test Recall:0.6220 | Test Precision:0.6220 | Best Test Accuracy: 70.732% | Best Test AUC:0.6669 | Best Test Sensitivity:0.5000 | Best Test Specificity:0.8864 | LR:0.0000413
[2023-08-16 22:34:11][Train.py][L163][INFO]Epoch[42/100] | Train Loss: 0.014 | Train Accuracy: 100.000% | Test Loss: 1.224 | Test Accuracy: 60.976% | Test AUC:0.6854 | Test Sen:0.6053 | Test Spe:0.6136 | Test F1:0.6098 | Test Recall:0.6098 | Test Precision:0.6098 | Best Test Accuracy: 70.732% | Best Test AUC:0.6669 | Best Test Sensitivity:0.5000 | Best Test Specificity:0.8864 | LR:0.0000403
[2023-08-16 22:34:12][Train.py][L163][INFO]Epoch[43/100] | Train Loss: 0.013 | Train Accuracy: 100.000% | Test Loss: 1.237 | Test Accuracy: 62.195% | Test AUC:0.6830 | Test Sen:0.6316 | Test Spe:0.6136 | Test F1:0.6220 | Test Recall:0.6220 | Test Precision:0.6220 | Best Test Accuracy: 70.732% | Best Test AUC:0.6669 | Best Test Sensitivity:0.5000 | Best Test Specificity:0.8864 | LR:0.0000392
[2023-08-16 22:34:12][Train.py][L163][INFO]Epoch[44/100] | Train Loss: 0.013 | Train Accuracy: 100.000% | Test Loss: 1.240 | Test Accuracy: 62.195% | Test AUC:0.6842 | Test Sen:0.6053 | Test Spe:0.6364 | Test F1:0.6220 | Test Recall:0.6220 | Test Precision:0.6220 | Best Test Accuracy: 70.732% | Best Test AUC:0.6669 | Best Test Sensitivity:0.5000 | Best Test Specificity:0.8864 | LR:0.0000382
[2023-08-16 22:34:13][Train.py][L163][INFO]Epoch[45/100] | Train Loss: 0.012 | Train Accuracy: 100.000% | Test Loss: 1.256 | Test Accuracy: 62.195% | Test AUC:0.6818 | Test Sen:0.6053 | Test Spe:0.6364 | Test F1:0.6220 | Test Recall:0.6220 | Test Precision:0.6220 | Best Test Accuracy: 70.732% | Best Test AUC:0.6669 | Best Test Sensitivity:0.5000 | Best Test Specificity:0.8864 | LR:0.0000372
[2023-08-16 22:34:14][Train.py][L163][INFO]Epoch[46/100] | Train Loss: 0.012 | Train Accuracy: 100.000% | Test Loss: 1.270 | Test Accuracy: 62.195% | Test AUC:0.6842 | Test Sen:0.6316 | Test Spe:0.6136 | Test F1:0.6220 | Test Recall:0.6220 | Test Precision:0.6220 | Best Test Accuracy: 70.732% | Best Test AUC:0.6669 | Best Test Sensitivity:0.5000 | Best Test Specificity:0.8864 | LR:0.0000362
[2023-08-16 22:34:14][Train.py][L163][INFO]Epoch[47/100] | Train Loss: 0.011 | Train Accuracy: 100.000% | Test Loss: 1.281 | Test Accuracy: 62.195% | Test AUC:0.6794 | Test Sen:0.6053 | Test Spe:0.6364 | Test F1:0.6220 | Test Recall:0.6220 | Test Precision:0.6220 | Best Test Accuracy: 70.732% | Best Test AUC:0.6669 | Best Test Sensitivity:0.5000 | Best Test Specificity:0.8864 | LR:0.0000353
[2023-08-16 22:34:15][Train.py][L163][INFO]Epoch[48/100] | Train Loss: 0.011 | Train Accuracy: 100.000% | Test Loss: 1.292 | Test Accuracy: 60.976% | Test AUC:0.6818 | Test Sen:0.6053 | Test Spe:0.6136 | Test F1:0.6098 | Test Recall:0.6098 | Test Precision:0.6098 | Best Test Accuracy: 70.732% | Best Test AUC:0.6669 | Best Test Sensitivity:0.5000 | Best Test Specificity:0.8864 | LR:0.0000343
[2023-08-16 22:34:16][Train.py][L163][INFO]Epoch[49/100] | Train Loss: 0.010 | Train Accuracy: 100.000% | Test Loss: 1.299 | Test Accuracy: 60.976% | Test AUC:0.6782 | Test Sen:0.6053 | Test Spe:0.6136 | Test F1:0.6098 | Test Recall:0.6098 | Test Precision:0.6098 | Best Test Accuracy: 70.732% | Best Test AUC:0.6669 | Best Test Sensitivity:0.5000 | Best Test Specificity:0.8864 | LR:0.0000334
[2023-08-16 22:34:16][Train.py][L163][INFO]Epoch[50/100] | Train Loss: 0.010 | Train Accuracy: 100.000% | Test Loss: 1.312 | Test Accuracy: 62.195% | Test AUC:0.6770 | Test Sen:0.6053 | Test Spe:0.6364 | Test F1:0.6220 | Test Recall:0.6220 | Test Precision:0.6220 | Best Test Accuracy: 70.732% | Best Test AUC:0.6669 | Best Test Sensitivity:0.5000 | Best Test Specificity:0.8864 | LR:0.0000325
[2023-08-16 22:34:17][Train.py][L163][INFO]Epoch[51/100] | Train Loss: 0.009 | Train Accuracy: 100.000% | Test Loss: 1.320 | Test Accuracy: 60.976% | Test AUC:0.6788 | Test Sen:0.6053 | Test Spe:0.6136 | Test F1:0.6098 | Test Recall:0.6098 | Test Precision:0.6098 | Best Test Accuracy: 70.732% | Best Test AUC:0.6669 | Best Test Sensitivity:0.5000 | Best Test Specificity:0.8864 | LR:0.0000316
[2023-08-16 22:34:17][Train.py][L163][INFO]Epoch[52/100] | Train Loss: 0.009 | Train Accuracy: 100.000% | Test Loss: 1.329 | Test Accuracy: 60.976% | Test AUC:0.6758 | Test Sen:0.6053 | Test Spe:0.6136 | Test F1:0.6098 | Test Recall:0.6098 | Test Precision:0.6098 | Best Test Accuracy: 70.732% | Best Test AUC:0.6669 | Best Test Sensitivity:0.5000 | Best Test Specificity:0.8864 | LR:0.0000307
[2023-08-16 22:34:18][Train.py][L163][INFO]Epoch[53/100] | Train Loss: 0.009 | Train Accuracy: 100.000% | Test Loss: 1.339 | Test Accuracy: 62.195% | Test AUC:0.6752 | Test Sen:0.6053 | Test Spe:0.6364 | Test F1:0.6220 | Test Recall:0.6220 | Test Precision:0.6220 | Best Test Accuracy: 70.732% | Best Test AUC:0.6669 | Best Test Sensitivity:0.5000 | Best Test Specificity:0.8864 | LR:0.0000299
[2023-08-16 22:34:19][Train.py][L163][INFO]Epoch[54/100] | Train Loss: 0.008 | Train Accuracy: 100.000% | Test Loss: 1.346 | Test Accuracy: 62.195% | Test AUC:0.6752 | Test Sen:0.6053 | Test Spe:0.6364 | Test F1:0.6220 | Test Recall:0.6220 | Test Precision:0.6220 | Best Test Accuracy: 70.732% | Best Test AUC:0.6669 | Best Test Sensitivity:0.5000 | Best Test Specificity:0.8864 | LR:0.0000290
[2023-08-16 22:34:19][Train.py][L163][INFO]Epoch[55/100] | Train Loss: 0.008 | Train Accuracy: 100.000% | Test Loss: 1.357 | Test Accuracy: 60.976% | Test AUC:0.6746 | Test Sen:0.6053 | Test Spe:0.6136 | Test F1:0.6098 | Test Recall:0.6098 | Test Precision:0.6098 | Best Test Accuracy: 70.732% | Best Test AUC:0.6669 | Best Test Sensitivity:0.5000 | Best Test Specificity:0.8864 | LR:0.0000282
[2023-08-16 22:34:20][Train.py][L163][INFO]Epoch[56/100] | Train Loss: 0.008 | Train Accuracy: 100.000% | Test Loss: 1.365 | Test Accuracy: 62.195% | Test AUC:0.6758 | Test Sen:0.6053 | Test Spe:0.6364 | Test F1:0.6220 | Test Recall:0.6220 | Test Precision:0.6220 | Best Test Accuracy: 70.732% | Best Test AUC:0.6669 | Best Test Sensitivity:0.5000 | Best Test Specificity:0.8864 | LR:0.0000274
[2023-08-16 22:34:21][Train.py][L163][INFO]Epoch[57/100] | Train Loss: 0.007 | Train Accuracy: 100.000% | Test Loss: 1.372 | Test Accuracy: 62.195% | Test AUC:0.6752 | Test Sen:0.6053 | Test Spe:0.6364 | Test F1:0.6220 | Test Recall:0.6220 | Test Precision:0.6220 | Best Test Accuracy: 70.732% | Best Test AUC:0.6669 | Best Test Sensitivity:0.5000 | Best Test Specificity:0.8864 | LR:0.0000266
[2023-08-16 22:34:21][Train.py][L163][INFO]Epoch[58/100] | Train Loss: 0.007 | Train Accuracy: 100.000% | Test Loss: 1.377 | Test Accuracy: 62.195% | Test AUC:0.6752 | Test Sen:0.6053 | Test Spe:0.6364 | Test F1:0.6220 | Test Recall:0.6220 | Test Precision:0.6220 | Best Test Accuracy: 70.732% | Best Test AUC:0.6669 | Best Test Sensitivity:0.5000 | Best Test Specificity:0.8864 | LR:0.0000259
[2023-08-16 22:34:22][Train.py][L163][INFO]Epoch[59/100] | Train Loss: 0.007 | Train Accuracy: 100.000% | Test Loss: 1.387 | Test Accuracy: 62.195% | Test AUC:0.6752 | Test Sen:0.6053 | Test Spe:0.6364 | Test F1:0.6220 | Test Recall:0.6220 | Test Precision:0.6220 | Best Test Accuracy: 70.732% | Best Test AUC:0.6669 | Best Test Sensitivity:0.5000 | Best Test Specificity:0.8864 | LR:0.0000251
[2023-08-16 22:34:22][Train.py][L163][INFO]Epoch[60/100] | Train Loss: 0.007 | Train Accuracy: 100.000% | Test Loss: 1.391 | Test Accuracy: 60.976% | Test AUC:0.6758 | Test Sen:0.6053 | Test Spe:0.6136 | Test F1:0.6098 | Test Recall:0.6098 | Test Precision:0.6098 | Best Test Accuracy: 70.732% | Best Test AUC:0.6669 | Best Test Sensitivity:0.5000 | Best Test Specificity:0.8864 | LR:0.0000244
[2023-08-16 22:34:23][Train.py][L163][INFO]Epoch[61/100] | Train Loss: 0.006 | Train Accuracy: 100.000% | Test Loss: 1.401 | Test Accuracy: 62.195% | Test AUC:0.6746 | Test Sen:0.6053 | Test Spe:0.6364 | Test F1:0.6220 | Test Recall:0.6220 | Test Precision:0.6220 | Best Test Accuracy: 70.732% | Best Test AUC:0.6669 | Best Test Sensitivity:0.5000 | Best Test Specificity:0.8864 | LR:0.0000237
[2023-08-16 22:34:24][Train.py][L163][INFO]Epoch[62/100] | Train Loss: 0.006 | Train Accuracy: 100.000% | Test Loss: 1.408 | Test Accuracy: 62.195% | Test AUC:0.6746 | Test Sen:0.6053 | Test Spe:0.6364 | Test F1:0.6220 | Test Recall:0.6220 | Test Precision:0.6220 | Best Test Accuracy: 70.732% | Best Test AUC:0.6669 | Best Test Sensitivity:0.5000 | Best Test Specificity:0.8864 | LR:0.0000230
[2023-08-16 22:34:24][Train.py][L163][INFO]Epoch[63/100] | Train Loss: 0.006 | Train Accuracy: 100.000% | Test Loss: 1.416 | Test Accuracy: 62.195% | Test AUC:0.6728 | Test Sen:0.6053 | Test Spe:0.6364 | Test F1:0.6220 | Test Recall:0.6220 | Test Precision:0.6220 | Best Test Accuracy: 70.732% | Best Test AUC:0.6669 | Best Test Sensitivity:0.5000 | Best Test Specificity:0.8864 | LR:0.0000223
[2023-08-16 22:34:25][Train.py][L163][INFO]Epoch[64/100] | Train Loss: 0.006 | Train Accuracy: 100.000% | Test Loss: 1.422 | Test Accuracy: 60.976% | Test AUC:0.6746 | Test Sen:0.6053 | Test Spe:0.6136 | Test F1:0.6098 | Test Recall:0.6098 | Test Precision:0.6098 | Best Test Accuracy: 70.732% | Best Test AUC:0.6669 | Best Test Sensitivity:0.5000 | Best Test Specificity:0.8864 | LR:0.0000217
[2023-08-16 22:34:26][Train.py][L163][INFO]Epoch[65/100] | Train Loss: 0.006 | Train Accuracy: 100.000% | Test Loss: 1.427 | Test Accuracy: 60.976% | Test AUC:0.6722 | Test Sen:0.6053 | Test Spe:0.6136 | Test F1:0.6098 | Test Recall:0.6098 | Test Precision:0.6098 | Best Test Accuracy: 70.732% | Best Test AUC:0.6669 | Best Test Sensitivity:0.5000 | Best Test Specificity:0.8864 | LR:0.0000210
[2023-08-16 22:34:26][Train.py][L163][INFO]Epoch[66/100] | Train Loss: 0.006 | Train Accuracy: 100.000% | Test Loss: 1.437 | Test Accuracy: 59.756% | Test AUC:0.6722 | Test Sen:0.6053 | Test Spe:0.5909 | Test F1:0.5976 | Test Recall:0.5976 | Test Precision:0.5976 | Best Test Accuracy: 70.732% | Best Test AUC:0.6669 | Best Test Sensitivity:0.5000 | Best Test Specificity:0.8864 | LR:0.0000204
[2023-08-16 22:34:27][Train.py][L163][INFO]Epoch[67/100] | Train Loss: 0.005 | Train Accuracy: 100.000% | Test Loss: 1.438 | Test Accuracy: 62.195% | Test AUC:0.6728 | Test Sen:0.6053 | Test Spe:0.6364 | Test F1:0.6220 | Test Recall:0.6220 | Test Precision:0.6220 | Best Test Accuracy: 70.732% | Best Test AUC:0.6669 | Best Test Sensitivity:0.5000 | Best Test Specificity:0.8864 | LR:0.0000198
[2023-08-16 22:34:28][Train.py][L163][INFO]Epoch[68/100] | Train Loss: 0.005 | Train Accuracy: 100.000% | Test Loss: 1.443 | Test Accuracy: 62.195% | Test AUC:0.6734 | Test Sen:0.6053 | Test Spe:0.6364 | Test F1:0.6220 | Test Recall:0.6220 | Test Precision:0.6220 | Best Test Accuracy: 70.732% | Best Test AUC:0.6669 | Best Test Sensitivity:0.5000 | Best Test Specificity:0.8864 | LR:0.0000192
[2023-08-16 22:34:29][Train.py][L163][INFO]Epoch[69/100] | Train Loss: 0.005 | Train Accuracy: 100.000% | Test Loss: 1.450 | Test Accuracy: 62.195% | Test AUC:0.6734 | Test Sen:0.6053 | Test Spe:0.6364 | Test F1:0.6220 | Test Recall:0.6220 | Test Precision:0.6220 | Best Test Accuracy: 70.732% | Best Test AUC:0.6669 | Best Test Sensitivity:0.5000 | Best Test Specificity:0.8864 | LR:0.0000186
[2023-08-16 22:34:29][Train.py][L163][INFO]Epoch[70/100] | Train Loss: 0.005 | Train Accuracy: 100.000% | Test Loss: 1.457 | Test Accuracy: 63.415% | Test AUC:0.6722 | Test Sen:0.6053 | Test Spe:0.6591 | Test F1:0.6341 | Test Recall:0.6341 | Test Precision:0.6341 | Best Test Accuracy: 70.732% | Best Test AUC:0.6669 | Best Test Sensitivity:0.5000 | Best Test Specificity:0.8864 | LR:0.0000181
[2023-08-16 22:34:30][Train.py][L163][INFO]Epoch[71/100] | Train Loss: 0.005 | Train Accuracy: 100.000% | Test Loss: 1.461 | Test Accuracy: 62.195% | Test AUC:0.6734 | Test Sen:0.6053 | Test Spe:0.6364 | Test F1:0.6220 | Test Recall:0.6220 | Test Precision:0.6220 | Best Test Accuracy: 70.732% | Best Test AUC:0.6669 | Best Test Sensitivity:0.5000 | Best Test Specificity:0.8864 | LR:0.0000176
[2023-08-16 22:34:31][Train.py][L163][INFO]Epoch[72/100] | Train Loss: 0.005 | Train Accuracy: 100.000% | Test Loss: 1.465 | Test Accuracy: 62.195% | Test AUC:0.6722 | Test Sen:0.6053 | Test Spe:0.6364 | Test F1:0.6220 | Test Recall:0.6220 | Test Precision:0.6220 | Best Test Accuracy: 70.732% | Best Test AUC:0.6669 | Best Test Sensitivity:0.5000 | Best Test Specificity:0.8864 | LR:0.0000171
[2023-08-16 22:34:31][Train.py][L163][INFO]Epoch[73/100] | Train Loss: 0.005 | Train Accuracy: 100.000% | Test Loss: 1.471 | Test Accuracy: 62.195% | Test AUC:0.6728 | Test Sen:0.6053 | Test Spe:0.6364 | Test F1:0.6220 | Test Recall:0.6220 | Test Precision:0.6220 | Best Test Accuracy: 70.732% | Best Test AUC:0.6669 | Best Test Sensitivity:0.5000 | Best Test Specificity:0.8864 | LR:0.0000166
[2023-08-16 22:34:32][Train.py][L163][INFO]Epoch[74/100] | Train Loss: 0.005 | Train Accuracy: 100.000% | Test Loss: 1.474 | Test Accuracy: 62.195% | Test AUC:0.6734 | Test Sen:0.6053 | Test Spe:0.6364 | Test F1:0.6220 | Test Recall:0.6220 | Test Precision:0.6220 | Best Test Accuracy: 70.732% | Best Test AUC:0.6669 | Best Test Sensitivity:0.5000 | Best Test Specificity:0.8864 | LR:0.0000161
[2023-08-16 22:34:33][Train.py][L163][INFO]Epoch[75/100] | Train Loss: 0.005 | Train Accuracy: 100.000% | Test Loss: 1.481 | Test Accuracy: 60.976% | Test AUC:0.6734 | Test Sen:0.6053 | Test Spe:0.6136 | Test F1:0.6098 | Test Recall:0.6098 | Test Precision:0.6098 | Best Test Accuracy: 70.732% | Best Test AUC:0.6669 | Best Test Sensitivity:0.5000 | Best Test Specificity:0.8864 | LR:0.0000156
[2023-08-16 22:34:33][Train.py][L163][INFO]Epoch[76/100] | Train Loss: 0.005 | Train Accuracy: 100.000% | Test Loss: 1.484 | Test Accuracy: 60.976% | Test AUC:0.6734 | Test Sen:0.6053 | Test Spe:0.6136 | Test F1:0.6098 | Test Recall:0.6098 | Test Precision:0.6098 | Best Test Accuracy: 70.732% | Best Test AUC:0.6669 | Best Test Sensitivity:0.5000 | Best Test Specificity:0.8864 | LR:0.0000152
[2023-08-16 22:34:34][Train.py][L163][INFO]Epoch[77/100] | Train Loss: 0.004 | Train Accuracy: 100.000% | Test Loss: 1.489 | Test Accuracy: 62.195% | Test AUC:0.6734 | Test Sen:0.6053 | Test Spe:0.6364 | Test F1:0.6220 | Test Recall:0.6220 | Test Precision:0.6220 | Best Test Accuracy: 70.732% | Best Test AUC:0.6669 | Best Test Sensitivity:0.5000 | Best Test Specificity:0.8864 | LR:0.0000148
[2023-08-16 22:34:35][Train.py][L163][INFO]Epoch[78/100] | Train Loss: 0.004 | Train Accuracy: 100.000% | Test Loss: 1.494 | Test Accuracy: 62.195% | Test AUC:0.6722 | Test Sen:0.6053 | Test Spe:0.6364 | Test F1:0.6220 | Test Recall:0.6220 | Test Precision:0.6220 | Best Test Accuracy: 70.732% | Best Test AUC:0.6669 | Best Test Sensitivity:0.5000 | Best Test Specificity:0.8864 | LR:0.0000144
[2023-08-16 22:34:35][Train.py][L163][INFO]Epoch[79/100] | Train Loss: 0.004 | Train Accuracy: 100.000% | Test Loss: 1.498 | Test Accuracy: 62.195% | Test AUC:0.6717 | Test Sen:0.6053 | Test Spe:0.6364 | Test F1:0.6220 | Test Recall:0.6220 | Test Precision:0.6220 | Best Test Accuracy: 70.732% | Best Test AUC:0.6669 | Best Test Sensitivity:0.5000 | Best Test Specificity:0.8864 | LR:0.0000140
[2023-08-16 22:34:36][Train.py][L163][INFO]Epoch[80/100] | Train Loss: 0.004 | Train Accuracy: 100.000% | Test Loss: 1.504 | Test Accuracy: 60.976% | Test AUC:0.6740 | Test Sen:0.6053 | Test Spe:0.6136 | Test F1:0.6098 | Test Recall:0.6098 | Test Precision:0.6098 | Best Test Accuracy: 70.732% | Best Test AUC:0.6669 | Best Test Sensitivity:0.5000 | Best Test Specificity:0.8864 | LR:0.0000136
[2023-08-16 22:34:37][Train.py][L163][INFO]Epoch[81/100] | Train Loss: 0.004 | Train Accuracy: 100.000% | Test Loss: 1.509 | Test Accuracy: 62.195% | Test AUC:0.6728 | Test Sen:0.6053 | Test Spe:0.6364 | Test F1:0.6220 | Test Recall:0.6220 | Test Precision:0.6220 | Best Test Accuracy: 70.732% | Best Test AUC:0.6669 | Best Test Sensitivity:0.5000 | Best Test Specificity:0.8864 | LR:0.0000132
[2023-08-16 22:34:37][Train.py][L163][INFO]Epoch[82/100] | Train Loss: 0.004 | Train Accuracy: 100.000% | Test Loss: 1.511 | Test Accuracy: 62.195% | Test AUC:0.6728 | Test Sen:0.6053 | Test Spe:0.6364 | Test F1:0.6220 | Test Recall:0.6220 | Test Precision:0.6220 | Best Test Accuracy: 70.732% | Best Test AUC:0.6669 | Best Test Sensitivity:0.5000 | Best Test Specificity:0.8864 | LR:0.0000129
[2023-08-16 22:34:38][Train.py][L163][INFO]Epoch[83/100] | Train Loss: 0.004 | Train Accuracy: 100.000% | Test Loss: 1.517 | Test Accuracy: 62.195% | Test AUC:0.6728 | Test Sen:0.6053 | Test Spe:0.6364 | Test F1:0.6220 | Test Recall:0.6220 | Test Precision:0.6220 | Best Test Accuracy: 70.732% | Best Test AUC:0.6669 | Best Test Sensitivity:0.5000 | Best Test Specificity:0.8864 | LR:0.0000126
[2023-08-16 22:34:39][Train.py][L163][INFO]Epoch[84/100] | Train Loss: 0.004 | Train Accuracy: 100.000% | Test Loss: 1.520 | Test Accuracy: 62.195% | Test AUC:0.6728 | Test Sen:0.6053 | Test Spe:0.6364 | Test F1:0.6220 | Test Recall:0.6220 | Test Precision:0.6220 | Best Test Accuracy: 70.732% | Best Test AUC:0.6669 | Best Test Sensitivity:0.5000 | Best Test Specificity:0.8864 | LR:0.0000123
[2023-08-16 22:34:39][Train.py][L163][INFO]Epoch[85/100] | Train Loss: 0.004 | Train Accuracy: 100.000% | Test Loss: 1.524 | Test Accuracy: 60.976% | Test AUC:0.6728 | Test Sen:0.6053 | Test Spe:0.6136 | Test F1:0.6098 | Test Recall:0.6098 | Test Precision:0.6098 | Best Test Accuracy: 70.732% | Best Test AUC:0.6669 | Best Test Sensitivity:0.5000 | Best Test Specificity:0.8864 | LR:0.0000120
[2023-08-16 22:34:40][Train.py][L163][INFO]Epoch[86/100] | Train Loss: 0.004 | Train Accuracy: 100.000% | Test Loss: 1.529 | Test Accuracy: 60.976% | Test AUC:0.6722 | Test Sen:0.6053 | Test Spe:0.6136 | Test F1:0.6098 | Test Recall:0.6098 | Test Precision:0.6098 | Best Test Accuracy: 70.732% | Best Test AUC:0.6669 | Best Test Sensitivity:0.5000 | Best Test Specificity:0.8864 | LR:0.0000118
[2023-08-16 22:34:41][Train.py][L163][INFO]Epoch[87/100] | Train Loss: 0.004 | Train Accuracy: 100.000% | Test Loss: 1.532 | Test Accuracy: 62.195% | Test AUC:0.6722 | Test Sen:0.6053 | Test Spe:0.6364 | Test F1:0.6220 | Test Recall:0.6220 | Test Precision:0.6220 | Best Test Accuracy: 70.732% | Best Test AUC:0.6669 | Best Test Sensitivity:0.5000 | Best Test Specificity:0.8864 | LR:0.0000115
[2023-08-16 22:34:41][Train.py][L163][INFO]Epoch[88/100] | Train Loss: 0.004 | Train Accuracy: 100.000% | Test Loss: 1.535 | Test Accuracy: 62.195% | Test AUC:0.6722 | Test Sen:0.6053 | Test Spe:0.6364 | Test F1:0.6220 | Test Recall:0.6220 | Test Precision:0.6220 | Best Test Accuracy: 70.732% | Best Test AUC:0.6669 | Best Test Sensitivity:0.5000 | Best Test Specificity:0.8864 | LR:0.0000113
[2023-08-16 22:34:42][Train.py][L163][INFO]Epoch[89/100] | Train Loss: 0.004 | Train Accuracy: 100.000% | Test Loss: 1.539 | Test Accuracy: 62.195% | Test AUC:0.6722 | Test Sen:0.6053 | Test Spe:0.6364 | Test F1:0.6220 | Test Recall:0.6220 | Test Precision:0.6220 | Best Test Accuracy: 70.732% | Best Test AUC:0.6669 | Best Test Sensitivity:0.5000 | Best Test Specificity:0.8864 | LR:0.0000111
[2023-08-16 22:34:43][Train.py][L163][INFO]Epoch[90/100] | Train Loss: 0.004 | Train Accuracy: 100.000% | Test Loss: 1.544 | Test Accuracy: 60.976% | Test AUC:0.6722 | Test Sen:0.6053 | Test Spe:0.6136 | Test F1:0.6098 | Test Recall:0.6098 | Test Precision:0.6098 | Best Test Accuracy: 70.732% | Best Test AUC:0.6669 | Best Test Sensitivity:0.5000 | Best Test Specificity:0.8864 | LR:0.0000109
[2023-08-16 22:34:43][Train.py][L163][INFO]Epoch[91/100] | Train Loss: 0.003 | Train Accuracy: 100.000% | Test Loss: 1.548 | Test Accuracy: 60.976% | Test AUC:0.6722 | Test Sen:0.6053 | Test Spe:0.6136 | Test F1:0.6098 | Test Recall:0.6098 | Test Precision:0.6098 | Best Test Accuracy: 70.732% | Best Test AUC:0.6669 | Best Test Sensitivity:0.5000 | Best Test Specificity:0.8864 | LR:0.0000107
[2023-08-16 22:34:44][Train.py][L163][INFO]Epoch[92/100] | Train Loss: 0.003 | Train Accuracy: 100.000% | Test Loss: 1.549 | Test Accuracy: 62.195% | Test AUC:0.6722 | Test Sen:0.6053 | Test Spe:0.6364 | Test F1:0.6220 | Test Recall:0.6220 | Test Precision:0.6220 | Best Test Accuracy: 70.732% | Best Test AUC:0.6669 | Best Test Sensitivity:0.5000 | Best Test Specificity:0.8864 | LR:0.0000106
[2023-08-16 22:34:45][Train.py][L163][INFO]Epoch[93/100] | Train Loss: 0.003 | Train Accuracy: 100.000% | Test Loss: 1.553 | Test Accuracy: 62.195% | Test AUC:0.6728 | Test Sen:0.6053 | Test Spe:0.6364 | Test F1:0.6220 | Test Recall:0.6220 | Test Precision:0.6220 | Best Test Accuracy: 70.732% | Best Test AUC:0.6669 | Best Test Sensitivity:0.5000 | Best Test Specificity:0.8864 | LR:0.0000104
[2023-08-16 22:34:45][Train.py][L163][INFO]Epoch[94/100] | Train Loss: 0.003 | Train Accuracy: 100.000% | Test Loss: 1.558 | Test Accuracy: 60.976% | Test AUC:0.6722 | Test Sen:0.6053 | Test Spe:0.6136 | Test F1:0.6098 | Test Recall:0.6098 | Test Precision:0.6098 | Best Test Accuracy: 70.732% | Best Test AUC:0.6669 | Best Test Sensitivity:0.5000 | Best Test Specificity:0.8864 | LR:0.0000103
[2023-08-16 22:34:46][Train.py][L163][INFO]Epoch[95/100] | Train Loss: 0.003 | Train Accuracy: 100.000% | Test Loss: 1.559 | Test Accuracy: 62.195% | Test AUC:0.6717 | Test Sen:0.6053 | Test Spe:0.6364 | Test F1:0.6220 | Test Recall:0.6220 | Test Precision:0.6220 | Best Test Accuracy: 70.732% | Best Test AUC:0.6669 | Best Test Sensitivity:0.5000 | Best Test Specificity:0.8864 | LR:0.0000102
[2023-08-16 22:34:47][Train.py][L163][INFO]Epoch[96/100] | Train Loss: 0.003 | Train Accuracy: 100.000% | Test Loss: 1.563 | Test Accuracy: 62.195% | Test AUC:0.6722 | Test Sen:0.6053 | Test Spe:0.6364 | Test F1:0.6220 | Test Recall:0.6220 | Test Precision:0.6220 | Best Test Accuracy: 70.732% | Best Test AUC:0.6669 | Best Test Sensitivity:0.5000 | Best Test Specificity:0.8864 | LR:0.0000101
[2023-08-16 22:34:47][Train.py][L163][INFO]Epoch[97/100] | Train Loss: 0.003 | Train Accuracy: 100.000% | Test Loss: 1.569 | Test Accuracy: 62.195% | Test AUC:0.6722 | Test Sen:0.6053 | Test Spe:0.6364 | Test F1:0.6220 | Test Recall:0.6220 | Test Precision:0.6220 | Best Test Accuracy: 70.732% | Best Test AUC:0.6669 | Best Test Sensitivity:0.5000 | Best Test Specificity:0.8864 | LR:0.0000101
[2023-08-16 22:34:48][Train.py][L163][INFO]Epoch[98/100] | Train Loss: 0.003 | Train Accuracy: 100.000% | Test Loss: 1.572 | Test Accuracy: 62.195% | Test AUC:0.6728 | Test Sen:0.6053 | Test Spe:0.6364 | Test F1:0.6220 | Test Recall:0.6220 | Test Precision:0.6220 | Best Test Accuracy: 70.732% | Best Test AUC:0.6669 | Best Test Sensitivity:0.5000 | Best Test Specificity:0.8864 | LR:0.0000100
[2023-08-16 22:34:49][Train.py][L163][INFO]Epoch[99/100] | Train Loss: 0.003 | Train Accuracy: 100.000% | Test Loss: 1.575 | Test Accuracy: 62.195% | Test AUC:0.6717 | Test Sen:0.6053 | Test Spe:0.6364 | Test F1:0.6220 | Test Recall:0.6220 | Test Precision:0.6220 | Best Test Accuracy: 70.732% | Best Test AUC:0.6669 | Best Test Sensitivity:0.5000 | Best Test Specificity:0.8864 | LR:0.0000100
[2023-08-16 22:34:49][Train.py][L163][INFO]Epoch[100/100] | Train Loss: 0.003 | Train Accuracy: 100.000% | Test Loss: 1.579 | Test Accuracy: 62.195% | Test AUC:0.6717 | Test Sen:0.6053 | Test Spe:0.6364 | Test F1:0.6220 | Test Recall:0.6220 | Test Precision:0.6220 | Best Test Accuracy: 70.732% | Best Test AUC:0.6669 | Best Test Sensitivity:0.5000 | Best Test Specificity:0.8864 | LR:0.0000100
