[2023-08-16 19:17:05][__main__.py][L41][INFO]dataset:
  name: fc_large
  batch_size: 16
  train_set: 0.9
  test_set: 0.1
  fc_path: /mnt/ssd1/mehul_data/research/fc_large_data.npy
  node_sz: 400
  node_feature_sz: 400
  num_classes: 2
  perc_edges: 100
  node: fc
model:
  name: GAT
  num_layers: 2
  hidden_size: 64
  dropout: 0.5
  readout: mean
optimizer:
- name: Adam
  lr: 0.0001
  match_rule: None
  except_rule: None
  no_weight_decay: false
  weight_decay: 0.0001
  lr_scheduler:
    mode: poly
    base_lr: 0.0001
    target_lr: 1.0e-05
    decay_factor: 0.1
    milestones:
    - 0.3
    - 0.6
    - 0.9
    poly_power: 2.0
    lr_decay: 0.98
    warm_up_from: 0.0
    warm_up_steps: 0
training:
  name: Train
  epochs: 100
  l2: 0.0
log_path: result
repeat_time: 1
device: cuda:0
is_wandb: true
project: asd-graph

[2023-08-16 19:17:05][__init__.py][L15][INFO]cfg.dataset.name: fc_large
[2023-08-16 19:17:13][optimizer.py][L66][INFO]Parameters [normal] length [12]
[2023-08-16 19:17:13][__init__.py][L25][INFO]Training: Train
[2023-08-16 19:17:13][Train.py][L35][INFO]#model params: 1668609
[2023-08-16 19:17:15][Train.py][L163][INFO]Epoch[1/100] | Train Loss: 0.706 | Train Accuracy: 51.096% | Test Loss: 0.695 | Test Accuracy: 53.659% | Test AUC:0.6547 | Test Sen:0.2667 | Test Spe:0.8649 | Test F1:0.5366 | Test Recall:0.5366 | Test Precision:0.5366 | Best Test Accuracy: 53.659% | Best Test AUC:0.6547 | Best Test Sensitivity:0.2667 | Best Test Specificity:0.8649 | LR:0.0000982
[2023-08-16 19:17:17][Train.py][L163][INFO]Epoch[2/100] | Train Loss: 0.665 | Train Accuracy: 60.822% | Test Loss: 0.680 | Test Accuracy: 58.537% | Test AUC:0.6847 | Test Sen:0.3778 | Test Spe:0.8378 | Test F1:0.5854 | Test Recall:0.5854 | Test Precision:0.5854 | Best Test Accuracy: 58.537% | Best Test AUC:0.6847 | Best Test Sensitivity:0.3778 | Best Test Specificity:0.8378 | LR:0.0000964
[2023-08-16 19:17:19][Train.py][L163][INFO]Epoch[3/100] | Train Loss: 0.632 | Train Accuracy: 65.753% | Test Loss: 0.656 | Test Accuracy: 67.073% | Test AUC:0.7009 | Test Sen:0.5556 | Test Spe:0.8108 | Test F1:0.6707 | Test Recall:0.6707 | Test Precision:0.6707 | Best Test Accuracy: 67.073% | Best Test AUC:0.7009 | Best Test Sensitivity:0.5556 | Best Test Specificity:0.8108 | LR:0.0000947
[2023-08-16 19:17:20][Train.py][L163][INFO]Epoch[4/100] | Train Loss: 0.609 | Train Accuracy: 66.164% | Test Loss: 0.675 | Test Accuracy: 63.415% | Test AUC:0.6979 | Test Sen:0.4889 | Test Spe:0.8108 | Test F1:0.6341 | Test Recall:0.6341 | Test Precision:0.6341 | Best Test Accuracy: 67.073% | Best Test AUC:0.7009 | Best Test Sensitivity:0.5556 | Best Test Specificity:0.8108 | LR:0.0000929
[2023-08-16 19:17:22][Train.py][L163][INFO]Epoch[5/100] | Train Loss: 0.572 | Train Accuracy: 70.685% | Test Loss: 0.633 | Test Accuracy: 69.512% | Test AUC:0.7195 | Test Sen:0.7111 | Test Spe:0.6757 | Test F1:0.6951 | Test Recall:0.6951 | Test Precision:0.6951 | Best Test Accuracy: 69.512% | Best Test AUC:0.7195 | Best Test Sensitivity:0.7111 | Best Test Specificity:0.6757 | LR:0.0000912
[2023-08-16 19:17:24][Train.py][L163][INFO]Epoch[6/100] | Train Loss: 0.536 | Train Accuracy: 74.932% | Test Loss: 0.683 | Test Accuracy: 58.537% | Test AUC:0.6913 | Test Sen:0.4667 | Test Spe:0.7297 | Test F1:0.5854 | Test Recall:0.5854 | Test Precision:0.5854 | Best Test Accuracy: 69.512% | Best Test AUC:0.7195 | Best Test Sensitivity:0.7111 | Best Test Specificity:0.6757 | LR:0.0000895
[2023-08-16 19:17:26][Train.py][L163][INFO]Epoch[7/100] | Train Loss: 0.516 | Train Accuracy: 75.205% | Test Loss: 0.663 | Test Accuracy: 64.634% | Test AUC:0.7063 | Test Sen:0.5778 | Test Spe:0.7297 | Test F1:0.6463 | Test Recall:0.6463 | Test Precision:0.6463 | Best Test Accuracy: 69.512% | Best Test AUC:0.7195 | Best Test Sensitivity:0.7111 | Best Test Specificity:0.6757 | LR:0.0000878
[2023-08-16 19:17:28][Train.py][L163][INFO]Epoch[8/100] | Train Loss: 0.481 | Train Accuracy: 78.219% | Test Loss: 0.669 | Test Accuracy: 64.634% | Test AUC:0.7117 | Test Sen:0.7556 | Test Spe:0.5135 | Test F1:0.6463 | Test Recall:0.6463 | Test Precision:0.6463 | Best Test Accuracy: 69.512% | Best Test AUC:0.7195 | Best Test Sensitivity:0.7111 | Best Test Specificity:0.6757 | LR:0.0000862
[2023-08-16 19:17:30][Train.py][L163][INFO]Epoch[9/100] | Train Loss: 0.457 | Train Accuracy: 79.041% | Test Loss: 0.713 | Test Accuracy: 69.512% | Test AUC:0.7117 | Test Sen:0.6444 | Test Spe:0.7568 | Test F1:0.6951 | Test Recall:0.6951 | Test Precision:0.6951 | Best Test Accuracy: 69.512% | Best Test AUC:0.7195 | Best Test Sensitivity:0.7111 | Best Test Specificity:0.6757 | LR:0.0000845
[2023-08-16 19:17:32][Train.py][L163][INFO]Epoch[10/100] | Train Loss: 0.411 | Train Accuracy: 83.288% | Test Loss: 0.726 | Test Accuracy: 70.732% | Test AUC:0.7123 | Test Sen:0.6222 | Test Spe:0.8108 | Test F1:0.7073 | Test Recall:0.7073 | Test Precision:0.7073 | Best Test Accuracy: 70.732% | Best Test AUC:0.7123 | Best Test Sensitivity:0.6222 | Best Test Specificity:0.8108 | LR:0.0000829
[2023-08-16 19:17:34][Train.py][L163][INFO]Epoch[11/100] | Train Loss: 0.383 | Train Accuracy: 83.151% | Test Loss: 0.804 | Test Accuracy: 68.293% | Test AUC:0.7099 | Test Sen:0.5333 | Test Spe:0.8649 | Test F1:0.6829 | Test Recall:0.6829 | Test Precision:0.6829 | Best Test Accuracy: 70.732% | Best Test AUC:0.7123 | Best Test Sensitivity:0.6222 | Best Test Specificity:0.8108 | LR:0.0000813
[2023-08-16 19:17:36][Train.py][L163][INFO]Epoch[12/100] | Train Loss: 0.350 | Train Accuracy: 84.384% | Test Loss: 0.819 | Test Accuracy: 67.073% | Test AUC:0.7039 | Test Sen:0.6444 | Test Spe:0.7027 | Test F1:0.6707 | Test Recall:0.6707 | Test Precision:0.6707 | Best Test Accuracy: 70.732% | Best Test AUC:0.7123 | Best Test Sensitivity:0.6222 | Best Test Specificity:0.8108 | LR:0.0000797
[2023-08-16 19:17:38][Train.py][L163][INFO]Epoch[13/100] | Train Loss: 0.321 | Train Accuracy: 87.123% | Test Loss: 0.823 | Test Accuracy: 69.512% | Test AUC:0.7033 | Test Sen:0.6667 | Test Spe:0.7297 | Test F1:0.6951 | Test Recall:0.6951 | Test Precision:0.6951 | Best Test Accuracy: 70.732% | Best Test AUC:0.7123 | Best Test Sensitivity:0.6222 | Best Test Specificity:0.8108 | LR:0.0000781
[2023-08-16 19:17:40][Train.py][L163][INFO]Epoch[14/100] | Train Loss: 0.303 | Train Accuracy: 87.808% | Test Loss: 0.856 | Test Accuracy: 68.293% | Test AUC:0.7033 | Test Sen:0.6667 | Test Spe:0.7027 | Test F1:0.6829 | Test Recall:0.6829 | Test Precision:0.6829 | Best Test Accuracy: 70.732% | Best Test AUC:0.7123 | Best Test Sensitivity:0.6222 | Best Test Specificity:0.8108 | LR:0.0000766
[2023-08-16 19:17:42][Train.py][L163][INFO]Epoch[15/100] | Train Loss: 0.278 | Train Accuracy: 89.315% | Test Loss: 0.862 | Test Accuracy: 69.512% | Test AUC:0.7129 | Test Sen:0.6889 | Test Spe:0.7027 | Test F1:0.6951 | Test Recall:0.6951 | Test Precision:0.6951 | Best Test Accuracy: 70.732% | Best Test AUC:0.7123 | Best Test Sensitivity:0.6222 | Best Test Specificity:0.8108 | LR:0.0000750
[2023-08-16 19:17:44][Train.py][L163][INFO]Epoch[16/100] | Train Loss: 0.258 | Train Accuracy: 90.548% | Test Loss: 1.015 | Test Accuracy: 71.951% | Test AUC:0.7063 | Test Sen:0.6222 | Test Spe:0.8378 | Test F1:0.7195 | Test Recall:0.7195 | Test Precision:0.7195 | Best Test Accuracy: 71.951% | Best Test AUC:0.7063 | Best Test Sensitivity:0.6222 | Best Test Specificity:0.8378 | LR:0.0000735
[2023-08-16 19:17:46][Train.py][L163][INFO]Epoch[17/100] | Train Loss: 0.229 | Train Accuracy: 91.507% | Test Loss: 0.950 | Test Accuracy: 71.951% | Test AUC:0.7075 | Test Sen:0.6889 | Test Spe:0.7568 | Test F1:0.7195 | Test Recall:0.7195 | Test Precision:0.7195 | Best Test Accuracy: 71.951% | Best Test AUC:0.7063 | Best Test Sensitivity:0.6222 | Best Test Specificity:0.8378 | LR:0.0000720
[2023-08-16 19:17:48][Train.py][L163][INFO]Epoch[18/100] | Train Loss: 0.208 | Train Accuracy: 93.151% | Test Loss: 1.069 | Test Accuracy: 67.073% | Test AUC:0.6991 | Test Sen:0.6000 | Test Spe:0.7568 | Test F1:0.6707 | Test Recall:0.6707 | Test Precision:0.6707 | Best Test Accuracy: 71.951% | Best Test AUC:0.7063 | Best Test Sensitivity:0.6222 | Best Test Specificity:0.8378 | LR:0.0000705
[2023-08-16 19:17:50][Train.py][L163][INFO]Epoch[19/100] | Train Loss: 0.197 | Train Accuracy: 93.562% | Test Loss: 1.027 | Test Accuracy: 69.512% | Test AUC:0.7021 | Test Sen:0.7111 | Test Spe:0.6757 | Test F1:0.6951 | Test Recall:0.6951 | Test Precision:0.6951 | Best Test Accuracy: 71.951% | Best Test AUC:0.7063 | Best Test Sensitivity:0.6222 | Best Test Specificity:0.8378 | LR:0.0000690
[2023-08-16 19:17:52][Train.py][L163][INFO]Epoch[20/100] | Train Loss: 0.171 | Train Accuracy: 94.658% | Test Loss: 1.025 | Test Accuracy: 67.073% | Test AUC:0.7051 | Test Sen:0.6222 | Test Spe:0.7297 | Test F1:0.6707 | Test Recall:0.6707 | Test Precision:0.6707 | Best Test Accuracy: 71.951% | Best Test AUC:0.7063 | Best Test Sensitivity:0.6222 | Best Test Specificity:0.8378 | LR:0.0000676
[2023-08-16 19:17:54][Train.py][L163][INFO]Epoch[21/100] | Train Loss: 0.156 | Train Accuracy: 95.342% | Test Loss: 1.129 | Test Accuracy: 68.293% | Test AUC:0.7021 | Test Sen:0.6000 | Test Spe:0.7838 | Test F1:0.6829 | Test Recall:0.6829 | Test Precision:0.6829 | Best Test Accuracy: 71.951% | Best Test AUC:0.7063 | Best Test Sensitivity:0.6222 | Best Test Specificity:0.8378 | LR:0.0000662
[2023-08-16 19:17:56][Train.py][L163][INFO]Epoch[22/100] | Train Loss: 0.136 | Train Accuracy: 96.301% | Test Loss: 1.155 | Test Accuracy: 70.732% | Test AUC:0.7015 | Test Sen:0.6889 | Test Spe:0.7297 | Test F1:0.7073 | Test Recall:0.7073 | Test Precision:0.7073 | Best Test Accuracy: 71.951% | Best Test AUC:0.7063 | Best Test Sensitivity:0.6222 | Best Test Specificity:0.8378 | LR:0.0000648
[2023-08-16 19:17:58][Train.py][L163][INFO]Epoch[23/100] | Train Loss: 0.122 | Train Accuracy: 96.712% | Test Loss: 1.174 | Test Accuracy: 67.073% | Test AUC:0.6997 | Test Sen:0.6889 | Test Spe:0.6486 | Test F1:0.6707 | Test Recall:0.6707 | Test Precision:0.6707 | Best Test Accuracy: 71.951% | Best Test AUC:0.7063 | Best Test Sensitivity:0.6222 | Best Test Specificity:0.8378 | LR:0.0000634
[2023-08-16 19:18:00][Train.py][L163][INFO]Epoch[24/100] | Train Loss: 0.111 | Train Accuracy: 96.849% | Test Loss: 1.249 | Test Accuracy: 69.512% | Test AUC:0.7081 | Test Sen:0.6444 | Test Spe:0.7568 | Test F1:0.6951 | Test Recall:0.6951 | Test Precision:0.6951 | Best Test Accuracy: 71.951% | Best Test AUC:0.7063 | Best Test Sensitivity:0.6222 | Best Test Specificity:0.8378 | LR:0.0000620
[2023-08-16 19:18:01][Train.py][L163][INFO]Epoch[25/100] | Train Loss: 0.096 | Train Accuracy: 98.219% | Test Loss: 1.275 | Test Accuracy: 67.073% | Test AUC:0.7093 | Test Sen:0.6000 | Test Spe:0.7568 | Test F1:0.6707 | Test Recall:0.6707 | Test Precision:0.6707 | Best Test Accuracy: 71.951% | Best Test AUC:0.7063 | Best Test Sensitivity:0.6222 | Best Test Specificity:0.8378 | LR:0.0000606
[2023-08-16 19:18:03][Train.py][L163][INFO]Epoch[26/100] | Train Loss: 0.086 | Train Accuracy: 98.767% | Test Loss: 1.364 | Test Accuracy: 65.854% | Test AUC:0.7063 | Test Sen:0.6222 | Test Spe:0.7027 | Test F1:0.6585 | Test Recall:0.6585 | Test Precision:0.6585 | Best Test Accuracy: 71.951% | Best Test AUC:0.7063 | Best Test Sensitivity:0.6222 | Best Test Specificity:0.8378 | LR:0.0000593
[2023-08-16 19:18:05][Train.py][L163][INFO]Epoch[27/100] | Train Loss: 0.078 | Train Accuracy: 98.630% | Test Loss: 1.370 | Test Accuracy: 69.512% | Test AUC:0.7045 | Test Sen:0.6444 | Test Spe:0.7568 | Test F1:0.6951 | Test Recall:0.6951 | Test Precision:0.6951 | Best Test Accuracy: 71.951% | Best Test AUC:0.7063 | Best Test Sensitivity:0.6222 | Best Test Specificity:0.8378 | LR:0.0000580
[2023-08-16 19:18:07][Train.py][L163][INFO]Epoch[28/100] | Train Loss: 0.069 | Train Accuracy: 99.041% | Test Loss: 1.408 | Test Accuracy: 69.512% | Test AUC:0.7015 | Test Sen:0.6444 | Test Spe:0.7568 | Test F1:0.6951 | Test Recall:0.6951 | Test Precision:0.6951 | Best Test Accuracy: 71.951% | Best Test AUC:0.7063 | Best Test Sensitivity:0.6222 | Best Test Specificity:0.8378 | LR:0.0000567
[2023-08-16 19:18:09][Train.py][L163][INFO]Epoch[29/100] | Train Loss: 0.060 | Train Accuracy: 99.178% | Test Loss: 1.401 | Test Accuracy: 68.293% | Test AUC:0.7051 | Test Sen:0.6667 | Test Spe:0.7027 | Test F1:0.6829 | Test Recall:0.6829 | Test Precision:0.6829 | Best Test Accuracy: 71.951% | Best Test AUC:0.7063 | Best Test Sensitivity:0.6222 | Best Test Specificity:0.8378 | LR:0.0000554
[2023-08-16 19:18:11][Train.py][L163][INFO]Epoch[30/100] | Train Loss: 0.056 | Train Accuracy: 99.589% | Test Loss: 1.472 | Test Accuracy: 71.951% | Test AUC:0.7093 | Test Sen:0.6667 | Test Spe:0.7838 | Test F1:0.7195 | Test Recall:0.7195 | Test Precision:0.7195 | Best Test Accuracy: 71.951% | Best Test AUC:0.7063 | Best Test Sensitivity:0.6222 | Best Test Specificity:0.8378 | LR:0.0000541
[2023-08-16 19:18:13][Train.py][L163][INFO]Epoch[31/100] | Train Loss: 0.050 | Train Accuracy: 99.726% | Test Loss: 1.509 | Test Accuracy: 69.512% | Test AUC:0.7033 | Test Sen:0.6444 | Test Spe:0.7568 | Test F1:0.6951 | Test Recall:0.6951 | Test Precision:0.6951 | Best Test Accuracy: 71.951% | Best Test AUC:0.7063 | Best Test Sensitivity:0.6222 | Best Test Specificity:0.8378 | LR:0.0000528
[2023-08-16 19:18:15][Train.py][L163][INFO]Epoch[32/100] | Train Loss: 0.048 | Train Accuracy: 99.726% | Test Loss: 1.550 | Test Accuracy: 69.512% | Test AUC:0.7081 | Test Sen:0.6444 | Test Spe:0.7568 | Test F1:0.6951 | Test Recall:0.6951 | Test Precision:0.6951 | Best Test Accuracy: 71.951% | Best Test AUC:0.7063 | Best Test Sensitivity:0.6222 | Best Test Specificity:0.8378 | LR:0.0000516
[2023-08-16 19:18:17][Train.py][L163][INFO]Epoch[33/100] | Train Loss: 0.041 | Train Accuracy: 99.726% | Test Loss: 1.607 | Test Accuracy: 69.512% | Test AUC:0.7075 | Test Sen:0.6444 | Test Spe:0.7568 | Test F1:0.6951 | Test Recall:0.6951 | Test Precision:0.6951 | Best Test Accuracy: 71.951% | Best Test AUC:0.7063 | Best Test Sensitivity:0.6222 | Best Test Specificity:0.8378 | LR:0.0000504
[2023-08-16 19:18:19][Train.py][L163][INFO]Epoch[34/100] | Train Loss: 0.035 | Train Accuracy: 100.000% | Test Loss: 1.605 | Test Accuracy: 70.732% | Test AUC:0.7051 | Test Sen:0.6667 | Test Spe:0.7568 | Test F1:0.7073 | Test Recall:0.7073 | Test Precision:0.7073 | Best Test Accuracy: 71.951% | Best Test AUC:0.7063 | Best Test Sensitivity:0.6222 | Best Test Specificity:0.8378 | LR:0.0000492
[2023-08-16 19:18:21][Train.py][L163][INFO]Epoch[35/100] | Train Loss: 0.031 | Train Accuracy: 100.000% | Test Loss: 1.702 | Test Accuracy: 69.512% | Test AUC:0.7075 | Test Sen:0.6222 | Test Spe:0.7838 | Test F1:0.6951 | Test Recall:0.6951 | Test Precision:0.6951 | Best Test Accuracy: 71.951% | Best Test AUC:0.7063 | Best Test Sensitivity:0.6222 | Best Test Specificity:0.8378 | LR:0.0000480
[2023-08-16 19:18:23][Train.py][L163][INFO]Epoch[36/100] | Train Loss: 0.028 | Train Accuracy: 100.000% | Test Loss: 1.687 | Test Accuracy: 69.512% | Test AUC:0.7051 | Test Sen:0.6444 | Test Spe:0.7568 | Test F1:0.6951 | Test Recall:0.6951 | Test Precision:0.6951 | Best Test Accuracy: 71.951% | Best Test AUC:0.7063 | Best Test Sensitivity:0.6222 | Best Test Specificity:0.8378 | LR:0.0000469
[2023-08-16 19:18:26][Train.py][L163][INFO]Epoch[37/100] | Train Loss: 0.026 | Train Accuracy: 100.000% | Test Loss: 1.743 | Test Accuracy: 69.512% | Test AUC:0.7057 | Test Sen:0.6444 | Test Spe:0.7568 | Test F1:0.6951 | Test Recall:0.6951 | Test Precision:0.6951 | Best Test Accuracy: 71.951% | Best Test AUC:0.7063 | Best Test Sensitivity:0.6222 | Best Test Specificity:0.8378 | LR:0.0000457
[2023-08-16 19:18:28][Train.py][L163][INFO]Epoch[38/100] | Train Loss: 0.024 | Train Accuracy: 100.000% | Test Loss: 1.749 | Test Accuracy: 69.512% | Test AUC:0.7045 | Test Sen:0.6444 | Test Spe:0.7568 | Test F1:0.6951 | Test Recall:0.6951 | Test Precision:0.6951 | Best Test Accuracy: 71.951% | Best Test AUC:0.7063 | Best Test Sensitivity:0.6222 | Best Test Specificity:0.8378 | LR:0.0000446
[2023-08-16 19:18:29][Train.py][L163][INFO]Epoch[39/100] | Train Loss: 0.022 | Train Accuracy: 100.000% | Test Loss: 1.752 | Test Accuracy: 70.732% | Test AUC:0.7045 | Test Sen:0.6667 | Test Spe:0.7568 | Test F1:0.7073 | Test Recall:0.7073 | Test Precision:0.7073 | Best Test Accuracy: 71.951% | Best Test AUC:0.7063 | Best Test Sensitivity:0.6222 | Best Test Specificity:0.8378 | LR:0.0000435
[2023-08-16 19:18:31][Train.py][L163][INFO]Epoch[40/100] | Train Loss: 0.020 | Train Accuracy: 100.000% | Test Loss: 1.797 | Test Accuracy: 69.512% | Test AUC:0.7039 | Test Sen:0.6444 | Test Spe:0.7568 | Test F1:0.6951 | Test Recall:0.6951 | Test Precision:0.6951 | Best Test Accuracy: 71.951% | Best Test AUC:0.7063 | Best Test Sensitivity:0.6222 | Best Test Specificity:0.8378 | LR:0.0000424
[2023-08-16 19:18:33][Train.py][L163][INFO]Epoch[41/100] | Train Loss: 0.018 | Train Accuracy: 100.000% | Test Loss: 1.837 | Test Accuracy: 69.512% | Test AUC:0.7039 | Test Sen:0.6444 | Test Spe:0.7568 | Test F1:0.6951 | Test Recall:0.6951 | Test Precision:0.6951 | Best Test Accuracy: 71.951% | Best Test AUC:0.7063 | Best Test Sensitivity:0.6222 | Best Test Specificity:0.8378 | LR:0.0000413
[2023-08-16 19:18:35][Train.py][L163][INFO]Epoch[42/100] | Train Loss: 0.017 | Train Accuracy: 100.000% | Test Loss: 1.829 | Test Accuracy: 69.512% | Test AUC:0.7063 | Test Sen:0.6444 | Test Spe:0.7568 | Test F1:0.6951 | Test Recall:0.6951 | Test Precision:0.6951 | Best Test Accuracy: 71.951% | Best Test AUC:0.7063 | Best Test Sensitivity:0.6222 | Best Test Specificity:0.8378 | LR:0.0000403
[2023-08-16 19:18:38][Train.py][L163][INFO]Epoch[43/100] | Train Loss: 0.016 | Train Accuracy: 100.000% | Test Loss: 1.853 | Test Accuracy: 70.732% | Test AUC:0.7063 | Test Sen:0.6667 | Test Spe:0.7568 | Test F1:0.7073 | Test Recall:0.7073 | Test Precision:0.7073 | Best Test Accuracy: 71.951% | Best Test AUC:0.7063 | Best Test Sensitivity:0.6222 | Best Test Specificity:0.8378 | LR:0.0000392
[2023-08-16 19:18:40][Train.py][L163][INFO]Epoch[44/100] | Train Loss: 0.015 | Train Accuracy: 100.000% | Test Loss: 1.891 | Test Accuracy: 69.512% | Test AUC:0.7057 | Test Sen:0.6444 | Test Spe:0.7568 | Test F1:0.6951 | Test Recall:0.6951 | Test Precision:0.6951 | Best Test Accuracy: 71.951% | Best Test AUC:0.7063 | Best Test Sensitivity:0.6222 | Best Test Specificity:0.8378 | LR:0.0000382
[2023-08-16 19:18:42][Train.py][L163][INFO]Epoch[45/100] | Train Loss: 0.014 | Train Accuracy: 100.000% | Test Loss: 1.942 | Test Accuracy: 70.732% | Test AUC:0.7069 | Test Sen:0.6444 | Test Spe:0.7838 | Test F1:0.7073 | Test Recall:0.7073 | Test Precision:0.7073 | Best Test Accuracy: 71.951% | Best Test AUC:0.7063 | Best Test Sensitivity:0.6222 | Best Test Specificity:0.8378 | LR:0.0000372
[2023-08-16 19:18:44][Train.py][L163][INFO]Epoch[46/100] | Train Loss: 0.013 | Train Accuracy: 100.000% | Test Loss: 1.902 | Test Accuracy: 70.732% | Test AUC:0.7069 | Test Sen:0.6667 | Test Spe:0.7568 | Test F1:0.7073 | Test Recall:0.7073 | Test Precision:0.7073 | Best Test Accuracy: 71.951% | Best Test AUC:0.7063 | Best Test Sensitivity:0.6222 | Best Test Specificity:0.8378 | LR:0.0000362
[2023-08-16 19:18:46][Train.py][L163][INFO]Epoch[47/100] | Train Loss: 0.012 | Train Accuracy: 100.000% | Test Loss: 1.929 | Test Accuracy: 70.732% | Test AUC:0.7069 | Test Sen:0.6667 | Test Spe:0.7568 | Test F1:0.7073 | Test Recall:0.7073 | Test Precision:0.7073 | Best Test Accuracy: 71.951% | Best Test AUC:0.7063 | Best Test Sensitivity:0.6222 | Best Test Specificity:0.8378 | LR:0.0000353
[2023-08-16 19:18:48][Train.py][L163][INFO]Epoch[48/100] | Train Loss: 0.012 | Train Accuracy: 100.000% | Test Loss: 1.992 | Test Accuracy: 70.732% | Test AUC:0.7063 | Test Sen:0.6444 | Test Spe:0.7838 | Test F1:0.7073 | Test Recall:0.7073 | Test Precision:0.7073 | Best Test Accuracy: 71.951% | Best Test AUC:0.7063 | Best Test Sensitivity:0.6222 | Best Test Specificity:0.8378 | LR:0.0000343
[2023-08-16 19:18:50][Train.py][L163][INFO]Epoch[49/100] | Train Loss: 0.011 | Train Accuracy: 100.000% | Test Loss: 1.996 | Test Accuracy: 69.512% | Test AUC:0.7045 | Test Sen:0.6444 | Test Spe:0.7568 | Test F1:0.6951 | Test Recall:0.6951 | Test Precision:0.6951 | Best Test Accuracy: 71.951% | Best Test AUC:0.7063 | Best Test Sensitivity:0.6222 | Best Test Specificity:0.8378 | LR:0.0000334
[2023-08-16 19:18:51][Train.py][L163][INFO]Epoch[50/100] | Train Loss: 0.010 | Train Accuracy: 100.000% | Test Loss: 2.026 | Test Accuracy: 69.512% | Test AUC:0.7069 | Test Sen:0.6444 | Test Spe:0.7568 | Test F1:0.6951 | Test Recall:0.6951 | Test Precision:0.6951 | Best Test Accuracy: 71.951% | Best Test AUC:0.7063 | Best Test Sensitivity:0.6222 | Best Test Specificity:0.8378 | LR:0.0000325
[2023-08-16 19:18:53][Train.py][L163][INFO]Epoch[51/100] | Train Loss: 0.010 | Train Accuracy: 100.000% | Test Loss: 2.040 | Test Accuracy: 69.512% | Test AUC:0.7069 | Test Sen:0.6444 | Test Spe:0.7568 | Test F1:0.6951 | Test Recall:0.6951 | Test Precision:0.6951 | Best Test Accuracy: 71.951% | Best Test AUC:0.7063 | Best Test Sensitivity:0.6222 | Best Test Specificity:0.8378 | LR:0.0000316
[2023-08-16 19:18:55][Train.py][L163][INFO]Epoch[52/100] | Train Loss: 0.009 | Train Accuracy: 100.000% | Test Loss: 2.017 | Test Accuracy: 70.732% | Test AUC:0.7069 | Test Sen:0.6667 | Test Spe:0.7568 | Test F1:0.7073 | Test Recall:0.7073 | Test Precision:0.7073 | Best Test Accuracy: 71.951% | Best Test AUC:0.7063 | Best Test Sensitivity:0.6222 | Best Test Specificity:0.8378 | LR:0.0000307
[2023-08-16 19:18:57][Train.py][L163][INFO]Epoch[53/100] | Train Loss: 0.009 | Train Accuracy: 100.000% | Test Loss: 2.041 | Test Accuracy: 70.732% | Test AUC:0.7069 | Test Sen:0.6667 | Test Spe:0.7568 | Test F1:0.7073 | Test Recall:0.7073 | Test Precision:0.7073 | Best Test Accuracy: 71.951% | Best Test AUC:0.7063 | Best Test Sensitivity:0.6222 | Best Test Specificity:0.8378 | LR:0.0000299
[2023-08-16 19:18:59][Train.py][L163][INFO]Epoch[54/100] | Train Loss: 0.008 | Train Accuracy: 100.000% | Test Loss: 2.067 | Test Accuracy: 69.512% | Test AUC:0.7075 | Test Sen:0.6444 | Test Spe:0.7568 | Test F1:0.6951 | Test Recall:0.6951 | Test Precision:0.6951 | Best Test Accuracy: 71.951% | Best Test AUC:0.7063 | Best Test Sensitivity:0.6222 | Best Test Specificity:0.8378 | LR:0.0000290
[2023-08-16 19:19:01][Train.py][L163][INFO]Epoch[55/100] | Train Loss: 0.008 | Train Accuracy: 100.000% | Test Loss: 2.113 | Test Accuracy: 69.512% | Test AUC:0.7063 | Test Sen:0.6444 | Test Spe:0.7568 | Test F1:0.6951 | Test Recall:0.6951 | Test Precision:0.6951 | Best Test Accuracy: 71.951% | Best Test AUC:0.7063 | Best Test Sensitivity:0.6222 | Best Test Specificity:0.8378 | LR:0.0000282
[2023-08-16 19:19:03][Train.py][L163][INFO]Epoch[56/100] | Train Loss: 0.008 | Train Accuracy: 100.000% | Test Loss: 2.099 | Test Accuracy: 69.512% | Test AUC:0.7057 | Test Sen:0.6444 | Test Spe:0.7568 | Test F1:0.6951 | Test Recall:0.6951 | Test Precision:0.6951 | Best Test Accuracy: 71.951% | Best Test AUC:0.7063 | Best Test Sensitivity:0.6222 | Best Test Specificity:0.8378 | LR:0.0000274
[2023-08-16 19:19:05][Train.py][L163][INFO]Epoch[57/100] | Train Loss: 0.007 | Train Accuracy: 100.000% | Test Loss: 2.132 | Test Accuracy: 69.512% | Test AUC:0.7081 | Test Sen:0.6444 | Test Spe:0.7568 | Test F1:0.6951 | Test Recall:0.6951 | Test Precision:0.6951 | Best Test Accuracy: 71.951% | Best Test AUC:0.7063 | Best Test Sensitivity:0.6222 | Best Test Specificity:0.8378 | LR:0.0000266
[2023-08-16 19:19:07][Train.py][L163][INFO]Epoch[58/100] | Train Loss: 0.007 | Train Accuracy: 100.000% | Test Loss: 2.131 | Test Accuracy: 69.512% | Test AUC:0.7081 | Test Sen:0.6444 | Test Spe:0.7568 | Test F1:0.6951 | Test Recall:0.6951 | Test Precision:0.6951 | Best Test Accuracy: 71.951% | Best Test AUC:0.7063 | Best Test Sensitivity:0.6222 | Best Test Specificity:0.8378 | LR:0.0000259
[2023-08-16 19:19:09][Train.py][L163][INFO]Epoch[59/100] | Train Loss: 0.007 | Train Accuracy: 100.000% | Test Loss: 2.177 | Test Accuracy: 70.732% | Test AUC:0.7069 | Test Sen:0.6444 | Test Spe:0.7838 | Test F1:0.7073 | Test Recall:0.7073 | Test Precision:0.7073 | Best Test Accuracy: 71.951% | Best Test AUC:0.7063 | Best Test Sensitivity:0.6222 | Best Test Specificity:0.8378 | LR:0.0000251
[2023-08-16 19:19:11][Train.py][L163][INFO]Epoch[60/100] | Train Loss: 0.007 | Train Accuracy: 100.000% | Test Loss: 2.166 | Test Accuracy: 69.512% | Test AUC:0.7069 | Test Sen:0.6444 | Test Spe:0.7568 | Test F1:0.6951 | Test Recall:0.6951 | Test Precision:0.6951 | Best Test Accuracy: 71.951% | Best Test AUC:0.7063 | Best Test Sensitivity:0.6222 | Best Test Specificity:0.8378 | LR:0.0000244
[2023-08-16 19:19:13][Train.py][L163][INFO]Epoch[61/100] | Train Loss: 0.006 | Train Accuracy: 100.000% | Test Loss: 2.186 | Test Accuracy: 69.512% | Test AUC:0.7081 | Test Sen:0.6444 | Test Spe:0.7568 | Test F1:0.6951 | Test Recall:0.6951 | Test Precision:0.6951 | Best Test Accuracy: 71.951% | Best Test AUC:0.7063 | Best Test Sensitivity:0.6222 | Best Test Specificity:0.8378 | LR:0.0000237
[2023-08-16 19:19:15][Train.py][L163][INFO]Epoch[62/100] | Train Loss: 0.006 | Train Accuracy: 100.000% | Test Loss: 2.194 | Test Accuracy: 69.512% | Test AUC:0.7093 | Test Sen:0.6444 | Test Spe:0.7568 | Test F1:0.6951 | Test Recall:0.6951 | Test Precision:0.6951 | Best Test Accuracy: 71.951% | Best Test AUC:0.7063 | Best Test Sensitivity:0.6222 | Best Test Specificity:0.8378 | LR:0.0000230
[2023-08-16 19:19:17][Train.py][L163][INFO]Epoch[63/100] | Train Loss: 0.006 | Train Accuracy: 100.000% | Test Loss: 2.213 | Test Accuracy: 69.512% | Test AUC:0.7081 | Test Sen:0.6444 | Test Spe:0.7568 | Test F1:0.6951 | Test Recall:0.6951 | Test Precision:0.6951 | Best Test Accuracy: 71.951% | Best Test AUC:0.7063 | Best Test Sensitivity:0.6222 | Best Test Specificity:0.8378 | LR:0.0000223
[2023-08-16 19:19:19][Train.py][L163][INFO]Epoch[64/100] | Train Loss: 0.006 | Train Accuracy: 100.000% | Test Loss: 2.200 | Test Accuracy: 69.512% | Test AUC:0.7075 | Test Sen:0.6444 | Test Spe:0.7568 | Test F1:0.6951 | Test Recall:0.6951 | Test Precision:0.6951 | Best Test Accuracy: 71.951% | Best Test AUC:0.7063 | Best Test Sensitivity:0.6222 | Best Test Specificity:0.8378 | LR:0.0000217
[2023-08-16 19:19:21][Train.py][L163][INFO]Epoch[65/100] | Train Loss: 0.006 | Train Accuracy: 100.000% | Test Loss: 2.242 | Test Accuracy: 70.732% | Test AUC:0.7087 | Test Sen:0.6444 | Test Spe:0.7838 | Test F1:0.7073 | Test Recall:0.7073 | Test Precision:0.7073 | Best Test Accuracy: 71.951% | Best Test AUC:0.7063 | Best Test Sensitivity:0.6222 | Best Test Specificity:0.8378 | LR:0.0000210
[2023-08-16 19:19:23][Train.py][L163][INFO]Epoch[66/100] | Train Loss: 0.005 | Train Accuracy: 100.000% | Test Loss: 2.217 | Test Accuracy: 69.512% | Test AUC:0.7081 | Test Sen:0.6444 | Test Spe:0.7568 | Test F1:0.6951 | Test Recall:0.6951 | Test Precision:0.6951 | Best Test Accuracy: 71.951% | Best Test AUC:0.7063 | Best Test Sensitivity:0.6222 | Best Test Specificity:0.8378 | LR:0.0000204
[2023-08-16 19:19:25][Train.py][L163][INFO]Epoch[67/100] | Train Loss: 0.005 | Train Accuracy: 100.000% | Test Loss: 2.238 | Test Accuracy: 69.512% | Test AUC:0.7081 | Test Sen:0.6444 | Test Spe:0.7568 | Test F1:0.6951 | Test Recall:0.6951 | Test Precision:0.6951 | Best Test Accuracy: 71.951% | Best Test AUC:0.7063 | Best Test Sensitivity:0.6222 | Best Test Specificity:0.8378 | LR:0.0000198
[2023-08-16 19:19:27][Train.py][L163][INFO]Epoch[68/100] | Train Loss: 0.005 | Train Accuracy: 100.000% | Test Loss: 2.264 | Test Accuracy: 70.732% | Test AUC:0.7081 | Test Sen:0.6444 | Test Spe:0.7838 | Test F1:0.7073 | Test Recall:0.7073 | Test Precision:0.7073 | Best Test Accuracy: 71.951% | Best Test AUC:0.7063 | Best Test Sensitivity:0.6222 | Best Test Specificity:0.8378 | LR:0.0000192
[2023-08-16 19:19:29][Train.py][L163][INFO]Epoch[69/100] | Train Loss: 0.005 | Train Accuracy: 100.000% | Test Loss: 2.257 | Test Accuracy: 69.512% | Test AUC:0.7081 | Test Sen:0.6444 | Test Spe:0.7568 | Test F1:0.6951 | Test Recall:0.6951 | Test Precision:0.6951 | Best Test Accuracy: 71.951% | Best Test AUC:0.7063 | Best Test Sensitivity:0.6222 | Best Test Specificity:0.8378 | LR:0.0000186
[2023-08-16 19:19:31][Train.py][L163][INFO]Epoch[70/100] | Train Loss: 0.005 | Train Accuracy: 100.000% | Test Loss: 2.279 | Test Accuracy: 69.512% | Test AUC:0.7087 | Test Sen:0.6444 | Test Spe:0.7568 | Test F1:0.6951 | Test Recall:0.6951 | Test Precision:0.6951 | Best Test Accuracy: 71.951% | Best Test AUC:0.7063 | Best Test Sensitivity:0.6222 | Best Test Specificity:0.8378 | LR:0.0000181
[2023-08-16 19:19:33][Train.py][L163][INFO]Epoch[71/100] | Train Loss: 0.005 | Train Accuracy: 100.000% | Test Loss: 2.288 | Test Accuracy: 69.512% | Test AUC:0.7075 | Test Sen:0.6444 | Test Spe:0.7568 | Test F1:0.6951 | Test Recall:0.6951 | Test Precision:0.6951 | Best Test Accuracy: 71.951% | Best Test AUC:0.7063 | Best Test Sensitivity:0.6222 | Best Test Specificity:0.8378 | LR:0.0000176
[2023-08-16 19:19:35][Train.py][L163][INFO]Epoch[72/100] | Train Loss: 0.004 | Train Accuracy: 100.000% | Test Loss: 2.296 | Test Accuracy: 69.512% | Test AUC:0.7069 | Test Sen:0.6444 | Test Spe:0.7568 | Test F1:0.6951 | Test Recall:0.6951 | Test Precision:0.6951 | Best Test Accuracy: 71.951% | Best Test AUC:0.7063 | Best Test Sensitivity:0.6222 | Best Test Specificity:0.8378 | LR:0.0000171
[2023-08-16 19:19:37][Train.py][L163][INFO]Epoch[73/100] | Train Loss: 0.004 | Train Accuracy: 100.000% | Test Loss: 2.293 | Test Accuracy: 69.512% | Test AUC:0.7063 | Test Sen:0.6444 | Test Spe:0.7568 | Test F1:0.6951 | Test Recall:0.6951 | Test Precision:0.6951 | Best Test Accuracy: 71.951% | Best Test AUC:0.7063 | Best Test Sensitivity:0.6222 | Best Test Specificity:0.8378 | LR:0.0000166
[2023-08-16 19:19:39][Train.py][L163][INFO]Epoch[74/100] | Train Loss: 0.004 | Train Accuracy: 100.000% | Test Loss: 2.301 | Test Accuracy: 69.512% | Test AUC:0.7075 | Test Sen:0.6444 | Test Spe:0.7568 | Test F1:0.6951 | Test Recall:0.6951 | Test Precision:0.6951 | Best Test Accuracy: 71.951% | Best Test AUC:0.7063 | Best Test Sensitivity:0.6222 | Best Test Specificity:0.8378 | LR:0.0000161
[2023-08-16 19:19:41][Train.py][L163][INFO]Epoch[75/100] | Train Loss: 0.004 | Train Accuracy: 100.000% | Test Loss: 2.302 | Test Accuracy: 69.512% | Test AUC:0.7075 | Test Sen:0.6444 | Test Spe:0.7568 | Test F1:0.6951 | Test Recall:0.6951 | Test Precision:0.6951 | Best Test Accuracy: 71.951% | Best Test AUC:0.7063 | Best Test Sensitivity:0.6222 | Best Test Specificity:0.8378 | LR:0.0000156
[2023-08-16 19:19:43][Train.py][L163][INFO]Epoch[76/100] | Train Loss: 0.004 | Train Accuracy: 100.000% | Test Loss: 2.306 | Test Accuracy: 69.512% | Test AUC:0.7069 | Test Sen:0.6444 | Test Spe:0.7568 | Test F1:0.6951 | Test Recall:0.6951 | Test Precision:0.6951 | Best Test Accuracy: 71.951% | Best Test AUC:0.7063 | Best Test Sensitivity:0.6222 | Best Test Specificity:0.8378 | LR:0.0000152
[2023-08-16 19:19:45][Train.py][L163][INFO]Epoch[77/100] | Train Loss: 0.004 | Train Accuracy: 100.000% | Test Loss: 2.321 | Test Accuracy: 69.512% | Test AUC:0.7069 | Test Sen:0.6444 | Test Spe:0.7568 | Test F1:0.6951 | Test Recall:0.6951 | Test Precision:0.6951 | Best Test Accuracy: 71.951% | Best Test AUC:0.7063 | Best Test Sensitivity:0.6222 | Best Test Specificity:0.8378 | LR:0.0000148
[2023-08-16 19:19:47][Train.py][L163][INFO]Epoch[78/100] | Train Loss: 0.004 | Train Accuracy: 100.000% | Test Loss: 2.316 | Test Accuracy: 69.512% | Test AUC:0.7069 | Test Sen:0.6444 | Test Spe:0.7568 | Test F1:0.6951 | Test Recall:0.6951 | Test Precision:0.6951 | Best Test Accuracy: 71.951% | Best Test AUC:0.7063 | Best Test Sensitivity:0.6222 | Best Test Specificity:0.8378 | LR:0.0000144
[2023-08-16 19:19:49][Train.py][L163][INFO]Epoch[79/100] | Train Loss: 0.004 | Train Accuracy: 100.000% | Test Loss: 2.332 | Test Accuracy: 69.512% | Test AUC:0.7069 | Test Sen:0.6444 | Test Spe:0.7568 | Test F1:0.6951 | Test Recall:0.6951 | Test Precision:0.6951 | Best Test Accuracy: 71.951% | Best Test AUC:0.7063 | Best Test Sensitivity:0.6222 | Best Test Specificity:0.8378 | LR:0.0000140
[2023-08-16 19:19:51][Train.py][L163][INFO]Epoch[80/100] | Train Loss: 0.004 | Train Accuracy: 100.000% | Test Loss: 2.338 | Test Accuracy: 69.512% | Test AUC:0.7069 | Test Sen:0.6444 | Test Spe:0.7568 | Test F1:0.6951 | Test Recall:0.6951 | Test Precision:0.6951 | Best Test Accuracy: 71.951% | Best Test AUC:0.7063 | Best Test Sensitivity:0.6222 | Best Test Specificity:0.8378 | LR:0.0000136
[2023-08-16 19:19:53][Train.py][L163][INFO]Epoch[81/100] | Train Loss: 0.004 | Train Accuracy: 100.000% | Test Loss: 2.342 | Test Accuracy: 69.512% | Test AUC:0.7075 | Test Sen:0.6444 | Test Spe:0.7568 | Test F1:0.6951 | Test Recall:0.6951 | Test Precision:0.6951 | Best Test Accuracy: 71.951% | Best Test AUC:0.7063 | Best Test Sensitivity:0.6222 | Best Test Specificity:0.8378 | LR:0.0000132
[2023-08-16 19:19:55][Train.py][L163][INFO]Epoch[82/100] | Train Loss: 0.004 | Train Accuracy: 100.000% | Test Loss: 2.354 | Test Accuracy: 69.512% | Test AUC:0.7075 | Test Sen:0.6444 | Test Spe:0.7568 | Test F1:0.6951 | Test Recall:0.6951 | Test Precision:0.6951 | Best Test Accuracy: 71.951% | Best Test AUC:0.7063 | Best Test Sensitivity:0.6222 | Best Test Specificity:0.8378 | LR:0.0000129
[2023-08-16 19:19:57][Train.py][L163][INFO]Epoch[83/100] | Train Loss: 0.004 | Train Accuracy: 100.000% | Test Loss: 2.375 | Test Accuracy: 68.293% | Test AUC:0.7063 | Test Sen:0.6222 | Test Spe:0.7568 | Test F1:0.6829 | Test Recall:0.6829 | Test Precision:0.6829 | Best Test Accuracy: 71.951% | Best Test AUC:0.7063 | Best Test Sensitivity:0.6222 | Best Test Specificity:0.8378 | LR:0.0000126
[2023-08-16 19:19:59][Train.py][L163][INFO]Epoch[84/100] | Train Loss: 0.003 | Train Accuracy: 100.000% | Test Loss: 2.362 | Test Accuracy: 68.293% | Test AUC:0.7081 | Test Sen:0.6222 | Test Spe:0.7568 | Test F1:0.6829 | Test Recall:0.6829 | Test Precision:0.6829 | Best Test Accuracy: 71.951% | Best Test AUC:0.7063 | Best Test Sensitivity:0.6222 | Best Test Specificity:0.8378 | LR:0.0000123
[2023-08-16 19:20:01][Train.py][L163][INFO]Epoch[85/100] | Train Loss: 0.003 | Train Accuracy: 100.000% | Test Loss: 2.374 | Test Accuracy: 69.512% | Test AUC:0.7069 | Test Sen:0.6444 | Test Spe:0.7568 | Test F1:0.6951 | Test Recall:0.6951 | Test Precision:0.6951 | Best Test Accuracy: 71.951% | Best Test AUC:0.7063 | Best Test Sensitivity:0.6222 | Best Test Specificity:0.8378 | LR:0.0000120
[2023-08-16 19:20:03][Train.py][L163][INFO]Epoch[86/100] | Train Loss: 0.003 | Train Accuracy: 100.000% | Test Loss: 2.395 | Test Accuracy: 68.293% | Test AUC:0.7075 | Test Sen:0.6222 | Test Spe:0.7568 | Test F1:0.6829 | Test Recall:0.6829 | Test Precision:0.6829 | Best Test Accuracy: 71.951% | Best Test AUC:0.7063 | Best Test Sensitivity:0.6222 | Best Test Specificity:0.8378 | LR:0.0000118
[2023-08-16 19:20:05][Train.py][L163][INFO]Epoch[87/100] | Train Loss: 0.003 | Train Accuracy: 100.000% | Test Loss: 2.390 | Test Accuracy: 68.293% | Test AUC:0.7075 | Test Sen:0.6222 | Test Spe:0.7568 | Test F1:0.6829 | Test Recall:0.6829 | Test Precision:0.6829 | Best Test Accuracy: 71.951% | Best Test AUC:0.7063 | Best Test Sensitivity:0.6222 | Best Test Specificity:0.8378 | LR:0.0000115
[2023-08-16 19:20:07][Train.py][L163][INFO]Epoch[88/100] | Train Loss: 0.003 | Train Accuracy: 100.000% | Test Loss: 2.390 | Test Accuracy: 68.293% | Test AUC:0.7075 | Test Sen:0.6222 | Test Spe:0.7568 | Test F1:0.6829 | Test Recall:0.6829 | Test Precision:0.6829 | Best Test Accuracy: 71.951% | Best Test AUC:0.7063 | Best Test Sensitivity:0.6222 | Best Test Specificity:0.8378 | LR:0.0000113
[2023-08-16 19:20:09][Train.py][L163][INFO]Epoch[89/100] | Train Loss: 0.003 | Train Accuracy: 100.000% | Test Loss: 2.397 | Test Accuracy: 68.293% | Test AUC:0.7075 | Test Sen:0.6222 | Test Spe:0.7568 | Test F1:0.6829 | Test Recall:0.6829 | Test Precision:0.6829 | Best Test Accuracy: 71.951% | Best Test AUC:0.7063 | Best Test Sensitivity:0.6222 | Best Test Specificity:0.8378 | LR:0.0000111
[2023-08-16 19:20:11][Train.py][L163][INFO]Epoch[90/100] | Train Loss: 0.003 | Train Accuracy: 100.000% | Test Loss: 2.405 | Test Accuracy: 68.293% | Test AUC:0.7075 | Test Sen:0.6222 | Test Spe:0.7568 | Test F1:0.6829 | Test Recall:0.6829 | Test Precision:0.6829 | Best Test Accuracy: 71.951% | Best Test AUC:0.7063 | Best Test Sensitivity:0.6222 | Best Test Specificity:0.8378 | LR:0.0000109
[2023-08-16 19:20:13][Train.py][L163][INFO]Epoch[91/100] | Train Loss: 0.003 | Train Accuracy: 100.000% | Test Loss: 2.405 | Test Accuracy: 68.293% | Test AUC:0.7069 | Test Sen:0.6222 | Test Spe:0.7568 | Test F1:0.6829 | Test Recall:0.6829 | Test Precision:0.6829 | Best Test Accuracy: 71.951% | Best Test AUC:0.7063 | Best Test Sensitivity:0.6222 | Best Test Specificity:0.8378 | LR:0.0000107
[2023-08-16 19:20:15][Train.py][L163][INFO]Epoch[92/100] | Train Loss: 0.003 | Train Accuracy: 100.000% | Test Loss: 2.419 | Test Accuracy: 68.293% | Test AUC:0.7069 | Test Sen:0.6222 | Test Spe:0.7568 | Test F1:0.6829 | Test Recall:0.6829 | Test Precision:0.6829 | Best Test Accuracy: 71.951% | Best Test AUC:0.7063 | Best Test Sensitivity:0.6222 | Best Test Specificity:0.8378 | LR:0.0000106
[2023-08-16 19:20:17][Train.py][L163][INFO]Epoch[93/100] | Train Loss: 0.003 | Train Accuracy: 100.000% | Test Loss: 2.412 | Test Accuracy: 67.073% | Test AUC:0.7057 | Test Sen:0.6222 | Test Spe:0.7297 | Test F1:0.6707 | Test Recall:0.6707 | Test Precision:0.6707 | Best Test Accuracy: 71.951% | Best Test AUC:0.7063 | Best Test Sensitivity:0.6222 | Best Test Specificity:0.8378 | LR:0.0000104
[2023-08-16 19:20:18][Train.py][L163][INFO]Epoch[94/100] | Train Loss: 0.003 | Train Accuracy: 100.000% | Test Loss: 2.415 | Test Accuracy: 67.073% | Test AUC:0.7069 | Test Sen:0.6222 | Test Spe:0.7297 | Test F1:0.6707 | Test Recall:0.6707 | Test Precision:0.6707 | Best Test Accuracy: 71.951% | Best Test AUC:0.7063 | Best Test Sensitivity:0.6222 | Best Test Specificity:0.8378 | LR:0.0000103
[2023-08-16 19:20:20][Train.py][L163][INFO]Epoch[95/100] | Train Loss: 0.003 | Train Accuracy: 100.000% | Test Loss: 2.437 | Test Accuracy: 68.293% | Test AUC:0.7069 | Test Sen:0.6222 | Test Spe:0.7568 | Test F1:0.6829 | Test Recall:0.6829 | Test Precision:0.6829 | Best Test Accuracy: 71.951% | Best Test AUC:0.7063 | Best Test Sensitivity:0.6222 | Best Test Specificity:0.8378 | LR:0.0000102
[2023-08-16 19:20:22][Train.py][L163][INFO]Epoch[96/100] | Train Loss: 0.003 | Train Accuracy: 100.000% | Test Loss: 2.437 | Test Accuracy: 68.293% | Test AUC:0.7069 | Test Sen:0.6222 | Test Spe:0.7568 | Test F1:0.6829 | Test Recall:0.6829 | Test Precision:0.6829 | Best Test Accuracy: 71.951% | Best Test AUC:0.7063 | Best Test Sensitivity:0.6222 | Best Test Specificity:0.8378 | LR:0.0000101
[2023-08-16 19:20:24][Train.py][L163][INFO]Epoch[97/100] | Train Loss: 0.003 | Train Accuracy: 100.000% | Test Loss: 2.445 | Test Accuracy: 68.293% | Test AUC:0.7069 | Test Sen:0.6222 | Test Spe:0.7568 | Test F1:0.6829 | Test Recall:0.6829 | Test Precision:0.6829 | Best Test Accuracy: 71.951% | Best Test AUC:0.7063 | Best Test Sensitivity:0.6222 | Best Test Specificity:0.8378 | LR:0.0000101
[2023-08-16 19:20:26][Train.py][L163][INFO]Epoch[98/100] | Train Loss: 0.003 | Train Accuracy: 100.000% | Test Loss: 2.465 | Test Accuracy: 69.512% | Test AUC:0.7069 | Test Sen:0.6222 | Test Spe:0.7838 | Test F1:0.6951 | Test Recall:0.6951 | Test Precision:0.6951 | Best Test Accuracy: 71.951% | Best Test AUC:0.7063 | Best Test Sensitivity:0.6222 | Best Test Specificity:0.8378 | LR:0.0000100
[2023-08-16 19:20:28][Train.py][L163][INFO]Epoch[99/100] | Train Loss: 0.003 | Train Accuracy: 100.000% | Test Loss: 2.450 | Test Accuracy: 68.293% | Test AUC:0.7069 | Test Sen:0.6222 | Test Spe:0.7568 | Test F1:0.6829 | Test Recall:0.6829 | Test Precision:0.6829 | Best Test Accuracy: 71.951% | Best Test AUC:0.7063 | Best Test Sensitivity:0.6222 | Best Test Specificity:0.8378 | LR:0.0000100
[2023-08-16 19:20:30][Train.py][L163][INFO]Epoch[100/100] | Train Loss: 0.003 | Train Accuracy: 100.000% | Test Loss: 2.464 | Test Accuracy: 68.293% | Test AUC:0.7063 | Test Sen:0.6222 | Test Spe:0.7568 | Test F1:0.6829 | Test Recall:0.6829 | Test Precision:0.6829 | Best Test Accuracy: 71.951% | Best Test AUC:0.7063 | Best Test Sensitivity:0.6222 | Best Test Specificity:0.8378 | LR:0.0000100
