[2023-08-17 10:12:36][__main__.py][L41][INFO]dataset:
  name: fc_small
  batch_size: 16
  train_set: 0.9
  test_set: 0.1
  fc_path: /mnt/ssd1/mehul_data/research/fc_small_data.npy
  node_sz: 400
  node_feature_sz: 400
  num_classes: 2
  perc_edges: 100
  node: fc
model:
  name: GraphSAGE
  num_layers: 2
  hidden_size: 64
  dropout: 0.5
  readout: mean
  edge_percentage: 0.1
optimizer:
- name: Adam
  lr: 0.0001
  match_rule: None
  except_rule: None
  no_weight_decay: false
  weight_decay: 0.0001
  lr_scheduler:
    mode: poly
    base_lr: 0.0001
    target_lr: 1.0e-05
    decay_factor: 0.1
    milestones:
    - 0.3
    - 0.6
    - 0.9
    poly_power: 2.0
    lr_decay: 0.98
    warm_up_from: 0.0
    warm_up_steps: 0
training:
  name: Train
  epochs: 100
  l2: 0.0
log_path: result
repeat_time: 2
device: cuda:0
is_wandb: true
project: asd-graph

[2023-08-17 10:12:36][__init__.py][L15][INFO]cfg.dataset.name: fc_small
[2023-08-17 10:12:38][optimizer.py][L66][INFO]Parameters [normal] length [10]
[2023-08-17 10:12:38][__init__.py][L25][INFO]Training: Train
[2023-08-17 10:12:38][Train.py][L35][INFO]#model params: 1698049
[2023-08-17 10:12:38][Train.py][L163][INFO]Epoch[1/100] | Train Loss: 0.719 | Train Accuracy: 49.457% | Test Loss: 0.658 | Test Accuracy: 76.190% | Test AUC:0.8455 | Test Sen:0.8000 | Test Spe:0.7273 | Test F1:0.7619 | Test Recall:0.7619 | Test Precision:0.7619 | Best Test Accuracy: 76.190% | Best Test AUC:0.8455 | Best Test Sensitivity:0.8000 | Best Test Specificity:0.7273 | LR:0.0000982
[2023-08-17 10:12:39][Train.py][L163][INFO]Epoch[2/100] | Train Loss: 0.632 | Train Accuracy: 65.217% | Test Loss: 0.630 | Test Accuracy: 76.190% | Test AUC:0.8364 | Test Sen:1.0000 | Test Spe:0.5455 | Test F1:0.7619 | Test Recall:0.7619 | Test Precision:0.7619 | Best Test Accuracy: 76.190% | Best Test AUC:0.8455 | Best Test Sensitivity:0.8000 | Best Test Specificity:0.7273 | LR:0.0000964
[2023-08-17 10:12:39][Train.py][L163][INFO]Epoch[3/100] | Train Loss: 0.569 | Train Accuracy: 75.543% | Test Loss: 0.589 | Test Accuracy: 76.190% | Test AUC:0.8364 | Test Sen:1.0000 | Test Spe:0.5455 | Test F1:0.7619 | Test Recall:0.7619 | Test Precision:0.7619 | Best Test Accuracy: 76.190% | Best Test AUC:0.8455 | Best Test Sensitivity:0.8000 | Best Test Specificity:0.7273 | LR:0.0000947
[2023-08-17 10:12:39][Train.py][L163][INFO]Epoch[4/100] | Train Loss: 0.510 | Train Accuracy: 82.609% | Test Loss: 0.594 | Test Accuracy: 76.190% | Test AUC:0.8364 | Test Sen:1.0000 | Test Spe:0.5455 | Test F1:0.7619 | Test Recall:0.7619 | Test Precision:0.7619 | Best Test Accuracy: 76.190% | Best Test AUC:0.8455 | Best Test Sensitivity:0.8000 | Best Test Specificity:0.7273 | LR:0.0000929
[2023-08-17 10:12:40][Train.py][L163][INFO]Epoch[5/100] | Train Loss: 0.442 | Train Accuracy: 84.783% | Test Loss: 0.518 | Test Accuracy: 76.190% | Test AUC:0.8455 | Test Sen:0.9000 | Test Spe:0.6364 | Test F1:0.7619 | Test Recall:0.7619 | Test Precision:0.7619 | Best Test Accuracy: 76.190% | Best Test AUC:0.8455 | Best Test Sensitivity:0.8000 | Best Test Specificity:0.7273 | LR:0.0000912
[2023-08-17 10:12:40][Train.py][L163][INFO]Epoch[6/100] | Train Loss: 0.371 | Train Accuracy: 90.217% | Test Loss: 0.566 | Test Accuracy: 71.429% | Test AUC:0.8364 | Test Sen:0.9000 | Test Spe:0.5455 | Test F1:0.7143 | Test Recall:0.7143 | Test Precision:0.7143 | Best Test Accuracy: 76.190% | Best Test AUC:0.8455 | Best Test Sensitivity:0.8000 | Best Test Specificity:0.7273 | LR:0.0000895
[2023-08-17 10:12:40][Train.py][L163][INFO]Epoch[7/100] | Train Loss: 0.320 | Train Accuracy: 91.304% | Test Loss: 0.538 | Test Accuracy: 76.190% | Test AUC:0.8273 | Test Sen:0.9000 | Test Spe:0.6364 | Test F1:0.7619 | Test Recall:0.7619 | Test Precision:0.7619 | Best Test Accuracy: 76.190% | Best Test AUC:0.8455 | Best Test Sensitivity:0.8000 | Best Test Specificity:0.7273 | LR:0.0000878
[2023-08-17 10:12:41][Train.py][L163][INFO]Epoch[8/100] | Train Loss: 0.276 | Train Accuracy: 94.565% | Test Loss: 0.543 | Test Accuracy: 76.190% | Test AUC:0.8364 | Test Sen:0.9000 | Test Spe:0.6364 | Test F1:0.7619 | Test Recall:0.7619 | Test Precision:0.7619 | Best Test Accuracy: 76.190% | Best Test AUC:0.8455 | Best Test Sensitivity:0.8000 | Best Test Specificity:0.7273 | LR:0.0000862
[2023-08-17 10:12:41][Train.py][L163][INFO]Epoch[9/100] | Train Loss: 0.221 | Train Accuracy: 97.826% | Test Loss: 0.575 | Test Accuracy: 76.190% | Test AUC:0.8273 | Test Sen:0.9000 | Test Spe:0.6364 | Test F1:0.7619 | Test Recall:0.7619 | Test Precision:0.7619 | Best Test Accuracy: 76.190% | Best Test AUC:0.8455 | Best Test Sensitivity:0.8000 | Best Test Specificity:0.7273 | LR:0.0000845
[2023-08-17 10:12:41][Train.py][L163][INFO]Epoch[10/100] | Train Loss: 0.180 | Train Accuracy: 98.913% | Test Loss: 0.592 | Test Accuracy: 76.190% | Test AUC:0.8273 | Test Sen:0.9000 | Test Spe:0.6364 | Test F1:0.7619 | Test Recall:0.7619 | Test Precision:0.7619 | Best Test Accuracy: 76.190% | Best Test AUC:0.8455 | Best Test Sensitivity:0.8000 | Best Test Specificity:0.7273 | LR:0.0000829
[2023-08-17 10:12:41][Train.py][L163][INFO]Epoch[11/100] | Train Loss: 0.151 | Train Accuracy: 98.913% | Test Loss: 0.633 | Test Accuracy: 76.190% | Test AUC:0.8091 | Test Sen:0.9000 | Test Spe:0.6364 | Test F1:0.7619 | Test Recall:0.7619 | Test Precision:0.7619 | Best Test Accuracy: 76.190% | Best Test AUC:0.8455 | Best Test Sensitivity:0.8000 | Best Test Specificity:0.7273 | LR:0.0000813
[2023-08-17 10:12:42][Train.py][L163][INFO]Epoch[12/100] | Train Loss: 0.128 | Train Accuracy: 99.457% | Test Loss: 0.613 | Test Accuracy: 76.190% | Test AUC:0.8182 | Test Sen:0.9000 | Test Spe:0.6364 | Test F1:0.7619 | Test Recall:0.7619 | Test Precision:0.7619 | Best Test Accuracy: 76.190% | Best Test AUC:0.8455 | Best Test Sensitivity:0.8000 | Best Test Specificity:0.7273 | LR:0.0000797
[2023-08-17 10:12:42][Train.py][L163][INFO]Epoch[13/100] | Train Loss: 0.106 | Train Accuracy: 99.457% | Test Loss: 0.667 | Test Accuracy: 76.190% | Test AUC:0.8273 | Test Sen:0.9000 | Test Spe:0.6364 | Test F1:0.7619 | Test Recall:0.7619 | Test Precision:0.7619 | Best Test Accuracy: 76.190% | Best Test AUC:0.8455 | Best Test Sensitivity:0.8000 | Best Test Specificity:0.7273 | LR:0.0000781
[2023-08-17 10:12:42][Train.py][L163][INFO]Epoch[14/100] | Train Loss: 0.087 | Train Accuracy: 98.913% | Test Loss: 0.653 | Test Accuracy: 80.952% | Test AUC:0.8364 | Test Sen:0.9000 | Test Spe:0.7273 | Test F1:0.8095 | Test Recall:0.8095 | Test Precision:0.8095 | Best Test Accuracy: 80.952% | Best Test AUC:0.8364 | Best Test Sensitivity:0.9000 | Best Test Specificity:0.7273 | LR:0.0000766
[2023-08-17 10:12:43][Train.py][L163][INFO]Epoch[15/100] | Train Loss: 0.075 | Train Accuracy: 99.457% | Test Loss: 0.723 | Test Accuracy: 76.190% | Test AUC:0.8364 | Test Sen:0.9000 | Test Spe:0.6364 | Test F1:0.7619 | Test Recall:0.7619 | Test Precision:0.7619 | Best Test Accuracy: 80.952% | Best Test AUC:0.8364 | Best Test Sensitivity:0.9000 | Best Test Specificity:0.7273 | LR:0.0000750
[2023-08-17 10:12:43][Train.py][L163][INFO]Epoch[16/100] | Train Loss: 0.068 | Train Accuracy: 99.457% | Test Loss: 0.776 | Test Accuracy: 71.429% | Test AUC:0.8364 | Test Sen:0.9000 | Test Spe:0.5455 | Test F1:0.7143 | Test Recall:0.7143 | Test Precision:0.7143 | Best Test Accuracy: 80.952% | Best Test AUC:0.8364 | Best Test Sensitivity:0.9000 | Best Test Specificity:0.7273 | LR:0.0000735
[2023-08-17 10:12:43][Train.py][L163][INFO]Epoch[17/100] | Train Loss: 0.058 | Train Accuracy: 99.457% | Test Loss: 0.670 | Test Accuracy: 80.952% | Test AUC:0.8364 | Test Sen:0.9000 | Test Spe:0.7273 | Test F1:0.8095 | Test Recall:0.8095 | Test Precision:0.8095 | Best Test Accuracy: 80.952% | Best Test AUC:0.8364 | Best Test Sensitivity:0.9000 | Best Test Specificity:0.7273 | LR:0.0000720
[2023-08-17 10:12:44][Train.py][L163][INFO]Epoch[18/100] | Train Loss: 0.052 | Train Accuracy: 99.457% | Test Loss: 0.763 | Test Accuracy: 76.190% | Test AUC:0.8455 | Test Sen:0.9000 | Test Spe:0.6364 | Test F1:0.7619 | Test Recall:0.7619 | Test Precision:0.7619 | Best Test Accuracy: 80.952% | Best Test AUC:0.8364 | Best Test Sensitivity:0.9000 | Best Test Specificity:0.7273 | LR:0.0000705
[2023-08-17 10:12:44][Train.py][L163][INFO]Epoch[19/100] | Train Loss: 0.046 | Train Accuracy: 99.457% | Test Loss: 0.750 | Test Accuracy: 76.190% | Test AUC:0.8455 | Test Sen:0.9000 | Test Spe:0.6364 | Test F1:0.7619 | Test Recall:0.7619 | Test Precision:0.7619 | Best Test Accuracy: 80.952% | Best Test AUC:0.8364 | Best Test Sensitivity:0.9000 | Best Test Specificity:0.7273 | LR:0.0000690
[2023-08-17 10:12:44][Train.py][L163][INFO]Epoch[20/100] | Train Loss: 0.041 | Train Accuracy: 98.913% | Test Loss: 0.731 | Test Accuracy: 80.952% | Test AUC:0.8455 | Test Sen:0.9000 | Test Spe:0.7273 | Test F1:0.8095 | Test Recall:0.8095 | Test Precision:0.8095 | Best Test Accuracy: 80.952% | Best Test AUC:0.8364 | Best Test Sensitivity:0.9000 | Best Test Specificity:0.7273 | LR:0.0000676
[2023-08-17 10:12:45][Train.py][L163][INFO]Epoch[21/100] | Train Loss: 0.036 | Train Accuracy: 99.457% | Test Loss: 0.796 | Test Accuracy: 76.190% | Test AUC:0.8455 | Test Sen:0.9000 | Test Spe:0.6364 | Test F1:0.7619 | Test Recall:0.7619 | Test Precision:0.7619 | Best Test Accuracy: 80.952% | Best Test AUC:0.8364 | Best Test Sensitivity:0.9000 | Best Test Specificity:0.7273 | LR:0.0000662
[2023-08-17 10:12:45][Train.py][L163][INFO]Epoch[22/100] | Train Loss: 0.033 | Train Accuracy: 99.457% | Test Loss: 0.773 | Test Accuracy: 80.952% | Test AUC:0.8455 | Test Sen:0.9000 | Test Spe:0.7273 | Test F1:0.8095 | Test Recall:0.8095 | Test Precision:0.8095 | Best Test Accuracy: 80.952% | Best Test AUC:0.8364 | Best Test Sensitivity:0.9000 | Best Test Specificity:0.7273 | LR:0.0000648
[2023-08-17 10:12:45][Train.py][L163][INFO]Epoch[23/100] | Train Loss: 0.030 | Train Accuracy: 99.457% | Test Loss: 0.840 | Test Accuracy: 76.190% | Test AUC:0.8455 | Test Sen:0.9000 | Test Spe:0.6364 | Test F1:0.7619 | Test Recall:0.7619 | Test Precision:0.7619 | Best Test Accuracy: 80.952% | Best Test AUC:0.8364 | Best Test Sensitivity:0.9000 | Best Test Specificity:0.7273 | LR:0.0000634
[2023-08-17 10:12:46][Train.py][L163][INFO]Epoch[24/100] | Train Loss: 0.028 | Train Accuracy: 99.457% | Test Loss: 0.793 | Test Accuracy: 80.952% | Test AUC:0.8455 | Test Sen:0.9000 | Test Spe:0.7273 | Test F1:0.8095 | Test Recall:0.8095 | Test Precision:0.8095 | Best Test Accuracy: 80.952% | Best Test AUC:0.8364 | Best Test Sensitivity:0.9000 | Best Test Specificity:0.7273 | LR:0.0000620
[2023-08-17 10:12:46][Train.py][L163][INFO]Epoch[25/100] | Train Loss: 0.027 | Train Accuracy: 99.457% | Test Loss: 0.877 | Test Accuracy: 71.429% | Test AUC:0.8455 | Test Sen:0.9000 | Test Spe:0.5455 | Test F1:0.7143 | Test Recall:0.7143 | Test Precision:0.7143 | Best Test Accuracy: 80.952% | Best Test AUC:0.8364 | Best Test Sensitivity:0.9000 | Best Test Specificity:0.7273 | LR:0.0000606
[2023-08-17 10:12:46][Train.py][L163][INFO]Epoch[26/100] | Train Loss: 0.025 | Train Accuracy: 99.457% | Test Loss: 0.829 | Test Accuracy: 80.952% | Test AUC:0.8364 | Test Sen:0.9000 | Test Spe:0.7273 | Test F1:0.8095 | Test Recall:0.8095 | Test Precision:0.8095 | Best Test Accuracy: 80.952% | Best Test AUC:0.8364 | Best Test Sensitivity:0.9000 | Best Test Specificity:0.7273 | LR:0.0000593
[2023-08-17 10:12:46][Train.py][L163][INFO]Epoch[27/100] | Train Loss: 0.025 | Train Accuracy: 99.457% | Test Loss: 0.875 | Test Accuracy: 76.190% | Test AUC:0.8455 | Test Sen:0.9000 | Test Spe:0.6364 | Test F1:0.7619 | Test Recall:0.7619 | Test Precision:0.7619 | Best Test Accuracy: 80.952% | Best Test AUC:0.8364 | Best Test Sensitivity:0.9000 | Best Test Specificity:0.7273 | LR:0.0000580
[2023-08-17 10:12:47][Train.py][L163][INFO]Epoch[28/100] | Train Loss: 0.024 | Train Accuracy: 99.457% | Test Loss: 0.872 | Test Accuracy: 76.190% | Test AUC:0.8455 | Test Sen:0.9000 | Test Spe:0.6364 | Test F1:0.7619 | Test Recall:0.7619 | Test Precision:0.7619 | Best Test Accuracy: 80.952% | Best Test AUC:0.8364 | Best Test Sensitivity:0.9000 | Best Test Specificity:0.7273 | LR:0.0000567
[2023-08-17 10:12:47][Train.py][L163][INFO]Epoch[29/100] | Train Loss: 0.021 | Train Accuracy: 98.913% | Test Loss: 0.895 | Test Accuracy: 76.190% | Test AUC:0.8455 | Test Sen:0.9000 | Test Spe:0.6364 | Test F1:0.7619 | Test Recall:0.7619 | Test Precision:0.7619 | Best Test Accuracy: 80.952% | Best Test AUC:0.8364 | Best Test Sensitivity:0.9000 | Best Test Specificity:0.7273 | LR:0.0000554
[2023-08-17 10:12:47][Train.py][L163][INFO]Epoch[30/100] | Train Loss: 0.022 | Train Accuracy: 98.913% | Test Loss: 0.906 | Test Accuracy: 76.190% | Test AUC:0.8455 | Test Sen:0.9000 | Test Spe:0.6364 | Test F1:0.7619 | Test Recall:0.7619 | Test Precision:0.7619 | Best Test Accuracy: 80.952% | Best Test AUC:0.8364 | Best Test Sensitivity:0.9000 | Best Test Specificity:0.7273 | LR:0.0000541
[2023-08-17 10:12:48][Train.py][L163][INFO]Epoch[31/100] | Train Loss: 0.021 | Train Accuracy: 99.457% | Test Loss: 0.907 | Test Accuracy: 76.190% | Test AUC:0.8455 | Test Sen:0.9000 | Test Spe:0.6364 | Test F1:0.7619 | Test Recall:0.7619 | Test Precision:0.7619 | Best Test Accuracy: 80.952% | Best Test AUC:0.8364 | Best Test Sensitivity:0.9000 | Best Test Specificity:0.7273 | LR:0.0000528
[2023-08-17 10:12:48][Train.py][L163][INFO]Epoch[32/100] | Train Loss: 0.019 | Train Accuracy: 99.457% | Test Loss: 0.855 | Test Accuracy: 80.952% | Test AUC:0.8364 | Test Sen:0.9000 | Test Spe:0.7273 | Test F1:0.8095 | Test Recall:0.8095 | Test Precision:0.8095 | Best Test Accuracy: 80.952% | Best Test AUC:0.8364 | Best Test Sensitivity:0.9000 | Best Test Specificity:0.7273 | LR:0.0000516
[2023-08-17 10:12:48][Train.py][L163][INFO]Epoch[33/100] | Train Loss: 0.021 | Train Accuracy: 98.913% | Test Loss: 0.935 | Test Accuracy: 76.190% | Test AUC:0.8455 | Test Sen:0.9000 | Test Spe:0.6364 | Test F1:0.7619 | Test Recall:0.7619 | Test Precision:0.7619 | Best Test Accuracy: 80.952% | Best Test AUC:0.8364 | Best Test Sensitivity:0.9000 | Best Test Specificity:0.7273 | LR:0.0000504
[2023-08-17 10:12:49][Train.py][L163][INFO]Epoch[34/100] | Train Loss: 0.021 | Train Accuracy: 99.457% | Test Loss: 0.893 | Test Accuracy: 80.952% | Test AUC:0.8455 | Test Sen:0.9000 | Test Spe:0.7273 | Test F1:0.8095 | Test Recall:0.8095 | Test Precision:0.8095 | Best Test Accuracy: 80.952% | Best Test AUC:0.8364 | Best Test Sensitivity:0.9000 | Best Test Specificity:0.7273 | LR:0.0000492
[2023-08-17 10:12:49][Train.py][L163][INFO]Epoch[35/100] | Train Loss: 0.017 | Train Accuracy: 99.457% | Test Loss: 0.974 | Test Accuracy: 71.429% | Test AUC:0.8455 | Test Sen:0.9000 | Test Spe:0.5455 | Test F1:0.7143 | Test Recall:0.7143 | Test Precision:0.7143 | Best Test Accuracy: 80.952% | Best Test AUC:0.8364 | Best Test Sensitivity:0.9000 | Best Test Specificity:0.7273 | LR:0.0000480
[2023-08-17 10:12:49][Train.py][L163][INFO]Epoch[36/100] | Train Loss: 0.018 | Train Accuracy: 98.913% | Test Loss: 0.910 | Test Accuracy: 80.952% | Test AUC:0.8364 | Test Sen:0.9000 | Test Spe:0.7273 | Test F1:0.8095 | Test Recall:0.8095 | Test Precision:0.8095 | Best Test Accuracy: 80.952% | Best Test AUC:0.8364 | Best Test Sensitivity:0.9000 | Best Test Specificity:0.7273 | LR:0.0000469
[2023-08-17 10:12:50][Train.py][L163][INFO]Epoch[37/100] | Train Loss: 0.016 | Train Accuracy: 99.457% | Test Loss: 0.939 | Test Accuracy: 76.190% | Test AUC:0.8455 | Test Sen:0.9000 | Test Spe:0.6364 | Test F1:0.7619 | Test Recall:0.7619 | Test Precision:0.7619 | Best Test Accuracy: 80.952% | Best Test AUC:0.8364 | Best Test Sensitivity:0.9000 | Best Test Specificity:0.7273 | LR:0.0000457
[2023-08-17 10:12:50][Train.py][L163][INFO]Epoch[38/100] | Train Loss: 0.018 | Train Accuracy: 99.457% | Test Loss: 0.919 | Test Accuracy: 80.952% | Test AUC:0.8455 | Test Sen:0.9000 | Test Spe:0.7273 | Test F1:0.8095 | Test Recall:0.8095 | Test Precision:0.8095 | Best Test Accuracy: 80.952% | Best Test AUC:0.8364 | Best Test Sensitivity:0.9000 | Best Test Specificity:0.7273 | LR:0.0000446
[2023-08-17 10:12:50][Train.py][L163][INFO]Epoch[39/100] | Train Loss: 0.017 | Train Accuracy: 98.913% | Test Loss: 0.919 | Test Accuracy: 80.952% | Test AUC:0.8364 | Test Sen:0.9000 | Test Spe:0.7273 | Test F1:0.8095 | Test Recall:0.8095 | Test Precision:0.8095 | Best Test Accuracy: 80.952% | Best Test AUC:0.8364 | Best Test Sensitivity:0.9000 | Best Test Specificity:0.7273 | LR:0.0000435
[2023-08-17 10:12:51][Train.py][L163][INFO]Epoch[40/100] | Train Loss: 0.016 | Train Accuracy: 98.913% | Test Loss: 0.938 | Test Accuracy: 80.952% | Test AUC:0.8455 | Test Sen:0.9000 | Test Spe:0.7273 | Test F1:0.8095 | Test Recall:0.8095 | Test Precision:0.8095 | Best Test Accuracy: 80.952% | Best Test AUC:0.8364 | Best Test Sensitivity:0.9000 | Best Test Specificity:0.7273 | LR:0.0000424
[2023-08-17 10:12:51][Train.py][L163][INFO]Epoch[41/100] | Train Loss: 0.016 | Train Accuracy: 98.913% | Test Loss: 0.939 | Test Accuracy: 80.952% | Test AUC:0.8455 | Test Sen:0.9000 | Test Spe:0.7273 | Test F1:0.8095 | Test Recall:0.8095 | Test Precision:0.8095 | Best Test Accuracy: 80.952% | Best Test AUC:0.8364 | Best Test Sensitivity:0.9000 | Best Test Specificity:0.7273 | LR:0.0000413
[2023-08-17 10:12:51][Train.py][L163][INFO]Epoch[42/100] | Train Loss: 0.016 | Train Accuracy: 98.913% | Test Loss: 0.949 | Test Accuracy: 80.952% | Test AUC:0.8455 | Test Sen:0.9000 | Test Spe:0.7273 | Test F1:0.8095 | Test Recall:0.8095 | Test Precision:0.8095 | Best Test Accuracy: 80.952% | Best Test AUC:0.8364 | Best Test Sensitivity:0.9000 | Best Test Specificity:0.7273 | LR:0.0000403
[2023-08-17 10:12:52][Train.py][L163][INFO]Epoch[43/100] | Train Loss: 0.015 | Train Accuracy: 99.457% | Test Loss: 0.921 | Test Accuracy: 80.952% | Test AUC:0.8364 | Test Sen:0.9000 | Test Spe:0.7273 | Test F1:0.8095 | Test Recall:0.8095 | Test Precision:0.8095 | Best Test Accuracy: 80.952% | Best Test AUC:0.8364 | Best Test Sensitivity:0.9000 | Best Test Specificity:0.7273 | LR:0.0000392
[2023-08-17 10:12:52][Train.py][L163][INFO]Epoch[44/100] | Train Loss: 0.016 | Train Accuracy: 99.457% | Test Loss: 0.977 | Test Accuracy: 76.190% | Test AUC:0.8455 | Test Sen:0.9000 | Test Spe:0.6364 | Test F1:0.7619 | Test Recall:0.7619 | Test Precision:0.7619 | Best Test Accuracy: 80.952% | Best Test AUC:0.8364 | Best Test Sensitivity:0.9000 | Best Test Specificity:0.7273 | LR:0.0000382
[2023-08-17 10:12:52][Train.py][L163][INFO]Epoch[45/100] | Train Loss: 0.016 | Train Accuracy: 98.913% | Test Loss: 0.982 | Test Accuracy: 76.190% | Test AUC:0.8455 | Test Sen:0.9000 | Test Spe:0.6364 | Test F1:0.7619 | Test Recall:0.7619 | Test Precision:0.7619 | Best Test Accuracy: 80.952% | Best Test AUC:0.8364 | Best Test Sensitivity:0.9000 | Best Test Specificity:0.7273 | LR:0.0000372
[2023-08-17 10:12:53][Train.py][L163][INFO]Epoch[46/100] | Train Loss: 0.014 | Train Accuracy: 99.457% | Test Loss: 0.945 | Test Accuracy: 80.952% | Test AUC:0.8364 | Test Sen:0.9000 | Test Spe:0.7273 | Test F1:0.8095 | Test Recall:0.8095 | Test Precision:0.8095 | Best Test Accuracy: 80.952% | Best Test AUC:0.8364 | Best Test Sensitivity:0.9000 | Best Test Specificity:0.7273 | LR:0.0000362
[2023-08-17 10:12:53][Train.py][L163][INFO]Epoch[47/100] | Train Loss: 0.014 | Train Accuracy: 99.457% | Test Loss: 1.022 | Test Accuracy: 71.429% | Test AUC:0.8455 | Test Sen:0.9000 | Test Spe:0.5455 | Test F1:0.7143 | Test Recall:0.7143 | Test Precision:0.7143 | Best Test Accuracy: 80.952% | Best Test AUC:0.8364 | Best Test Sensitivity:0.9000 | Best Test Specificity:0.7273 | LR:0.0000353
[2023-08-17 10:12:53][Train.py][L163][INFO]Epoch[48/100] | Train Loss: 0.017 | Train Accuracy: 99.457% | Test Loss: 1.027 | Test Accuracy: 71.429% | Test AUC:0.8455 | Test Sen:0.9000 | Test Spe:0.5455 | Test F1:0.7143 | Test Recall:0.7143 | Test Precision:0.7143 | Best Test Accuracy: 80.952% | Best Test AUC:0.8364 | Best Test Sensitivity:0.9000 | Best Test Specificity:0.7273 | LR:0.0000343
[2023-08-17 10:12:53][Train.py][L163][INFO]Epoch[49/100] | Train Loss: 0.015 | Train Accuracy: 98.913% | Test Loss: 0.919 | Test Accuracy: 80.952% | Test AUC:0.8364 | Test Sen:0.9000 | Test Spe:0.7273 | Test F1:0.8095 | Test Recall:0.8095 | Test Precision:0.8095 | Best Test Accuracy: 80.952% | Best Test AUC:0.8364 | Best Test Sensitivity:0.9000 | Best Test Specificity:0.7273 | LR:0.0000334
[2023-08-17 10:12:54][Train.py][L163][INFO]Epoch[50/100] | Train Loss: 0.014 | Train Accuracy: 99.457% | Test Loss: 0.996 | Test Accuracy: 76.190% | Test AUC:0.8364 | Test Sen:0.9000 | Test Spe:0.6364 | Test F1:0.7619 | Test Recall:0.7619 | Test Precision:0.7619 | Best Test Accuracy: 80.952% | Best Test AUC:0.8364 | Best Test Sensitivity:0.9000 | Best Test Specificity:0.7273 | LR:0.0000325
[2023-08-17 10:12:54][Train.py][L163][INFO]Epoch[51/100] | Train Loss: 0.014 | Train Accuracy: 98.913% | Test Loss: 1.040 | Test Accuracy: 71.429% | Test AUC:0.8455 | Test Sen:0.9000 | Test Spe:0.5455 | Test F1:0.7143 | Test Recall:0.7143 | Test Precision:0.7143 | Best Test Accuracy: 80.952% | Best Test AUC:0.8364 | Best Test Sensitivity:0.9000 | Best Test Specificity:0.7273 | LR:0.0000316
[2023-08-17 10:12:54][Train.py][L163][INFO]Epoch[52/100] | Train Loss: 0.015 | Train Accuracy: 98.913% | Test Loss: 0.955 | Test Accuracy: 80.952% | Test AUC:0.8364 | Test Sen:0.9000 | Test Spe:0.7273 | Test F1:0.8095 | Test Recall:0.8095 | Test Precision:0.8095 | Best Test Accuracy: 80.952% | Best Test AUC:0.8364 | Best Test Sensitivity:0.9000 | Best Test Specificity:0.7273 | LR:0.0000307
[2023-08-17 10:12:55][Train.py][L163][INFO]Epoch[53/100] | Train Loss: 0.013 | Train Accuracy: 98.913% | Test Loss: 1.019 | Test Accuracy: 71.429% | Test AUC:0.8364 | Test Sen:0.9000 | Test Spe:0.5455 | Test F1:0.7143 | Test Recall:0.7143 | Test Precision:0.7143 | Best Test Accuracy: 80.952% | Best Test AUC:0.8364 | Best Test Sensitivity:0.9000 | Best Test Specificity:0.7273 | LR:0.0000299
[2023-08-17 10:12:55][Train.py][L163][INFO]Epoch[54/100] | Train Loss: 0.013 | Train Accuracy: 99.457% | Test Loss: 1.002 | Test Accuracy: 80.952% | Test AUC:0.8364 | Test Sen:0.9000 | Test Spe:0.7273 | Test F1:0.8095 | Test Recall:0.8095 | Test Precision:0.8095 | Best Test Accuracy: 80.952% | Best Test AUC:0.8364 | Best Test Sensitivity:0.9000 | Best Test Specificity:0.7273 | LR:0.0000290
[2023-08-17 10:12:55][Train.py][L163][INFO]Epoch[55/100] | Train Loss: 0.013 | Train Accuracy: 99.457% | Test Loss: 1.017 | Test Accuracy: 76.190% | Test AUC:0.8364 | Test Sen:0.9000 | Test Spe:0.6364 | Test F1:0.7619 | Test Recall:0.7619 | Test Precision:0.7619 | Best Test Accuracy: 80.952% | Best Test AUC:0.8364 | Best Test Sensitivity:0.9000 | Best Test Specificity:0.7273 | LR:0.0000282
[2023-08-17 10:12:56][Train.py][L163][INFO]Epoch[56/100] | Train Loss: 0.013 | Train Accuracy: 99.457% | Test Loss: 1.007 | Test Accuracy: 80.952% | Test AUC:0.8364 | Test Sen:0.9000 | Test Spe:0.7273 | Test F1:0.8095 | Test Recall:0.8095 | Test Precision:0.8095 | Best Test Accuracy: 80.952% | Best Test AUC:0.8364 | Best Test Sensitivity:0.9000 | Best Test Specificity:0.7273 | LR:0.0000274
[2023-08-17 10:12:56][Train.py][L163][INFO]Epoch[57/100] | Train Loss: 0.017 | Train Accuracy: 99.457% | Test Loss: 0.950 | Test Accuracy: 80.952% | Test AUC:0.8364 | Test Sen:0.9000 | Test Spe:0.7273 | Test F1:0.8095 | Test Recall:0.8095 | Test Precision:0.8095 | Best Test Accuracy: 80.952% | Best Test AUC:0.8364 | Best Test Sensitivity:0.9000 | Best Test Specificity:0.7273 | LR:0.0000266
[2023-08-17 10:12:56][Train.py][L163][INFO]Epoch[58/100] | Train Loss: 0.013 | Train Accuracy: 99.457% | Test Loss: 1.045 | Test Accuracy: 76.190% | Test AUC:0.8455 | Test Sen:0.9000 | Test Spe:0.6364 | Test F1:0.7619 | Test Recall:0.7619 | Test Precision:0.7619 | Best Test Accuracy: 80.952% | Best Test AUC:0.8364 | Best Test Sensitivity:0.9000 | Best Test Specificity:0.7273 | LR:0.0000259
[2023-08-17 10:12:57][Train.py][L163][INFO]Epoch[59/100] | Train Loss: 0.012 | Train Accuracy: 99.457% | Test Loss: 1.090 | Test Accuracy: 66.667% | Test AUC:0.8455 | Test Sen:0.9000 | Test Spe:0.4545 | Test F1:0.6667 | Test Recall:0.6667 | Test Precision:0.6667 | Best Test Accuracy: 80.952% | Best Test AUC:0.8364 | Best Test Sensitivity:0.9000 | Best Test Specificity:0.7273 | LR:0.0000251
[2023-08-17 10:12:57][Train.py][L163][INFO]Epoch[60/100] | Train Loss: 0.014 | Train Accuracy: 99.457% | Test Loss: 1.031 | Test Accuracy: 76.190% | Test AUC:0.8364 | Test Sen:0.9000 | Test Spe:0.6364 | Test F1:0.7619 | Test Recall:0.7619 | Test Precision:0.7619 | Best Test Accuracy: 80.952% | Best Test AUC:0.8364 | Best Test Sensitivity:0.9000 | Best Test Specificity:0.7273 | LR:0.0000244
[2023-08-17 10:12:57][Train.py][L163][INFO]Epoch[61/100] | Train Loss: 0.012 | Train Accuracy: 98.913% | Test Loss: 0.997 | Test Accuracy: 80.952% | Test AUC:0.8364 | Test Sen:0.9000 | Test Spe:0.7273 | Test F1:0.8095 | Test Recall:0.8095 | Test Precision:0.8095 | Best Test Accuracy: 80.952% | Best Test AUC:0.8364 | Best Test Sensitivity:0.9000 | Best Test Specificity:0.7273 | LR:0.0000237
[2023-08-17 10:12:58][Train.py][L163][INFO]Epoch[62/100] | Train Loss: 0.014 | Train Accuracy: 98.913% | Test Loss: 0.980 | Test Accuracy: 80.952% | Test AUC:0.8364 | Test Sen:0.9000 | Test Spe:0.7273 | Test F1:0.8095 | Test Recall:0.8095 | Test Precision:0.8095 | Best Test Accuracy: 80.952% | Best Test AUC:0.8364 | Best Test Sensitivity:0.9000 | Best Test Specificity:0.7273 | LR:0.0000230
[2023-08-17 10:12:58][Train.py][L163][INFO]Epoch[63/100] | Train Loss: 0.014 | Train Accuracy: 98.913% | Test Loss: 1.071 | Test Accuracy: 71.429% | Test AUC:0.8455 | Test Sen:0.9000 | Test Spe:0.5455 | Test F1:0.7143 | Test Recall:0.7143 | Test Precision:0.7143 | Best Test Accuracy: 80.952% | Best Test AUC:0.8364 | Best Test Sensitivity:0.9000 | Best Test Specificity:0.7273 | LR:0.0000223
[2023-08-17 10:12:58][Train.py][L163][INFO]Epoch[64/100] | Train Loss: 0.012 | Train Accuracy: 99.457% | Test Loss: 1.017 | Test Accuracy: 80.952% | Test AUC:0.8364 | Test Sen:0.9000 | Test Spe:0.7273 | Test F1:0.8095 | Test Recall:0.8095 | Test Precision:0.8095 | Best Test Accuracy: 80.952% | Best Test AUC:0.8364 | Best Test Sensitivity:0.9000 | Best Test Specificity:0.7273 | LR:0.0000217
[2023-08-17 10:12:59][Train.py][L163][INFO]Epoch[65/100] | Train Loss: 0.013 | Train Accuracy: 99.457% | Test Loss: 1.001 | Test Accuracy: 80.952% | Test AUC:0.8364 | Test Sen:0.9000 | Test Spe:0.7273 | Test F1:0.8095 | Test Recall:0.8095 | Test Precision:0.8095 | Best Test Accuracy: 80.952% | Best Test AUC:0.8364 | Best Test Sensitivity:0.9000 | Best Test Specificity:0.7273 | LR:0.0000210
[2023-08-17 10:12:59][Train.py][L163][INFO]Epoch[66/100] | Train Loss: 0.012 | Train Accuracy: 99.457% | Test Loss: 1.046 | Test Accuracy: 76.190% | Test AUC:0.8364 | Test Sen:0.9000 | Test Spe:0.6364 | Test F1:0.7619 | Test Recall:0.7619 | Test Precision:0.7619 | Best Test Accuracy: 80.952% | Best Test AUC:0.8364 | Best Test Sensitivity:0.9000 | Best Test Specificity:0.7273 | LR:0.0000204
[2023-08-17 10:12:59][Train.py][L163][INFO]Epoch[67/100] | Train Loss: 0.013 | Train Accuracy: 99.457% | Test Loss: 1.043 | Test Accuracy: 76.190% | Test AUC:0.8364 | Test Sen:0.9000 | Test Spe:0.6364 | Test F1:0.7619 | Test Recall:0.7619 | Test Precision:0.7619 | Best Test Accuracy: 80.952% | Best Test AUC:0.8364 | Best Test Sensitivity:0.9000 | Best Test Specificity:0.7273 | LR:0.0000198
[2023-08-17 10:12:59][Train.py][L163][INFO]Epoch[68/100] | Train Loss: 0.012 | Train Accuracy: 98.913% | Test Loss: 1.012 | Test Accuracy: 80.952% | Test AUC:0.8364 | Test Sen:0.9000 | Test Spe:0.7273 | Test F1:0.8095 | Test Recall:0.8095 | Test Precision:0.8095 | Best Test Accuracy: 80.952% | Best Test AUC:0.8364 | Best Test Sensitivity:0.9000 | Best Test Specificity:0.7273 | LR:0.0000192
[2023-08-17 10:13:00][Train.py][L163][INFO]Epoch[69/100] | Train Loss: 0.012 | Train Accuracy: 98.913% | Test Loss: 1.029 | Test Accuracy: 80.952% | Test AUC:0.8364 | Test Sen:0.9000 | Test Spe:0.7273 | Test F1:0.8095 | Test Recall:0.8095 | Test Precision:0.8095 | Best Test Accuracy: 80.952% | Best Test AUC:0.8364 | Best Test Sensitivity:0.9000 | Best Test Specificity:0.7273 | LR:0.0000186
[2023-08-17 10:13:00][Train.py][L163][INFO]Epoch[70/100] | Train Loss: 0.012 | Train Accuracy: 99.457% | Test Loss: 1.035 | Test Accuracy: 80.952% | Test AUC:0.8364 | Test Sen:0.9000 | Test Spe:0.7273 | Test F1:0.8095 | Test Recall:0.8095 | Test Precision:0.8095 | Best Test Accuracy: 80.952% | Best Test AUC:0.8364 | Best Test Sensitivity:0.9000 | Best Test Specificity:0.7273 | LR:0.0000181
[2023-08-17 10:13:00][Train.py][L163][INFO]Epoch[71/100] | Train Loss: 0.011 | Train Accuracy: 99.457% | Test Loss: 1.025 | Test Accuracy: 80.952% | Test AUC:0.8364 | Test Sen:0.9000 | Test Spe:0.7273 | Test F1:0.8095 | Test Recall:0.8095 | Test Precision:0.8095 | Best Test Accuracy: 80.952% | Best Test AUC:0.8364 | Best Test Sensitivity:0.9000 | Best Test Specificity:0.7273 | LR:0.0000176
[2023-08-17 10:13:01][Train.py][L163][INFO]Epoch[72/100] | Train Loss: 0.012 | Train Accuracy: 98.913% | Test Loss: 1.036 | Test Accuracy: 80.952% | Test AUC:0.8364 | Test Sen:0.9000 | Test Spe:0.7273 | Test F1:0.8095 | Test Recall:0.8095 | Test Precision:0.8095 | Best Test Accuracy: 80.952% | Best Test AUC:0.8364 | Best Test Sensitivity:0.9000 | Best Test Specificity:0.7273 | LR:0.0000171
[2023-08-17 10:13:01][Train.py][L163][INFO]Epoch[73/100] | Train Loss: 0.011 | Train Accuracy: 99.457% | Test Loss: 1.026 | Test Accuracy: 80.952% | Test AUC:0.8364 | Test Sen:0.9000 | Test Spe:0.7273 | Test F1:0.8095 | Test Recall:0.8095 | Test Precision:0.8095 | Best Test Accuracy: 80.952% | Best Test AUC:0.8364 | Best Test Sensitivity:0.9000 | Best Test Specificity:0.7273 | LR:0.0000166
[2023-08-17 10:13:01][Train.py][L163][INFO]Epoch[74/100] | Train Loss: 0.012 | Train Accuracy: 98.913% | Test Loss: 1.044 | Test Accuracy: 80.952% | Test AUC:0.8364 | Test Sen:0.9000 | Test Spe:0.7273 | Test F1:0.8095 | Test Recall:0.8095 | Test Precision:0.8095 | Best Test Accuracy: 80.952% | Best Test AUC:0.8364 | Best Test Sensitivity:0.9000 | Best Test Specificity:0.7273 | LR:0.0000161
[2023-08-17 10:13:02][Train.py][L163][INFO]Epoch[75/100] | Train Loss: 0.013 | Train Accuracy: 99.457% | Test Loss: 0.988 | Test Accuracy: 80.952% | Test AUC:0.8364 | Test Sen:0.9000 | Test Spe:0.7273 | Test F1:0.8095 | Test Recall:0.8095 | Test Precision:0.8095 | Best Test Accuracy: 80.952% | Best Test AUC:0.8364 | Best Test Sensitivity:0.9000 | Best Test Specificity:0.7273 | LR:0.0000156
[2023-08-17 10:13:02][Train.py][L163][INFO]Epoch[76/100] | Train Loss: 0.012 | Train Accuracy: 99.457% | Test Loss: 1.030 | Test Accuracy: 80.952% | Test AUC:0.8364 | Test Sen:0.9000 | Test Spe:0.7273 | Test F1:0.8095 | Test Recall:0.8095 | Test Precision:0.8095 | Best Test Accuracy: 80.952% | Best Test AUC:0.8364 | Best Test Sensitivity:0.9000 | Best Test Specificity:0.7273 | LR:0.0000152
[2023-08-17 10:13:02][Train.py][L163][INFO]Epoch[77/100] | Train Loss: 0.011 | Train Accuracy: 99.457% | Test Loss: 1.085 | Test Accuracy: 71.429% | Test AUC:0.8455 | Test Sen:0.9000 | Test Spe:0.5455 | Test F1:0.7143 | Test Recall:0.7143 | Test Precision:0.7143 | Best Test Accuracy: 80.952% | Best Test AUC:0.8364 | Best Test Sensitivity:0.9000 | Best Test Specificity:0.7273 | LR:0.0000148
[2023-08-17 10:13:03][Train.py][L163][INFO]Epoch[78/100] | Train Loss: 0.012 | Train Accuracy: 99.457% | Test Loss: 1.095 | Test Accuracy: 71.429% | Test AUC:0.8455 | Test Sen:0.9000 | Test Spe:0.5455 | Test F1:0.7143 | Test Recall:0.7143 | Test Precision:0.7143 | Best Test Accuracy: 80.952% | Best Test AUC:0.8364 | Best Test Sensitivity:0.9000 | Best Test Specificity:0.7273 | LR:0.0000144
[2023-08-17 10:13:03][Train.py][L163][INFO]Epoch[79/100] | Train Loss: 0.013 | Train Accuracy: 98.913% | Test Loss: 1.015 | Test Accuracy: 80.952% | Test AUC:0.8364 | Test Sen:0.9000 | Test Spe:0.7273 | Test F1:0.8095 | Test Recall:0.8095 | Test Precision:0.8095 | Best Test Accuracy: 80.952% | Best Test AUC:0.8364 | Best Test Sensitivity:0.9000 | Best Test Specificity:0.7273 | LR:0.0000140
[2023-08-17 10:13:03][Train.py][L163][INFO]Epoch[80/100] | Train Loss: 0.012 | Train Accuracy: 99.457% | Test Loss: 1.038 | Test Accuracy: 80.952% | Test AUC:0.8364 | Test Sen:0.9000 | Test Spe:0.7273 | Test F1:0.8095 | Test Recall:0.8095 | Test Precision:0.8095 | Best Test Accuracy: 80.952% | Best Test AUC:0.8364 | Best Test Sensitivity:0.9000 | Best Test Specificity:0.7273 | LR:0.0000136
[2023-08-17 10:13:04][Train.py][L163][INFO]Epoch[81/100] | Train Loss: 0.011 | Train Accuracy: 99.457% | Test Loss: 1.042 | Test Accuracy: 80.952% | Test AUC:0.8364 | Test Sen:0.9000 | Test Spe:0.7273 | Test F1:0.8095 | Test Recall:0.8095 | Test Precision:0.8095 | Best Test Accuracy: 80.952% | Best Test AUC:0.8364 | Best Test Sensitivity:0.9000 | Best Test Specificity:0.7273 | LR:0.0000132
[2023-08-17 10:13:04][Train.py][L163][INFO]Epoch[82/100] | Train Loss: 0.011 | Train Accuracy: 99.457% | Test Loss: 1.062 | Test Accuracy: 76.190% | Test AUC:0.8364 | Test Sen:0.9000 | Test Spe:0.6364 | Test F1:0.7619 | Test Recall:0.7619 | Test Precision:0.7619 | Best Test Accuracy: 80.952% | Best Test AUC:0.8364 | Best Test Sensitivity:0.9000 | Best Test Specificity:0.7273 | LR:0.0000129
[2023-08-17 10:13:04][Train.py][L163][INFO]Epoch[83/100] | Train Loss: 0.012 | Train Accuracy: 98.913% | Test Loss: 1.077 | Test Accuracy: 76.190% | Test AUC:0.8364 | Test Sen:0.9000 | Test Spe:0.6364 | Test F1:0.7619 | Test Recall:0.7619 | Test Precision:0.7619 | Best Test Accuracy: 80.952% | Best Test AUC:0.8364 | Best Test Sensitivity:0.9000 | Best Test Specificity:0.7273 | LR:0.0000126
[2023-08-17 10:13:05][Train.py][L163][INFO]Epoch[84/100] | Train Loss: 0.012 | Train Accuracy: 98.913% | Test Loss: 1.049 | Test Accuracy: 80.952% | Test AUC:0.8364 | Test Sen:0.9000 | Test Spe:0.7273 | Test F1:0.8095 | Test Recall:0.8095 | Test Precision:0.8095 | Best Test Accuracy: 80.952% | Best Test AUC:0.8364 | Best Test Sensitivity:0.9000 | Best Test Specificity:0.7273 | LR:0.0000123
[2023-08-17 10:13:05][Train.py][L163][INFO]Epoch[85/100] | Train Loss: 0.011 | Train Accuracy: 99.457% | Test Loss: 1.058 | Test Accuracy: 80.952% | Test AUC:0.8364 | Test Sen:0.9000 | Test Spe:0.7273 | Test F1:0.8095 | Test Recall:0.8095 | Test Precision:0.8095 | Best Test Accuracy: 80.952% | Best Test AUC:0.8364 | Best Test Sensitivity:0.9000 | Best Test Specificity:0.7273 | LR:0.0000120
[2023-08-17 10:13:05][Train.py][L163][INFO]Epoch[86/100] | Train Loss: 0.011 | Train Accuracy: 98.913% | Test Loss: 1.073 | Test Accuracy: 76.190% | Test AUC:0.8364 | Test Sen:0.9000 | Test Spe:0.6364 | Test F1:0.7619 | Test Recall:0.7619 | Test Precision:0.7619 | Best Test Accuracy: 80.952% | Best Test AUC:0.8364 | Best Test Sensitivity:0.9000 | Best Test Specificity:0.7273 | LR:0.0000118
[2023-08-17 10:13:05][Train.py][L163][INFO]Epoch[87/100] | Train Loss: 0.010 | Train Accuracy: 99.457% | Test Loss: 1.045 | Test Accuracy: 80.952% | Test AUC:0.8364 | Test Sen:0.9000 | Test Spe:0.7273 | Test F1:0.8095 | Test Recall:0.8095 | Test Precision:0.8095 | Best Test Accuracy: 80.952% | Best Test AUC:0.8364 | Best Test Sensitivity:0.9000 | Best Test Specificity:0.7273 | LR:0.0000115
[2023-08-17 10:13:06][Train.py][L163][INFO]Epoch[88/100] | Train Loss: 0.011 | Train Accuracy: 98.913% | Test Loss: 1.052 | Test Accuracy: 80.952% | Test AUC:0.8364 | Test Sen:0.9000 | Test Spe:0.7273 | Test F1:0.8095 | Test Recall:0.8095 | Test Precision:0.8095 | Best Test Accuracy: 80.952% | Best Test AUC:0.8364 | Best Test Sensitivity:0.9000 | Best Test Specificity:0.7273 | LR:0.0000113
[2023-08-17 10:13:06][Train.py][L163][INFO]Epoch[89/100] | Train Loss: 0.011 | Train Accuracy: 99.457% | Test Loss: 1.046 | Test Accuracy: 80.952% | Test AUC:0.8364 | Test Sen:0.9000 | Test Spe:0.7273 | Test F1:0.8095 | Test Recall:0.8095 | Test Precision:0.8095 | Best Test Accuracy: 80.952% | Best Test AUC:0.8364 | Best Test Sensitivity:0.9000 | Best Test Specificity:0.7273 | LR:0.0000111
[2023-08-17 10:13:06][Train.py][L163][INFO]Epoch[90/100] | Train Loss: 0.011 | Train Accuracy: 99.457% | Test Loss: 1.046 | Test Accuracy: 80.952% | Test AUC:0.8364 | Test Sen:0.9000 | Test Spe:0.7273 | Test F1:0.8095 | Test Recall:0.8095 | Test Precision:0.8095 | Best Test Accuracy: 80.952% | Best Test AUC:0.8364 | Best Test Sensitivity:0.9000 | Best Test Specificity:0.7273 | LR:0.0000109
[2023-08-17 10:13:07][Train.py][L163][INFO]Epoch[91/100] | Train Loss: 0.011 | Train Accuracy: 98.913% | Test Loss: 1.078 | Test Accuracy: 76.190% | Test AUC:0.8364 | Test Sen:0.9000 | Test Spe:0.6364 | Test F1:0.7619 | Test Recall:0.7619 | Test Precision:0.7619 | Best Test Accuracy: 80.952% | Best Test AUC:0.8364 | Best Test Sensitivity:0.9000 | Best Test Specificity:0.7273 | LR:0.0000107
[2023-08-17 10:13:07][Train.py][L163][INFO]Epoch[92/100] | Train Loss: 0.011 | Train Accuracy: 98.913% | Test Loss: 1.051 | Test Accuracy: 80.952% | Test AUC:0.8364 | Test Sen:0.9000 | Test Spe:0.7273 | Test F1:0.8095 | Test Recall:0.8095 | Test Precision:0.8095 | Best Test Accuracy: 80.952% | Best Test AUC:0.8364 | Best Test Sensitivity:0.9000 | Best Test Specificity:0.7273 | LR:0.0000106
[2023-08-17 10:13:07][Train.py][L163][INFO]Epoch[93/100] | Train Loss: 0.011 | Train Accuracy: 99.457% | Test Loss: 1.062 | Test Accuracy: 80.952% | Test AUC:0.8364 | Test Sen:0.9000 | Test Spe:0.7273 | Test F1:0.8095 | Test Recall:0.8095 | Test Precision:0.8095 | Best Test Accuracy: 80.952% | Best Test AUC:0.8364 | Best Test Sensitivity:0.9000 | Best Test Specificity:0.7273 | LR:0.0000104
[2023-08-17 10:13:08][Train.py][L163][INFO]Epoch[94/100] | Train Loss: 0.011 | Train Accuracy: 99.457% | Test Loss: 1.072 | Test Accuracy: 76.190% | Test AUC:0.8364 | Test Sen:0.9000 | Test Spe:0.6364 | Test F1:0.7619 | Test Recall:0.7619 | Test Precision:0.7619 | Best Test Accuracy: 80.952% | Best Test AUC:0.8364 | Best Test Sensitivity:0.9000 | Best Test Specificity:0.7273 | LR:0.0000103
[2023-08-17 10:13:08][Train.py][L163][INFO]Epoch[95/100] | Train Loss: 0.010 | Train Accuracy: 99.457% | Test Loss: 1.078 | Test Accuracy: 76.190% | Test AUC:0.8364 | Test Sen:0.9000 | Test Spe:0.6364 | Test F1:0.7619 | Test Recall:0.7619 | Test Precision:0.7619 | Best Test Accuracy: 80.952% | Best Test AUC:0.8364 | Best Test Sensitivity:0.9000 | Best Test Specificity:0.7273 | LR:0.0000102
[2023-08-17 10:13:08][Train.py][L163][INFO]Epoch[96/100] | Train Loss: 0.011 | Train Accuracy: 99.457% | Test Loss: 1.076 | Test Accuracy: 76.190% | Test AUC:0.8364 | Test Sen:0.9000 | Test Spe:0.6364 | Test F1:0.7619 | Test Recall:0.7619 | Test Precision:0.7619 | Best Test Accuracy: 80.952% | Best Test AUC:0.8364 | Best Test Sensitivity:0.9000 | Best Test Specificity:0.7273 | LR:0.0000101
[2023-08-17 10:13:09][Train.py][L163][INFO]Epoch[97/100] | Train Loss: 0.011 | Train Accuracy: 99.457% | Test Loss: 1.072 | Test Accuracy: 80.952% | Test AUC:0.8364 | Test Sen:0.9000 | Test Spe:0.7273 | Test F1:0.8095 | Test Recall:0.8095 | Test Precision:0.8095 | Best Test Accuracy: 80.952% | Best Test AUC:0.8364 | Best Test Sensitivity:0.9000 | Best Test Specificity:0.7273 | LR:0.0000101
[2023-08-17 10:13:09][Train.py][L163][INFO]Epoch[98/100] | Train Loss: 0.011 | Train Accuracy: 99.457% | Test Loss: 1.073 | Test Accuracy: 80.952% | Test AUC:0.8364 | Test Sen:0.9000 | Test Spe:0.7273 | Test F1:0.8095 | Test Recall:0.8095 | Test Precision:0.8095 | Best Test Accuracy: 80.952% | Best Test AUC:0.8364 | Best Test Sensitivity:0.9000 | Best Test Specificity:0.7273 | LR:0.0000100
[2023-08-17 10:13:09][Train.py][L163][INFO]Epoch[99/100] | Train Loss: 0.012 | Train Accuracy: 99.457% | Test Loss: 1.013 | Test Accuracy: 80.952% | Test AUC:0.8364 | Test Sen:0.9000 | Test Spe:0.7273 | Test F1:0.8095 | Test Recall:0.8095 | Test Precision:0.8095 | Best Test Accuracy: 80.952% | Best Test AUC:0.8364 | Best Test Sensitivity:0.9000 | Best Test Specificity:0.7273 | LR:0.0000100
[2023-08-17 10:13:10][Train.py][L163][INFO]Epoch[100/100] | Train Loss: 0.013 | Train Accuracy: 98.913% | Test Loss: 1.086 | Test Accuracy: 76.190% | Test AUC:0.8364 | Test Sen:0.9000 | Test Spe:0.6364 | Test F1:0.7619 | Test Recall:0.7619 | Test Precision:0.7619 | Best Test Accuracy: 80.952% | Best Test AUC:0.8364 | Best Test Sensitivity:0.9000 | Best Test Specificity:0.7273 | LR:0.0000100
[2023-08-17 10:13:19][__main__.py][L41][INFO]dataset:
  name: fc_small
  batch_size: 16
  train_set: 0.9
  test_set: 0.1
  fc_path: /mnt/ssd1/mehul_data/research/fc_small_data.npy
  node_sz: 400
  node_feature_sz: 400
  num_classes: 2
  perc_edges: 100
  node: fc
model:
  name: GraphSAGE
  num_layers: 2
  hidden_size: 64
  dropout: 0.5
  readout: mean
  edge_percentage: 0.1
optimizer:
- name: Adam
  lr: 0.0001
  match_rule: None
  except_rule: None
  no_weight_decay: false
  weight_decay: 0.0001
  lr_scheduler:
    mode: poly
    base_lr: 0.0001
    target_lr: 1.0e-05
    decay_factor: 0.1
    milestones:
    - 0.3
    - 0.6
    - 0.9
    poly_power: 2.0
    lr_decay: 0.98
    warm_up_from: 0.0
    warm_up_steps: 0
training:
  name: Train
  epochs: 100
  l2: 0.0
log_path: result
repeat_time: 2
device: cuda:0
is_wandb: true
project: asd-graph
steps_per_epoch: 12.0
total_steps: 1200.0

[2023-08-17 10:13:19][__init__.py][L15][INFO]cfg.dataset.name: fc_small
[2023-08-17 10:13:21][optimizer.py][L66][INFO]Parameters [normal] length [10]
[2023-08-17 10:13:21][__init__.py][L25][INFO]Training: Train
[2023-08-17 10:13:21][Train.py][L35][INFO]#model params: 1698049
[2023-08-17 10:13:21][Train.py][L163][INFO]Epoch[1/100] | Train Loss: 0.692 | Train Accuracy: 52.174% | Test Loss: 0.642 | Test Accuracy: 80.952% | Test AUC:0.8364 | Test Sen:0.9000 | Test Spe:0.7273 | Test F1:0.8095 | Test Recall:0.8095 | Test Precision:0.8095 | Best Test Accuracy: 80.952% | Best Test AUC:0.8364 | Best Test Sensitivity:0.9000 | Best Test Specificity:0.7273 | LR:0.0000982
[2023-08-17 10:13:21][Train.py][L163][INFO]Epoch[2/100] | Train Loss: 0.627 | Train Accuracy: 65.217% | Test Loss: 0.623 | Test Accuracy: 76.190% | Test AUC:0.8091 | Test Sen:0.9000 | Test Spe:0.6364 | Test F1:0.7619 | Test Recall:0.7619 | Test Precision:0.7619 | Best Test Accuracy: 80.952% | Best Test AUC:0.8364 | Best Test Sensitivity:0.9000 | Best Test Specificity:0.7273 | LR:0.0000964
[2023-08-17 10:13:22][Train.py][L163][INFO]Epoch[3/100] | Train Loss: 0.586 | Train Accuracy: 70.109% | Test Loss: 0.663 | Test Accuracy: 57.143% | Test AUC:0.7909 | Test Sen:1.0000 | Test Spe:0.1818 | Test F1:0.5714 | Test Recall:0.5714 | Test Precision:0.5714 | Best Test Accuracy: 80.952% | Best Test AUC:0.8364 | Best Test Sensitivity:0.9000 | Best Test Specificity:0.7273 | LR:0.0000947
[2023-08-17 10:13:22][Train.py][L163][INFO]Epoch[4/100] | Train Loss: 0.505 | Train Accuracy: 83.152% | Test Loss: 0.584 | Test Accuracy: 71.429% | Test AUC:0.7818 | Test Sen:0.9000 | Test Spe:0.5455 | Test F1:0.7143 | Test Recall:0.7143 | Test Precision:0.7143 | Best Test Accuracy: 80.952% | Best Test AUC:0.8364 | Best Test Sensitivity:0.9000 | Best Test Specificity:0.7273 | LR:0.0000929
[2023-08-17 10:13:22][Train.py][L163][INFO]Epoch[5/100] | Train Loss: 0.440 | Train Accuracy: 86.957% | Test Loss: 0.563 | Test Accuracy: 80.952% | Test AUC:0.7636 | Test Sen:0.9000 | Test Spe:0.7273 | Test F1:0.8095 | Test Recall:0.8095 | Test Precision:0.8095 | Best Test Accuracy: 80.952% | Best Test AUC:0.8364 | Best Test Sensitivity:0.9000 | Best Test Specificity:0.7273 | LR:0.0000912
[2023-08-17 10:13:23][Train.py][L163][INFO]Epoch[6/100] | Train Loss: 0.391 | Train Accuracy: 88.587% | Test Loss: 0.609 | Test Accuracy: 71.429% | Test AUC:0.7727 | Test Sen:0.9000 | Test Spe:0.5455 | Test F1:0.7143 | Test Recall:0.7143 | Test Precision:0.7143 | Best Test Accuracy: 80.952% | Best Test AUC:0.8364 | Best Test Sensitivity:0.9000 | Best Test Specificity:0.7273 | LR:0.0000895
[2023-08-17 10:13:23][Train.py][L163][INFO]Epoch[7/100] | Train Loss: 0.342 | Train Accuracy: 84.783% | Test Loss: 0.527 | Test Accuracy: 71.429% | Test AUC:0.7909 | Test Sen:0.7000 | Test Spe:0.7273 | Test F1:0.7143 | Test Recall:0.7143 | Test Precision:0.7143 | Best Test Accuracy: 80.952% | Best Test AUC:0.8364 | Best Test Sensitivity:0.9000 | Best Test Specificity:0.7273 | LR:0.0000878
[2023-08-17 10:13:23][Train.py][L163][INFO]Epoch[8/100] | Train Loss: 0.299 | Train Accuracy: 92.391% | Test Loss: 0.525 | Test Accuracy: 80.952% | Test AUC:0.7636 | Test Sen:0.9000 | Test Spe:0.7273 | Test F1:0.8095 | Test Recall:0.8095 | Test Precision:0.8095 | Best Test Accuracy: 80.952% | Best Test AUC:0.8364 | Best Test Sensitivity:0.9000 | Best Test Specificity:0.7273 | LR:0.0000862
[2023-08-17 10:13:24][Train.py][L163][INFO]Epoch[9/100] | Train Loss: 0.246 | Train Accuracy: 96.196% | Test Loss: 0.577 | Test Accuracy: 80.952% | Test AUC:0.7455 | Test Sen:0.9000 | Test Spe:0.7273 | Test F1:0.8095 | Test Recall:0.8095 | Test Precision:0.8095 | Best Test Accuracy: 80.952% | Best Test AUC:0.8364 | Best Test Sensitivity:0.9000 | Best Test Specificity:0.7273 | LR:0.0000845
[2023-08-17 10:13:24][Train.py][L163][INFO]Epoch[10/100] | Train Loss: 0.203 | Train Accuracy: 97.283% | Test Loss: 0.535 | Test Accuracy: 80.952% | Test AUC:0.7636 | Test Sen:0.9000 | Test Spe:0.7273 | Test F1:0.8095 | Test Recall:0.8095 | Test Precision:0.8095 | Best Test Accuracy: 80.952% | Best Test AUC:0.8364 | Best Test Sensitivity:0.9000 | Best Test Specificity:0.7273 | LR:0.0000829
[2023-08-17 10:13:24][Train.py][L163][INFO]Epoch[11/100] | Train Loss: 0.169 | Train Accuracy: 97.826% | Test Loss: 0.544 | Test Accuracy: 80.952% | Test AUC:0.7818 | Test Sen:0.9000 | Test Spe:0.7273 | Test F1:0.8095 | Test Recall:0.8095 | Test Precision:0.8095 | Best Test Accuracy: 80.952% | Best Test AUC:0.8364 | Best Test Sensitivity:0.9000 | Best Test Specificity:0.7273 | LR:0.0000813
[2023-08-17 10:13:25][Train.py][L163][INFO]Epoch[12/100] | Train Loss: 0.147 | Train Accuracy: 98.370% | Test Loss: 0.623 | Test Accuracy: 80.952% | Test AUC:0.7727 | Test Sen:0.9000 | Test Spe:0.7273 | Test F1:0.8095 | Test Recall:0.8095 | Test Precision:0.8095 | Best Test Accuracy: 80.952% | Best Test AUC:0.8364 | Best Test Sensitivity:0.9000 | Best Test Specificity:0.7273 | LR:0.0000797
[2023-08-17 10:13:25][Train.py][L163][INFO]Epoch[13/100] | Train Loss: 0.128 | Train Accuracy: 98.913% | Test Loss: 0.566 | Test Accuracy: 71.429% | Test AUC:0.7727 | Test Sen:0.7000 | Test Spe:0.7273 | Test F1:0.7143 | Test Recall:0.7143 | Test Precision:0.7143 | Best Test Accuracy: 80.952% | Best Test AUC:0.8364 | Best Test Sensitivity:0.9000 | Best Test Specificity:0.7273 | LR:0.0000781
[2023-08-17 10:13:25][Train.py][L163][INFO]Epoch[14/100] | Train Loss: 0.098 | Train Accuracy: 99.457% | Test Loss: 0.649 | Test Accuracy: 80.952% | Test AUC:0.7636 | Test Sen:0.9000 | Test Spe:0.7273 | Test F1:0.8095 | Test Recall:0.8095 | Test Precision:0.8095 | Best Test Accuracy: 80.952% | Best Test AUC:0.8364 | Best Test Sensitivity:0.9000 | Best Test Specificity:0.7273 | LR:0.0000766
[2023-08-17 10:13:25][Train.py][L163][INFO]Epoch[15/100] | Train Loss: 0.090 | Train Accuracy: 99.457% | Test Loss: 0.601 | Test Accuracy: 76.190% | Test AUC:0.7727 | Test Sen:0.8000 | Test Spe:0.7273 | Test F1:0.7619 | Test Recall:0.7619 | Test Precision:0.7619 | Best Test Accuracy: 80.952% | Best Test AUC:0.8364 | Best Test Sensitivity:0.9000 | Best Test Specificity:0.7273 | LR:0.0000750
[2023-08-17 10:13:26][Train.py][L163][INFO]Epoch[16/100] | Train Loss: 0.072 | Train Accuracy: 99.457% | Test Loss: 0.653 | Test Accuracy: 80.952% | Test AUC:0.7636 | Test Sen:0.9000 | Test Spe:0.7273 | Test F1:0.8095 | Test Recall:0.8095 | Test Precision:0.8095 | Best Test Accuracy: 80.952% | Best Test AUC:0.8364 | Best Test Sensitivity:0.9000 | Best Test Specificity:0.7273 | LR:0.0000735
[2023-08-17 10:13:26][Train.py][L163][INFO]Epoch[17/100] | Train Loss: 0.066 | Train Accuracy: 99.457% | Test Loss: 0.623 | Test Accuracy: 71.429% | Test AUC:0.7818 | Test Sen:0.7000 | Test Spe:0.7273 | Test F1:0.7143 | Test Recall:0.7143 | Test Precision:0.7143 | Best Test Accuracy: 80.952% | Best Test AUC:0.8364 | Best Test Sensitivity:0.9000 | Best Test Specificity:0.7273 | LR:0.0000720
[2023-08-17 10:13:26][Train.py][L163][INFO]Epoch[18/100] | Train Loss: 0.056 | Train Accuracy: 98.913% | Test Loss: 0.633 | Test Accuracy: 76.190% | Test AUC:0.7727 | Test Sen:0.8000 | Test Spe:0.7273 | Test F1:0.7619 | Test Recall:0.7619 | Test Precision:0.7619 | Best Test Accuracy: 80.952% | Best Test AUC:0.8364 | Best Test Sensitivity:0.9000 | Best Test Specificity:0.7273 | LR:0.0000705
[2023-08-17 10:13:27][Train.py][L163][INFO]Epoch[19/100] | Train Loss: 0.050 | Train Accuracy: 98.913% | Test Loss: 0.649 | Test Accuracy: 76.190% | Test AUC:0.7818 | Test Sen:0.8000 | Test Spe:0.7273 | Test F1:0.7619 | Test Recall:0.7619 | Test Precision:0.7619 | Best Test Accuracy: 80.952% | Best Test AUC:0.8364 | Best Test Sensitivity:0.9000 | Best Test Specificity:0.7273 | LR:0.0000690
[2023-08-17 10:13:27][Train.py][L163][INFO]Epoch[20/100] | Train Loss: 0.045 | Train Accuracy: 99.457% | Test Loss: 0.663 | Test Accuracy: 76.190% | Test AUC:0.7818 | Test Sen:0.8000 | Test Spe:0.7273 | Test F1:0.7619 | Test Recall:0.7619 | Test Precision:0.7619 | Best Test Accuracy: 80.952% | Best Test AUC:0.8364 | Best Test Sensitivity:0.9000 | Best Test Specificity:0.7273 | LR:0.0000676
[2023-08-17 10:13:27][Train.py][L163][INFO]Epoch[21/100] | Train Loss: 0.042 | Train Accuracy: 99.457% | Test Loss: 0.686 | Test Accuracy: 80.952% | Test AUC:0.7818 | Test Sen:0.9000 | Test Spe:0.7273 | Test F1:0.8095 | Test Recall:0.8095 | Test Precision:0.8095 | Best Test Accuracy: 80.952% | Best Test AUC:0.8364 | Best Test Sensitivity:0.9000 | Best Test Specificity:0.7273 | LR:0.0000662
[2023-08-17 10:13:28][Train.py][L163][INFO]Epoch[22/100] | Train Loss: 0.038 | Train Accuracy: 99.457% | Test Loss: 0.674 | Test Accuracy: 71.429% | Test AUC:0.7818 | Test Sen:0.7000 | Test Spe:0.7273 | Test F1:0.7143 | Test Recall:0.7143 | Test Precision:0.7143 | Best Test Accuracy: 80.952% | Best Test AUC:0.8364 | Best Test Sensitivity:0.9000 | Best Test Specificity:0.7273 | LR:0.0000648
[2023-08-17 10:13:28][Train.py][L163][INFO]Epoch[23/100] | Train Loss: 0.035 | Train Accuracy: 99.457% | Test Loss: 0.691 | Test Accuracy: 76.190% | Test AUC:0.7818 | Test Sen:0.8000 | Test Spe:0.7273 | Test F1:0.7619 | Test Recall:0.7619 | Test Precision:0.7619 | Best Test Accuracy: 80.952% | Best Test AUC:0.8364 | Best Test Sensitivity:0.9000 | Best Test Specificity:0.7273 | LR:0.0000634
[2023-08-17 10:13:28][Train.py][L163][INFO]Epoch[24/100] | Train Loss: 0.032 | Train Accuracy: 98.913% | Test Loss: 0.705 | Test Accuracy: 76.190% | Test AUC:0.7818 | Test Sen:0.8000 | Test Spe:0.7273 | Test F1:0.7619 | Test Recall:0.7619 | Test Precision:0.7619 | Best Test Accuracy: 80.952% | Best Test AUC:0.8364 | Best Test Sensitivity:0.9000 | Best Test Specificity:0.7273 | LR:0.0000620
[2023-08-17 10:13:29][Train.py][L163][INFO]Epoch[25/100] | Train Loss: 0.031 | Train Accuracy: 99.457% | Test Loss: 0.712 | Test Accuracy: 76.190% | Test AUC:0.7818 | Test Sen:0.8000 | Test Spe:0.7273 | Test F1:0.7619 | Test Recall:0.7619 | Test Precision:0.7619 | Best Test Accuracy: 80.952% | Best Test AUC:0.8364 | Best Test Sensitivity:0.9000 | Best Test Specificity:0.7273 | LR:0.0000606
[2023-08-17 10:13:29][Train.py][L163][INFO]Epoch[26/100] | Train Loss: 0.027 | Train Accuracy: 98.913% | Test Loss: 0.718 | Test Accuracy: 76.190% | Test AUC:0.7909 | Test Sen:0.8000 | Test Spe:0.7273 | Test F1:0.7619 | Test Recall:0.7619 | Test Precision:0.7619 | Best Test Accuracy: 80.952% | Best Test AUC:0.8364 | Best Test Sensitivity:0.9000 | Best Test Specificity:0.7273 | LR:0.0000593
[2023-08-17 10:13:29][Train.py][L163][INFO]Epoch[27/100] | Train Loss: 0.026 | Train Accuracy: 99.457% | Test Loss: 0.722 | Test Accuracy: 71.429% | Test AUC:0.7818 | Test Sen:0.7000 | Test Spe:0.7273 | Test F1:0.7143 | Test Recall:0.7143 | Test Precision:0.7143 | Best Test Accuracy: 80.952% | Best Test AUC:0.8364 | Best Test Sensitivity:0.9000 | Best Test Specificity:0.7273 | LR:0.0000580
[2023-08-17 10:13:30][Train.py][L163][INFO]Epoch[28/100] | Train Loss: 0.025 | Train Accuracy: 98.913% | Test Loss: 0.742 | Test Accuracy: 76.190% | Test AUC:0.7909 | Test Sen:0.8000 | Test Spe:0.7273 | Test F1:0.7619 | Test Recall:0.7619 | Test Precision:0.7619 | Best Test Accuracy: 80.952% | Best Test AUC:0.8364 | Best Test Sensitivity:0.9000 | Best Test Specificity:0.7273 | LR:0.0000567
[2023-08-17 10:13:30][Train.py][L163][INFO]Epoch[29/100] | Train Loss: 0.023 | Train Accuracy: 99.457% | Test Loss: 0.736 | Test Accuracy: 71.429% | Test AUC:0.7909 | Test Sen:0.7000 | Test Spe:0.7273 | Test F1:0.7143 | Test Recall:0.7143 | Test Precision:0.7143 | Best Test Accuracy: 80.952% | Best Test AUC:0.8364 | Best Test Sensitivity:0.9000 | Best Test Specificity:0.7273 | LR:0.0000554
[2023-08-17 10:13:30][Train.py][L163][INFO]Epoch[30/100] | Train Loss: 0.022 | Train Accuracy: 99.457% | Test Loss: 0.740 | Test Accuracy: 71.429% | Test AUC:0.7909 | Test Sen:0.7000 | Test Spe:0.7273 | Test F1:0.7143 | Test Recall:0.7143 | Test Precision:0.7143 | Best Test Accuracy: 80.952% | Best Test AUC:0.8364 | Best Test Sensitivity:0.9000 | Best Test Specificity:0.7273 | LR:0.0000541
[2023-08-17 10:13:31][Train.py][L163][INFO]Epoch[31/100] | Train Loss: 0.021 | Train Accuracy: 99.457% | Test Loss: 0.739 | Test Accuracy: 71.429% | Test AUC:0.7909 | Test Sen:0.7000 | Test Spe:0.7273 | Test F1:0.7143 | Test Recall:0.7143 | Test Precision:0.7143 | Best Test Accuracy: 80.952% | Best Test AUC:0.8364 | Best Test Sensitivity:0.9000 | Best Test Specificity:0.7273 | LR:0.0000528
[2023-08-17 10:13:31][Train.py][L163][INFO]Epoch[32/100] | Train Loss: 0.021 | Train Accuracy: 99.457% | Test Loss: 0.757 | Test Accuracy: 76.190% | Test AUC:0.7909 | Test Sen:0.8000 | Test Spe:0.7273 | Test F1:0.7619 | Test Recall:0.7619 | Test Precision:0.7619 | Best Test Accuracy: 80.952% | Best Test AUC:0.8364 | Best Test Sensitivity:0.9000 | Best Test Specificity:0.7273 | LR:0.0000516
[2023-08-17 10:13:31][Train.py][L163][INFO]Epoch[33/100] | Train Loss: 0.019 | Train Accuracy: 99.457% | Test Loss: 0.754 | Test Accuracy: 71.429% | Test AUC:0.7909 | Test Sen:0.7000 | Test Spe:0.7273 | Test F1:0.7143 | Test Recall:0.7143 | Test Precision:0.7143 | Best Test Accuracy: 80.952% | Best Test AUC:0.8364 | Best Test Sensitivity:0.9000 | Best Test Specificity:0.7273 | LR:0.0000504
[2023-08-17 10:13:32][Train.py][L163][INFO]Epoch[34/100] | Train Loss: 0.019 | Train Accuracy: 99.457% | Test Loss: 0.761 | Test Accuracy: 71.429% | Test AUC:0.7909 | Test Sen:0.7000 | Test Spe:0.7273 | Test F1:0.7143 | Test Recall:0.7143 | Test Precision:0.7143 | Best Test Accuracy: 80.952% | Best Test AUC:0.8364 | Best Test Sensitivity:0.9000 | Best Test Specificity:0.7273 | LR:0.0000492
[2023-08-17 10:13:32][Train.py][L163][INFO]Epoch[35/100] | Train Loss: 0.018 | Train Accuracy: 99.457% | Test Loss: 0.765 | Test Accuracy: 71.429% | Test AUC:0.7909 | Test Sen:0.7000 | Test Spe:0.7273 | Test F1:0.7143 | Test Recall:0.7143 | Test Precision:0.7143 | Best Test Accuracy: 80.952% | Best Test AUC:0.8364 | Best Test Sensitivity:0.9000 | Best Test Specificity:0.7273 | LR:0.0000480
[2023-08-17 10:13:32][Train.py][L163][INFO]Epoch[36/100] | Train Loss: 0.018 | Train Accuracy: 99.457% | Test Loss: 0.765 | Test Accuracy: 71.429% | Test AUC:0.7909 | Test Sen:0.7000 | Test Spe:0.7273 | Test F1:0.7143 | Test Recall:0.7143 | Test Precision:0.7143 | Best Test Accuracy: 80.952% | Best Test AUC:0.8364 | Best Test Sensitivity:0.9000 | Best Test Specificity:0.7273 | LR:0.0000469
[2023-08-17 10:13:33][Train.py][L163][INFO]Epoch[37/100] | Train Loss: 0.018 | Train Accuracy: 99.457% | Test Loss: 0.783 | Test Accuracy: 76.190% | Test AUC:0.7909 | Test Sen:0.8000 | Test Spe:0.7273 | Test F1:0.7619 | Test Recall:0.7619 | Test Precision:0.7619 | Best Test Accuracy: 80.952% | Best Test AUC:0.8364 | Best Test Sensitivity:0.9000 | Best Test Specificity:0.7273 | LR:0.0000457
[2023-08-17 10:13:33][Train.py][L163][INFO]Epoch[38/100] | Train Loss: 0.018 | Train Accuracy: 98.913% | Test Loss: 0.787 | Test Accuracy: 76.190% | Test AUC:0.7909 | Test Sen:0.8000 | Test Spe:0.7273 | Test F1:0.7619 | Test Recall:0.7619 | Test Precision:0.7619 | Best Test Accuracy: 80.952% | Best Test AUC:0.8364 | Best Test Sensitivity:0.9000 | Best Test Specificity:0.7273 | LR:0.0000446
[2023-08-17 10:13:33][Train.py][L163][INFO]Epoch[39/100] | Train Loss: 0.018 | Train Accuracy: 98.913% | Test Loss: 0.781 | Test Accuracy: 71.429% | Test AUC:0.7909 | Test Sen:0.7000 | Test Spe:0.7273 | Test F1:0.7143 | Test Recall:0.7143 | Test Precision:0.7143 | Best Test Accuracy: 80.952% | Best Test AUC:0.8364 | Best Test Sensitivity:0.9000 | Best Test Specificity:0.7273 | LR:0.0000435
[2023-08-17 10:13:33][Train.py][L163][INFO]Epoch[40/100] | Train Loss: 0.021 | Train Accuracy: 98.913% | Test Loss: 0.802 | Test Accuracy: 76.190% | Test AUC:0.7909 | Test Sen:0.8000 | Test Spe:0.7273 | Test F1:0.7619 | Test Recall:0.7619 | Test Precision:0.7619 | Best Test Accuracy: 80.952% | Best Test AUC:0.8364 | Best Test Sensitivity:0.9000 | Best Test Specificity:0.7273 | LR:0.0000424
[2023-08-17 10:13:34][Train.py][L163][INFO]Epoch[41/100] | Train Loss: 0.016 | Train Accuracy: 99.457% | Test Loss: 0.784 | Test Accuracy: 66.667% | Test AUC:0.7909 | Test Sen:0.6000 | Test Spe:0.7273 | Test F1:0.6667 | Test Recall:0.6667 | Test Precision:0.6667 | Best Test Accuracy: 80.952% | Best Test AUC:0.8364 | Best Test Sensitivity:0.9000 | Best Test Specificity:0.7273 | LR:0.0000413
[2023-08-17 10:13:34][Train.py][L163][INFO]Epoch[42/100] | Train Loss: 0.019 | Train Accuracy: 99.457% | Test Loss: 0.821 | Test Accuracy: 80.952% | Test AUC:0.7909 | Test Sen:0.9000 | Test Spe:0.7273 | Test F1:0.8095 | Test Recall:0.8095 | Test Precision:0.8095 | Best Test Accuracy: 80.952% | Best Test AUC:0.8364 | Best Test Sensitivity:0.9000 | Best Test Specificity:0.7273 | LR:0.0000403
[2023-08-17 10:13:34][Train.py][L163][INFO]Epoch[43/100] | Train Loss: 0.015 | Train Accuracy: 99.457% | Test Loss: 0.799 | Test Accuracy: 71.429% | Test AUC:0.7909 | Test Sen:0.7000 | Test Spe:0.7273 | Test F1:0.7143 | Test Recall:0.7143 | Test Precision:0.7143 | Best Test Accuracy: 80.952% | Best Test AUC:0.8364 | Best Test Sensitivity:0.9000 | Best Test Specificity:0.7273 | LR:0.0000392
[2023-08-17 10:13:35][Train.py][L163][INFO]Epoch[44/100] | Train Loss: 0.017 | Train Accuracy: 99.457% | Test Loss: 0.798 | Test Accuracy: 71.429% | Test AUC:0.7818 | Test Sen:0.7000 | Test Spe:0.7273 | Test F1:0.7143 | Test Recall:0.7143 | Test Precision:0.7143 | Best Test Accuracy: 80.952% | Best Test AUC:0.8364 | Best Test Sensitivity:0.9000 | Best Test Specificity:0.7273 | LR:0.0000382
[2023-08-17 10:13:35][Train.py][L163][INFO]Epoch[45/100] | Train Loss: 0.014 | Train Accuracy: 99.457% | Test Loss: 0.826 | Test Accuracy: 76.190% | Test AUC:0.7909 | Test Sen:0.8000 | Test Spe:0.7273 | Test F1:0.7619 | Test Recall:0.7619 | Test Precision:0.7619 | Best Test Accuracy: 80.952% | Best Test AUC:0.8364 | Best Test Sensitivity:0.9000 | Best Test Specificity:0.7273 | LR:0.0000372
[2023-08-17 10:13:35][Train.py][L163][INFO]Epoch[46/100] | Train Loss: 0.017 | Train Accuracy: 99.457% | Test Loss: 0.826 | Test Accuracy: 76.190% | Test AUC:0.7909 | Test Sen:0.8000 | Test Spe:0.7273 | Test F1:0.7619 | Test Recall:0.7619 | Test Precision:0.7619 | Best Test Accuracy: 80.952% | Best Test AUC:0.8364 | Best Test Sensitivity:0.9000 | Best Test Specificity:0.7273 | LR:0.0000362
[2023-08-17 10:13:36][Train.py][L163][INFO]Epoch[47/100] | Train Loss: 0.018 | Train Accuracy: 99.457% | Test Loss: 0.806 | Test Accuracy: 66.667% | Test AUC:0.7818 | Test Sen:0.6000 | Test Spe:0.7273 | Test F1:0.6667 | Test Recall:0.6667 | Test Precision:0.6667 | Best Test Accuracy: 80.952% | Best Test AUC:0.8364 | Best Test Sensitivity:0.9000 | Best Test Specificity:0.7273 | LR:0.0000353
[2023-08-17 10:13:36][Train.py][L163][INFO]Epoch[48/100] | Train Loss: 0.015 | Train Accuracy: 99.457% | Test Loss: 0.820 | Test Accuracy: 76.190% | Test AUC:0.7909 | Test Sen:0.8000 | Test Spe:0.7273 | Test F1:0.7619 | Test Recall:0.7619 | Test Precision:0.7619 | Best Test Accuracy: 80.952% | Best Test AUC:0.8364 | Best Test Sensitivity:0.9000 | Best Test Specificity:0.7273 | LR:0.0000343
[2023-08-17 10:13:36][Train.py][L163][INFO]Epoch[49/100] | Train Loss: 0.015 | Train Accuracy: 99.457% | Test Loss: 0.823 | Test Accuracy: 76.190% | Test AUC:0.7909 | Test Sen:0.8000 | Test Spe:0.7273 | Test F1:0.7619 | Test Recall:0.7619 | Test Precision:0.7619 | Best Test Accuracy: 80.952% | Best Test AUC:0.8364 | Best Test Sensitivity:0.9000 | Best Test Specificity:0.7273 | LR:0.0000334
[2023-08-17 10:13:37][Train.py][L163][INFO]Epoch[50/100] | Train Loss: 0.014 | Train Accuracy: 99.457% | Test Loss: 0.817 | Test Accuracy: 71.429% | Test AUC:0.7909 | Test Sen:0.7000 | Test Spe:0.7273 | Test F1:0.7143 | Test Recall:0.7143 | Test Precision:0.7143 | Best Test Accuracy: 80.952% | Best Test AUC:0.8364 | Best Test Sensitivity:0.9000 | Best Test Specificity:0.7273 | LR:0.0000325
[2023-08-17 10:13:37][Train.py][L163][INFO]Epoch[51/100] | Train Loss: 0.014 | Train Accuracy: 99.457% | Test Loss: 0.817 | Test Accuracy: 71.429% | Test AUC:0.7909 | Test Sen:0.7000 | Test Spe:0.7273 | Test F1:0.7143 | Test Recall:0.7143 | Test Precision:0.7143 | Best Test Accuracy: 80.952% | Best Test AUC:0.8364 | Best Test Sensitivity:0.9000 | Best Test Specificity:0.7273 | LR:0.0000316
[2023-08-17 10:13:37][Train.py][L163][INFO]Epoch[52/100] | Train Loss: 0.013 | Train Accuracy: 99.457% | Test Loss: 0.839 | Test Accuracy: 76.190% | Test AUC:0.7909 | Test Sen:0.8000 | Test Spe:0.7273 | Test F1:0.7619 | Test Recall:0.7619 | Test Precision:0.7619 | Best Test Accuracy: 80.952% | Best Test AUC:0.8364 | Best Test Sensitivity:0.9000 | Best Test Specificity:0.7273 | LR:0.0000307
[2023-08-17 10:13:38][Train.py][L163][INFO]Epoch[53/100] | Train Loss: 0.014 | Train Accuracy: 98.913% | Test Loss: 0.831 | Test Accuracy: 71.429% | Test AUC:0.7909 | Test Sen:0.7000 | Test Spe:0.7273 | Test F1:0.7143 | Test Recall:0.7143 | Test Precision:0.7143 | Best Test Accuracy: 80.952% | Best Test AUC:0.8364 | Best Test Sensitivity:0.9000 | Best Test Specificity:0.7273 | LR:0.0000299
[2023-08-17 10:13:38][Train.py][L163][INFO]Epoch[54/100] | Train Loss: 0.013 | Train Accuracy: 99.457% | Test Loss: 0.831 | Test Accuracy: 71.429% | Test AUC:0.7909 | Test Sen:0.7000 | Test Spe:0.7273 | Test F1:0.7143 | Test Recall:0.7143 | Test Precision:0.7143 | Best Test Accuracy: 80.952% | Best Test AUC:0.8364 | Best Test Sensitivity:0.9000 | Best Test Specificity:0.7273 | LR:0.0000290
[2023-08-17 10:13:38][Train.py][L163][INFO]Epoch[55/100] | Train Loss: 0.014 | Train Accuracy: 99.457% | Test Loss: 0.836 | Test Accuracy: 71.429% | Test AUC:0.7909 | Test Sen:0.7000 | Test Spe:0.7273 | Test F1:0.7143 | Test Recall:0.7143 | Test Precision:0.7143 | Best Test Accuracy: 80.952% | Best Test AUC:0.8364 | Best Test Sensitivity:0.9000 | Best Test Specificity:0.7273 | LR:0.0000282
[2023-08-17 10:13:39][Train.py][L163][INFO]Epoch[56/100] | Train Loss: 0.013 | Train Accuracy: 99.457% | Test Loss: 0.829 | Test Accuracy: 71.429% | Test AUC:0.7909 | Test Sen:0.7000 | Test Spe:0.7273 | Test F1:0.7143 | Test Recall:0.7143 | Test Precision:0.7143 | Best Test Accuracy: 80.952% | Best Test AUC:0.8364 | Best Test Sensitivity:0.9000 | Best Test Specificity:0.7273 | LR:0.0000274
[2023-08-17 10:13:39][Train.py][L163][INFO]Epoch[57/100] | Train Loss: 0.015 | Train Accuracy: 99.457% | Test Loss: 0.827 | Test Accuracy: 71.429% | Test AUC:0.7909 | Test Sen:0.7000 | Test Spe:0.7273 | Test F1:0.7143 | Test Recall:0.7143 | Test Precision:0.7143 | Best Test Accuracy: 80.952% | Best Test AUC:0.8364 | Best Test Sensitivity:0.9000 | Best Test Specificity:0.7273 | LR:0.0000266
[2023-08-17 10:13:39][Train.py][L163][INFO]Epoch[58/100] | Train Loss: 0.013 | Train Accuracy: 99.457% | Test Loss: 0.845 | Test Accuracy: 76.190% | Test AUC:0.7909 | Test Sen:0.8000 | Test Spe:0.7273 | Test F1:0.7619 | Test Recall:0.7619 | Test Precision:0.7619 | Best Test Accuracy: 80.952% | Best Test AUC:0.8364 | Best Test Sensitivity:0.9000 | Best Test Specificity:0.7273 | LR:0.0000259
[2023-08-17 10:13:40][Train.py][L163][INFO]Epoch[59/100] | Train Loss: 0.013 | Train Accuracy: 99.457% | Test Loss: 0.844 | Test Accuracy: 76.190% | Test AUC:0.7909 | Test Sen:0.8000 | Test Spe:0.7273 | Test F1:0.7619 | Test Recall:0.7619 | Test Precision:0.7619 | Best Test Accuracy: 80.952% | Best Test AUC:0.8364 | Best Test Sensitivity:0.9000 | Best Test Specificity:0.7273 | LR:0.0000251
[2023-08-17 10:13:40][Train.py][L163][INFO]Epoch[60/100] | Train Loss: 0.013 | Train Accuracy: 99.457% | Test Loss: 0.840 | Test Accuracy: 71.429% | Test AUC:0.7909 | Test Sen:0.7000 | Test Spe:0.7273 | Test F1:0.7143 | Test Recall:0.7143 | Test Precision:0.7143 | Best Test Accuracy: 80.952% | Best Test AUC:0.8364 | Best Test Sensitivity:0.9000 | Best Test Specificity:0.7273 | LR:0.0000244
[2023-08-17 10:13:40][Train.py][L163][INFO]Epoch[61/100] | Train Loss: 0.014 | Train Accuracy: 98.913% | Test Loss: 0.837 | Test Accuracy: 71.429% | Test AUC:0.7909 | Test Sen:0.7000 | Test Spe:0.7273 | Test F1:0.7143 | Test Recall:0.7143 | Test Precision:0.7143 | Best Test Accuracy: 80.952% | Best Test AUC:0.8364 | Best Test Sensitivity:0.9000 | Best Test Specificity:0.7273 | LR:0.0000237
[2023-08-17 10:13:41][Train.py][L163][INFO]Epoch[62/100] | Train Loss: 0.013 | Train Accuracy: 99.457% | Test Loss: 0.840 | Test Accuracy: 71.429% | Test AUC:0.7909 | Test Sen:0.7000 | Test Spe:0.7273 | Test F1:0.7143 | Test Recall:0.7143 | Test Precision:0.7143 | Best Test Accuracy: 80.952% | Best Test AUC:0.8364 | Best Test Sensitivity:0.9000 | Best Test Specificity:0.7273 | LR:0.0000230
[2023-08-17 10:13:41][Train.py][L163][INFO]Epoch[63/100] | Train Loss: 0.012 | Train Accuracy: 99.457% | Test Loss: 0.850 | Test Accuracy: 76.190% | Test AUC:0.7909 | Test Sen:0.8000 | Test Spe:0.7273 | Test F1:0.7619 | Test Recall:0.7619 | Test Precision:0.7619 | Best Test Accuracy: 80.952% | Best Test AUC:0.8364 | Best Test Sensitivity:0.9000 | Best Test Specificity:0.7273 | LR:0.0000223
[2023-08-17 10:13:41][Train.py][L163][INFO]Epoch[64/100] | Train Loss: 0.014 | Train Accuracy: 99.457% | Test Loss: 0.857 | Test Accuracy: 76.190% | Test AUC:0.7909 | Test Sen:0.8000 | Test Spe:0.7273 | Test F1:0.7619 | Test Recall:0.7619 | Test Precision:0.7619 | Best Test Accuracy: 80.952% | Best Test AUC:0.8364 | Best Test Sensitivity:0.9000 | Best Test Specificity:0.7273 | LR:0.0000217
[2023-08-17 10:13:41][Train.py][L163][INFO]Epoch[65/100] | Train Loss: 0.014 | Train Accuracy: 98.913% | Test Loss: 0.840 | Test Accuracy: 71.429% | Test AUC:0.7909 | Test Sen:0.7000 | Test Spe:0.7273 | Test F1:0.7143 | Test Recall:0.7143 | Test Precision:0.7143 | Best Test Accuracy: 80.952% | Best Test AUC:0.8364 | Best Test Sensitivity:0.9000 | Best Test Specificity:0.7273 | LR:0.0000210
[2023-08-17 10:13:42][Train.py][L163][INFO]Epoch[66/100] | Train Loss: 0.012 | Train Accuracy: 99.457% | Test Loss: 0.845 | Test Accuracy: 71.429% | Test AUC:0.7909 | Test Sen:0.7000 | Test Spe:0.7273 | Test F1:0.7143 | Test Recall:0.7143 | Test Precision:0.7143 | Best Test Accuracy: 80.952% | Best Test AUC:0.8364 | Best Test Sensitivity:0.9000 | Best Test Specificity:0.7273 | LR:0.0000204
[2023-08-17 10:13:42][Train.py][L163][INFO]Epoch[67/100] | Train Loss: 0.013 | Train Accuracy: 98.913% | Test Loss: 0.860 | Test Accuracy: 76.190% | Test AUC:0.7909 | Test Sen:0.8000 | Test Spe:0.7273 | Test F1:0.7619 | Test Recall:0.7619 | Test Precision:0.7619 | Best Test Accuracy: 80.952% | Best Test AUC:0.8364 | Best Test Sensitivity:0.9000 | Best Test Specificity:0.7273 | LR:0.0000198
[2023-08-17 10:13:42][Train.py][L163][INFO]Epoch[68/100] | Train Loss: 0.012 | Train Accuracy: 99.457% | Test Loss: 0.852 | Test Accuracy: 71.429% | Test AUC:0.7909 | Test Sen:0.7000 | Test Spe:0.7273 | Test F1:0.7143 | Test Recall:0.7143 | Test Precision:0.7143 | Best Test Accuracy: 80.952% | Best Test AUC:0.8364 | Best Test Sensitivity:0.9000 | Best Test Specificity:0.7273 | LR:0.0000192
[2023-08-17 10:13:43][Train.py][L163][INFO]Epoch[69/100] | Train Loss: 0.012 | Train Accuracy: 98.913% | Test Loss: 0.848 | Test Accuracy: 71.429% | Test AUC:0.7909 | Test Sen:0.7000 | Test Spe:0.7273 | Test F1:0.7143 | Test Recall:0.7143 | Test Precision:0.7143 | Best Test Accuracy: 80.952% | Best Test AUC:0.8364 | Best Test Sensitivity:0.9000 | Best Test Specificity:0.7273 | LR:0.0000186
[2023-08-17 10:13:43][Train.py][L163][INFO]Epoch[70/100] | Train Loss: 0.012 | Train Accuracy: 99.457% | Test Loss: 0.854 | Test Accuracy: 71.429% | Test AUC:0.7909 | Test Sen:0.7000 | Test Spe:0.7273 | Test F1:0.7143 | Test Recall:0.7143 | Test Precision:0.7143 | Best Test Accuracy: 80.952% | Best Test AUC:0.8364 | Best Test Sensitivity:0.9000 | Best Test Specificity:0.7273 | LR:0.0000181
[2023-08-17 10:13:43][Train.py][L163][INFO]Epoch[71/100] | Train Loss: 0.014 | Train Accuracy: 99.457% | Test Loss: 0.867 | Test Accuracy: 76.190% | Test AUC:0.7909 | Test Sen:0.8000 | Test Spe:0.7273 | Test F1:0.7619 | Test Recall:0.7619 | Test Precision:0.7619 | Best Test Accuracy: 80.952% | Best Test AUC:0.8364 | Best Test Sensitivity:0.9000 | Best Test Specificity:0.7273 | LR:0.0000176
[2023-08-17 10:13:44][Train.py][L163][INFO]Epoch[72/100] | Train Loss: 0.012 | Train Accuracy: 99.457% | Test Loss: 0.854 | Test Accuracy: 71.429% | Test AUC:0.7909 | Test Sen:0.7000 | Test Spe:0.7273 | Test F1:0.7143 | Test Recall:0.7143 | Test Precision:0.7143 | Best Test Accuracy: 80.952% | Best Test AUC:0.8364 | Best Test Sensitivity:0.9000 | Best Test Specificity:0.7273 | LR:0.0000171
[2023-08-17 10:13:44][Train.py][L163][INFO]Epoch[73/100] | Train Loss: 0.012 | Train Accuracy: 98.913% | Test Loss: 0.852 | Test Accuracy: 71.429% | Test AUC:0.7909 | Test Sen:0.7000 | Test Spe:0.7273 | Test F1:0.7143 | Test Recall:0.7143 | Test Precision:0.7143 | Best Test Accuracy: 80.952% | Best Test AUC:0.8364 | Best Test Sensitivity:0.9000 | Best Test Specificity:0.7273 | LR:0.0000166
[2023-08-17 10:13:44][Train.py][L163][INFO]Epoch[74/100] | Train Loss: 0.012 | Train Accuracy: 99.457% | Test Loss: 0.856 | Test Accuracy: 71.429% | Test AUC:0.7909 | Test Sen:0.7000 | Test Spe:0.7273 | Test F1:0.7143 | Test Recall:0.7143 | Test Precision:0.7143 | Best Test Accuracy: 80.952% | Best Test AUC:0.8364 | Best Test Sensitivity:0.9000 | Best Test Specificity:0.7273 | LR:0.0000161
[2023-08-17 10:13:45][Train.py][L163][INFO]Epoch[75/100] | Train Loss: 0.012 | Train Accuracy: 98.913% | Test Loss: 0.862 | Test Accuracy: 71.429% | Test AUC:0.7909 | Test Sen:0.7000 | Test Spe:0.7273 | Test F1:0.7143 | Test Recall:0.7143 | Test Precision:0.7143 | Best Test Accuracy: 80.952% | Best Test AUC:0.8364 | Best Test Sensitivity:0.9000 | Best Test Specificity:0.7273 | LR:0.0000156
[2023-08-17 10:13:45][Train.py][L163][INFO]Epoch[76/100] | Train Loss: 0.013 | Train Accuracy: 98.913% | Test Loss: 0.853 | Test Accuracy: 71.429% | Test AUC:0.7909 | Test Sen:0.7000 | Test Spe:0.7273 | Test F1:0.7143 | Test Recall:0.7143 | Test Precision:0.7143 | Best Test Accuracy: 80.952% | Best Test AUC:0.8364 | Best Test Sensitivity:0.9000 | Best Test Specificity:0.7273 | LR:0.0000152
[2023-08-17 10:13:45][Train.py][L163][INFO]Epoch[77/100] | Train Loss: 0.013 | Train Accuracy: 98.913% | Test Loss: 0.867 | Test Accuracy: 76.190% | Test AUC:0.7909 | Test Sen:0.8000 | Test Spe:0.7273 | Test F1:0.7619 | Test Recall:0.7619 | Test Precision:0.7619 | Best Test Accuracy: 80.952% | Best Test AUC:0.8364 | Best Test Sensitivity:0.9000 | Best Test Specificity:0.7273 | LR:0.0000148
[2023-08-17 10:13:46][Train.py][L163][INFO]Epoch[78/100] | Train Loss: 0.012 | Train Accuracy: 99.457% | Test Loss: 0.867 | Test Accuracy: 76.190% | Test AUC:0.7909 | Test Sen:0.8000 | Test Spe:0.7273 | Test F1:0.7619 | Test Recall:0.7619 | Test Precision:0.7619 | Best Test Accuracy: 80.952% | Best Test AUC:0.8364 | Best Test Sensitivity:0.9000 | Best Test Specificity:0.7273 | LR:0.0000144
[2023-08-17 10:13:46][Train.py][L163][INFO]Epoch[79/100] | Train Loss: 0.011 | Train Accuracy: 98.913% | Test Loss: 0.862 | Test Accuracy: 71.429% | Test AUC:0.7909 | Test Sen:0.7000 | Test Spe:0.7273 | Test F1:0.7143 | Test Recall:0.7143 | Test Precision:0.7143 | Best Test Accuracy: 80.952% | Best Test AUC:0.8364 | Best Test Sensitivity:0.9000 | Best Test Specificity:0.7273 | LR:0.0000140
[2023-08-17 10:13:46][Train.py][L163][INFO]Epoch[80/100] | Train Loss: 0.012 | Train Accuracy: 99.457% | Test Loss: 0.860 | Test Accuracy: 71.429% | Test AUC:0.7909 | Test Sen:0.7000 | Test Spe:0.7273 | Test F1:0.7143 | Test Recall:0.7143 | Test Precision:0.7143 | Best Test Accuracy: 80.952% | Best Test AUC:0.8364 | Best Test Sensitivity:0.9000 | Best Test Specificity:0.7273 | LR:0.0000136
[2023-08-17 10:13:47][Train.py][L163][INFO]Epoch[81/100] | Train Loss: 0.012 | Train Accuracy: 98.913% | Test Loss: 0.867 | Test Accuracy: 71.429% | Test AUC:0.7909 | Test Sen:0.7000 | Test Spe:0.7273 | Test F1:0.7143 | Test Recall:0.7143 | Test Precision:0.7143 | Best Test Accuracy: 80.952% | Best Test AUC:0.8364 | Best Test Sensitivity:0.9000 | Best Test Specificity:0.7273 | LR:0.0000132
[2023-08-17 10:13:47][Train.py][L163][INFO]Epoch[82/100] | Train Loss: 0.011 | Train Accuracy: 99.457% | Test Loss: 0.863 | Test Accuracy: 71.429% | Test AUC:0.7909 | Test Sen:0.7000 | Test Spe:0.7273 | Test F1:0.7143 | Test Recall:0.7143 | Test Precision:0.7143 | Best Test Accuracy: 80.952% | Best Test AUC:0.8364 | Best Test Sensitivity:0.9000 | Best Test Specificity:0.7273 | LR:0.0000129
[2023-08-17 10:13:47][Train.py][L163][INFO]Epoch[83/100] | Train Loss: 0.011 | Train Accuracy: 99.457% | Test Loss: 0.862 | Test Accuracy: 71.429% | Test AUC:0.7909 | Test Sen:0.7000 | Test Spe:0.7273 | Test F1:0.7143 | Test Recall:0.7143 | Test Precision:0.7143 | Best Test Accuracy: 80.952% | Best Test AUC:0.8364 | Best Test Sensitivity:0.9000 | Best Test Specificity:0.7273 | LR:0.0000126
[2023-08-17 10:13:48][Train.py][L163][INFO]Epoch[84/100] | Train Loss: 0.011 | Train Accuracy: 99.457% | Test Loss: 0.866 | Test Accuracy: 71.429% | Test AUC:0.7909 | Test Sen:0.7000 | Test Spe:0.7273 | Test F1:0.7143 | Test Recall:0.7143 | Test Precision:0.7143 | Best Test Accuracy: 80.952% | Best Test AUC:0.8364 | Best Test Sensitivity:0.9000 | Best Test Specificity:0.7273 | LR:0.0000123
[2023-08-17 10:13:48][Train.py][L163][INFO]Epoch[85/100] | Train Loss: 0.011 | Train Accuracy: 99.457% | Test Loss: 0.868 | Test Accuracy: 71.429% | Test AUC:0.7909 | Test Sen:0.7000 | Test Spe:0.7273 | Test F1:0.7143 | Test Recall:0.7143 | Test Precision:0.7143 | Best Test Accuracy: 80.952% | Best Test AUC:0.8364 | Best Test Sensitivity:0.9000 | Best Test Specificity:0.7273 | LR:0.0000120
[2023-08-17 10:13:48][Train.py][L163][INFO]Epoch[86/100] | Train Loss: 0.011 | Train Accuracy: 98.913% | Test Loss: 0.873 | Test Accuracy: 76.190% | Test AUC:0.7909 | Test Sen:0.8000 | Test Spe:0.7273 | Test F1:0.7619 | Test Recall:0.7619 | Test Precision:0.7619 | Best Test Accuracy: 80.952% | Best Test AUC:0.8364 | Best Test Sensitivity:0.9000 | Best Test Specificity:0.7273 | LR:0.0000118
[2023-08-17 10:13:48][Train.py][L163][INFO]Epoch[87/100] | Train Loss: 0.011 | Train Accuracy: 99.457% | Test Loss: 0.867 | Test Accuracy: 71.429% | Test AUC:0.7909 | Test Sen:0.7000 | Test Spe:0.7273 | Test F1:0.7143 | Test Recall:0.7143 | Test Precision:0.7143 | Best Test Accuracy: 80.952% | Best Test AUC:0.8364 | Best Test Sensitivity:0.9000 | Best Test Specificity:0.7273 | LR:0.0000115
[2023-08-17 10:13:49][Train.py][L163][INFO]Epoch[88/100] | Train Loss: 0.012 | Train Accuracy: 99.457% | Test Loss: 0.865 | Test Accuracy: 71.429% | Test AUC:0.7909 | Test Sen:0.7000 | Test Spe:0.7273 | Test F1:0.7143 | Test Recall:0.7143 | Test Precision:0.7143 | Best Test Accuracy: 80.952% | Best Test AUC:0.8364 | Best Test Sensitivity:0.9000 | Best Test Specificity:0.7273 | LR:0.0000113
[2023-08-17 10:13:49][Train.py][L163][INFO]Epoch[89/100] | Train Loss: 0.011 | Train Accuracy: 99.457% | Test Loss: 0.869 | Test Accuracy: 71.429% | Test AUC:0.7909 | Test Sen:0.7000 | Test Spe:0.7273 | Test F1:0.7143 | Test Recall:0.7143 | Test Precision:0.7143 | Best Test Accuracy: 80.952% | Best Test AUC:0.8364 | Best Test Sensitivity:0.9000 | Best Test Specificity:0.7273 | LR:0.0000111
[2023-08-17 10:13:49][Train.py][L163][INFO]Epoch[90/100] | Train Loss: 0.011 | Train Accuracy: 99.457% | Test Loss: 0.874 | Test Accuracy: 76.190% | Test AUC:0.7909 | Test Sen:0.8000 | Test Spe:0.7273 | Test F1:0.7619 | Test Recall:0.7619 | Test Precision:0.7619 | Best Test Accuracy: 80.952% | Best Test AUC:0.8364 | Best Test Sensitivity:0.9000 | Best Test Specificity:0.7273 | LR:0.0000109
[2023-08-17 10:13:50][Train.py][L163][INFO]Epoch[91/100] | Train Loss: 0.011 | Train Accuracy: 99.457% | Test Loss: 0.875 | Test Accuracy: 76.190% | Test AUC:0.7909 | Test Sen:0.8000 | Test Spe:0.7273 | Test F1:0.7619 | Test Recall:0.7619 | Test Precision:0.7619 | Best Test Accuracy: 80.952% | Best Test AUC:0.8364 | Best Test Sensitivity:0.9000 | Best Test Specificity:0.7273 | LR:0.0000107
[2023-08-17 10:13:50][Train.py][L163][INFO]Epoch[92/100] | Train Loss: 0.011 | Train Accuracy: 98.913% | Test Loss: 0.878 | Test Accuracy: 76.190% | Test AUC:0.7909 | Test Sen:0.8000 | Test Spe:0.7273 | Test F1:0.7619 | Test Recall:0.7619 | Test Precision:0.7619 | Best Test Accuracy: 80.952% | Best Test AUC:0.8364 | Best Test Sensitivity:0.9000 | Best Test Specificity:0.7273 | LR:0.0000106
[2023-08-17 10:13:50][Train.py][L163][INFO]Epoch[93/100] | Train Loss: 0.011 | Train Accuracy: 99.457% | Test Loss: 0.879 | Test Accuracy: 76.190% | Test AUC:0.7909 | Test Sen:0.8000 | Test Spe:0.7273 | Test F1:0.7619 | Test Recall:0.7619 | Test Precision:0.7619 | Best Test Accuracy: 80.952% | Best Test AUC:0.8364 | Best Test Sensitivity:0.9000 | Best Test Specificity:0.7273 | LR:0.0000104
[2023-08-17 10:13:51][Train.py][L163][INFO]Epoch[94/100] | Train Loss: 0.011 | Train Accuracy: 98.913% | Test Loss: 0.873 | Test Accuracy: 71.429% | Test AUC:0.7909 | Test Sen:0.7000 | Test Spe:0.7273 | Test F1:0.7143 | Test Recall:0.7143 | Test Precision:0.7143 | Best Test Accuracy: 80.952% | Best Test AUC:0.8364 | Best Test Sensitivity:0.9000 | Best Test Specificity:0.7273 | LR:0.0000103
[2023-08-17 10:13:51][Train.py][L163][INFO]Epoch[95/100] | Train Loss: 0.011 | Train Accuracy: 99.457% | Test Loss: 0.874 | Test Accuracy: 71.429% | Test AUC:0.7909 | Test Sen:0.7000 | Test Spe:0.7273 | Test F1:0.7143 | Test Recall:0.7143 | Test Precision:0.7143 | Best Test Accuracy: 80.952% | Best Test AUC:0.8364 | Best Test Sensitivity:0.9000 | Best Test Specificity:0.7273 | LR:0.0000102
[2023-08-17 10:13:51][Train.py][L163][INFO]Epoch[96/100] | Train Loss: 0.012 | Train Accuracy: 98.913% | Test Loss: 0.885 | Test Accuracy: 76.190% | Test AUC:0.7909 | Test Sen:0.8000 | Test Spe:0.7273 | Test F1:0.7619 | Test Recall:0.7619 | Test Precision:0.7619 | Best Test Accuracy: 80.952% | Best Test AUC:0.8364 | Best Test Sensitivity:0.9000 | Best Test Specificity:0.7273 | LR:0.0000101
[2023-08-17 10:13:52][Train.py][L163][INFO]Epoch[97/100] | Train Loss: 0.011 | Train Accuracy: 99.457% | Test Loss: 0.873 | Test Accuracy: 71.429% | Test AUC:0.7909 | Test Sen:0.7000 | Test Spe:0.7273 | Test F1:0.7143 | Test Recall:0.7143 | Test Precision:0.7143 | Best Test Accuracy: 80.952% | Best Test AUC:0.8364 | Best Test Sensitivity:0.9000 | Best Test Specificity:0.7273 | LR:0.0000101
[2023-08-17 10:13:52][Train.py][L163][INFO]Epoch[98/100] | Train Loss: 0.010 | Train Accuracy: 99.457% | Test Loss: 0.880 | Test Accuracy: 71.429% | Test AUC:0.7909 | Test Sen:0.7000 | Test Spe:0.7273 | Test F1:0.7143 | Test Recall:0.7143 | Test Precision:0.7143 | Best Test Accuracy: 80.952% | Best Test AUC:0.8364 | Best Test Sensitivity:0.9000 | Best Test Specificity:0.7273 | LR:0.0000100
[2023-08-17 10:13:52][Train.py][L163][INFO]Epoch[99/100] | Train Loss: 0.012 | Train Accuracy: 99.457% | Test Loss: 0.891 | Test Accuracy: 76.190% | Test AUC:0.7909 | Test Sen:0.8000 | Test Spe:0.7273 | Test F1:0.7619 | Test Recall:0.7619 | Test Precision:0.7619 | Best Test Accuracy: 80.952% | Best Test AUC:0.8364 | Best Test Sensitivity:0.9000 | Best Test Specificity:0.7273 | LR:0.0000100
[2023-08-17 10:13:53][Train.py][L163][INFO]Epoch[100/100] | Train Loss: 0.011 | Train Accuracy: 99.457% | Test Loss: 0.883 | Test Accuracy: 71.429% | Test AUC:0.7909 | Test Sen:0.7000 | Test Spe:0.7273 | Test F1:0.7143 | Test Recall:0.7143 | Test Precision:0.7143 | Best Test Accuracy: 80.952% | Best Test AUC:0.8364 | Best Test Sensitivity:0.9000 | Best Test Specificity:0.7273 | LR:0.0000100
