[2023-08-17 09:45:30][__main__.py][L41][INFO]dataset:
  name: fc_large
  batch_size: 16
  train_set: 0.9
  test_set: 0.1
  fc_path: /mnt/ssd1/mehul_data/research/fc_large_data.npy
  node_sz: 400
  node_feature_sz: 400
  num_classes: 2
  perc_edges: 100
  node: fc
model:
  name: GAT
  num_layers: 2
  hidden_size: 64
  dropout: 0.5
  readout: mean
optimizer:
- name: Adam
  lr: 0.0001
  match_rule: None
  except_rule: None
  no_weight_decay: false
  weight_decay: 0.0001
  lr_scheduler:
    mode: poly
    base_lr: 0.0001
    target_lr: 1.0e-05
    decay_factor: 0.1
    milestones:
    - 0.3
    - 0.6
    - 0.9
    poly_power: 2.0
    lr_decay: 0.98
    warm_up_from: 0.0
    warm_up_steps: 0
training:
  name: Train
  epochs: 100
  l2: 0.0
log_path: result
repeat_time: 2
device: cuda:0
is_wandb: true
project: asd-graph

[2023-08-17 09:45:30][__init__.py][L15][INFO]cfg.dataset.name: fc_large
[2023-08-17 09:45:38][optimizer.py][L66][INFO]Parameters [normal] length [12]
[2023-08-17 09:45:38][__init__.py][L25][INFO]Training: Train
[2023-08-17 09:45:39][Train.py][L35][INFO]#model params: 1668609
[2023-08-17 09:45:40][Train.py][L163][INFO]Epoch[1/100] | Train Loss: 0.706 | Train Accuracy: 51.233% | Test Loss: 0.666 | Test Accuracy: 59.756% | Test AUC:0.6865 | Test Sen:0.4667 | Test Spe:0.7568 | Test F1:0.5976 | Test Recall:0.5976 | Test Precision:0.5976 | Best Test Accuracy: 59.756% | Best Test AUC:0.6865 | Best Test Sensitivity:0.4667 | Best Test Specificity:0.7568 | LR:0.0000982
[2023-08-17 09:45:42][Train.py][L163][INFO]Epoch[2/100] | Train Loss: 0.658 | Train Accuracy: 63.836% | Test Loss: 0.640 | Test Accuracy: 63.415% | Test AUC:0.7015 | Test Sen:0.6444 | Test Spe:0.6216 | Test F1:0.6341 | Test Recall:0.6341 | Test Precision:0.6341 | Best Test Accuracy: 63.415% | Best Test AUC:0.7015 | Best Test Sensitivity:0.6444 | Best Test Specificity:0.6216 | LR:0.0000964
[2023-08-17 09:45:44][Train.py][L163][INFO]Epoch[3/100] | Train Loss: 0.636 | Train Accuracy: 65.616% | Test Loss: 0.683 | Test Accuracy: 52.439% | Test AUC:0.7129 | Test Sen:0.2222 | Test Spe:0.8919 | Test F1:0.5244 | Test Recall:0.5244 | Test Precision:0.5244 | Best Test Accuracy: 63.415% | Best Test AUC:0.7015 | Best Test Sensitivity:0.6444 | Best Test Specificity:0.6216 | LR:0.0000947
[2023-08-17 09:45:46][Train.py][L163][INFO]Epoch[4/100] | Train Loss: 0.611 | Train Accuracy: 68.493% | Test Loss: 0.649 | Test Accuracy: 59.756% | Test AUC:0.7333 | Test Sen:0.3778 | Test Spe:0.8649 | Test F1:0.5976 | Test Recall:0.5976 | Test Precision:0.5976 | Best Test Accuracy: 63.415% | Best Test AUC:0.7015 | Best Test Sensitivity:0.6444 | Best Test Specificity:0.6216 | LR:0.0000929
[2023-08-17 09:45:48][Train.py][L163][INFO]Epoch[5/100] | Train Loss: 0.590 | Train Accuracy: 69.178% | Test Loss: 0.591 | Test Accuracy: 71.951% | Test AUC:0.7610 | Test Sen:0.8222 | Test Spe:0.5946 | Test F1:0.7195 | Test Recall:0.7195 | Test Precision:0.7195 | Best Test Accuracy: 71.951% | Best Test AUC:0.7610 | Best Test Sensitivity:0.8222 | Best Test Specificity:0.5946 | LR:0.0000912
[2023-08-17 09:45:50][Train.py][L163][INFO]Epoch[6/100] | Train Loss: 0.551 | Train Accuracy: 73.973% | Test Loss: 0.632 | Test Accuracy: 67.073% | Test AUC:0.7580 | Test Sen:0.5111 | Test Spe:0.8649 | Test F1:0.6707 | Test Recall:0.6707 | Test Precision:0.6707 | Best Test Accuracy: 71.951% | Best Test AUC:0.7610 | Best Test Sensitivity:0.8222 | Best Test Specificity:0.5946 | LR:0.0000895
[2023-08-17 09:45:52][Train.py][L163][INFO]Epoch[7/100] | Train Loss: 0.521 | Train Accuracy: 76.301% | Test Loss: 0.586 | Test Accuracy: 69.512% | Test AUC:0.7652 | Test Sen:0.6889 | Test Spe:0.7027 | Test F1:0.6951 | Test Recall:0.6951 | Test Precision:0.6951 | Best Test Accuracy: 71.951% | Best Test AUC:0.7610 | Best Test Sensitivity:0.8222 | Best Test Specificity:0.5946 | LR:0.0000878
[2023-08-17 09:45:54][Train.py][L163][INFO]Epoch[8/100] | Train Loss: 0.492 | Train Accuracy: 78.356% | Test Loss: 0.573 | Test Accuracy: 69.512% | Test AUC:0.7622 | Test Sen:0.7778 | Test Spe:0.5946 | Test F1:0.6951 | Test Recall:0.6951 | Test Precision:0.6951 | Best Test Accuracy: 71.951% | Best Test AUC:0.7610 | Best Test Sensitivity:0.8222 | Best Test Specificity:0.5946 | LR:0.0000862
[2023-08-17 09:45:55][Train.py][L163][INFO]Epoch[9/100] | Train Loss: 0.456 | Train Accuracy: 79.452% | Test Loss: 0.634 | Test Accuracy: 67.073% | Test AUC:0.7592 | Test Sen:0.5111 | Test Spe:0.8649 | Test F1:0.6707 | Test Recall:0.6707 | Test Precision:0.6707 | Best Test Accuracy: 71.951% | Best Test AUC:0.7610 | Best Test Sensitivity:0.8222 | Best Test Specificity:0.5946 | LR:0.0000845
[2023-08-17 09:45:57][Train.py][L163][INFO]Epoch[10/100] | Train Loss: 0.442 | Train Accuracy: 79.315% | Test Loss: 0.584 | Test Accuracy: 68.293% | Test AUC:0.7586 | Test Sen:0.6667 | Test Spe:0.7027 | Test F1:0.6829 | Test Recall:0.6829 | Test Precision:0.6829 | Best Test Accuracy: 71.951% | Best Test AUC:0.7610 | Best Test Sensitivity:0.8222 | Best Test Specificity:0.5946 | LR:0.0000829
[2023-08-17 09:45:59][Train.py][L163][INFO]Epoch[11/100] | Train Loss: 0.408 | Train Accuracy: 84.384% | Test Loss: 0.600 | Test Accuracy: 68.293% | Test AUC:0.7544 | Test Sen:0.6444 | Test Spe:0.7297 | Test F1:0.6829 | Test Recall:0.6829 | Test Precision:0.6829 | Best Test Accuracy: 71.951% | Best Test AUC:0.7610 | Best Test Sensitivity:0.8222 | Best Test Specificity:0.5946 | LR:0.0000813
[2023-08-17 09:46:01][Train.py][L163][INFO]Epoch[12/100] | Train Loss: 0.381 | Train Accuracy: 84.384% | Test Loss: 0.623 | Test Accuracy: 68.293% | Test AUC:0.7514 | Test Sen:0.6000 | Test Spe:0.7838 | Test F1:0.6829 | Test Recall:0.6829 | Test Precision:0.6829 | Best Test Accuracy: 71.951% | Best Test AUC:0.7610 | Best Test Sensitivity:0.8222 | Best Test Specificity:0.5946 | LR:0.0000797
[2023-08-17 09:46:03][Train.py][L163][INFO]Epoch[13/100] | Train Loss: 0.342 | Train Accuracy: 85.616% | Test Loss: 0.757 | Test Accuracy: 64.634% | Test AUC:0.7514 | Test Sen:0.4667 | Test Spe:0.8649 | Test F1:0.6463 | Test Recall:0.6463 | Test Precision:0.6463 | Best Test Accuracy: 71.951% | Best Test AUC:0.7610 | Best Test Sensitivity:0.8222 | Best Test Specificity:0.5946 | LR:0.0000781
[2023-08-17 09:46:05][Train.py][L163][INFO]Epoch[14/100] | Train Loss: 0.333 | Train Accuracy: 86.849% | Test Loss: 0.645 | Test Accuracy: 69.512% | Test AUC:0.7532 | Test Sen:0.6222 | Test Spe:0.7838 | Test F1:0.6951 | Test Recall:0.6951 | Test Precision:0.6951 | Best Test Accuracy: 71.951% | Best Test AUC:0.7610 | Best Test Sensitivity:0.8222 | Best Test Specificity:0.5946 | LR:0.0000766
[2023-08-17 09:46:07][Train.py][L163][INFO]Epoch[15/100] | Train Loss: 0.303 | Train Accuracy: 89.452% | Test Loss: 0.680 | Test Accuracy: 68.293% | Test AUC:0.7526 | Test Sen:0.6000 | Test Spe:0.7838 | Test F1:0.6829 | Test Recall:0.6829 | Test Precision:0.6829 | Best Test Accuracy: 71.951% | Best Test AUC:0.7610 | Best Test Sensitivity:0.8222 | Best Test Specificity:0.5946 | LR:0.0000750
[2023-08-17 09:46:09][Train.py][L163][INFO]Epoch[16/100] | Train Loss: 0.276 | Train Accuracy: 89.315% | Test Loss: 0.690 | Test Accuracy: 70.732% | Test AUC:0.7471 | Test Sen:0.6444 | Test Spe:0.7838 | Test F1:0.7073 | Test Recall:0.7073 | Test Precision:0.7073 | Best Test Accuracy: 71.951% | Best Test AUC:0.7610 | Best Test Sensitivity:0.8222 | Best Test Specificity:0.5946 | LR:0.0000735
[2023-08-17 09:46:11][Train.py][L163][INFO]Epoch[17/100] | Train Loss: 0.262 | Train Accuracy: 91.096% | Test Loss: 0.692 | Test Accuracy: 71.951% | Test AUC:0.7544 | Test Sen:0.6667 | Test Spe:0.7838 | Test F1:0.7195 | Test Recall:0.7195 | Test Precision:0.7195 | Best Test Accuracy: 71.951% | Best Test AUC:0.7610 | Best Test Sensitivity:0.8222 | Best Test Specificity:0.5946 | LR:0.0000720
[2023-08-17 09:46:13][Train.py][L163][INFO]Epoch[18/100] | Train Loss: 0.234 | Train Accuracy: 92.055% | Test Loss: 0.691 | Test Accuracy: 69.512% | Test AUC:0.7477 | Test Sen:0.7556 | Test Spe:0.6216 | Test F1:0.6951 | Test Recall:0.6951 | Test Precision:0.6951 | Best Test Accuracy: 71.951% | Best Test AUC:0.7610 | Best Test Sensitivity:0.8222 | Best Test Specificity:0.5946 | LR:0.0000705
[2023-08-17 09:46:14][Train.py][L163][INFO]Epoch[19/100] | Train Loss: 0.242 | Train Accuracy: 89.589% | Test Loss: 0.866 | Test Accuracy: 68.293% | Test AUC:0.7514 | Test Sen:0.5111 | Test Spe:0.8919 | Test F1:0.6829 | Test Recall:0.6829 | Test Precision:0.6829 | Best Test Accuracy: 71.951% | Best Test AUC:0.7610 | Best Test Sensitivity:0.8222 | Best Test Specificity:0.5946 | LR:0.0000690
[2023-08-17 09:46:16][Train.py][L163][INFO]Epoch[20/100] | Train Loss: 0.217 | Train Accuracy: 92.329% | Test Loss: 0.785 | Test Accuracy: 69.512% | Test AUC:0.7495 | Test Sen:0.6222 | Test Spe:0.7838 | Test F1:0.6951 | Test Recall:0.6951 | Test Precision:0.6951 | Best Test Accuracy: 71.951% | Best Test AUC:0.7610 | Best Test Sensitivity:0.8222 | Best Test Specificity:0.5946 | LR:0.0000676
[2023-08-17 09:46:18][Train.py][L163][INFO]Epoch[21/100] | Train Loss: 0.183 | Train Accuracy: 95.205% | Test Loss: 0.760 | Test Accuracy: 69.512% | Test AUC:0.7489 | Test Sen:0.6667 | Test Spe:0.7297 | Test F1:0.6951 | Test Recall:0.6951 | Test Precision:0.6951 | Best Test Accuracy: 71.951% | Best Test AUC:0.7610 | Best Test Sensitivity:0.8222 | Best Test Specificity:0.5946 | LR:0.0000662
[2023-08-17 09:46:20][Train.py][L163][INFO]Epoch[22/100] | Train Loss: 0.165 | Train Accuracy: 95.890% | Test Loss: 0.885 | Test Accuracy: 69.512% | Test AUC:0.7459 | Test Sen:0.5778 | Test Spe:0.8378 | Test F1:0.6951 | Test Recall:0.6951 | Test Precision:0.6951 | Best Test Accuracy: 71.951% | Best Test AUC:0.7610 | Best Test Sensitivity:0.8222 | Best Test Specificity:0.5946 | LR:0.0000648
[2023-08-17 09:46:22][Train.py][L163][INFO]Epoch[23/100] | Train Loss: 0.151 | Train Accuracy: 95.753% | Test Loss: 0.887 | Test Accuracy: 71.951% | Test AUC:0.7435 | Test Sen:0.6222 | Test Spe:0.8378 | Test F1:0.7195 | Test Recall:0.7195 | Test Precision:0.7195 | Best Test Accuracy: 71.951% | Best Test AUC:0.7610 | Best Test Sensitivity:0.8222 | Best Test Specificity:0.5946 | LR:0.0000634
[2023-08-17 09:46:24][Train.py][L163][INFO]Epoch[24/100] | Train Loss: 0.136 | Train Accuracy: 96.575% | Test Loss: 0.861 | Test Accuracy: 69.512% | Test AUC:0.7435 | Test Sen:0.6444 | Test Spe:0.7568 | Test F1:0.6951 | Test Recall:0.6951 | Test Precision:0.6951 | Best Test Accuracy: 71.951% | Best Test AUC:0.7610 | Best Test Sensitivity:0.8222 | Best Test Specificity:0.5946 | LR:0.0000620
[2023-08-17 09:46:26][Train.py][L163][INFO]Epoch[25/100] | Train Loss: 0.125 | Train Accuracy: 96.575% | Test Loss: 0.852 | Test Accuracy: 69.512% | Test AUC:0.7526 | Test Sen:0.6667 | Test Spe:0.7297 | Test F1:0.6951 | Test Recall:0.6951 | Test Precision:0.6951 | Best Test Accuracy: 71.951% | Best Test AUC:0.7610 | Best Test Sensitivity:0.8222 | Best Test Specificity:0.5946 | LR:0.0000606
[2023-08-17 09:46:28][Train.py][L163][INFO]Epoch[26/100] | Train Loss: 0.116 | Train Accuracy: 97.808% | Test Loss: 0.886 | Test Accuracy: 69.512% | Test AUC:0.7417 | Test Sen:0.6667 | Test Spe:0.7297 | Test F1:0.6951 | Test Recall:0.6951 | Test Precision:0.6951 | Best Test Accuracy: 71.951% | Best Test AUC:0.7610 | Best Test Sensitivity:0.8222 | Best Test Specificity:0.5946 | LR:0.0000593
[2023-08-17 09:46:30][Train.py][L163][INFO]Epoch[27/100] | Train Loss: 0.103 | Train Accuracy: 97.945% | Test Loss: 0.938 | Test Accuracy: 65.854% | Test AUC:0.7429 | Test Sen:0.6444 | Test Spe:0.6757 | Test F1:0.6585 | Test Recall:0.6585 | Test Precision:0.6585 | Best Test Accuracy: 71.951% | Best Test AUC:0.7610 | Best Test Sensitivity:0.8222 | Best Test Specificity:0.5946 | LR:0.0000580
[2023-08-17 09:46:32][Train.py][L163][INFO]Epoch[28/100] | Train Loss: 0.091 | Train Accuracy: 98.904% | Test Loss: 0.961 | Test Accuracy: 67.073% | Test AUC:0.7399 | Test Sen:0.6444 | Test Spe:0.7027 | Test F1:0.6707 | Test Recall:0.6707 | Test Precision:0.6707 | Best Test Accuracy: 71.951% | Best Test AUC:0.7610 | Best Test Sensitivity:0.8222 | Best Test Specificity:0.5946 | LR:0.0000567
[2023-08-17 09:46:33][Train.py][L163][INFO]Epoch[29/100] | Train Loss: 0.086 | Train Accuracy: 98.630% | Test Loss: 0.970 | Test Accuracy: 65.854% | Test AUC:0.7423 | Test Sen:0.6444 | Test Spe:0.6757 | Test F1:0.6585 | Test Recall:0.6585 | Test Precision:0.6585 | Best Test Accuracy: 71.951% | Best Test AUC:0.7610 | Best Test Sensitivity:0.8222 | Best Test Specificity:0.5946 | LR:0.0000554
[2023-08-17 09:46:35][Train.py][L163][INFO]Epoch[30/100] | Train Loss: 0.074 | Train Accuracy: 99.452% | Test Loss: 1.049 | Test Accuracy: 69.512% | Test AUC:0.7417 | Test Sen:0.6222 | Test Spe:0.7838 | Test F1:0.6951 | Test Recall:0.6951 | Test Precision:0.6951 | Best Test Accuracy: 71.951% | Best Test AUC:0.7610 | Best Test Sensitivity:0.8222 | Best Test Specificity:0.5946 | LR:0.0000541
[2023-08-17 09:46:37][Train.py][L163][INFO]Epoch[31/100] | Train Loss: 0.067 | Train Accuracy: 99.863% | Test Loss: 1.075 | Test Accuracy: 68.293% | Test AUC:0.7399 | Test Sen:0.6444 | Test Spe:0.7297 | Test F1:0.6829 | Test Recall:0.6829 | Test Precision:0.6829 | Best Test Accuracy: 71.951% | Best Test AUC:0.7610 | Best Test Sensitivity:0.8222 | Best Test Specificity:0.5946 | LR:0.0000528
[2023-08-17 09:46:39][Train.py][L163][INFO]Epoch[32/100] | Train Loss: 0.060 | Train Accuracy: 99.726% | Test Loss: 1.110 | Test Accuracy: 69.512% | Test AUC:0.7453 | Test Sen:0.6444 | Test Spe:0.7568 | Test F1:0.6951 | Test Recall:0.6951 | Test Precision:0.6951 | Best Test Accuracy: 71.951% | Best Test AUC:0.7610 | Best Test Sensitivity:0.8222 | Best Test Specificity:0.5946 | LR:0.0000516
[2023-08-17 09:46:41][Train.py][L163][INFO]Epoch[33/100] | Train Loss: 0.057 | Train Accuracy: 99.863% | Test Loss: 1.151 | Test Accuracy: 69.512% | Test AUC:0.7405 | Test Sen:0.6222 | Test Spe:0.7838 | Test F1:0.6951 | Test Recall:0.6951 | Test Precision:0.6951 | Best Test Accuracy: 71.951% | Best Test AUC:0.7610 | Best Test Sensitivity:0.8222 | Best Test Specificity:0.5946 | LR:0.0000504
[2023-08-17 09:46:43][Train.py][L163][INFO]Epoch[34/100] | Train Loss: 0.054 | Train Accuracy: 99.863% | Test Loss: 1.196 | Test Accuracy: 69.512% | Test AUC:0.7381 | Test Sen:0.6222 | Test Spe:0.7838 | Test F1:0.6951 | Test Recall:0.6951 | Test Precision:0.6951 | Best Test Accuracy: 71.951% | Best Test AUC:0.7610 | Best Test Sensitivity:0.8222 | Best Test Specificity:0.5946 | LR:0.0000492
[2023-08-17 09:46:45][Train.py][L163][INFO]Epoch[35/100] | Train Loss: 0.047 | Train Accuracy: 100.000% | Test Loss: 1.161 | Test Accuracy: 69.512% | Test AUC:0.7495 | Test Sen:0.6444 | Test Spe:0.7568 | Test F1:0.6951 | Test Recall:0.6951 | Test Precision:0.6951 | Best Test Accuracy: 71.951% | Best Test AUC:0.7610 | Best Test Sensitivity:0.8222 | Best Test Specificity:0.5946 | LR:0.0000480
[2023-08-17 09:46:47][Train.py][L163][INFO]Epoch[36/100] | Train Loss: 0.041 | Train Accuracy: 100.000% | Test Loss: 1.144 | Test Accuracy: 67.073% | Test AUC:0.7453 | Test Sen:0.6444 | Test Spe:0.7027 | Test F1:0.6707 | Test Recall:0.6707 | Test Precision:0.6707 | Best Test Accuracy: 71.951% | Best Test AUC:0.7610 | Best Test Sensitivity:0.8222 | Best Test Specificity:0.5946 | LR:0.0000469
[2023-08-17 09:46:49][Train.py][L163][INFO]Epoch[37/100] | Train Loss: 0.043 | Train Accuracy: 100.000% | Test Loss: 1.185 | Test Accuracy: 67.073% | Test AUC:0.7471 | Test Sen:0.6444 | Test Spe:0.7027 | Test F1:0.6707 | Test Recall:0.6707 | Test Precision:0.6707 | Best Test Accuracy: 71.951% | Best Test AUC:0.7610 | Best Test Sensitivity:0.8222 | Best Test Specificity:0.5946 | LR:0.0000457
[2023-08-17 09:46:51][Train.py][L163][INFO]Epoch[38/100] | Train Loss: 0.036 | Train Accuracy: 100.000% | Test Loss: 1.241 | Test Accuracy: 69.512% | Test AUC:0.7435 | Test Sen:0.6444 | Test Spe:0.7568 | Test F1:0.6951 | Test Recall:0.6951 | Test Precision:0.6951 | Best Test Accuracy: 71.951% | Best Test AUC:0.7610 | Best Test Sensitivity:0.8222 | Best Test Specificity:0.5946 | LR:0.0000446
[2023-08-17 09:46:53][Train.py][L163][INFO]Epoch[39/100] | Train Loss: 0.032 | Train Accuracy: 100.000% | Test Loss: 1.309 | Test Accuracy: 68.293% | Test AUC:0.7441 | Test Sen:0.6000 | Test Spe:0.7838 | Test F1:0.6829 | Test Recall:0.6829 | Test Precision:0.6829 | Best Test Accuracy: 71.951% | Best Test AUC:0.7610 | Best Test Sensitivity:0.8222 | Best Test Specificity:0.5946 | LR:0.0000435
[2023-08-17 09:46:55][Train.py][L163][INFO]Epoch[40/100] | Train Loss: 0.030 | Train Accuracy: 100.000% | Test Loss: 1.284 | Test Accuracy: 67.073% | Test AUC:0.7465 | Test Sen:0.6222 | Test Spe:0.7297 | Test F1:0.6707 | Test Recall:0.6707 | Test Precision:0.6707 | Best Test Accuracy: 71.951% | Best Test AUC:0.7610 | Best Test Sensitivity:0.8222 | Best Test Specificity:0.5946 | LR:0.0000424
[2023-08-17 09:46:56][Train.py][L163][INFO]Epoch[41/100] | Train Loss: 0.028 | Train Accuracy: 100.000% | Test Loss: 1.392 | Test Accuracy: 68.293% | Test AUC:0.7417 | Test Sen:0.6000 | Test Spe:0.7838 | Test F1:0.6829 | Test Recall:0.6829 | Test Precision:0.6829 | Best Test Accuracy: 71.951% | Best Test AUC:0.7610 | Best Test Sensitivity:0.8222 | Best Test Specificity:0.5946 | LR:0.0000413
[2023-08-17 09:46:58][Train.py][L163][INFO]Epoch[42/100] | Train Loss: 0.026 | Train Accuracy: 100.000% | Test Loss: 1.313 | Test Accuracy: 68.293% | Test AUC:0.7435 | Test Sen:0.6444 | Test Spe:0.7297 | Test F1:0.6829 | Test Recall:0.6829 | Test Precision:0.6829 | Best Test Accuracy: 71.951% | Best Test AUC:0.7610 | Best Test Sensitivity:0.8222 | Best Test Specificity:0.5946 | LR:0.0000403
[2023-08-17 09:47:00][Train.py][L163][INFO]Epoch[43/100] | Train Loss: 0.024 | Train Accuracy: 100.000% | Test Loss: 1.349 | Test Accuracy: 70.732% | Test AUC:0.7453 | Test Sen:0.6444 | Test Spe:0.7838 | Test F1:0.7073 | Test Recall:0.7073 | Test Precision:0.7073 | Best Test Accuracy: 71.951% | Best Test AUC:0.7610 | Best Test Sensitivity:0.8222 | Best Test Specificity:0.5946 | LR:0.0000392
[2023-08-17 09:47:02][Train.py][L163][INFO]Epoch[44/100] | Train Loss: 0.022 | Train Accuracy: 100.000% | Test Loss: 1.353 | Test Accuracy: 68.293% | Test AUC:0.7423 | Test Sen:0.6444 | Test Spe:0.7297 | Test F1:0.6829 | Test Recall:0.6829 | Test Precision:0.6829 | Best Test Accuracy: 71.951% | Best Test AUC:0.7610 | Best Test Sensitivity:0.8222 | Best Test Specificity:0.5946 | LR:0.0000382
[2023-08-17 09:47:04][Train.py][L163][INFO]Epoch[45/100] | Train Loss: 0.021 | Train Accuracy: 100.000% | Test Loss: 1.360 | Test Accuracy: 68.293% | Test AUC:0.7459 | Test Sen:0.6444 | Test Spe:0.7297 | Test F1:0.6829 | Test Recall:0.6829 | Test Precision:0.6829 | Best Test Accuracy: 71.951% | Best Test AUC:0.7610 | Best Test Sensitivity:0.8222 | Best Test Specificity:0.5946 | LR:0.0000372
[2023-08-17 09:47:06][Train.py][L163][INFO]Epoch[46/100] | Train Loss: 0.019 | Train Accuracy: 100.000% | Test Loss: 1.396 | Test Accuracy: 70.732% | Test AUC:0.7453 | Test Sen:0.6444 | Test Spe:0.7838 | Test F1:0.7073 | Test Recall:0.7073 | Test Precision:0.7073 | Best Test Accuracy: 71.951% | Best Test AUC:0.7610 | Best Test Sensitivity:0.8222 | Best Test Specificity:0.5946 | LR:0.0000362
[2023-08-17 09:47:08][Train.py][L163][INFO]Epoch[47/100] | Train Loss: 0.018 | Train Accuracy: 100.000% | Test Loss: 1.388 | Test Accuracy: 68.293% | Test AUC:0.7489 | Test Sen:0.6444 | Test Spe:0.7297 | Test F1:0.6829 | Test Recall:0.6829 | Test Precision:0.6829 | Best Test Accuracy: 71.951% | Best Test AUC:0.7610 | Best Test Sensitivity:0.8222 | Best Test Specificity:0.5946 | LR:0.0000353
[2023-08-17 09:47:10][Train.py][L163][INFO]Epoch[48/100] | Train Loss: 0.017 | Train Accuracy: 100.000% | Test Loss: 1.385 | Test Accuracy: 67.073% | Test AUC:0.7489 | Test Sen:0.6444 | Test Spe:0.7027 | Test F1:0.6707 | Test Recall:0.6707 | Test Precision:0.6707 | Best Test Accuracy: 71.951% | Best Test AUC:0.7610 | Best Test Sensitivity:0.8222 | Best Test Specificity:0.5946 | LR:0.0000343
[2023-08-17 09:47:12][Train.py][L163][INFO]Epoch[49/100] | Train Loss: 0.016 | Train Accuracy: 100.000% | Test Loss: 1.422 | Test Accuracy: 68.293% | Test AUC:0.7453 | Test Sen:0.6444 | Test Spe:0.7297 | Test F1:0.6829 | Test Recall:0.6829 | Test Precision:0.6829 | Best Test Accuracy: 71.951% | Best Test AUC:0.7610 | Best Test Sensitivity:0.8222 | Best Test Specificity:0.5946 | LR:0.0000334
[2023-08-17 09:47:14][Train.py][L163][INFO]Epoch[50/100] | Train Loss: 0.015 | Train Accuracy: 100.000% | Test Loss: 1.477 | Test Accuracy: 70.732% | Test AUC:0.7459 | Test Sen:0.6444 | Test Spe:0.7838 | Test F1:0.7073 | Test Recall:0.7073 | Test Precision:0.7073 | Best Test Accuracy: 71.951% | Best Test AUC:0.7610 | Best Test Sensitivity:0.8222 | Best Test Specificity:0.5946 | LR:0.0000325
[2023-08-17 09:47:15][Train.py][L163][INFO]Epoch[51/100] | Train Loss: 0.015 | Train Accuracy: 100.000% | Test Loss: 1.417 | Test Accuracy: 67.073% | Test AUC:0.7459 | Test Sen:0.6444 | Test Spe:0.7027 | Test F1:0.6707 | Test Recall:0.6707 | Test Precision:0.6707 | Best Test Accuracy: 71.951% | Best Test AUC:0.7610 | Best Test Sensitivity:0.8222 | Best Test Specificity:0.5946 | LR:0.0000316
[2023-08-17 09:47:17][Train.py][L163][INFO]Epoch[52/100] | Train Loss: 0.014 | Train Accuracy: 100.000% | Test Loss: 1.498 | Test Accuracy: 70.732% | Test AUC:0.7459 | Test Sen:0.6444 | Test Spe:0.7838 | Test F1:0.7073 | Test Recall:0.7073 | Test Precision:0.7073 | Best Test Accuracy: 71.951% | Best Test AUC:0.7610 | Best Test Sensitivity:0.8222 | Best Test Specificity:0.5946 | LR:0.0000307
[2023-08-17 09:47:19][Train.py][L163][INFO]Epoch[53/100] | Train Loss: 0.013 | Train Accuracy: 100.000% | Test Loss: 1.472 | Test Accuracy: 68.293% | Test AUC:0.7453 | Test Sen:0.6444 | Test Spe:0.7297 | Test F1:0.6829 | Test Recall:0.6829 | Test Precision:0.6829 | Best Test Accuracy: 71.951% | Best Test AUC:0.7610 | Best Test Sensitivity:0.8222 | Best Test Specificity:0.5946 | LR:0.0000299
[2023-08-17 09:47:21][Train.py][L163][INFO]Epoch[54/100] | Train Loss: 0.012 | Train Accuracy: 100.000% | Test Loss: 1.496 | Test Accuracy: 69.512% | Test AUC:0.7477 | Test Sen:0.6444 | Test Spe:0.7568 | Test F1:0.6951 | Test Recall:0.6951 | Test Precision:0.6951 | Best Test Accuracy: 71.951% | Best Test AUC:0.7610 | Best Test Sensitivity:0.8222 | Best Test Specificity:0.5946 | LR:0.0000290
[2023-08-17 09:47:23][Train.py][L163][INFO]Epoch[55/100] | Train Loss: 0.012 | Train Accuracy: 100.000% | Test Loss: 1.542 | Test Accuracy: 69.512% | Test AUC:0.7483 | Test Sen:0.6222 | Test Spe:0.7838 | Test F1:0.6951 | Test Recall:0.6951 | Test Precision:0.6951 | Best Test Accuracy: 71.951% | Best Test AUC:0.7610 | Best Test Sensitivity:0.8222 | Best Test Specificity:0.5946 | LR:0.0000282
[2023-08-17 09:47:25][Train.py][L163][INFO]Epoch[56/100] | Train Loss: 0.011 | Train Accuracy: 100.000% | Test Loss: 1.515 | Test Accuracy: 69.512% | Test AUC:0.7465 | Test Sen:0.6444 | Test Spe:0.7568 | Test F1:0.6951 | Test Recall:0.6951 | Test Precision:0.6951 | Best Test Accuracy: 71.951% | Best Test AUC:0.7610 | Best Test Sensitivity:0.8222 | Best Test Specificity:0.5946 | LR:0.0000274
[2023-08-17 09:47:27][Train.py][L163][INFO]Epoch[57/100] | Train Loss: 0.011 | Train Accuracy: 100.000% | Test Loss: 1.557 | Test Accuracy: 69.512% | Test AUC:0.7483 | Test Sen:0.6222 | Test Spe:0.7838 | Test F1:0.6951 | Test Recall:0.6951 | Test Precision:0.6951 | Best Test Accuracy: 71.951% | Best Test AUC:0.7610 | Best Test Sensitivity:0.8222 | Best Test Specificity:0.5946 | LR:0.0000266
[2023-08-17 09:47:29][Train.py][L163][INFO]Epoch[58/100] | Train Loss: 0.010 | Train Accuracy: 100.000% | Test Loss: 1.531 | Test Accuracy: 68.293% | Test AUC:0.7477 | Test Sen:0.6444 | Test Spe:0.7297 | Test F1:0.6829 | Test Recall:0.6829 | Test Precision:0.6829 | Best Test Accuracy: 71.951% | Best Test AUC:0.7610 | Best Test Sensitivity:0.8222 | Best Test Specificity:0.5946 | LR:0.0000259
[2023-08-17 09:47:31][Train.py][L163][INFO]Epoch[59/100] | Train Loss: 0.010 | Train Accuracy: 100.000% | Test Loss: 1.532 | Test Accuracy: 68.293% | Test AUC:0.7465 | Test Sen:0.6444 | Test Spe:0.7297 | Test F1:0.6829 | Test Recall:0.6829 | Test Precision:0.6829 | Best Test Accuracy: 71.951% | Best Test AUC:0.7610 | Best Test Sensitivity:0.8222 | Best Test Specificity:0.5946 | LR:0.0000251
[2023-08-17 09:47:33][Train.py][L163][INFO]Epoch[60/100] | Train Loss: 0.009 | Train Accuracy: 100.000% | Test Loss: 1.565 | Test Accuracy: 68.293% | Test AUC:0.7489 | Test Sen:0.6444 | Test Spe:0.7297 | Test F1:0.6829 | Test Recall:0.6829 | Test Precision:0.6829 | Best Test Accuracy: 71.951% | Best Test AUC:0.7610 | Best Test Sensitivity:0.8222 | Best Test Specificity:0.5946 | LR:0.0000244
[2023-08-17 09:47:34][Train.py][L163][INFO]Epoch[61/100] | Train Loss: 0.009 | Train Accuracy: 100.000% | Test Loss: 1.567 | Test Accuracy: 68.293% | Test AUC:0.7477 | Test Sen:0.6444 | Test Spe:0.7297 | Test F1:0.6829 | Test Recall:0.6829 | Test Precision:0.6829 | Best Test Accuracy: 71.951% | Best Test AUC:0.7610 | Best Test Sensitivity:0.8222 | Best Test Specificity:0.5946 | LR:0.0000237
[2023-08-17 09:47:36][Train.py][L163][INFO]Epoch[62/100] | Train Loss: 0.009 | Train Accuracy: 100.000% | Test Loss: 1.592 | Test Accuracy: 69.512% | Test AUC:0.7477 | Test Sen:0.6444 | Test Spe:0.7568 | Test F1:0.6951 | Test Recall:0.6951 | Test Precision:0.6951 | Best Test Accuracy: 71.951% | Best Test AUC:0.7610 | Best Test Sensitivity:0.8222 | Best Test Specificity:0.5946 | LR:0.0000230
[2023-08-17 09:47:38][Train.py][L163][INFO]Epoch[63/100] | Train Loss: 0.009 | Train Accuracy: 100.000% | Test Loss: 1.564 | Test Accuracy: 68.293% | Test AUC:0.7459 | Test Sen:0.6444 | Test Spe:0.7297 | Test F1:0.6829 | Test Recall:0.6829 | Test Precision:0.6829 | Best Test Accuracy: 71.951% | Best Test AUC:0.7610 | Best Test Sensitivity:0.8222 | Best Test Specificity:0.5946 | LR:0.0000223
[2023-08-17 09:47:40][Train.py][L163][INFO]Epoch[64/100] | Train Loss: 0.008 | Train Accuracy: 100.000% | Test Loss: 1.617 | Test Accuracy: 70.732% | Test AUC:0.7483 | Test Sen:0.6444 | Test Spe:0.7838 | Test F1:0.7073 | Test Recall:0.7073 | Test Precision:0.7073 | Best Test Accuracy: 71.951% | Best Test AUC:0.7610 | Best Test Sensitivity:0.8222 | Best Test Specificity:0.5946 | LR:0.0000217
[2023-08-17 09:47:42][Train.py][L163][INFO]Epoch[65/100] | Train Loss: 0.008 | Train Accuracy: 100.000% | Test Loss: 1.594 | Test Accuracy: 68.293% | Test AUC:0.7459 | Test Sen:0.6444 | Test Spe:0.7297 | Test F1:0.6829 | Test Recall:0.6829 | Test Precision:0.6829 | Best Test Accuracy: 71.951% | Best Test AUC:0.7610 | Best Test Sensitivity:0.8222 | Best Test Specificity:0.5946 | LR:0.0000210
[2023-08-17 09:47:44][Train.py][L163][INFO]Epoch[66/100] | Train Loss: 0.008 | Train Accuracy: 100.000% | Test Loss: 1.614 | Test Accuracy: 68.293% | Test AUC:0.7465 | Test Sen:0.6444 | Test Spe:0.7297 | Test F1:0.6829 | Test Recall:0.6829 | Test Precision:0.6829 | Best Test Accuracy: 71.951% | Best Test AUC:0.7610 | Best Test Sensitivity:0.8222 | Best Test Specificity:0.5946 | LR:0.0000204
[2023-08-17 09:47:46][Train.py][L163][INFO]Epoch[67/100] | Train Loss: 0.007 | Train Accuracy: 100.000% | Test Loss: 1.615 | Test Accuracy: 68.293% | Test AUC:0.7471 | Test Sen:0.6444 | Test Spe:0.7297 | Test F1:0.6829 | Test Recall:0.6829 | Test Precision:0.6829 | Best Test Accuracy: 71.951% | Best Test AUC:0.7610 | Best Test Sensitivity:0.8222 | Best Test Specificity:0.5946 | LR:0.0000198
[2023-08-17 09:47:48][Train.py][L163][INFO]Epoch[68/100] | Train Loss: 0.007 | Train Accuracy: 100.000% | Test Loss: 1.613 | Test Accuracy: 68.293% | Test AUC:0.7447 | Test Sen:0.6444 | Test Spe:0.7297 | Test F1:0.6829 | Test Recall:0.6829 | Test Precision:0.6829 | Best Test Accuracy: 71.951% | Best Test AUC:0.7610 | Best Test Sensitivity:0.8222 | Best Test Specificity:0.5946 | LR:0.0000192
[2023-08-17 09:47:50][Train.py][L163][INFO]Epoch[69/100] | Train Loss: 0.007 | Train Accuracy: 100.000% | Test Loss: 1.646 | Test Accuracy: 69.512% | Test AUC:0.7471 | Test Sen:0.6444 | Test Spe:0.7568 | Test F1:0.6951 | Test Recall:0.6951 | Test Precision:0.6951 | Best Test Accuracy: 71.951% | Best Test AUC:0.7610 | Best Test Sensitivity:0.8222 | Best Test Specificity:0.5946 | LR:0.0000186
[2023-08-17 09:47:52][Train.py][L163][INFO]Epoch[70/100] | Train Loss: 0.007 | Train Accuracy: 100.000% | Test Loss: 1.650 | Test Accuracy: 69.512% | Test AUC:0.7471 | Test Sen:0.6444 | Test Spe:0.7568 | Test F1:0.6951 | Test Recall:0.6951 | Test Precision:0.6951 | Best Test Accuracy: 71.951% | Best Test AUC:0.7610 | Best Test Sensitivity:0.8222 | Best Test Specificity:0.5946 | LR:0.0000181
[2023-08-17 09:47:54][Train.py][L163][INFO]Epoch[71/100] | Train Loss: 0.007 | Train Accuracy: 100.000% | Test Loss: 1.678 | Test Accuracy: 68.293% | Test AUC:0.7483 | Test Sen:0.6000 | Test Spe:0.7838 | Test F1:0.6829 | Test Recall:0.6829 | Test Precision:0.6829 | Best Test Accuracy: 71.951% | Best Test AUC:0.7610 | Best Test Sensitivity:0.8222 | Best Test Specificity:0.5946 | LR:0.0000176
[2023-08-17 09:47:55][Train.py][L163][INFO]Epoch[72/100] | Train Loss: 0.006 | Train Accuracy: 100.000% | Test Loss: 1.661 | Test Accuracy: 69.512% | Test AUC:0.7465 | Test Sen:0.6444 | Test Spe:0.7568 | Test F1:0.6951 | Test Recall:0.6951 | Test Precision:0.6951 | Best Test Accuracy: 71.951% | Best Test AUC:0.7610 | Best Test Sensitivity:0.8222 | Best Test Specificity:0.5946 | LR:0.0000171
[2023-08-17 09:47:57][Train.py][L163][INFO]Epoch[73/100] | Train Loss: 0.006 | Train Accuracy: 100.000% | Test Loss: 1.671 | Test Accuracy: 69.512% | Test AUC:0.7465 | Test Sen:0.6444 | Test Spe:0.7568 | Test F1:0.6951 | Test Recall:0.6951 | Test Precision:0.6951 | Best Test Accuracy: 71.951% | Best Test AUC:0.7610 | Best Test Sensitivity:0.8222 | Best Test Specificity:0.5946 | LR:0.0000166
[2023-08-17 09:47:59][Train.py][L163][INFO]Epoch[74/100] | Train Loss: 0.006 | Train Accuracy: 100.000% | Test Loss: 1.645 | Test Accuracy: 68.293% | Test AUC:0.7459 | Test Sen:0.6444 | Test Spe:0.7297 | Test F1:0.6829 | Test Recall:0.6829 | Test Precision:0.6829 | Best Test Accuracy: 71.951% | Best Test AUC:0.7610 | Best Test Sensitivity:0.8222 | Best Test Specificity:0.5946 | LR:0.0000161
[2023-08-17 09:48:01][Train.py][L163][INFO]Epoch[75/100] | Train Loss: 0.006 | Train Accuracy: 100.000% | Test Loss: 1.682 | Test Accuracy: 69.512% | Test AUC:0.7465 | Test Sen:0.6444 | Test Spe:0.7568 | Test F1:0.6951 | Test Recall:0.6951 | Test Precision:0.6951 | Best Test Accuracy: 71.951% | Best Test AUC:0.7610 | Best Test Sensitivity:0.8222 | Best Test Specificity:0.5946 | LR:0.0000156
[2023-08-17 09:48:03][Train.py][L163][INFO]Epoch[76/100] | Train Loss: 0.006 | Train Accuracy: 100.000% | Test Loss: 1.675 | Test Accuracy: 69.512% | Test AUC:0.7459 | Test Sen:0.6444 | Test Spe:0.7568 | Test F1:0.6951 | Test Recall:0.6951 | Test Precision:0.6951 | Best Test Accuracy: 71.951% | Best Test AUC:0.7610 | Best Test Sensitivity:0.8222 | Best Test Specificity:0.5946 | LR:0.0000152
[2023-08-17 09:48:05][Train.py][L163][INFO]Epoch[77/100] | Train Loss: 0.006 | Train Accuracy: 100.000% | Test Loss: 1.701 | Test Accuracy: 69.512% | Test AUC:0.7471 | Test Sen:0.6444 | Test Spe:0.7568 | Test F1:0.6951 | Test Recall:0.6951 | Test Precision:0.6951 | Best Test Accuracy: 71.951% | Best Test AUC:0.7610 | Best Test Sensitivity:0.8222 | Best Test Specificity:0.5946 | LR:0.0000148
[2023-08-17 09:48:07][Train.py][L163][INFO]Epoch[78/100] | Train Loss: 0.006 | Train Accuracy: 100.000% | Test Loss: 1.691 | Test Accuracy: 69.512% | Test AUC:0.7459 | Test Sen:0.6444 | Test Spe:0.7568 | Test F1:0.6951 | Test Recall:0.6951 | Test Precision:0.6951 | Best Test Accuracy: 71.951% | Best Test AUC:0.7610 | Best Test Sensitivity:0.8222 | Best Test Specificity:0.5946 | LR:0.0000144
[2023-08-17 09:48:09][Train.py][L163][INFO]Epoch[79/100] | Train Loss: 0.005 | Train Accuracy: 100.000% | Test Loss: 1.692 | Test Accuracy: 69.512% | Test AUC:0.7453 | Test Sen:0.6444 | Test Spe:0.7568 | Test F1:0.6951 | Test Recall:0.6951 | Test Precision:0.6951 | Best Test Accuracy: 71.951% | Best Test AUC:0.7610 | Best Test Sensitivity:0.8222 | Best Test Specificity:0.5946 | LR:0.0000140
[2023-08-17 09:48:11][Train.py][L163][INFO]Epoch[80/100] | Train Loss: 0.005 | Train Accuracy: 100.000% | Test Loss: 1.702 | Test Accuracy: 69.512% | Test AUC:0.7465 | Test Sen:0.6444 | Test Spe:0.7568 | Test F1:0.6951 | Test Recall:0.6951 | Test Precision:0.6951 | Best Test Accuracy: 71.951% | Best Test AUC:0.7610 | Best Test Sensitivity:0.8222 | Best Test Specificity:0.5946 | LR:0.0000136
[2023-08-17 09:48:13][Train.py][L163][INFO]Epoch[81/100] | Train Loss: 0.005 | Train Accuracy: 100.000% | Test Loss: 1.747 | Test Accuracy: 68.293% | Test AUC:0.7483 | Test Sen:0.6000 | Test Spe:0.7838 | Test F1:0.6829 | Test Recall:0.6829 | Test Precision:0.6829 | Best Test Accuracy: 71.951% | Best Test AUC:0.7610 | Best Test Sensitivity:0.8222 | Best Test Specificity:0.5946 | LR:0.0000132
[2023-08-17 09:48:15][Train.py][L163][INFO]Epoch[82/100] | Train Loss: 0.005 | Train Accuracy: 100.000% | Test Loss: 1.715 | Test Accuracy: 69.512% | Test AUC:0.7465 | Test Sen:0.6444 | Test Spe:0.7568 | Test F1:0.6951 | Test Recall:0.6951 | Test Precision:0.6951 | Best Test Accuracy: 71.951% | Best Test AUC:0.7610 | Best Test Sensitivity:0.8222 | Best Test Specificity:0.5946 | LR:0.0000129
[2023-08-17 09:48:17][Train.py][L163][INFO]Epoch[83/100] | Train Loss: 0.005 | Train Accuracy: 100.000% | Test Loss: 1.752 | Test Accuracy: 68.293% | Test AUC:0.7471 | Test Sen:0.6000 | Test Spe:0.7838 | Test F1:0.6829 | Test Recall:0.6829 | Test Precision:0.6829 | Best Test Accuracy: 71.951% | Best Test AUC:0.7610 | Best Test Sensitivity:0.8222 | Best Test Specificity:0.5946 | LR:0.0000126
[2023-08-17 09:48:18][Train.py][L163][INFO]Epoch[84/100] | Train Loss: 0.005 | Train Accuracy: 100.000% | Test Loss: 1.710 | Test Accuracy: 69.512% | Test AUC:0.7471 | Test Sen:0.6444 | Test Spe:0.7568 | Test F1:0.6951 | Test Recall:0.6951 | Test Precision:0.6951 | Best Test Accuracy: 71.951% | Best Test AUC:0.7610 | Best Test Sensitivity:0.8222 | Best Test Specificity:0.5946 | LR:0.0000123
[2023-08-17 09:48:20][Train.py][L163][INFO]Epoch[85/100] | Train Loss: 0.005 | Train Accuracy: 100.000% | Test Loss: 1.737 | Test Accuracy: 67.073% | Test AUC:0.7453 | Test Sen:0.6000 | Test Spe:0.7568 | Test F1:0.6707 | Test Recall:0.6707 | Test Precision:0.6707 | Best Test Accuracy: 71.951% | Best Test AUC:0.7610 | Best Test Sensitivity:0.8222 | Best Test Specificity:0.5946 | LR:0.0000120
[2023-08-17 09:48:22][Train.py][L163][INFO]Epoch[86/100] | Train Loss: 0.005 | Train Accuracy: 100.000% | Test Loss: 1.737 | Test Accuracy: 69.512% | Test AUC:0.7465 | Test Sen:0.6444 | Test Spe:0.7568 | Test F1:0.6951 | Test Recall:0.6951 | Test Precision:0.6951 | Best Test Accuracy: 71.951% | Best Test AUC:0.7610 | Best Test Sensitivity:0.8222 | Best Test Specificity:0.5946 | LR:0.0000118
[2023-08-17 09:48:24][Train.py][L163][INFO]Epoch[87/100] | Train Loss: 0.005 | Train Accuracy: 100.000% | Test Loss: 1.741 | Test Accuracy: 69.512% | Test AUC:0.7465 | Test Sen:0.6444 | Test Spe:0.7568 | Test F1:0.6951 | Test Recall:0.6951 | Test Precision:0.6951 | Best Test Accuracy: 71.951% | Best Test AUC:0.7610 | Best Test Sensitivity:0.8222 | Best Test Specificity:0.5946 | LR:0.0000115
[2023-08-17 09:48:26][Train.py][L163][INFO]Epoch[88/100] | Train Loss: 0.005 | Train Accuracy: 100.000% | Test Loss: 1.761 | Test Accuracy: 67.073% | Test AUC:0.7465 | Test Sen:0.6000 | Test Spe:0.7568 | Test F1:0.6707 | Test Recall:0.6707 | Test Precision:0.6707 | Best Test Accuracy: 71.951% | Best Test AUC:0.7610 | Best Test Sensitivity:0.8222 | Best Test Specificity:0.5946 | LR:0.0000113
[2023-08-17 09:48:28][Train.py][L163][INFO]Epoch[89/100] | Train Loss: 0.004 | Train Accuracy: 100.000% | Test Loss: 1.752 | Test Accuracy: 69.512% | Test AUC:0.7465 | Test Sen:0.6444 | Test Spe:0.7568 | Test F1:0.6951 | Test Recall:0.6951 | Test Precision:0.6951 | Best Test Accuracy: 71.951% | Best Test AUC:0.7610 | Best Test Sensitivity:0.8222 | Best Test Specificity:0.5946 | LR:0.0000111
[2023-08-17 09:48:30][Train.py][L163][INFO]Epoch[90/100] | Train Loss: 0.004 | Train Accuracy: 100.000% | Test Loss: 1.759 | Test Accuracy: 68.293% | Test AUC:0.7453 | Test Sen:0.6222 | Test Spe:0.7568 | Test F1:0.6829 | Test Recall:0.6829 | Test Precision:0.6829 | Best Test Accuracy: 71.951% | Best Test AUC:0.7610 | Best Test Sensitivity:0.8222 | Best Test Specificity:0.5946 | LR:0.0000109
[2023-08-17 09:48:32][Train.py][L163][INFO]Epoch[91/100] | Train Loss: 0.004 | Train Accuracy: 100.000% | Test Loss: 1.752 | Test Accuracy: 69.512% | Test AUC:0.7459 | Test Sen:0.6444 | Test Spe:0.7568 | Test F1:0.6951 | Test Recall:0.6951 | Test Precision:0.6951 | Best Test Accuracy: 71.951% | Best Test AUC:0.7610 | Best Test Sensitivity:0.8222 | Best Test Specificity:0.5946 | LR:0.0000107
[2023-08-17 09:48:34][Train.py][L163][INFO]Epoch[92/100] | Train Loss: 0.004 | Train Accuracy: 100.000% | Test Loss: 1.777 | Test Accuracy: 67.073% | Test AUC:0.7459 | Test Sen:0.6000 | Test Spe:0.7568 | Test F1:0.6707 | Test Recall:0.6707 | Test Precision:0.6707 | Best Test Accuracy: 71.951% | Best Test AUC:0.7610 | Best Test Sensitivity:0.8222 | Best Test Specificity:0.5946 | LR:0.0000106
[2023-08-17 09:48:36][Train.py][L163][INFO]Epoch[93/100] | Train Loss: 0.004 | Train Accuracy: 100.000% | Test Loss: 1.789 | Test Accuracy: 67.073% | Test AUC:0.7459 | Test Sen:0.6000 | Test Spe:0.7568 | Test F1:0.6707 | Test Recall:0.6707 | Test Precision:0.6707 | Best Test Accuracy: 71.951% | Best Test AUC:0.7610 | Best Test Sensitivity:0.8222 | Best Test Specificity:0.5946 | LR:0.0000104
[2023-08-17 09:48:37][Train.py][L163][INFO]Epoch[94/100] | Train Loss: 0.004 | Train Accuracy: 100.000% | Test Loss: 1.766 | Test Accuracy: 68.293% | Test AUC:0.7465 | Test Sen:0.6222 | Test Spe:0.7568 | Test F1:0.6829 | Test Recall:0.6829 | Test Precision:0.6829 | Best Test Accuracy: 71.951% | Best Test AUC:0.7610 | Best Test Sensitivity:0.8222 | Best Test Specificity:0.5946 | LR:0.0000103
[2023-08-17 09:48:39][Train.py][L163][INFO]Epoch[95/100] | Train Loss: 0.004 | Train Accuracy: 100.000% | Test Loss: 1.781 | Test Accuracy: 68.293% | Test AUC:0.7453 | Test Sen:0.6222 | Test Spe:0.7568 | Test F1:0.6829 | Test Recall:0.6829 | Test Precision:0.6829 | Best Test Accuracy: 71.951% | Best Test AUC:0.7610 | Best Test Sensitivity:0.8222 | Best Test Specificity:0.5946 | LR:0.0000102
[2023-08-17 09:48:41][Train.py][L163][INFO]Epoch[96/100] | Train Loss: 0.004 | Train Accuracy: 100.000% | Test Loss: 1.796 | Test Accuracy: 67.073% | Test AUC:0.7471 | Test Sen:0.6000 | Test Spe:0.7568 | Test F1:0.6707 | Test Recall:0.6707 | Test Precision:0.6707 | Best Test Accuracy: 71.951% | Best Test AUC:0.7610 | Best Test Sensitivity:0.8222 | Best Test Specificity:0.5946 | LR:0.0000101
[2023-08-17 09:48:43][Train.py][L163][INFO]Epoch[97/100] | Train Loss: 0.004 | Train Accuracy: 100.000% | Test Loss: 1.786 | Test Accuracy: 68.293% | Test AUC:0.7459 | Test Sen:0.6222 | Test Spe:0.7568 | Test F1:0.6829 | Test Recall:0.6829 | Test Precision:0.6829 | Best Test Accuracy: 71.951% | Best Test AUC:0.7610 | Best Test Sensitivity:0.8222 | Best Test Specificity:0.5946 | LR:0.0000101
[2023-08-17 09:48:45][Train.py][L163][INFO]Epoch[98/100] | Train Loss: 0.004 | Train Accuracy: 100.000% | Test Loss: 1.791 | Test Accuracy: 68.293% | Test AUC:0.7459 | Test Sen:0.6222 | Test Spe:0.7568 | Test F1:0.6829 | Test Recall:0.6829 | Test Precision:0.6829 | Best Test Accuracy: 71.951% | Best Test AUC:0.7610 | Best Test Sensitivity:0.8222 | Best Test Specificity:0.5946 | LR:0.0000100
[2023-08-17 09:48:47][Train.py][L163][INFO]Epoch[99/100] | Train Loss: 0.004 | Train Accuracy: 100.000% | Test Loss: 1.786 | Test Accuracy: 68.293% | Test AUC:0.7459 | Test Sen:0.6222 | Test Spe:0.7568 | Test F1:0.6829 | Test Recall:0.6829 | Test Precision:0.6829 | Best Test Accuracy: 71.951% | Best Test AUC:0.7610 | Best Test Sensitivity:0.8222 | Best Test Specificity:0.5946 | LR:0.0000100
[2023-08-17 09:48:49][Train.py][L163][INFO]Epoch[100/100] | Train Loss: 0.004 | Train Accuracy: 100.000% | Test Loss: 1.814 | Test Accuracy: 67.073% | Test AUC:0.7471 | Test Sen:0.6000 | Test Spe:0.7568 | Test F1:0.6707 | Test Recall:0.6707 | Test Precision:0.6707 | Best Test Accuracy: 71.951% | Best Test AUC:0.7610 | Best Test Sensitivity:0.8222 | Best Test Specificity:0.5946 | LR:0.0000100
[2023-08-17 09:49:00][__main__.py][L41][INFO]dataset:
  name: fc_large
  batch_size: 16
  train_set: 0.9
  test_set: 0.1
  fc_path: /mnt/ssd1/mehul_data/research/fc_large_data.npy
  node_sz: 400
  node_feature_sz: 400
  num_classes: 2
  perc_edges: 100
  node: fc
model:
  name: GAT
  num_layers: 2
  hidden_size: 64
  dropout: 0.5
  readout: mean
optimizer:
- name: Adam
  lr: 0.0001
  match_rule: None
  except_rule: None
  no_weight_decay: false
  weight_decay: 0.0001
  lr_scheduler:
    mode: poly
    base_lr: 0.0001
    target_lr: 1.0e-05
    decay_factor: 0.1
    milestones:
    - 0.3
    - 0.6
    - 0.9
    poly_power: 2.0
    lr_decay: 0.98
    warm_up_from: 0.0
    warm_up_steps: 0
training:
  name: Train
  epochs: 100
  l2: 0.0
log_path: result
repeat_time: 2
device: cuda:0
is_wandb: true
project: asd-graph
steps_per_epoch: 46.0
total_steps: 4600.0

[2023-08-17 09:49:00][__init__.py][L15][INFO]cfg.dataset.name: fc_large
[2023-08-17 09:49:08][optimizer.py][L66][INFO]Parameters [normal] length [12]
[2023-08-17 09:49:08][__init__.py][L25][INFO]Training: Train
[2023-08-17 09:49:08][Train.py][L35][INFO]#model params: 1668609
[2023-08-17 09:49:10][Train.py][L163][INFO]Epoch[1/100] | Train Loss: 0.702 | Train Accuracy: 53.014% | Test Loss: 0.646 | Test Accuracy: 62.195% | Test AUC:0.6895 | Test Sen:0.9111 | Test Spe:0.2703 | Test F1:0.6220 | Test Recall:0.6220 | Test Precision:0.6220 | Best Test Accuracy: 62.195% | Best Test AUC:0.6895 | Best Test Sensitivity:0.9111 | Best Test Specificity:0.2703 | LR:0.0000982
[2023-08-17 09:49:12][Train.py][L163][INFO]Epoch[2/100] | Train Loss: 0.668 | Train Accuracy: 60.685% | Test Loss: 0.651 | Test Accuracy: 60.976% | Test AUC:0.6853 | Test Sen:0.4889 | Test Spe:0.7568 | Test F1:0.6098 | Test Recall:0.6098 | Test Precision:0.6098 | Best Test Accuracy: 62.195% | Best Test AUC:0.6895 | Best Test Sensitivity:0.9111 | Best Test Specificity:0.2703 | LR:0.0000964
[2023-08-17 09:49:13][Train.py][L163][INFO]Epoch[3/100] | Train Loss: 0.627 | Train Accuracy: 67.260% | Test Loss: 0.656 | Test Accuracy: 60.976% | Test AUC:0.6589 | Test Sen:0.5111 | Test Spe:0.7297 | Test F1:0.6098 | Test Recall:0.6098 | Test Precision:0.6098 | Best Test Accuracy: 62.195% | Best Test AUC:0.6895 | Best Test Sensitivity:0.9111 | Best Test Specificity:0.2703 | LR:0.0000947
[2023-08-17 09:49:15][Train.py][L163][INFO]Epoch[4/100] | Train Loss: 0.599 | Train Accuracy: 68.767% | Test Loss: 0.686 | Test Accuracy: 59.756% | Test AUC:0.6619 | Test Sen:0.4000 | Test Spe:0.8378 | Test F1:0.5976 | Test Recall:0.5976 | Test Precision:0.5976 | Best Test Accuracy: 62.195% | Best Test AUC:0.6895 | Best Test Sensitivity:0.9111 | Best Test Specificity:0.2703 | LR:0.0000929
[2023-08-17 09:49:17][Train.py][L163][INFO]Epoch[5/100] | Train Loss: 0.573 | Train Accuracy: 70.274% | Test Loss: 0.643 | Test Accuracy: 63.415% | Test AUC:0.6721 | Test Sen:0.6000 | Test Spe:0.6757 | Test F1:0.6341 | Test Recall:0.6341 | Test Precision:0.6341 | Best Test Accuracy: 63.415% | Best Test AUC:0.6721 | Best Test Sensitivity:0.6000 | Best Test Specificity:0.6757 | LR:0.0000912
[2023-08-17 09:49:18][Train.py][L163][INFO]Epoch[6/100] | Train Loss: 0.551 | Train Accuracy: 70.822% | Test Loss: 0.650 | Test Accuracy: 59.756% | Test AUC:0.6925 | Test Sen:0.5556 | Test Spe:0.6486 | Test F1:0.5976 | Test Recall:0.5976 | Test Precision:0.5976 | Best Test Accuracy: 63.415% | Best Test AUC:0.6721 | Best Test Sensitivity:0.6000 | Best Test Specificity:0.6757 | LR:0.0000895
[2023-08-17 09:49:20][Train.py][L163][INFO]Epoch[7/100] | Train Loss: 0.510 | Train Accuracy: 74.521% | Test Loss: 0.684 | Test Accuracy: 60.976% | Test AUC:0.6685 | Test Sen:0.5556 | Test Spe:0.6757 | Test F1:0.6098 | Test Recall:0.6098 | Test Precision:0.6098 | Best Test Accuracy: 63.415% | Best Test AUC:0.6721 | Best Test Sensitivity:0.6000 | Best Test Specificity:0.6757 | LR:0.0000878
[2023-08-17 09:49:22][Train.py][L163][INFO]Epoch[8/100] | Train Loss: 0.479 | Train Accuracy: 78.904% | Test Loss: 0.708 | Test Accuracy: 62.195% | Test AUC:0.6649 | Test Sen:0.6000 | Test Spe:0.6486 | Test F1:0.6220 | Test Recall:0.6220 | Test Precision:0.6220 | Best Test Accuracy: 63.415% | Best Test AUC:0.6721 | Best Test Sensitivity:0.6000 | Best Test Specificity:0.6757 | LR:0.0000862
[2023-08-17 09:49:23][Train.py][L163][INFO]Epoch[9/100] | Train Loss: 0.459 | Train Accuracy: 80.000% | Test Loss: 0.717 | Test Accuracy: 63.415% | Test AUC:0.6679 | Test Sen:0.6222 | Test Spe:0.6486 | Test F1:0.6341 | Test Recall:0.6341 | Test Precision:0.6341 | Best Test Accuracy: 63.415% | Best Test AUC:0.6721 | Best Test Sensitivity:0.6000 | Best Test Specificity:0.6757 | LR:0.0000845
[2023-08-17 09:49:25][Train.py][L163][INFO]Epoch[10/100] | Train Loss: 0.415 | Train Accuracy: 82.740% | Test Loss: 0.782 | Test Accuracy: 59.756% | Test AUC:0.6607 | Test Sen:0.5333 | Test Spe:0.6757 | Test F1:0.5976 | Test Recall:0.5976 | Test Precision:0.5976 | Best Test Accuracy: 63.415% | Best Test AUC:0.6721 | Best Test Sensitivity:0.6000 | Best Test Specificity:0.6757 | LR:0.0000829
[2023-08-17 09:49:27][Train.py][L163][INFO]Epoch[11/100] | Train Loss: 0.388 | Train Accuracy: 84.658% | Test Loss: 0.921 | Test Accuracy: 53.659% | Test AUC:0.6414 | Test Sen:0.3333 | Test Spe:0.7838 | Test F1:0.5366 | Test Recall:0.5366 | Test Precision:0.5366 | Best Test Accuracy: 63.415% | Best Test AUC:0.6721 | Best Test Sensitivity:0.6000 | Best Test Specificity:0.6757 | LR:0.0000813
[2023-08-17 09:49:28][Train.py][L163][INFO]Epoch[12/100] | Train Loss: 0.368 | Train Accuracy: 84.795% | Test Loss: 0.927 | Test Accuracy: 57.317% | Test AUC:0.6468 | Test Sen:0.4222 | Test Spe:0.7568 | Test F1:0.5732 | Test Recall:0.5732 | Test Precision:0.5732 | Best Test Accuracy: 63.415% | Best Test AUC:0.6721 | Best Test Sensitivity:0.6000 | Best Test Specificity:0.6757 | LR:0.0000797
[2023-08-17 09:49:30][Train.py][L163][INFO]Epoch[13/100] | Train Loss: 0.341 | Train Accuracy: 85.753% | Test Loss: 0.902 | Test Accuracy: 60.976% | Test AUC:0.6348 | Test Sen:0.5333 | Test Spe:0.7027 | Test F1:0.6098 | Test Recall:0.6098 | Test Precision:0.6098 | Best Test Accuracy: 63.415% | Best Test AUC:0.6721 | Best Test Sensitivity:0.6000 | Best Test Specificity:0.6757 | LR:0.0000781
[2023-08-17 09:49:32][Train.py][L163][INFO]Epoch[14/100] | Train Loss: 0.304 | Train Accuracy: 88.356% | Test Loss: 0.998 | Test Accuracy: 53.659% | Test AUC:0.6384 | Test Sen:0.4000 | Test Spe:0.7027 | Test F1:0.5366 | Test Recall:0.5366 | Test Precision:0.5366 | Best Test Accuracy: 63.415% | Best Test AUC:0.6721 | Best Test Sensitivity:0.6000 | Best Test Specificity:0.6757 | LR:0.0000766
[2023-08-17 09:49:33][Train.py][L163][INFO]Epoch[15/100] | Train Loss: 0.277 | Train Accuracy: 90.000% | Test Loss: 0.983 | Test Accuracy: 58.537% | Test AUC:0.6390 | Test Sen:0.5778 | Test Spe:0.5946 | Test F1:0.5854 | Test Recall:0.5854 | Test Precision:0.5854 | Best Test Accuracy: 63.415% | Best Test AUC:0.6721 | Best Test Sensitivity:0.6000 | Best Test Specificity:0.6757 | LR:0.0000750
[2023-08-17 09:49:35][Train.py][L163][INFO]Epoch[16/100] | Train Loss: 0.255 | Train Accuracy: 91.507% | Test Loss: 1.039 | Test Accuracy: 58.537% | Test AUC:0.6300 | Test Sen:0.6222 | Test Spe:0.5405 | Test F1:0.5854 | Test Recall:0.5854 | Test Precision:0.5854 | Best Test Accuracy: 63.415% | Best Test AUC:0.6721 | Best Test Sensitivity:0.6000 | Best Test Specificity:0.6757 | LR:0.0000735
[2023-08-17 09:49:37][Train.py][L163][INFO]Epoch[17/100] | Train Loss: 0.239 | Train Accuracy: 91.233% | Test Loss: 1.151 | Test Accuracy: 54.878% | Test AUC:0.6108 | Test Sen:0.5111 | Test Spe:0.5946 | Test F1:0.5488 | Test Recall:0.5488 | Test Precision:0.5488 | Best Test Accuracy: 63.415% | Best Test AUC:0.6721 | Best Test Sensitivity:0.6000 | Best Test Specificity:0.6757 | LR:0.0000720
[2023-08-17 09:49:38][Train.py][L163][INFO]Epoch[18/100] | Train Loss: 0.212 | Train Accuracy: 93.425% | Test Loss: 1.181 | Test Accuracy: 54.878% | Test AUC:0.6222 | Test Sen:0.5111 | Test Spe:0.5946 | Test F1:0.5488 | Test Recall:0.5488 | Test Precision:0.5488 | Best Test Accuracy: 63.415% | Best Test AUC:0.6721 | Best Test Sensitivity:0.6000 | Best Test Specificity:0.6757 | LR:0.0000705
[2023-08-17 09:49:40][Train.py][L163][INFO]Epoch[19/100] | Train Loss: 0.192 | Train Accuracy: 94.247% | Test Loss: 1.209 | Test Accuracy: 57.317% | Test AUC:0.6156 | Test Sen:0.6000 | Test Spe:0.5405 | Test F1:0.5732 | Test Recall:0.5732 | Test Precision:0.5732 | Best Test Accuracy: 63.415% | Best Test AUC:0.6721 | Best Test Sensitivity:0.6000 | Best Test Specificity:0.6757 | LR:0.0000690
[2023-08-17 09:49:42][Train.py][L163][INFO]Epoch[20/100] | Train Loss: 0.173 | Train Accuracy: 94.384% | Test Loss: 1.406 | Test Accuracy: 52.439% | Test AUC:0.6042 | Test Sen:0.4222 | Test Spe:0.6486 | Test F1:0.5244 | Test Recall:0.5244 | Test Precision:0.5244 | Best Test Accuracy: 63.415% | Best Test AUC:0.6721 | Best Test Sensitivity:0.6000 | Best Test Specificity:0.6757 | LR:0.0000676
[2023-08-17 09:49:43][Train.py][L163][INFO]Epoch[21/100] | Train Loss: 0.151 | Train Accuracy: 95.890% | Test Loss: 1.367 | Test Accuracy: 53.659% | Test AUC:0.6138 | Test Sen:0.5556 | Test Spe:0.5135 | Test F1:0.5366 | Test Recall:0.5366 | Test Precision:0.5366 | Best Test Accuracy: 63.415% | Best Test AUC:0.6721 | Best Test Sensitivity:0.6000 | Best Test Specificity:0.6757 | LR:0.0000662
[2023-08-17 09:49:45][Train.py][L163][INFO]Epoch[22/100] | Train Loss: 0.141 | Train Accuracy: 96.712% | Test Loss: 1.534 | Test Accuracy: 52.439% | Test AUC:0.6024 | Test Sen:0.4444 | Test Spe:0.6216 | Test F1:0.5244 | Test Recall:0.5244 | Test Precision:0.5244 | Best Test Accuracy: 63.415% | Best Test AUC:0.6721 | Best Test Sensitivity:0.6000 | Best Test Specificity:0.6757 | LR:0.0000648
[2023-08-17 09:49:47][Train.py][L163][INFO]Epoch[23/100] | Train Loss: 0.121 | Train Accuracy: 96.986% | Test Loss: 1.606 | Test Accuracy: 52.439% | Test AUC:0.6084 | Test Sen:0.4222 | Test Spe:0.6486 | Test F1:0.5244 | Test Recall:0.5244 | Test Precision:0.5244 | Best Test Accuracy: 63.415% | Best Test AUC:0.6721 | Best Test Sensitivity:0.6000 | Best Test Specificity:0.6757 | LR:0.0000634
[2023-08-17 09:49:48][Train.py][L163][INFO]Epoch[24/100] | Train Loss: 0.107 | Train Accuracy: 97.945% | Test Loss: 1.735 | Test Accuracy: 51.220% | Test AUC:0.6030 | Test Sen:0.4000 | Test Spe:0.6486 | Test F1:0.5122 | Test Recall:0.5122 | Test Precision:0.5122 | Best Test Accuracy: 63.415% | Best Test AUC:0.6721 | Best Test Sensitivity:0.6000 | Best Test Specificity:0.6757 | LR:0.0000620
[2023-08-17 09:49:50][Train.py][L163][INFO]Epoch[25/100] | Train Loss: 0.094 | Train Accuracy: 98.219% | Test Loss: 1.791 | Test Accuracy: 48.780% | Test AUC:0.5964 | Test Sen:0.3778 | Test Spe:0.6216 | Test F1:0.4878 | Test Recall:0.4878 | Test Precision:0.4878 | Best Test Accuracy: 63.415% | Best Test AUC:0.6721 | Best Test Sensitivity:0.6000 | Best Test Specificity:0.6757 | LR:0.0000606
[2023-08-17 09:49:52][Train.py][L163][INFO]Epoch[26/100] | Train Loss: 0.081 | Train Accuracy: 99.041% | Test Loss: 1.717 | Test Accuracy: 53.659% | Test AUC:0.6042 | Test Sen:0.5111 | Test Spe:0.5676 | Test F1:0.5366 | Test Recall:0.5366 | Test Precision:0.5366 | Best Test Accuracy: 63.415% | Best Test AUC:0.6721 | Best Test Sensitivity:0.6000 | Best Test Specificity:0.6757 | LR:0.0000593
[2023-08-17 09:49:53][Train.py][L163][INFO]Epoch[27/100] | Train Loss: 0.076 | Train Accuracy: 98.904% | Test Loss: 1.825 | Test Accuracy: 53.659% | Test AUC:0.5982 | Test Sen:0.5111 | Test Spe:0.5676 | Test F1:0.5366 | Test Recall:0.5366 | Test Precision:0.5366 | Best Test Accuracy: 63.415% | Best Test AUC:0.6721 | Best Test Sensitivity:0.6000 | Best Test Specificity:0.6757 | LR:0.0000580
[2023-08-17 09:49:55][Train.py][L163][INFO]Epoch[28/100] | Train Loss: 0.065 | Train Accuracy: 99.452% | Test Loss: 1.864 | Test Accuracy: 52.439% | Test AUC:0.6000 | Test Sen:0.5111 | Test Spe:0.5405 | Test F1:0.5244 | Test Recall:0.5244 | Test Precision:0.5244 | Best Test Accuracy: 63.415% | Best Test AUC:0.6721 | Best Test Sensitivity:0.6000 | Best Test Specificity:0.6757 | LR:0.0000567
[2023-08-17 09:49:57][Train.py][L163][INFO]Epoch[29/100] | Train Loss: 0.057 | Train Accuracy: 99.452% | Test Loss: 2.106 | Test Accuracy: 48.780% | Test AUC:0.5946 | Test Sen:0.3778 | Test Spe:0.6216 | Test F1:0.4878 | Test Recall:0.4878 | Test Precision:0.4878 | Best Test Accuracy: 63.415% | Best Test AUC:0.6721 | Best Test Sensitivity:0.6000 | Best Test Specificity:0.6757 | LR:0.0000554
[2023-08-17 09:49:59][Train.py][L163][INFO]Epoch[30/100] | Train Loss: 0.052 | Train Accuracy: 99.315% | Test Loss: 2.100 | Test Accuracy: 53.659% | Test AUC:0.5922 | Test Sen:0.4889 | Test Spe:0.5946 | Test F1:0.5366 | Test Recall:0.5366 | Test Precision:0.5366 | Best Test Accuracy: 63.415% | Best Test AUC:0.6721 | Best Test Sensitivity:0.6000 | Best Test Specificity:0.6757 | LR:0.0000541
[2023-08-17 09:50:00][Train.py][L163][INFO]Epoch[31/100] | Train Loss: 0.045 | Train Accuracy: 99.589% | Test Loss: 2.112 | Test Accuracy: 54.878% | Test AUC:0.5940 | Test Sen:0.5111 | Test Spe:0.5946 | Test F1:0.5488 | Test Recall:0.5488 | Test Precision:0.5488 | Best Test Accuracy: 63.415% | Best Test AUC:0.6721 | Best Test Sensitivity:0.6000 | Best Test Specificity:0.6757 | LR:0.0000528
[2023-08-17 09:50:02][Train.py][L163][INFO]Epoch[32/100] | Train Loss: 0.040 | Train Accuracy: 99.863% | Test Loss: 2.173 | Test Accuracy: 53.659% | Test AUC:0.5952 | Test Sen:0.4889 | Test Spe:0.5946 | Test F1:0.5366 | Test Recall:0.5366 | Test Precision:0.5366 | Best Test Accuracy: 63.415% | Best Test AUC:0.6721 | Best Test Sensitivity:0.6000 | Best Test Specificity:0.6757 | LR:0.0000516
[2023-08-17 09:50:04][Train.py][L163][INFO]Epoch[33/100] | Train Loss: 0.035 | Train Accuracy: 100.000% | Test Loss: 2.238 | Test Accuracy: 53.659% | Test AUC:0.5940 | Test Sen:0.4889 | Test Spe:0.5946 | Test F1:0.5366 | Test Recall:0.5366 | Test Precision:0.5366 | Best Test Accuracy: 63.415% | Best Test AUC:0.6721 | Best Test Sensitivity:0.6000 | Best Test Specificity:0.6757 | LR:0.0000504
[2023-08-17 09:50:05][Train.py][L163][INFO]Epoch[34/100] | Train Loss: 0.032 | Train Accuracy: 99.863% | Test Loss: 2.248 | Test Accuracy: 53.659% | Test AUC:0.5928 | Test Sen:0.5111 | Test Spe:0.5676 | Test F1:0.5366 | Test Recall:0.5366 | Test Precision:0.5366 | Best Test Accuracy: 63.415% | Best Test AUC:0.6721 | Best Test Sensitivity:0.6000 | Best Test Specificity:0.6757 | LR:0.0000492
[2023-08-17 09:50:07][Train.py][L163][INFO]Epoch[35/100] | Train Loss: 0.028 | Train Accuracy: 100.000% | Test Loss: 2.352 | Test Accuracy: 54.878% | Test AUC:0.5916 | Test Sen:0.5111 | Test Spe:0.5946 | Test F1:0.5488 | Test Recall:0.5488 | Test Precision:0.5488 | Best Test Accuracy: 63.415% | Best Test AUC:0.6721 | Best Test Sensitivity:0.6000 | Best Test Specificity:0.6757 | LR:0.0000480
[2023-08-17 09:50:09][Train.py][L163][INFO]Epoch[36/100] | Train Loss: 0.027 | Train Accuracy: 99.863% | Test Loss: 2.374 | Test Accuracy: 53.659% | Test AUC:0.5934 | Test Sen:0.5111 | Test Spe:0.5676 | Test F1:0.5366 | Test Recall:0.5366 | Test Precision:0.5366 | Best Test Accuracy: 63.415% | Best Test AUC:0.6721 | Best Test Sensitivity:0.6000 | Best Test Specificity:0.6757 | LR:0.0000469
[2023-08-17 09:50:10][Train.py][L163][INFO]Epoch[37/100] | Train Loss: 0.025 | Train Accuracy: 100.000% | Test Loss: 2.446 | Test Accuracy: 54.878% | Test AUC:0.5922 | Test Sen:0.5111 | Test Spe:0.5946 | Test F1:0.5488 | Test Recall:0.5488 | Test Precision:0.5488 | Best Test Accuracy: 63.415% | Best Test AUC:0.6721 | Best Test Sensitivity:0.6000 | Best Test Specificity:0.6757 | LR:0.0000457
[2023-08-17 09:50:12][Train.py][L163][INFO]Epoch[38/100] | Train Loss: 0.022 | Train Accuracy: 100.000% | Test Loss: 2.486 | Test Accuracy: 54.878% | Test AUC:0.5928 | Test Sen:0.5111 | Test Spe:0.5946 | Test F1:0.5488 | Test Recall:0.5488 | Test Precision:0.5488 | Best Test Accuracy: 63.415% | Best Test AUC:0.6721 | Best Test Sensitivity:0.6000 | Best Test Specificity:0.6757 | LR:0.0000446
[2023-08-17 09:50:14][Train.py][L163][INFO]Epoch[39/100] | Train Loss: 0.020 | Train Accuracy: 100.000% | Test Loss: 2.572 | Test Accuracy: 52.439% | Test AUC:0.5910 | Test Sen:0.4667 | Test Spe:0.5946 | Test F1:0.5244 | Test Recall:0.5244 | Test Precision:0.5244 | Best Test Accuracy: 63.415% | Best Test AUC:0.6721 | Best Test Sensitivity:0.6000 | Best Test Specificity:0.6757 | LR:0.0000435
[2023-08-17 09:50:15][Train.py][L163][INFO]Epoch[40/100] | Train Loss: 0.018 | Train Accuracy: 100.000% | Test Loss: 2.572 | Test Accuracy: 54.878% | Test AUC:0.5928 | Test Sen:0.5111 | Test Spe:0.5946 | Test F1:0.5488 | Test Recall:0.5488 | Test Precision:0.5488 | Best Test Accuracy: 63.415% | Best Test AUC:0.6721 | Best Test Sensitivity:0.6000 | Best Test Specificity:0.6757 | LR:0.0000424
[2023-08-17 09:50:17][Train.py][L163][INFO]Epoch[41/100] | Train Loss: 0.017 | Train Accuracy: 100.000% | Test Loss: 2.591 | Test Accuracy: 54.878% | Test AUC:0.5910 | Test Sen:0.5111 | Test Spe:0.5946 | Test F1:0.5488 | Test Recall:0.5488 | Test Precision:0.5488 | Best Test Accuracy: 63.415% | Best Test AUC:0.6721 | Best Test Sensitivity:0.6000 | Best Test Specificity:0.6757 | LR:0.0000413
[2023-08-17 09:50:19][Train.py][L163][INFO]Epoch[42/100] | Train Loss: 0.015 | Train Accuracy: 100.000% | Test Loss: 2.666 | Test Accuracy: 54.878% | Test AUC:0.5922 | Test Sen:0.5111 | Test Spe:0.5946 | Test F1:0.5488 | Test Recall:0.5488 | Test Precision:0.5488 | Best Test Accuracy: 63.415% | Best Test AUC:0.6721 | Best Test Sensitivity:0.6000 | Best Test Specificity:0.6757 | LR:0.0000403
[2023-08-17 09:50:21][Train.py][L163][INFO]Epoch[43/100] | Train Loss: 0.014 | Train Accuracy: 100.000% | Test Loss: 2.687 | Test Accuracy: 54.878% | Test AUC:0.5934 | Test Sen:0.5111 | Test Spe:0.5946 | Test F1:0.5488 | Test Recall:0.5488 | Test Precision:0.5488 | Best Test Accuracy: 63.415% | Best Test AUC:0.6721 | Best Test Sensitivity:0.6000 | Best Test Specificity:0.6757 | LR:0.0000392
[2023-08-17 09:50:22][Train.py][L163][INFO]Epoch[44/100] | Train Loss: 0.013 | Train Accuracy: 100.000% | Test Loss: 2.758 | Test Accuracy: 54.878% | Test AUC:0.5898 | Test Sen:0.5111 | Test Spe:0.5946 | Test F1:0.5488 | Test Recall:0.5488 | Test Precision:0.5488 | Best Test Accuracy: 63.415% | Best Test AUC:0.6721 | Best Test Sensitivity:0.6000 | Best Test Specificity:0.6757 | LR:0.0000382
[2023-08-17 09:50:24][Train.py][L163][INFO]Epoch[45/100] | Train Loss: 0.013 | Train Accuracy: 100.000% | Test Loss: 2.783 | Test Accuracy: 54.878% | Test AUC:0.5922 | Test Sen:0.5111 | Test Spe:0.5946 | Test F1:0.5488 | Test Recall:0.5488 | Test Precision:0.5488 | Best Test Accuracy: 63.415% | Best Test AUC:0.6721 | Best Test Sensitivity:0.6000 | Best Test Specificity:0.6757 | LR:0.0000372
[2023-08-17 09:50:26][Train.py][L163][INFO]Epoch[46/100] | Train Loss: 0.012 | Train Accuracy: 100.000% | Test Loss: 2.798 | Test Accuracy: 54.878% | Test AUC:0.5928 | Test Sen:0.5111 | Test Spe:0.5946 | Test F1:0.5488 | Test Recall:0.5488 | Test Precision:0.5488 | Best Test Accuracy: 63.415% | Best Test AUC:0.6721 | Best Test Sensitivity:0.6000 | Best Test Specificity:0.6757 | LR:0.0000362
[2023-08-17 09:50:27][Train.py][L163][INFO]Epoch[47/100] | Train Loss: 0.011 | Train Accuracy: 100.000% | Test Loss: 2.843 | Test Accuracy: 54.878% | Test AUC:0.5898 | Test Sen:0.5111 | Test Spe:0.5946 | Test F1:0.5488 | Test Recall:0.5488 | Test Precision:0.5488 | Best Test Accuracy: 63.415% | Best Test AUC:0.6721 | Best Test Sensitivity:0.6000 | Best Test Specificity:0.6757 | LR:0.0000353
[2023-08-17 09:50:29][Train.py][L163][INFO]Epoch[48/100] | Train Loss: 0.010 | Train Accuracy: 100.000% | Test Loss: 2.892 | Test Accuracy: 54.878% | Test AUC:0.5904 | Test Sen:0.5111 | Test Spe:0.5946 | Test F1:0.5488 | Test Recall:0.5488 | Test Precision:0.5488 | Best Test Accuracy: 63.415% | Best Test AUC:0.6721 | Best Test Sensitivity:0.6000 | Best Test Specificity:0.6757 | LR:0.0000343
[2023-08-17 09:50:31][Train.py][L163][INFO]Epoch[49/100] | Train Loss: 0.010 | Train Accuracy: 100.000% | Test Loss: 2.922 | Test Accuracy: 54.878% | Test AUC:0.5904 | Test Sen:0.5111 | Test Spe:0.5946 | Test F1:0.5488 | Test Recall:0.5488 | Test Precision:0.5488 | Best Test Accuracy: 63.415% | Best Test AUC:0.6721 | Best Test Sensitivity:0.6000 | Best Test Specificity:0.6757 | LR:0.0000334
[2023-08-17 09:50:33][Train.py][L163][INFO]Epoch[50/100] | Train Loss: 0.009 | Train Accuracy: 100.000% | Test Loss: 2.951 | Test Accuracy: 54.878% | Test AUC:0.5892 | Test Sen:0.5111 | Test Spe:0.5946 | Test F1:0.5488 | Test Recall:0.5488 | Test Precision:0.5488 | Best Test Accuracy: 63.415% | Best Test AUC:0.6721 | Best Test Sensitivity:0.6000 | Best Test Specificity:0.6757 | LR:0.0000325
[2023-08-17 09:50:34][Train.py][L163][INFO]Epoch[51/100] | Train Loss: 0.009 | Train Accuracy: 100.000% | Test Loss: 2.934 | Test Accuracy: 53.659% | Test AUC:0.5892 | Test Sen:0.5111 | Test Spe:0.5676 | Test F1:0.5366 | Test Recall:0.5366 | Test Precision:0.5366 | Best Test Accuracy: 63.415% | Best Test AUC:0.6721 | Best Test Sensitivity:0.6000 | Best Test Specificity:0.6757 | LR:0.0000316
[2023-08-17 09:50:36][Train.py][L163][INFO]Epoch[52/100] | Train Loss: 0.008 | Train Accuracy: 100.000% | Test Loss: 3.012 | Test Accuracy: 54.878% | Test AUC:0.5886 | Test Sen:0.5111 | Test Spe:0.5946 | Test F1:0.5488 | Test Recall:0.5488 | Test Precision:0.5488 | Best Test Accuracy: 63.415% | Best Test AUC:0.6721 | Best Test Sensitivity:0.6000 | Best Test Specificity:0.6757 | LR:0.0000307
[2023-08-17 09:50:38][Train.py][L163][INFO]Epoch[53/100] | Train Loss: 0.008 | Train Accuracy: 100.000% | Test Loss: 3.027 | Test Accuracy: 54.878% | Test AUC:0.5892 | Test Sen:0.5111 | Test Spe:0.5946 | Test F1:0.5488 | Test Recall:0.5488 | Test Precision:0.5488 | Best Test Accuracy: 63.415% | Best Test AUC:0.6721 | Best Test Sensitivity:0.6000 | Best Test Specificity:0.6757 | LR:0.0000299
[2023-08-17 09:50:39][Train.py][L163][INFO]Epoch[54/100] | Train Loss: 0.008 | Train Accuracy: 100.000% | Test Loss: 3.016 | Test Accuracy: 54.878% | Test AUC:0.5886 | Test Sen:0.5111 | Test Spe:0.5946 | Test F1:0.5488 | Test Recall:0.5488 | Test Precision:0.5488 | Best Test Accuracy: 63.415% | Best Test AUC:0.6721 | Best Test Sensitivity:0.6000 | Best Test Specificity:0.6757 | LR:0.0000290
[2023-08-17 09:50:41][Train.py][L163][INFO]Epoch[55/100] | Train Loss: 0.007 | Train Accuracy: 100.000% | Test Loss: 3.055 | Test Accuracy: 54.878% | Test AUC:0.5898 | Test Sen:0.5111 | Test Spe:0.5946 | Test F1:0.5488 | Test Recall:0.5488 | Test Precision:0.5488 | Best Test Accuracy: 63.415% | Best Test AUC:0.6721 | Best Test Sensitivity:0.6000 | Best Test Specificity:0.6757 | LR:0.0000282
[2023-08-17 09:50:43][Train.py][L163][INFO]Epoch[56/100] | Train Loss: 0.007 | Train Accuracy: 100.000% | Test Loss: 3.131 | Test Accuracy: 53.659% | Test AUC:0.5880 | Test Sen:0.4667 | Test Spe:0.6216 | Test F1:0.5366 | Test Recall:0.5366 | Test Precision:0.5366 | Best Test Accuracy: 63.415% | Best Test AUC:0.6721 | Best Test Sensitivity:0.6000 | Best Test Specificity:0.6757 | LR:0.0000274
[2023-08-17 09:50:45][Train.py][L163][INFO]Epoch[57/100] | Train Loss: 0.007 | Train Accuracy: 100.000% | Test Loss: 3.110 | Test Accuracy: 54.878% | Test AUC:0.5904 | Test Sen:0.5111 | Test Spe:0.5946 | Test F1:0.5488 | Test Recall:0.5488 | Test Precision:0.5488 | Best Test Accuracy: 63.415% | Best Test AUC:0.6721 | Best Test Sensitivity:0.6000 | Best Test Specificity:0.6757 | LR:0.0000266
[2023-08-17 09:50:46][Train.py][L163][INFO]Epoch[58/100] | Train Loss: 0.006 | Train Accuracy: 100.000% | Test Loss: 3.111 | Test Accuracy: 54.878% | Test AUC:0.5898 | Test Sen:0.5111 | Test Spe:0.5946 | Test F1:0.5488 | Test Recall:0.5488 | Test Precision:0.5488 | Best Test Accuracy: 63.415% | Best Test AUC:0.6721 | Best Test Sensitivity:0.6000 | Best Test Specificity:0.6757 | LR:0.0000259
[2023-08-17 09:50:48][Train.py][L163][INFO]Epoch[59/100] | Train Loss: 0.006 | Train Accuracy: 100.000% | Test Loss: 3.141 | Test Accuracy: 54.878% | Test AUC:0.5898 | Test Sen:0.5111 | Test Spe:0.5946 | Test F1:0.5488 | Test Recall:0.5488 | Test Precision:0.5488 | Best Test Accuracy: 63.415% | Best Test AUC:0.6721 | Best Test Sensitivity:0.6000 | Best Test Specificity:0.6757 | LR:0.0000251
[2023-08-17 09:50:50][Train.py][L163][INFO]Epoch[60/100] | Train Loss: 0.006 | Train Accuracy: 100.000% | Test Loss: 3.155 | Test Accuracy: 54.878% | Test AUC:0.5886 | Test Sen:0.5111 | Test Spe:0.5946 | Test F1:0.5488 | Test Recall:0.5488 | Test Precision:0.5488 | Best Test Accuracy: 63.415% | Best Test AUC:0.6721 | Best Test Sensitivity:0.6000 | Best Test Specificity:0.6757 | LR:0.0000244
[2023-08-17 09:50:51][Train.py][L163][INFO]Epoch[61/100] | Train Loss: 0.006 | Train Accuracy: 100.000% | Test Loss: 3.167 | Test Accuracy: 53.659% | Test AUC:0.5898 | Test Sen:0.5111 | Test Spe:0.5676 | Test F1:0.5366 | Test Recall:0.5366 | Test Precision:0.5366 | Best Test Accuracy: 63.415% | Best Test AUC:0.6721 | Best Test Sensitivity:0.6000 | Best Test Specificity:0.6757 | LR:0.0000237
[2023-08-17 09:50:53][Train.py][L163][INFO]Epoch[62/100] | Train Loss: 0.006 | Train Accuracy: 100.000% | Test Loss: 3.224 | Test Accuracy: 56.098% | Test AUC:0.5904 | Test Sen:0.5111 | Test Spe:0.6216 | Test F1:0.5610 | Test Recall:0.5610 | Test Precision:0.5610 | Best Test Accuracy: 63.415% | Best Test AUC:0.6721 | Best Test Sensitivity:0.6000 | Best Test Specificity:0.6757 | LR:0.0000230
[2023-08-17 09:50:55][Train.py][L163][INFO]Epoch[63/100] | Train Loss: 0.005 | Train Accuracy: 100.000% | Test Loss: 3.196 | Test Accuracy: 54.878% | Test AUC:0.5904 | Test Sen:0.5111 | Test Spe:0.5946 | Test F1:0.5488 | Test Recall:0.5488 | Test Precision:0.5488 | Best Test Accuracy: 63.415% | Best Test AUC:0.6721 | Best Test Sensitivity:0.6000 | Best Test Specificity:0.6757 | LR:0.0000223
[2023-08-17 09:50:56][Train.py][L163][INFO]Epoch[64/100] | Train Loss: 0.005 | Train Accuracy: 100.000% | Test Loss: 3.214 | Test Accuracy: 54.878% | Test AUC:0.5904 | Test Sen:0.5111 | Test Spe:0.5946 | Test F1:0.5488 | Test Recall:0.5488 | Test Precision:0.5488 | Best Test Accuracy: 63.415% | Best Test AUC:0.6721 | Best Test Sensitivity:0.6000 | Best Test Specificity:0.6757 | LR:0.0000217
[2023-08-17 09:50:58][Train.py][L163][INFO]Epoch[65/100] | Train Loss: 0.005 | Train Accuracy: 100.000% | Test Loss: 3.261 | Test Accuracy: 56.098% | Test AUC:0.5904 | Test Sen:0.5111 | Test Spe:0.6216 | Test F1:0.5610 | Test Recall:0.5610 | Test Precision:0.5610 | Best Test Accuracy: 63.415% | Best Test AUC:0.6721 | Best Test Sensitivity:0.6000 | Best Test Specificity:0.6757 | LR:0.0000210
[2023-08-17 09:51:00][Train.py][L163][INFO]Epoch[66/100] | Train Loss: 0.005 | Train Accuracy: 100.000% | Test Loss: 3.266 | Test Accuracy: 54.878% | Test AUC:0.5892 | Test Sen:0.5111 | Test Spe:0.5946 | Test F1:0.5488 | Test Recall:0.5488 | Test Precision:0.5488 | Best Test Accuracy: 63.415% | Best Test AUC:0.6721 | Best Test Sensitivity:0.6000 | Best Test Specificity:0.6757 | LR:0.0000204
[2023-08-17 09:51:02][Train.py][L163][INFO]Epoch[67/100] | Train Loss: 0.005 | Train Accuracy: 100.000% | Test Loss: 3.278 | Test Accuracy: 54.878% | Test AUC:0.5898 | Test Sen:0.5111 | Test Spe:0.5946 | Test F1:0.5488 | Test Recall:0.5488 | Test Precision:0.5488 | Best Test Accuracy: 63.415% | Best Test AUC:0.6721 | Best Test Sensitivity:0.6000 | Best Test Specificity:0.6757 | LR:0.0000198
[2023-08-17 09:51:03][Train.py][L163][INFO]Epoch[68/100] | Train Loss: 0.005 | Train Accuracy: 100.000% | Test Loss: 3.302 | Test Accuracy: 54.878% | Test AUC:0.5892 | Test Sen:0.5111 | Test Spe:0.5946 | Test F1:0.5488 | Test Recall:0.5488 | Test Precision:0.5488 | Best Test Accuracy: 63.415% | Best Test AUC:0.6721 | Best Test Sensitivity:0.6000 | Best Test Specificity:0.6757 | LR:0.0000192
[2023-08-17 09:51:05][Train.py][L163][INFO]Epoch[69/100] | Train Loss: 0.004 | Train Accuracy: 100.000% | Test Loss: 3.344 | Test Accuracy: 56.098% | Test AUC:0.5892 | Test Sen:0.5111 | Test Spe:0.6216 | Test F1:0.5610 | Test Recall:0.5610 | Test Precision:0.5610 | Best Test Accuracy: 63.415% | Best Test AUC:0.6721 | Best Test Sensitivity:0.6000 | Best Test Specificity:0.6757 | LR:0.0000186
[2023-08-17 09:51:07][Train.py][L163][INFO]Epoch[70/100] | Train Loss: 0.004 | Train Accuracy: 100.000% | Test Loss: 3.353 | Test Accuracy: 56.098% | Test AUC:0.5892 | Test Sen:0.5111 | Test Spe:0.6216 | Test F1:0.5610 | Test Recall:0.5610 | Test Precision:0.5610 | Best Test Accuracy: 63.415% | Best Test AUC:0.6721 | Best Test Sensitivity:0.6000 | Best Test Specificity:0.6757 | LR:0.0000181
[2023-08-17 09:51:08][Train.py][L163][INFO]Epoch[71/100] | Train Loss: 0.004 | Train Accuracy: 100.000% | Test Loss: 3.327 | Test Accuracy: 54.878% | Test AUC:0.5898 | Test Sen:0.5111 | Test Spe:0.5946 | Test F1:0.5488 | Test Recall:0.5488 | Test Precision:0.5488 | Best Test Accuracy: 63.415% | Best Test AUC:0.6721 | Best Test Sensitivity:0.6000 | Best Test Specificity:0.6757 | LR:0.0000176
[2023-08-17 09:51:10][Train.py][L163][INFO]Epoch[72/100] | Train Loss: 0.004 | Train Accuracy: 100.000% | Test Loss: 3.362 | Test Accuracy: 56.098% | Test AUC:0.5892 | Test Sen:0.5111 | Test Spe:0.6216 | Test F1:0.5610 | Test Recall:0.5610 | Test Precision:0.5610 | Best Test Accuracy: 63.415% | Best Test AUC:0.6721 | Best Test Sensitivity:0.6000 | Best Test Specificity:0.6757 | LR:0.0000171
[2023-08-17 09:51:12][Train.py][L163][INFO]Epoch[73/100] | Train Loss: 0.004 | Train Accuracy: 100.000% | Test Loss: 3.385 | Test Accuracy: 56.098% | Test AUC:0.5904 | Test Sen:0.5111 | Test Spe:0.6216 | Test F1:0.5610 | Test Recall:0.5610 | Test Precision:0.5610 | Best Test Accuracy: 63.415% | Best Test AUC:0.6721 | Best Test Sensitivity:0.6000 | Best Test Specificity:0.6757 | LR:0.0000166
[2023-08-17 09:51:13][Train.py][L163][INFO]Epoch[74/100] | Train Loss: 0.004 | Train Accuracy: 100.000% | Test Loss: 3.381 | Test Accuracy: 54.878% | Test AUC:0.5898 | Test Sen:0.5111 | Test Spe:0.5946 | Test F1:0.5488 | Test Recall:0.5488 | Test Precision:0.5488 | Best Test Accuracy: 63.415% | Best Test AUC:0.6721 | Best Test Sensitivity:0.6000 | Best Test Specificity:0.6757 | LR:0.0000161
[2023-08-17 09:51:15][Train.py][L163][INFO]Epoch[75/100] | Train Loss: 0.004 | Train Accuracy: 100.000% | Test Loss: 3.409 | Test Accuracy: 56.098% | Test AUC:0.5898 | Test Sen:0.5111 | Test Spe:0.6216 | Test F1:0.5610 | Test Recall:0.5610 | Test Precision:0.5610 | Best Test Accuracy: 63.415% | Best Test AUC:0.6721 | Best Test Sensitivity:0.6000 | Best Test Specificity:0.6757 | LR:0.0000156
[2023-08-17 09:51:17][Train.py][L163][INFO]Epoch[76/100] | Train Loss: 0.004 | Train Accuracy: 100.000% | Test Loss: 3.412 | Test Accuracy: 56.098% | Test AUC:0.5886 | Test Sen:0.5111 | Test Spe:0.6216 | Test F1:0.5610 | Test Recall:0.5610 | Test Precision:0.5610 | Best Test Accuracy: 63.415% | Best Test AUC:0.6721 | Best Test Sensitivity:0.6000 | Best Test Specificity:0.6757 | LR:0.0000152
[2023-08-17 09:51:19][Train.py][L163][INFO]Epoch[77/100] | Train Loss: 0.004 | Train Accuracy: 100.000% | Test Loss: 3.435 | Test Accuracy: 56.098% | Test AUC:0.5886 | Test Sen:0.5111 | Test Spe:0.6216 | Test F1:0.5610 | Test Recall:0.5610 | Test Precision:0.5610 | Best Test Accuracy: 63.415% | Best Test AUC:0.6721 | Best Test Sensitivity:0.6000 | Best Test Specificity:0.6757 | LR:0.0000148
[2023-08-17 09:51:20][Train.py][L163][INFO]Epoch[78/100] | Train Loss: 0.004 | Train Accuracy: 100.000% | Test Loss: 3.435 | Test Accuracy: 56.098% | Test AUC:0.5880 | Test Sen:0.5111 | Test Spe:0.6216 | Test F1:0.5610 | Test Recall:0.5610 | Test Precision:0.5610 | Best Test Accuracy: 63.415% | Best Test AUC:0.6721 | Best Test Sensitivity:0.6000 | Best Test Specificity:0.6757 | LR:0.0000144
[2023-08-17 09:51:22][Train.py][L163][INFO]Epoch[79/100] | Train Loss: 0.004 | Train Accuracy: 100.000% | Test Loss: 3.447 | Test Accuracy: 56.098% | Test AUC:0.5886 | Test Sen:0.5111 | Test Spe:0.6216 | Test F1:0.5610 | Test Recall:0.5610 | Test Precision:0.5610 | Best Test Accuracy: 63.415% | Best Test AUC:0.6721 | Best Test Sensitivity:0.6000 | Best Test Specificity:0.6757 | LR:0.0000140
[2023-08-17 09:51:24][Train.py][L163][INFO]Epoch[80/100] | Train Loss: 0.003 | Train Accuracy: 100.000% | Test Loss: 3.456 | Test Accuracy: 56.098% | Test AUC:0.5886 | Test Sen:0.5111 | Test Spe:0.6216 | Test F1:0.5610 | Test Recall:0.5610 | Test Precision:0.5610 | Best Test Accuracy: 63.415% | Best Test AUC:0.6721 | Best Test Sensitivity:0.6000 | Best Test Specificity:0.6757 | LR:0.0000136
[2023-08-17 09:51:25][Train.py][L163][INFO]Epoch[81/100] | Train Loss: 0.003 | Train Accuracy: 100.000% | Test Loss: 3.471 | Test Accuracy: 56.098% | Test AUC:0.5892 | Test Sen:0.5111 | Test Spe:0.6216 | Test F1:0.5610 | Test Recall:0.5610 | Test Precision:0.5610 | Best Test Accuracy: 63.415% | Best Test AUC:0.6721 | Best Test Sensitivity:0.6000 | Best Test Specificity:0.6757 | LR:0.0000132
[2023-08-17 09:51:27][Train.py][L163][INFO]Epoch[82/100] | Train Loss: 0.003 | Train Accuracy: 100.000% | Test Loss: 3.479 | Test Accuracy: 56.098% | Test AUC:0.5892 | Test Sen:0.5111 | Test Spe:0.6216 | Test F1:0.5610 | Test Recall:0.5610 | Test Precision:0.5610 | Best Test Accuracy: 63.415% | Best Test AUC:0.6721 | Best Test Sensitivity:0.6000 | Best Test Specificity:0.6757 | LR:0.0000129
[2023-08-17 09:51:29][Train.py][L163][INFO]Epoch[83/100] | Train Loss: 0.003 | Train Accuracy: 100.000% | Test Loss: 3.505 | Test Accuracy: 56.098% | Test AUC:0.5880 | Test Sen:0.5111 | Test Spe:0.6216 | Test F1:0.5610 | Test Recall:0.5610 | Test Precision:0.5610 | Best Test Accuracy: 63.415% | Best Test AUC:0.6721 | Best Test Sensitivity:0.6000 | Best Test Specificity:0.6757 | LR:0.0000126
[2023-08-17 09:51:30][Train.py][L163][INFO]Epoch[84/100] | Train Loss: 0.003 | Train Accuracy: 100.000% | Test Loss: 3.490 | Test Accuracy: 56.098% | Test AUC:0.5892 | Test Sen:0.5111 | Test Spe:0.6216 | Test F1:0.5610 | Test Recall:0.5610 | Test Precision:0.5610 | Best Test Accuracy: 63.415% | Best Test AUC:0.6721 | Best Test Sensitivity:0.6000 | Best Test Specificity:0.6757 | LR:0.0000123
[2023-08-17 09:51:32][Train.py][L163][INFO]Epoch[85/100] | Train Loss: 0.003 | Train Accuracy: 100.000% | Test Loss: 3.507 | Test Accuracy: 56.098% | Test AUC:0.5904 | Test Sen:0.5111 | Test Spe:0.6216 | Test F1:0.5610 | Test Recall:0.5610 | Test Precision:0.5610 | Best Test Accuracy: 63.415% | Best Test AUC:0.6721 | Best Test Sensitivity:0.6000 | Best Test Specificity:0.6757 | LR:0.0000120
[2023-08-17 09:51:34][Train.py][L163][INFO]Epoch[86/100] | Train Loss: 0.003 | Train Accuracy: 100.000% | Test Loss: 3.502 | Test Accuracy: 54.878% | Test AUC:0.5898 | Test Sen:0.5111 | Test Spe:0.5946 | Test F1:0.5488 | Test Recall:0.5488 | Test Precision:0.5488 | Best Test Accuracy: 63.415% | Best Test AUC:0.6721 | Best Test Sensitivity:0.6000 | Best Test Specificity:0.6757 | LR:0.0000118
[2023-08-17 09:51:35][Train.py][L163][INFO]Epoch[87/100] | Train Loss: 0.003 | Train Accuracy: 100.000% | Test Loss: 3.541 | Test Accuracy: 56.098% | Test AUC:0.5880 | Test Sen:0.5111 | Test Spe:0.6216 | Test F1:0.5610 | Test Recall:0.5610 | Test Precision:0.5610 | Best Test Accuracy: 63.415% | Best Test AUC:0.6721 | Best Test Sensitivity:0.6000 | Best Test Specificity:0.6757 | LR:0.0000115
[2023-08-17 09:51:37][Train.py][L163][INFO]Epoch[88/100] | Train Loss: 0.003 | Train Accuracy: 100.000% | Test Loss: 3.526 | Test Accuracy: 56.098% | Test AUC:0.5892 | Test Sen:0.5111 | Test Spe:0.6216 | Test F1:0.5610 | Test Recall:0.5610 | Test Precision:0.5610 | Best Test Accuracy: 63.415% | Best Test AUC:0.6721 | Best Test Sensitivity:0.6000 | Best Test Specificity:0.6757 | LR:0.0000113
[2023-08-17 09:51:39][Train.py][L163][INFO]Epoch[89/100] | Train Loss: 0.003 | Train Accuracy: 100.000% | Test Loss: 3.540 | Test Accuracy: 56.098% | Test AUC:0.5892 | Test Sen:0.5111 | Test Spe:0.6216 | Test F1:0.5610 | Test Recall:0.5610 | Test Precision:0.5610 | Best Test Accuracy: 63.415% | Best Test AUC:0.6721 | Best Test Sensitivity:0.6000 | Best Test Specificity:0.6757 | LR:0.0000111
[2023-08-17 09:51:40][Train.py][L163][INFO]Epoch[90/100] | Train Loss: 0.003 | Train Accuracy: 100.000% | Test Loss: 3.546 | Test Accuracy: 56.098% | Test AUC:0.5892 | Test Sen:0.5111 | Test Spe:0.6216 | Test F1:0.5610 | Test Recall:0.5610 | Test Precision:0.5610 | Best Test Accuracy: 63.415% | Best Test AUC:0.6721 | Best Test Sensitivity:0.6000 | Best Test Specificity:0.6757 | LR:0.0000109
[2023-08-17 09:51:42][Train.py][L163][INFO]Epoch[91/100] | Train Loss: 0.003 | Train Accuracy: 100.000% | Test Loss: 3.557 | Test Accuracy: 56.098% | Test AUC:0.5886 | Test Sen:0.5111 | Test Spe:0.6216 | Test F1:0.5610 | Test Recall:0.5610 | Test Precision:0.5610 | Best Test Accuracy: 63.415% | Best Test AUC:0.6721 | Best Test Sensitivity:0.6000 | Best Test Specificity:0.6757 | LR:0.0000107
[2023-08-17 09:51:44][Train.py][L163][INFO]Epoch[92/100] | Train Loss: 0.003 | Train Accuracy: 100.000% | Test Loss: 3.561 | Test Accuracy: 54.878% | Test AUC:0.5904 | Test Sen:0.5111 | Test Spe:0.5946 | Test F1:0.5488 | Test Recall:0.5488 | Test Precision:0.5488 | Best Test Accuracy: 63.415% | Best Test AUC:0.6721 | Best Test Sensitivity:0.6000 | Best Test Specificity:0.6757 | LR:0.0000106
[2023-08-17 09:51:45][Train.py][L163][INFO]Epoch[93/100] | Train Loss: 0.003 | Train Accuracy: 100.000% | Test Loss: 3.583 | Test Accuracy: 56.098% | Test AUC:0.5904 | Test Sen:0.5111 | Test Spe:0.6216 | Test F1:0.5610 | Test Recall:0.5610 | Test Precision:0.5610 | Best Test Accuracy: 63.415% | Best Test AUC:0.6721 | Best Test Sensitivity:0.6000 | Best Test Specificity:0.6757 | LR:0.0000104
[2023-08-17 09:51:47][Train.py][L163][INFO]Epoch[94/100] | Train Loss: 0.003 | Train Accuracy: 100.000% | Test Loss: 3.569 | Test Accuracy: 54.878% | Test AUC:0.5904 | Test Sen:0.5111 | Test Spe:0.5946 | Test F1:0.5488 | Test Recall:0.5488 | Test Precision:0.5488 | Best Test Accuracy: 63.415% | Best Test AUC:0.6721 | Best Test Sensitivity:0.6000 | Best Test Specificity:0.6757 | LR:0.0000103
[2023-08-17 09:51:49][Train.py][L163][INFO]Epoch[95/100] | Train Loss: 0.003 | Train Accuracy: 100.000% | Test Loss: 3.603 | Test Accuracy: 56.098% | Test AUC:0.5898 | Test Sen:0.5111 | Test Spe:0.6216 | Test F1:0.5610 | Test Recall:0.5610 | Test Precision:0.5610 | Best Test Accuracy: 63.415% | Best Test AUC:0.6721 | Best Test Sensitivity:0.6000 | Best Test Specificity:0.6757 | LR:0.0000102
[2023-08-17 09:51:51][Train.py][L163][INFO]Epoch[96/100] | Train Loss: 0.003 | Train Accuracy: 100.000% | Test Loss: 3.599 | Test Accuracy: 56.098% | Test AUC:0.5892 | Test Sen:0.5111 | Test Spe:0.6216 | Test F1:0.5610 | Test Recall:0.5610 | Test Precision:0.5610 | Best Test Accuracy: 63.415% | Best Test AUC:0.6721 | Best Test Sensitivity:0.6000 | Best Test Specificity:0.6757 | LR:0.0000101
[2023-08-17 09:51:52][Train.py][L163][INFO]Epoch[97/100] | Train Loss: 0.003 | Train Accuracy: 100.000% | Test Loss: 3.608 | Test Accuracy: 56.098% | Test AUC:0.5898 | Test Sen:0.5111 | Test Spe:0.6216 | Test F1:0.5610 | Test Recall:0.5610 | Test Precision:0.5610 | Best Test Accuracy: 63.415% | Best Test AUC:0.6721 | Best Test Sensitivity:0.6000 | Best Test Specificity:0.6757 | LR:0.0000101
[2023-08-17 09:51:54][Train.py][L163][INFO]Epoch[98/100] | Train Loss: 0.003 | Train Accuracy: 100.000% | Test Loss: 3.611 | Test Accuracy: 54.878% | Test AUC:0.5916 | Test Sen:0.5111 | Test Spe:0.5946 | Test F1:0.5488 | Test Recall:0.5488 | Test Precision:0.5488 | Best Test Accuracy: 63.415% | Best Test AUC:0.6721 | Best Test Sensitivity:0.6000 | Best Test Specificity:0.6757 | LR:0.0000100
[2023-08-17 09:51:56][Train.py][L163][INFO]Epoch[99/100] | Train Loss: 0.002 | Train Accuracy: 100.000% | Test Loss: 3.646 | Test Accuracy: 56.098% | Test AUC:0.5892 | Test Sen:0.5111 | Test Spe:0.6216 | Test F1:0.5610 | Test Recall:0.5610 | Test Precision:0.5610 | Best Test Accuracy: 63.415% | Best Test AUC:0.6721 | Best Test Sensitivity:0.6000 | Best Test Specificity:0.6757 | LR:0.0000100
[2023-08-17 09:51:57][Train.py][L163][INFO]Epoch[100/100] | Train Loss: 0.002 | Train Accuracy: 100.000% | Test Loss: 3.636 | Test Accuracy: 56.098% | Test AUC:0.5904 | Test Sen:0.5111 | Test Spe:0.6216 | Test F1:0.5610 | Test Recall:0.5610 | Test Precision:0.5610 | Best Test Accuracy: 63.415% | Best Test AUC:0.6721 | Best Test Sensitivity:0.6000 | Best Test Specificity:0.6757 | LR:0.0000100
