[2023-08-17 09:42:46][__main__.py][L41][INFO]dataset:
  name: fc_200
  batch_size: 16
  train_set: 0.9
  test_set: 0.1
  fc_path: /mnt/ssd1/mehul_data/research/fc_200_data.npy
  node_sz: 200
  node_feature_sz: 200
  num_classes: 2
  perc_edges: 100
  node: fc
model:
  name: GAT
  num_layers: 2
  hidden_size: 64
  dropout: 0.5
  readout: mean
optimizer:
- name: Adam
  lr: 0.0001
  match_rule: None
  except_rule: None
  no_weight_decay: false
  weight_decay: 0.0001
  lr_scheduler:
    mode: poly
    base_lr: 0.0001
    target_lr: 1.0e-05
    decay_factor: 0.1
    milestones:
    - 0.3
    - 0.6
    - 0.9
    poly_power: 2.0
    lr_decay: 0.98
    warm_up_from: 0.0
    warm_up_steps: 0
training:
  name: Train
  epochs: 100
  l2: 0.0
log_path: result
repeat_time: 2
device: cuda:0
is_wandb: true
project: asd-graph

[2023-08-17 09:42:46][__init__.py][L15][INFO]cfg.dataset.name: fc_200
[2023-08-17 09:42:48][optimizer.py][L66][INFO]Parameters [normal] length [12]
[2023-08-17 09:42:48][__init__.py][L25][INFO]Training: Train
[2023-08-17 09:42:49][Train.py][L35][INFO]#model params: 836609
[2023-08-17 09:42:50][Train.py][L163][INFO]Epoch[1/100] | Train Loss: 0.696 | Train Accuracy: 50.959% | Test Loss: 0.675 | Test Accuracy: 60.976% | Test AUC:0.6160 | Test Sen:0.4474 | Test Spe:0.7500 | Test F1:0.6098 | Test Recall:0.6098 | Test Precision:0.6098 | Best Test Accuracy: 60.976% | Best Test AUC:0.6160 | Best Test Sensitivity:0.4474 | Best Test Specificity:0.7500 | LR:0.0000982
[2023-08-17 09:42:50][Train.py][L163][INFO]Epoch[2/100] | Train Loss: 0.663 | Train Accuracy: 62.329% | Test Loss: 0.654 | Test Accuracy: 65.854% | Test AUC:0.6830 | Test Sen:0.5789 | Test Spe:0.7273 | Test F1:0.6585 | Test Recall:0.6585 | Test Precision:0.6585 | Best Test Accuracy: 65.854% | Best Test AUC:0.6830 | Best Test Sensitivity:0.5789 | Best Test Specificity:0.7273 | LR:0.0000964
[2023-08-17 09:42:51][Train.py][L163][INFO]Epoch[3/100] | Train Loss: 0.647 | Train Accuracy: 62.603% | Test Loss: 0.656 | Test Accuracy: 54.878% | Test AUC:0.7255 | Test Sen:0.9211 | Test Spe:0.2273 | Test F1:0.5488 | Test Recall:0.5488 | Test Precision:0.5488 | Best Test Accuracy: 65.854% | Best Test AUC:0.6830 | Best Test Sensitivity:0.5789 | Best Test Specificity:0.7273 | LR:0.0000947
[2023-08-17 09:42:52][Train.py][L163][INFO]Epoch[4/100] | Train Loss: 0.640 | Train Accuracy: 63.288% | Test Loss: 0.636 | Test Accuracy: 67.073% | Test AUC:0.6896 | Test Sen:0.5526 | Test Spe:0.7727 | Test F1:0.6707 | Test Recall:0.6707 | Test Precision:0.6707 | Best Test Accuracy: 67.073% | Best Test AUC:0.6896 | Best Test Sensitivity:0.5526 | Best Test Specificity:0.7727 | LR:0.0000929
[2023-08-17 09:42:52][Train.py][L163][INFO]Epoch[5/100] | Train Loss: 0.611 | Train Accuracy: 67.808% | Test Loss: 0.636 | Test Accuracy: 65.854% | Test AUC:0.6782 | Test Sen:0.5263 | Test Spe:0.7727 | Test F1:0.6585 | Test Recall:0.6585 | Test Precision:0.6585 | Best Test Accuracy: 67.073% | Best Test AUC:0.6896 | Best Test Sensitivity:0.5526 | Best Test Specificity:0.7727 | LR:0.0000912
[2023-08-17 09:42:53][Train.py][L163][INFO]Epoch[6/100] | Train Loss: 0.597 | Train Accuracy: 68.904% | Test Loss: 0.619 | Test Accuracy: 64.634% | Test AUC:0.7004 | Test Sen:0.5526 | Test Spe:0.7273 | Test F1:0.6463 | Test Recall:0.6463 | Test Precision:0.6463 | Best Test Accuracy: 67.073% | Best Test AUC:0.6896 | Best Test Sensitivity:0.5526 | Best Test Specificity:0.7727 | LR:0.0000895
[2023-08-17 09:42:54][Train.py][L163][INFO]Epoch[7/100] | Train Loss: 0.576 | Train Accuracy: 70.822% | Test Loss: 0.614 | Test Accuracy: 60.976% | Test AUC:0.7165 | Test Sen:0.6053 | Test Spe:0.6136 | Test F1:0.6098 | Test Recall:0.6098 | Test Precision:0.6098 | Best Test Accuracy: 67.073% | Best Test AUC:0.6896 | Best Test Sensitivity:0.5526 | Best Test Specificity:0.7727 | LR:0.0000878
[2023-08-17 09:42:55][Train.py][L163][INFO]Epoch[8/100] | Train Loss: 0.562 | Train Accuracy: 71.096% | Test Loss: 0.629 | Test Accuracy: 65.854% | Test AUC:0.6884 | Test Sen:0.5526 | Test Spe:0.7500 | Test F1:0.6585 | Test Recall:0.6585 | Test Precision:0.6585 | Best Test Accuracy: 67.073% | Best Test AUC:0.6896 | Best Test Sensitivity:0.5526 | Best Test Specificity:0.7727 | LR:0.0000862
[2023-08-17 09:42:55][Train.py][L163][INFO]Epoch[9/100] | Train Loss: 0.543 | Train Accuracy: 73.836% | Test Loss: 0.608 | Test Accuracy: 68.293% | Test AUC:0.7105 | Test Sen:0.6053 | Test Spe:0.7500 | Test F1:0.6829 | Test Recall:0.6829 | Test Precision:0.6829 | Best Test Accuracy: 68.293% | Best Test AUC:0.7105 | Best Test Sensitivity:0.6053 | Best Test Specificity:0.7500 | LR:0.0000845
[2023-08-17 09:42:56][Train.py][L163][INFO]Epoch[10/100] | Train Loss: 0.526 | Train Accuracy: 74.795% | Test Loss: 0.623 | Test Accuracy: 68.293% | Test AUC:0.6896 | Test Sen:0.6053 | Test Spe:0.7500 | Test F1:0.6829 | Test Recall:0.6829 | Test Precision:0.6829 | Best Test Accuracy: 68.293% | Best Test AUC:0.7105 | Best Test Sensitivity:0.6053 | Best Test Specificity:0.7500 | LR:0.0000829
[2023-08-17 09:42:57][Train.py][L163][INFO]Epoch[11/100] | Train Loss: 0.514 | Train Accuracy: 75.616% | Test Loss: 0.646 | Test Accuracy: 65.854% | Test AUC:0.6776 | Test Sen:0.5263 | Test Spe:0.7727 | Test F1:0.6585 | Test Recall:0.6585 | Test Precision:0.6585 | Best Test Accuracy: 68.293% | Best Test AUC:0.7105 | Best Test Sensitivity:0.6053 | Best Test Specificity:0.7500 | LR:0.0000813
[2023-08-17 09:42:57][Train.py][L163][INFO]Epoch[12/100] | Train Loss: 0.510 | Train Accuracy: 74.795% | Test Loss: 0.632 | Test Accuracy: 67.073% | Test AUC:0.6896 | Test Sen:0.6053 | Test Spe:0.7273 | Test F1:0.6707 | Test Recall:0.6707 | Test Precision:0.6707 | Best Test Accuracy: 68.293% | Best Test AUC:0.7105 | Best Test Sensitivity:0.6053 | Best Test Specificity:0.7500 | LR:0.0000797
[2023-08-17 09:42:58][Train.py][L163][INFO]Epoch[13/100] | Train Loss: 0.490 | Train Accuracy: 77.808% | Test Loss: 0.620 | Test Accuracy: 67.073% | Test AUC:0.7045 | Test Sen:0.6579 | Test Spe:0.6818 | Test F1:0.6707 | Test Recall:0.6707 | Test Precision:0.6707 | Best Test Accuracy: 68.293% | Best Test AUC:0.7105 | Best Test Sensitivity:0.6053 | Best Test Specificity:0.7500 | LR:0.0000781
[2023-08-17 09:42:59][Train.py][L163][INFO]Epoch[14/100] | Train Loss: 0.478 | Train Accuracy: 77.808% | Test Loss: 0.620 | Test Accuracy: 65.854% | Test AUC:0.7117 | Test Sen:0.6579 | Test Spe:0.6591 | Test F1:0.6585 | Test Recall:0.6585 | Test Precision:0.6585 | Best Test Accuracy: 68.293% | Best Test AUC:0.7105 | Best Test Sensitivity:0.6053 | Best Test Specificity:0.7500 | LR:0.0000766
[2023-08-17 09:43:00][Train.py][L163][INFO]Epoch[15/100] | Train Loss: 0.459 | Train Accuracy: 79.178% | Test Loss: 0.644 | Test Accuracy: 65.854% | Test AUC:0.6998 | Test Sen:0.5789 | Test Spe:0.7273 | Test F1:0.6585 | Test Recall:0.6585 | Test Precision:0.6585 | Best Test Accuracy: 68.293% | Best Test AUC:0.7105 | Best Test Sensitivity:0.6053 | Best Test Specificity:0.7500 | LR:0.0000750
[2023-08-17 09:43:00][Train.py][L163][INFO]Epoch[16/100] | Train Loss: 0.464 | Train Accuracy: 79.315% | Test Loss: 0.666 | Test Accuracy: 60.976% | Test AUC:0.7243 | Test Sen:0.7895 | Test Spe:0.4545 | Test F1:0.6098 | Test Recall:0.6098 | Test Precision:0.6098 | Best Test Accuracy: 68.293% | Best Test AUC:0.7105 | Best Test Sensitivity:0.6053 | Best Test Specificity:0.7500 | LR:0.0000735
[2023-08-17 09:43:01][Train.py][L163][INFO]Epoch[17/100] | Train Loss: 0.447 | Train Accuracy: 80.274% | Test Loss: 0.662 | Test Accuracy: 65.854% | Test AUC:0.6944 | Test Sen:0.4211 | Test Spe:0.8636 | Test F1:0.6585 | Test Recall:0.6585 | Test Precision:0.6585 | Best Test Accuracy: 68.293% | Best Test AUC:0.7105 | Best Test Sensitivity:0.6053 | Best Test Specificity:0.7500 | LR:0.0000720
[2023-08-17 09:43:02][Train.py][L163][INFO]Epoch[18/100] | Train Loss: 0.437 | Train Accuracy: 79.452% | Test Loss: 0.651 | Test Accuracy: 64.634% | Test AUC:0.6932 | Test Sen:0.5526 | Test Spe:0.7273 | Test F1:0.6463 | Test Recall:0.6463 | Test Precision:0.6463 | Best Test Accuracy: 68.293% | Best Test AUC:0.7105 | Best Test Sensitivity:0.6053 | Best Test Specificity:0.7500 | LR:0.0000705
[2023-08-17 09:43:02][Train.py][L163][INFO]Epoch[19/100] | Train Loss: 0.417 | Train Accuracy: 81.781% | Test Loss: 0.650 | Test Accuracy: 65.854% | Test AUC:0.6998 | Test Sen:0.5526 | Test Spe:0.7500 | Test F1:0.6585 | Test Recall:0.6585 | Test Precision:0.6585 | Best Test Accuracy: 68.293% | Best Test AUC:0.7105 | Best Test Sensitivity:0.6053 | Best Test Specificity:0.7500 | LR:0.0000690
[2023-08-17 09:43:03][Train.py][L163][INFO]Epoch[20/100] | Train Loss: 0.412 | Train Accuracy: 80.959% | Test Loss: 0.650 | Test Accuracy: 62.195% | Test AUC:0.7063 | Test Sen:0.6579 | Test Spe:0.5909 | Test F1:0.6220 | Test Recall:0.6220 | Test Precision:0.6220 | Best Test Accuracy: 68.293% | Best Test AUC:0.7105 | Best Test Sensitivity:0.6053 | Best Test Specificity:0.7500 | LR:0.0000676
[2023-08-17 09:43:04][Train.py][L163][INFO]Epoch[21/100] | Train Loss: 0.395 | Train Accuracy: 83.288% | Test Loss: 0.652 | Test Accuracy: 60.976% | Test AUC:0.7105 | Test Sen:0.6842 | Test Spe:0.5455 | Test F1:0.6098 | Test Recall:0.6098 | Test Precision:0.6098 | Best Test Accuracy: 68.293% | Best Test AUC:0.7105 | Best Test Sensitivity:0.6053 | Best Test Specificity:0.7500 | LR:0.0000662
[2023-08-17 09:43:05][Train.py][L163][INFO]Epoch[22/100] | Train Loss: 0.395 | Train Accuracy: 81.918% | Test Loss: 0.688 | Test Accuracy: 65.854% | Test AUC:0.6890 | Test Sen:0.5000 | Test Spe:0.7955 | Test F1:0.6585 | Test Recall:0.6585 | Test Precision:0.6585 | Best Test Accuracy: 68.293% | Best Test AUC:0.7105 | Best Test Sensitivity:0.6053 | Best Test Specificity:0.7500 | LR:0.0000648
[2023-08-17 09:43:05][Train.py][L163][INFO]Epoch[23/100] | Train Loss: 0.370 | Train Accuracy: 83.151% | Test Loss: 0.680 | Test Accuracy: 56.098% | Test AUC:0.7087 | Test Sen:0.6842 | Test Spe:0.4545 | Test F1:0.5610 | Test Recall:0.5610 | Test Precision:0.5610 | Best Test Accuracy: 68.293% | Best Test AUC:0.7105 | Best Test Sensitivity:0.6053 | Best Test Specificity:0.7500 | LR:0.0000634
[2023-08-17 09:43:06][Train.py][L163][INFO]Epoch[24/100] | Train Loss: 0.362 | Train Accuracy: 85.342% | Test Loss: 0.665 | Test Accuracy: 60.976% | Test AUC:0.7093 | Test Sen:0.6053 | Test Spe:0.6136 | Test F1:0.6098 | Test Recall:0.6098 | Test Precision:0.6098 | Best Test Accuracy: 68.293% | Best Test AUC:0.7105 | Best Test Sensitivity:0.6053 | Best Test Specificity:0.7500 | LR:0.0000620
[2023-08-17 09:43:07][Train.py][L163][INFO]Epoch[25/100] | Train Loss: 0.364 | Train Accuracy: 82.329% | Test Loss: 0.793 | Test Accuracy: 65.854% | Test AUC:0.6663 | Test Sen:0.3947 | Test Spe:0.8864 | Test F1:0.6585 | Test Recall:0.6585 | Test Precision:0.6585 | Best Test Accuracy: 68.293% | Best Test AUC:0.7105 | Best Test Sensitivity:0.6053 | Best Test Specificity:0.7500 | LR:0.0000606
[2023-08-17 09:43:07][Train.py][L163][INFO]Epoch[26/100] | Train Loss: 0.356 | Train Accuracy: 84.110% | Test Loss: 0.675 | Test Accuracy: 62.195% | Test AUC:0.7105 | Test Sen:0.6053 | Test Spe:0.6364 | Test F1:0.6220 | Test Recall:0.6220 | Test Precision:0.6220 | Best Test Accuracy: 68.293% | Best Test AUC:0.7105 | Best Test Sensitivity:0.6053 | Best Test Specificity:0.7500 | LR:0.0000593
[2023-08-17 09:43:08][Train.py][L163][INFO]Epoch[27/100] | Train Loss: 0.334 | Train Accuracy: 85.616% | Test Loss: 0.702 | Test Accuracy: 57.317% | Test AUC:0.7033 | Test Sen:0.6842 | Test Spe:0.4773 | Test F1:0.5732 | Test Recall:0.5732 | Test Precision:0.5732 | Best Test Accuracy: 68.293% | Best Test AUC:0.7105 | Best Test Sensitivity:0.6053 | Best Test Specificity:0.7500 | LR:0.0000580
[2023-08-17 09:43:09][Train.py][L163][INFO]Epoch[28/100] | Train Loss: 0.326 | Train Accuracy: 85.342% | Test Loss: 0.695 | Test Accuracy: 59.756% | Test AUC:0.6926 | Test Sen:0.6053 | Test Spe:0.5909 | Test F1:0.5976 | Test Recall:0.5976 | Test Precision:0.5976 | Best Test Accuracy: 68.293% | Best Test AUC:0.7105 | Best Test Sensitivity:0.6053 | Best Test Specificity:0.7500 | LR:0.0000567
[2023-08-17 09:43:09][Train.py][L163][INFO]Epoch[29/100] | Train Loss: 0.311 | Train Accuracy: 87.123% | Test Loss: 0.710 | Test Accuracy: 59.756% | Test AUC:0.6860 | Test Sen:0.6053 | Test Spe:0.5909 | Test F1:0.5976 | Test Recall:0.5976 | Test Precision:0.5976 | Best Test Accuracy: 68.293% | Best Test AUC:0.7105 | Best Test Sensitivity:0.6053 | Best Test Specificity:0.7500 | LR:0.0000554
[2023-08-17 09:43:10][Train.py][L163][INFO]Epoch[30/100] | Train Loss: 0.299 | Train Accuracy: 87.671% | Test Loss: 0.731 | Test Accuracy: 57.317% | Test AUC:0.6860 | Test Sen:0.6316 | Test Spe:0.5227 | Test F1:0.5732 | Test Recall:0.5732 | Test Precision:0.5732 | Best Test Accuracy: 68.293% | Best Test AUC:0.7105 | Best Test Sensitivity:0.6053 | Best Test Specificity:0.7500 | LR:0.0000541
[2023-08-17 09:43:11][Train.py][L163][INFO]Epoch[31/100] | Train Loss: 0.289 | Train Accuracy: 88.767% | Test Loss: 0.761 | Test Accuracy: 58.537% | Test AUC:0.7028 | Test Sen:0.7105 | Test Spe:0.4773 | Test F1:0.5854 | Test Recall:0.5854 | Test Precision:0.5854 | Best Test Accuracy: 68.293% | Best Test AUC:0.7105 | Best Test Sensitivity:0.6053 | Best Test Specificity:0.7500 | LR:0.0000528
[2023-08-17 09:43:11][Train.py][L163][INFO]Epoch[32/100] | Train Loss: 0.286 | Train Accuracy: 88.904% | Test Loss: 0.737 | Test Accuracy: 60.976% | Test AUC:0.6764 | Test Sen:0.5789 | Test Spe:0.6364 | Test F1:0.6098 | Test Recall:0.6098 | Test Precision:0.6098 | Best Test Accuracy: 68.293% | Best Test AUC:0.7105 | Best Test Sensitivity:0.6053 | Best Test Specificity:0.7500 | LR:0.0000516
[2023-08-17 09:43:12][Train.py][L163][INFO]Epoch[33/100] | Train Loss: 0.273 | Train Accuracy: 89.863% | Test Loss: 0.740 | Test Accuracy: 60.976% | Test AUC:0.6866 | Test Sen:0.6316 | Test Spe:0.5909 | Test F1:0.6098 | Test Recall:0.6098 | Test Precision:0.6098 | Best Test Accuracy: 68.293% | Best Test AUC:0.7105 | Best Test Sensitivity:0.6053 | Best Test Specificity:0.7500 | LR:0.0000504
[2023-08-17 09:43:13][Train.py][L163][INFO]Epoch[34/100] | Train Loss: 0.262 | Train Accuracy: 90.822% | Test Loss: 0.753 | Test Accuracy: 59.756% | Test AUC:0.6878 | Test Sen:0.6316 | Test Spe:0.5682 | Test F1:0.5976 | Test Recall:0.5976 | Test Precision:0.5976 | Best Test Accuracy: 68.293% | Best Test AUC:0.7105 | Best Test Sensitivity:0.6053 | Best Test Specificity:0.7500 | LR:0.0000492
[2023-08-17 09:43:13][Train.py][L163][INFO]Epoch[35/100] | Train Loss: 0.254 | Train Accuracy: 90.822% | Test Loss: 0.782 | Test Accuracy: 57.317% | Test AUC:0.6806 | Test Sen:0.6316 | Test Spe:0.5227 | Test F1:0.5732 | Test Recall:0.5732 | Test Precision:0.5732 | Best Test Accuracy: 68.293% | Best Test AUC:0.7105 | Best Test Sensitivity:0.6053 | Best Test Specificity:0.7500 | LR:0.0000480
[2023-08-17 09:43:14][Train.py][L163][INFO]Epoch[36/100] | Train Loss: 0.251 | Train Accuracy: 90.411% | Test Loss: 0.765 | Test Accuracy: 58.537% | Test AUC:0.6860 | Test Sen:0.6053 | Test Spe:0.5682 | Test F1:0.5854 | Test Recall:0.5854 | Test Precision:0.5854 | Best Test Accuracy: 68.293% | Best Test AUC:0.7105 | Best Test Sensitivity:0.6053 | Best Test Specificity:0.7500 | LR:0.0000469
[2023-08-17 09:43:15][Train.py][L163][INFO]Epoch[37/100] | Train Loss: 0.242 | Train Accuracy: 92.603% | Test Loss: 0.778 | Test Accuracy: 60.976% | Test AUC:0.6794 | Test Sen:0.5789 | Test Spe:0.6364 | Test F1:0.6098 | Test Recall:0.6098 | Test Precision:0.6098 | Best Test Accuracy: 68.293% | Best Test AUC:0.7105 | Best Test Sensitivity:0.6053 | Best Test Specificity:0.7500 | LR:0.0000457
[2023-08-17 09:43:16][Train.py][L163][INFO]Epoch[38/100] | Train Loss: 0.245 | Train Accuracy: 90.685% | Test Loss: 0.789 | Test Accuracy: 62.195% | Test AUC:0.6752 | Test Sen:0.6053 | Test Spe:0.6364 | Test F1:0.6220 | Test Recall:0.6220 | Test Precision:0.6220 | Best Test Accuracy: 68.293% | Best Test AUC:0.7105 | Best Test Sensitivity:0.6053 | Best Test Specificity:0.7500 | LR:0.0000446
[2023-08-17 09:43:16][Train.py][L163][INFO]Epoch[39/100] | Train Loss: 0.230 | Train Accuracy: 91.644% | Test Loss: 0.806 | Test Accuracy: 59.756% | Test AUC:0.6752 | Test Sen:0.6316 | Test Spe:0.5682 | Test F1:0.5976 | Test Recall:0.5976 | Test Precision:0.5976 | Best Test Accuracy: 68.293% | Best Test AUC:0.7105 | Best Test Sensitivity:0.6053 | Best Test Specificity:0.7500 | LR:0.0000435
[2023-08-17 09:43:17][Train.py][L163][INFO]Epoch[40/100] | Train Loss: 0.223 | Train Accuracy: 92.603% | Test Loss: 0.835 | Test Accuracy: 57.317% | Test AUC:0.6728 | Test Sen:0.6316 | Test Spe:0.5227 | Test F1:0.5732 | Test Recall:0.5732 | Test Precision:0.5732 | Best Test Accuracy: 68.293% | Best Test AUC:0.7105 | Best Test Sensitivity:0.6053 | Best Test Specificity:0.7500 | LR:0.0000424
[2023-08-17 09:43:18][Train.py][L163][INFO]Epoch[41/100] | Train Loss: 0.213 | Train Accuracy: 93.425% | Test Loss: 0.822 | Test Accuracy: 62.195% | Test AUC:0.6609 | Test Sen:0.6053 | Test Spe:0.6364 | Test F1:0.6220 | Test Recall:0.6220 | Test Precision:0.6220 | Best Test Accuracy: 68.293% | Best Test AUC:0.7105 | Best Test Sensitivity:0.6053 | Best Test Specificity:0.7500 | LR:0.0000413
[2023-08-17 09:43:18][Train.py][L163][INFO]Epoch[42/100] | Train Loss: 0.213 | Train Accuracy: 93.014% | Test Loss: 0.823 | Test Accuracy: 58.537% | Test AUC:0.6717 | Test Sen:0.6053 | Test Spe:0.5682 | Test F1:0.5854 | Test Recall:0.5854 | Test Precision:0.5854 | Best Test Accuracy: 68.293% | Best Test AUC:0.7105 | Best Test Sensitivity:0.6053 | Best Test Specificity:0.7500 | LR:0.0000403
[2023-08-17 09:43:19][Train.py][L163][INFO]Epoch[43/100] | Train Loss: 0.200 | Train Accuracy: 94.110% | Test Loss: 0.832 | Test Accuracy: 59.756% | Test AUC:0.6681 | Test Sen:0.6053 | Test Spe:0.5909 | Test F1:0.5976 | Test Recall:0.5976 | Test Precision:0.5976 | Best Test Accuracy: 68.293% | Best Test AUC:0.7105 | Best Test Sensitivity:0.6053 | Best Test Specificity:0.7500 | LR:0.0000392
[2023-08-17 09:43:20][Train.py][L163][INFO]Epoch[44/100] | Train Loss: 0.197 | Train Accuracy: 93.562% | Test Loss: 0.850 | Test Accuracy: 59.756% | Test AUC:0.6764 | Test Sen:0.6316 | Test Spe:0.5682 | Test F1:0.5976 | Test Recall:0.5976 | Test Precision:0.5976 | Best Test Accuracy: 68.293% | Best Test AUC:0.7105 | Best Test Sensitivity:0.6053 | Best Test Specificity:0.7500 | LR:0.0000382
[2023-08-17 09:43:20][Train.py][L163][INFO]Epoch[45/100] | Train Loss: 0.192 | Train Accuracy: 94.521% | Test Loss: 0.873 | Test Accuracy: 58.537% | Test AUC:0.6711 | Test Sen:0.6316 | Test Spe:0.5455 | Test F1:0.5854 | Test Recall:0.5854 | Test Precision:0.5854 | Best Test Accuracy: 68.293% | Best Test AUC:0.7105 | Best Test Sensitivity:0.6053 | Best Test Specificity:0.7500 | LR:0.0000372
[2023-08-17 09:43:21][Train.py][L163][INFO]Epoch[46/100] | Train Loss: 0.185 | Train Accuracy: 93.973% | Test Loss: 0.868 | Test Accuracy: 59.756% | Test AUC:0.6591 | Test Sen:0.6316 | Test Spe:0.5682 | Test F1:0.5976 | Test Recall:0.5976 | Test Precision:0.5976 | Best Test Accuracy: 68.293% | Best Test AUC:0.7105 | Best Test Sensitivity:0.6053 | Best Test Specificity:0.7500 | LR:0.0000362
[2023-08-17 09:43:21][Train.py][L163][INFO]Epoch[47/100] | Train Loss: 0.178 | Train Accuracy: 94.384% | Test Loss: 0.884 | Test Accuracy: 59.756% | Test AUC:0.6651 | Test Sen:0.6316 | Test Spe:0.5682 | Test F1:0.5976 | Test Recall:0.5976 | Test Precision:0.5976 | Best Test Accuracy: 68.293% | Best Test AUC:0.7105 | Best Test Sensitivity:0.6053 | Best Test Specificity:0.7500 | LR:0.0000353
[2023-08-17 09:43:22][Train.py][L163][INFO]Epoch[48/100] | Train Loss: 0.174 | Train Accuracy: 94.521% | Test Loss: 0.883 | Test Accuracy: 59.756% | Test AUC:0.6669 | Test Sen:0.6316 | Test Spe:0.5682 | Test F1:0.5976 | Test Recall:0.5976 | Test Precision:0.5976 | Best Test Accuracy: 68.293% | Best Test AUC:0.7105 | Best Test Sensitivity:0.6053 | Best Test Specificity:0.7500 | LR:0.0000343
[2023-08-17 09:43:23][Train.py][L163][INFO]Epoch[49/100] | Train Loss: 0.171 | Train Accuracy: 94.932% | Test Loss: 0.885 | Test Accuracy: 59.756% | Test AUC:0.6651 | Test Sen:0.6316 | Test Spe:0.5682 | Test F1:0.5976 | Test Recall:0.5976 | Test Precision:0.5976 | Best Test Accuracy: 68.293% | Best Test AUC:0.7105 | Best Test Sensitivity:0.6053 | Best Test Specificity:0.7500 | LR:0.0000334
[2023-08-17 09:43:24][Train.py][L163][INFO]Epoch[50/100] | Train Loss: 0.164 | Train Accuracy: 95.753% | Test Loss: 0.906 | Test Accuracy: 58.537% | Test AUC:0.6681 | Test Sen:0.6053 | Test Spe:0.5682 | Test F1:0.5854 | Test Recall:0.5854 | Test Precision:0.5854 | Best Test Accuracy: 68.293% | Best Test AUC:0.7105 | Best Test Sensitivity:0.6053 | Best Test Specificity:0.7500 | LR:0.0000325
[2023-08-17 09:43:24][Train.py][L163][INFO]Epoch[51/100] | Train Loss: 0.162 | Train Accuracy: 95.479% | Test Loss: 0.948 | Test Accuracy: 59.756% | Test AUC:0.6645 | Test Sen:0.6579 | Test Spe:0.5455 | Test F1:0.5976 | Test Recall:0.5976 | Test Precision:0.5976 | Best Test Accuracy: 68.293% | Best Test AUC:0.7105 | Best Test Sensitivity:0.6053 | Best Test Specificity:0.7500 | LR:0.0000316
[2023-08-17 09:43:25][Train.py][L163][INFO]Epoch[52/100] | Train Loss: 0.157 | Train Accuracy: 95.616% | Test Loss: 0.923 | Test Accuracy: 59.756% | Test AUC:0.6639 | Test Sen:0.6316 | Test Spe:0.5682 | Test F1:0.5976 | Test Recall:0.5976 | Test Precision:0.5976 | Best Test Accuracy: 68.293% | Best Test AUC:0.7105 | Best Test Sensitivity:0.6053 | Best Test Specificity:0.7500 | LR:0.0000307
[2023-08-17 09:43:26][Train.py][L163][INFO]Epoch[53/100] | Train Loss: 0.153 | Train Accuracy: 96.301% | Test Loss: 0.952 | Test Accuracy: 59.756% | Test AUC:0.6615 | Test Sen:0.6579 | Test Spe:0.5455 | Test F1:0.5976 | Test Recall:0.5976 | Test Precision:0.5976 | Best Test Accuracy: 68.293% | Best Test AUC:0.7105 | Best Test Sensitivity:0.6053 | Best Test Specificity:0.7500 | LR:0.0000299
[2023-08-17 09:43:26][Train.py][L163][INFO]Epoch[54/100] | Train Loss: 0.150 | Train Accuracy: 96.301% | Test Loss: 0.958 | Test Accuracy: 58.537% | Test AUC:0.6657 | Test Sen:0.6316 | Test Spe:0.5455 | Test F1:0.5854 | Test Recall:0.5854 | Test Precision:0.5854 | Best Test Accuracy: 68.293% | Best Test AUC:0.7105 | Best Test Sensitivity:0.6053 | Best Test Specificity:0.7500 | LR:0.0000290
[2023-08-17 09:43:27][Train.py][L163][INFO]Epoch[55/100] | Train Loss: 0.144 | Train Accuracy: 96.301% | Test Loss: 0.942 | Test Accuracy: 59.756% | Test AUC:0.6633 | Test Sen:0.6053 | Test Spe:0.5909 | Test F1:0.5976 | Test Recall:0.5976 | Test Precision:0.5976 | Best Test Accuracy: 68.293% | Best Test AUC:0.7105 | Best Test Sensitivity:0.6053 | Best Test Specificity:0.7500 | LR:0.0000282
[2023-08-17 09:43:27][Train.py][L163][INFO]Epoch[56/100] | Train Loss: 0.141 | Train Accuracy: 97.123% | Test Loss: 0.946 | Test Accuracy: 60.976% | Test AUC:0.6639 | Test Sen:0.6053 | Test Spe:0.6136 | Test F1:0.6098 | Test Recall:0.6098 | Test Precision:0.6098 | Best Test Accuracy: 68.293% | Best Test AUC:0.7105 | Best Test Sensitivity:0.6053 | Best Test Specificity:0.7500 | LR:0.0000274
[2023-08-17 09:43:28][Train.py][L163][INFO]Epoch[57/100] | Train Loss: 0.138 | Train Accuracy: 97.123% | Test Loss: 0.963 | Test Accuracy: 60.976% | Test AUC:0.6555 | Test Sen:0.6053 | Test Spe:0.6136 | Test F1:0.6098 | Test Recall:0.6098 | Test Precision:0.6098 | Best Test Accuracy: 68.293% | Best Test AUC:0.7105 | Best Test Sensitivity:0.6053 | Best Test Specificity:0.7500 | LR:0.0000266
[2023-08-17 09:43:29][Train.py][L163][INFO]Epoch[58/100] | Train Loss: 0.133 | Train Accuracy: 97.260% | Test Loss: 0.959 | Test Accuracy: 63.415% | Test AUC:0.6585 | Test Sen:0.6053 | Test Spe:0.6591 | Test F1:0.6341 | Test Recall:0.6341 | Test Precision:0.6341 | Best Test Accuracy: 68.293% | Best Test AUC:0.7105 | Best Test Sensitivity:0.6053 | Best Test Specificity:0.7500 | LR:0.0000259
[2023-08-17 09:43:29][Train.py][L163][INFO]Epoch[59/100] | Train Loss: 0.136 | Train Accuracy: 96.849% | Test Loss: 0.975 | Test Accuracy: 59.756% | Test AUC:0.6627 | Test Sen:0.6316 | Test Spe:0.5682 | Test F1:0.5976 | Test Recall:0.5976 | Test Precision:0.5976 | Best Test Accuracy: 68.293% | Best Test AUC:0.7105 | Best Test Sensitivity:0.6053 | Best Test Specificity:0.7500 | LR:0.0000251
[2023-08-17 09:43:30][Train.py][L163][INFO]Epoch[60/100] | Train Loss: 0.129 | Train Accuracy: 96.986% | Test Loss: 0.981 | Test Accuracy: 59.756% | Test AUC:0.6627 | Test Sen:0.6316 | Test Spe:0.5682 | Test F1:0.5976 | Test Recall:0.5976 | Test Precision:0.5976 | Best Test Accuracy: 68.293% | Best Test AUC:0.7105 | Best Test Sensitivity:0.6053 | Best Test Specificity:0.7500 | LR:0.0000244
[2023-08-17 09:43:31][Train.py][L163][INFO]Epoch[61/100] | Train Loss: 0.125 | Train Accuracy: 97.123% | Test Loss: 0.989 | Test Accuracy: 60.976% | Test AUC:0.6645 | Test Sen:0.6579 | Test Spe:0.5682 | Test F1:0.6098 | Test Recall:0.6098 | Test Precision:0.6098 | Best Test Accuracy: 68.293% | Best Test AUC:0.7105 | Best Test Sensitivity:0.6053 | Best Test Specificity:0.7500 | LR:0.0000237
[2023-08-17 09:43:32][Train.py][L163][INFO]Epoch[62/100] | Train Loss: 0.124 | Train Accuracy: 97.397% | Test Loss: 1.033 | Test Accuracy: 59.756% | Test AUC:0.6585 | Test Sen:0.6579 | Test Spe:0.5455 | Test F1:0.5976 | Test Recall:0.5976 | Test Precision:0.5976 | Best Test Accuracy: 68.293% | Best Test AUC:0.7105 | Best Test Sensitivity:0.6053 | Best Test Specificity:0.7500 | LR:0.0000230
[2023-08-17 09:43:32][Train.py][L163][INFO]Epoch[63/100] | Train Loss: 0.121 | Train Accuracy: 97.534% | Test Loss: 0.994 | Test Accuracy: 62.195% | Test AUC:0.6579 | Test Sen:0.6053 | Test Spe:0.6364 | Test F1:0.6220 | Test Recall:0.6220 | Test Precision:0.6220 | Best Test Accuracy: 68.293% | Best Test AUC:0.7105 | Best Test Sensitivity:0.6053 | Best Test Specificity:0.7500 | LR:0.0000223
[2023-08-17 09:43:33][Train.py][L163][INFO]Epoch[64/100] | Train Loss: 0.119 | Train Accuracy: 97.808% | Test Loss: 0.998 | Test Accuracy: 62.195% | Test AUC:0.6633 | Test Sen:0.6316 | Test Spe:0.6136 | Test F1:0.6220 | Test Recall:0.6220 | Test Precision:0.6220 | Best Test Accuracy: 68.293% | Best Test AUC:0.7105 | Best Test Sensitivity:0.6053 | Best Test Specificity:0.7500 | LR:0.0000217
[2023-08-17 09:43:34][Train.py][L163][INFO]Epoch[65/100] | Train Loss: 0.116 | Train Accuracy: 97.945% | Test Loss: 1.010 | Test Accuracy: 62.195% | Test AUC:0.6573 | Test Sen:0.6053 | Test Spe:0.6364 | Test F1:0.6220 | Test Recall:0.6220 | Test Precision:0.6220 | Best Test Accuracy: 68.293% | Best Test AUC:0.7105 | Best Test Sensitivity:0.6053 | Best Test Specificity:0.7500 | LR:0.0000210
[2023-08-17 09:43:34][Train.py][L163][INFO]Epoch[66/100] | Train Loss: 0.112 | Train Accuracy: 98.082% | Test Loss: 1.015 | Test Accuracy: 62.195% | Test AUC:0.6561 | Test Sen:0.6053 | Test Spe:0.6364 | Test F1:0.6220 | Test Recall:0.6220 | Test Precision:0.6220 | Best Test Accuracy: 68.293% | Best Test AUC:0.7105 | Best Test Sensitivity:0.6053 | Best Test Specificity:0.7500 | LR:0.0000204
[2023-08-17 09:43:35][Train.py][L163][INFO]Epoch[67/100] | Train Loss: 0.111 | Train Accuracy: 98.219% | Test Loss: 1.039 | Test Accuracy: 59.756% | Test AUC:0.6627 | Test Sen:0.6579 | Test Spe:0.5455 | Test F1:0.5976 | Test Recall:0.5976 | Test Precision:0.5976 | Best Test Accuracy: 68.293% | Best Test AUC:0.7105 | Best Test Sensitivity:0.6053 | Best Test Specificity:0.7500 | LR:0.0000198
[2023-08-17 09:43:36][Train.py][L163][INFO]Epoch[68/100] | Train Loss: 0.110 | Train Accuracy: 97.808% | Test Loss: 1.035 | Test Accuracy: 60.976% | Test AUC:0.6567 | Test Sen:0.6053 | Test Spe:0.6136 | Test F1:0.6098 | Test Recall:0.6098 | Test Precision:0.6098 | Best Test Accuracy: 68.293% | Best Test AUC:0.7105 | Best Test Sensitivity:0.6053 | Best Test Specificity:0.7500 | LR:0.0000192
[2023-08-17 09:43:36][Train.py][L163][INFO]Epoch[69/100] | Train Loss: 0.106 | Train Accuracy: 98.219% | Test Loss: 1.040 | Test Accuracy: 60.976% | Test AUC:0.6561 | Test Sen:0.6053 | Test Spe:0.6136 | Test F1:0.6098 | Test Recall:0.6098 | Test Precision:0.6098 | Best Test Accuracy: 68.293% | Best Test AUC:0.7105 | Best Test Sensitivity:0.6053 | Best Test Specificity:0.7500 | LR:0.0000186
[2023-08-17 09:43:37][Train.py][L163][INFO]Epoch[70/100] | Train Loss: 0.104 | Train Accuracy: 98.082% | Test Loss: 1.047 | Test Accuracy: 62.195% | Test AUC:0.6513 | Test Sen:0.6053 | Test Spe:0.6364 | Test F1:0.6220 | Test Recall:0.6220 | Test Precision:0.6220 | Best Test Accuracy: 68.293% | Best Test AUC:0.7105 | Best Test Sensitivity:0.6053 | Best Test Specificity:0.7500 | LR:0.0000181
[2023-08-17 09:43:38][Train.py][L163][INFO]Epoch[71/100] | Train Loss: 0.102 | Train Accuracy: 98.082% | Test Loss: 1.064 | Test Accuracy: 63.415% | Test AUC:0.6585 | Test Sen:0.6579 | Test Spe:0.6136 | Test F1:0.6341 | Test Recall:0.6341 | Test Precision:0.6341 | Best Test Accuracy: 68.293% | Best Test AUC:0.7105 | Best Test Sensitivity:0.6053 | Best Test Specificity:0.7500 | LR:0.0000176
[2023-08-17 09:43:38][Train.py][L163][INFO]Epoch[72/100] | Train Loss: 0.102 | Train Accuracy: 98.356% | Test Loss: 1.061 | Test Accuracy: 62.195% | Test AUC:0.6573 | Test Sen:0.6316 | Test Spe:0.6136 | Test F1:0.6220 | Test Recall:0.6220 | Test Precision:0.6220 | Best Test Accuracy: 68.293% | Best Test AUC:0.7105 | Best Test Sensitivity:0.6053 | Best Test Specificity:0.7500 | LR:0.0000171
[2023-08-17 09:43:39][Train.py][L163][INFO]Epoch[73/100] | Train Loss: 0.098 | Train Accuracy: 98.493% | Test Loss: 1.067 | Test Accuracy: 63.415% | Test AUC:0.6603 | Test Sen:0.6579 | Test Spe:0.6136 | Test F1:0.6341 | Test Recall:0.6341 | Test Precision:0.6341 | Best Test Accuracy: 68.293% | Best Test AUC:0.7105 | Best Test Sensitivity:0.6053 | Best Test Specificity:0.7500 | LR:0.0000166
[2023-08-17 09:43:40][Train.py][L163][INFO]Epoch[74/100] | Train Loss: 0.097 | Train Accuracy: 98.493% | Test Loss: 1.070 | Test Accuracy: 63.415% | Test AUC:0.6579 | Test Sen:0.6579 | Test Spe:0.6136 | Test F1:0.6341 | Test Recall:0.6341 | Test Precision:0.6341 | Best Test Accuracy: 68.293% | Best Test AUC:0.7105 | Best Test Sensitivity:0.6053 | Best Test Specificity:0.7500 | LR:0.0000161
[2023-08-17 09:43:40][Train.py][L163][INFO]Epoch[75/100] | Train Loss: 0.095 | Train Accuracy: 98.493% | Test Loss: 1.084 | Test Accuracy: 63.415% | Test AUC:0.6591 | Test Sen:0.6579 | Test Spe:0.6136 | Test F1:0.6341 | Test Recall:0.6341 | Test Precision:0.6341 | Best Test Accuracy: 68.293% | Best Test AUC:0.7105 | Best Test Sensitivity:0.6053 | Best Test Specificity:0.7500 | LR:0.0000156
[2023-08-17 09:43:41][Train.py][L163][INFO]Epoch[76/100] | Train Loss: 0.093 | Train Accuracy: 98.630% | Test Loss: 1.082 | Test Accuracy: 62.195% | Test AUC:0.6567 | Test Sen:0.6316 | Test Spe:0.6136 | Test F1:0.6220 | Test Recall:0.6220 | Test Precision:0.6220 | Best Test Accuracy: 68.293% | Best Test AUC:0.7105 | Best Test Sensitivity:0.6053 | Best Test Specificity:0.7500 | LR:0.0000152
[2023-08-17 09:43:42][Train.py][L163][INFO]Epoch[77/100] | Train Loss: 0.093 | Train Accuracy: 98.493% | Test Loss: 1.121 | Test Accuracy: 58.537% | Test AUC:0.6591 | Test Sen:0.6579 | Test Spe:0.5227 | Test F1:0.5854 | Test Recall:0.5854 | Test Precision:0.5854 | Best Test Accuracy: 68.293% | Best Test AUC:0.7105 | Best Test Sensitivity:0.6053 | Best Test Specificity:0.7500 | LR:0.0000148
[2023-08-17 09:43:42][Train.py][L163][INFO]Epoch[78/100] | Train Loss: 0.090 | Train Accuracy: 98.493% | Test Loss: 1.089 | Test Accuracy: 62.195% | Test AUC:0.6573 | Test Sen:0.6316 | Test Spe:0.6136 | Test F1:0.6220 | Test Recall:0.6220 | Test Precision:0.6220 | Best Test Accuracy: 68.293% | Best Test AUC:0.7105 | Best Test Sensitivity:0.6053 | Best Test Specificity:0.7500 | LR:0.0000144
[2023-08-17 09:43:43][Train.py][L163][INFO]Epoch[79/100] | Train Loss: 0.089 | Train Accuracy: 98.493% | Test Loss: 1.114 | Test Accuracy: 62.195% | Test AUC:0.6603 | Test Sen:0.6579 | Test Spe:0.5909 | Test F1:0.6220 | Test Recall:0.6220 | Test Precision:0.6220 | Best Test Accuracy: 68.293% | Best Test AUC:0.7105 | Best Test Sensitivity:0.6053 | Best Test Specificity:0.7500 | LR:0.0000140
[2023-08-17 09:43:44][Train.py][L163][INFO]Epoch[80/100] | Train Loss: 0.088 | Train Accuracy: 98.630% | Test Loss: 1.122 | Test Accuracy: 60.976% | Test AUC:0.6591 | Test Sen:0.6579 | Test Spe:0.5682 | Test F1:0.6098 | Test Recall:0.6098 | Test Precision:0.6098 | Best Test Accuracy: 68.293% | Best Test AUC:0.7105 | Best Test Sensitivity:0.6053 | Best Test Specificity:0.7500 | LR:0.0000136
[2023-08-17 09:43:44][Train.py][L163][INFO]Epoch[81/100] | Train Loss: 0.086 | Train Accuracy: 98.767% | Test Loss: 1.110 | Test Accuracy: 63.415% | Test AUC:0.6597 | Test Sen:0.6579 | Test Spe:0.6136 | Test F1:0.6341 | Test Recall:0.6341 | Test Precision:0.6341 | Best Test Accuracy: 68.293% | Best Test AUC:0.7105 | Best Test Sensitivity:0.6053 | Best Test Specificity:0.7500 | LR:0.0000132
[2023-08-17 09:43:45][Train.py][L163][INFO]Epoch[82/100] | Train Loss: 0.085 | Train Accuracy: 98.767% | Test Loss: 1.121 | Test Accuracy: 63.415% | Test AUC:0.6609 | Test Sen:0.6579 | Test Spe:0.6136 | Test F1:0.6341 | Test Recall:0.6341 | Test Precision:0.6341 | Best Test Accuracy: 68.293% | Best Test AUC:0.7105 | Best Test Sensitivity:0.6053 | Best Test Specificity:0.7500 | LR:0.0000129
[2023-08-17 09:43:46][Train.py][L163][INFO]Epoch[83/100] | Train Loss: 0.084 | Train Accuracy: 98.904% | Test Loss: 1.117 | Test Accuracy: 63.415% | Test AUC:0.6585 | Test Sen:0.6579 | Test Spe:0.6136 | Test F1:0.6341 | Test Recall:0.6341 | Test Precision:0.6341 | Best Test Accuracy: 68.293% | Best Test AUC:0.7105 | Best Test Sensitivity:0.6053 | Best Test Specificity:0.7500 | LR:0.0000126
[2023-08-17 09:43:46][Train.py][L163][INFO]Epoch[84/100] | Train Loss: 0.082 | Train Accuracy: 98.904% | Test Loss: 1.125 | Test Accuracy: 63.415% | Test AUC:0.6585 | Test Sen:0.6579 | Test Spe:0.6136 | Test F1:0.6341 | Test Recall:0.6341 | Test Precision:0.6341 | Best Test Accuracy: 68.293% | Best Test AUC:0.7105 | Best Test Sensitivity:0.6053 | Best Test Specificity:0.7500 | LR:0.0000123
[2023-08-17 09:43:47][Train.py][L163][INFO]Epoch[85/100] | Train Loss: 0.082 | Train Accuracy: 98.904% | Test Loss: 1.124 | Test Accuracy: 62.195% | Test AUC:0.6573 | Test Sen:0.6316 | Test Spe:0.6136 | Test F1:0.6220 | Test Recall:0.6220 | Test Precision:0.6220 | Best Test Accuracy: 68.293% | Best Test AUC:0.7105 | Best Test Sensitivity:0.6053 | Best Test Specificity:0.7500 | LR:0.0000120
[2023-08-17 09:43:48][Train.py][L163][INFO]Epoch[86/100] | Train Loss: 0.080 | Train Accuracy: 98.904% | Test Loss: 1.143 | Test Accuracy: 63.415% | Test AUC:0.6597 | Test Sen:0.6579 | Test Spe:0.6136 | Test F1:0.6341 | Test Recall:0.6341 | Test Precision:0.6341 | Best Test Accuracy: 68.293% | Best Test AUC:0.7105 | Best Test Sensitivity:0.6053 | Best Test Specificity:0.7500 | LR:0.0000118
[2023-08-17 09:43:48][Train.py][L163][INFO]Epoch[87/100] | Train Loss: 0.079 | Train Accuracy: 98.630% | Test Loss: 1.150 | Test Accuracy: 63.415% | Test AUC:0.6579 | Test Sen:0.6579 | Test Spe:0.6136 | Test F1:0.6341 | Test Recall:0.6341 | Test Precision:0.6341 | Best Test Accuracy: 68.293% | Best Test AUC:0.7105 | Best Test Sensitivity:0.6053 | Best Test Specificity:0.7500 | LR:0.0000115
[2023-08-17 09:43:49][Train.py][L163][INFO]Epoch[88/100] | Train Loss: 0.078 | Train Accuracy: 98.767% | Test Loss: 1.145 | Test Accuracy: 63.415% | Test AUC:0.6585 | Test Sen:0.6579 | Test Spe:0.6136 | Test F1:0.6341 | Test Recall:0.6341 | Test Precision:0.6341 | Best Test Accuracy: 68.293% | Best Test AUC:0.7105 | Best Test Sensitivity:0.6053 | Best Test Specificity:0.7500 | LR:0.0000113
[2023-08-17 09:43:50][Train.py][L163][INFO]Epoch[89/100] | Train Loss: 0.077 | Train Accuracy: 98.904% | Test Loss: 1.152 | Test Accuracy: 63.415% | Test AUC:0.6585 | Test Sen:0.6579 | Test Spe:0.6136 | Test F1:0.6341 | Test Recall:0.6341 | Test Precision:0.6341 | Best Test Accuracy: 68.293% | Best Test AUC:0.7105 | Best Test Sensitivity:0.6053 | Best Test Specificity:0.7500 | LR:0.0000111
[2023-08-17 09:43:51][Train.py][L163][INFO]Epoch[90/100] | Train Loss: 0.077 | Train Accuracy: 98.904% | Test Loss: 1.152 | Test Accuracy: 63.415% | Test AUC:0.6579 | Test Sen:0.6579 | Test Spe:0.6136 | Test F1:0.6341 | Test Recall:0.6341 | Test Precision:0.6341 | Best Test Accuracy: 68.293% | Best Test AUC:0.7105 | Best Test Sensitivity:0.6053 | Best Test Specificity:0.7500 | LR:0.0000109
[2023-08-17 09:43:51][Train.py][L163][INFO]Epoch[91/100] | Train Loss: 0.076 | Train Accuracy: 98.904% | Test Loss: 1.165 | Test Accuracy: 63.415% | Test AUC:0.6573 | Test Sen:0.6579 | Test Spe:0.6136 | Test F1:0.6341 | Test Recall:0.6341 | Test Precision:0.6341 | Best Test Accuracy: 68.293% | Best Test AUC:0.7105 | Best Test Sensitivity:0.6053 | Best Test Specificity:0.7500 | LR:0.0000107
[2023-08-17 09:43:52][Train.py][L163][INFO]Epoch[92/100] | Train Loss: 0.074 | Train Accuracy: 99.178% | Test Loss: 1.166 | Test Accuracy: 63.415% | Test AUC:0.6585 | Test Sen:0.6579 | Test Spe:0.6136 | Test F1:0.6341 | Test Recall:0.6341 | Test Precision:0.6341 | Best Test Accuracy: 68.293% | Best Test AUC:0.7105 | Best Test Sensitivity:0.6053 | Best Test Specificity:0.7500 | LR:0.0000106
[2023-08-17 09:43:53][Train.py][L163][INFO]Epoch[93/100] | Train Loss: 0.073 | Train Accuracy: 99.178% | Test Loss: 1.163 | Test Accuracy: 64.634% | Test AUC:0.6579 | Test Sen:0.6579 | Test Spe:0.6364 | Test F1:0.6463 | Test Recall:0.6463 | Test Precision:0.6463 | Best Test Accuracy: 68.293% | Best Test AUC:0.7105 | Best Test Sensitivity:0.6053 | Best Test Specificity:0.7500 | LR:0.0000104
[2023-08-17 09:43:53][Train.py][L163][INFO]Epoch[94/100] | Train Loss: 0.073 | Train Accuracy: 99.041% | Test Loss: 1.171 | Test Accuracy: 63.415% | Test AUC:0.6591 | Test Sen:0.6579 | Test Spe:0.6136 | Test F1:0.6341 | Test Recall:0.6341 | Test Precision:0.6341 | Best Test Accuracy: 68.293% | Best Test AUC:0.7105 | Best Test Sensitivity:0.6053 | Best Test Specificity:0.7500 | LR:0.0000103
[2023-08-17 09:43:54][Train.py][L163][INFO]Epoch[95/100] | Train Loss: 0.072 | Train Accuracy: 99.178% | Test Loss: 1.191 | Test Accuracy: 63.415% | Test AUC:0.6591 | Test Sen:0.6579 | Test Spe:0.6136 | Test F1:0.6341 | Test Recall:0.6341 | Test Precision:0.6341 | Best Test Accuracy: 68.293% | Best Test AUC:0.7105 | Best Test Sensitivity:0.6053 | Best Test Specificity:0.7500 | LR:0.0000102
[2023-08-17 09:43:55][Train.py][L163][INFO]Epoch[96/100] | Train Loss: 0.071 | Train Accuracy: 99.178% | Test Loss: 1.183 | Test Accuracy: 63.415% | Test AUC:0.6579 | Test Sen:0.6579 | Test Spe:0.6136 | Test F1:0.6341 | Test Recall:0.6341 | Test Precision:0.6341 | Best Test Accuracy: 68.293% | Best Test AUC:0.7105 | Best Test Sensitivity:0.6053 | Best Test Specificity:0.7500 | LR:0.0000101
[2023-08-17 09:43:55][Train.py][L163][INFO]Epoch[97/100] | Train Loss: 0.071 | Train Accuracy: 99.178% | Test Loss: 1.181 | Test Accuracy: 63.415% | Test AUC:0.6603 | Test Sen:0.6579 | Test Spe:0.6136 | Test F1:0.6341 | Test Recall:0.6341 | Test Precision:0.6341 | Best Test Accuracy: 68.293% | Best Test AUC:0.7105 | Best Test Sensitivity:0.6053 | Best Test Specificity:0.7500 | LR:0.0000101
[2023-08-17 09:43:56][Train.py][L163][INFO]Epoch[98/100] | Train Loss: 0.068 | Train Accuracy: 99.178% | Test Loss: 1.176 | Test Accuracy: 63.415% | Test AUC:0.6573 | Test Sen:0.6316 | Test Spe:0.6364 | Test F1:0.6341 | Test Recall:0.6341 | Test Precision:0.6341 | Best Test Accuracy: 68.293% | Best Test AUC:0.7105 | Best Test Sensitivity:0.6053 | Best Test Specificity:0.7500 | LR:0.0000100
[2023-08-17 09:43:57][Train.py][L163][INFO]Epoch[99/100] | Train Loss: 0.069 | Train Accuracy: 99.178% | Test Loss: 1.208 | Test Accuracy: 63.415% | Test AUC:0.6591 | Test Sen:0.6579 | Test Spe:0.6136 | Test F1:0.6341 | Test Recall:0.6341 | Test Precision:0.6341 | Best Test Accuracy: 68.293% | Best Test AUC:0.7105 | Best Test Sensitivity:0.6053 | Best Test Specificity:0.7500 | LR:0.0000100
[2023-08-17 09:43:57][Train.py][L163][INFO]Epoch[100/100] | Train Loss: 0.067 | Train Accuracy: 99.178% | Test Loss: 1.204 | Test Accuracy: 63.415% | Test AUC:0.6579 | Test Sen:0.6579 | Test Spe:0.6136 | Test F1:0.6341 | Test Recall:0.6341 | Test Precision:0.6341 | Best Test Accuracy: 68.293% | Best Test AUC:0.7105 | Best Test Sensitivity:0.6053 | Best Test Specificity:0.7500 | LR:0.0000100
[2023-08-17 09:44:08][__main__.py][L41][INFO]dataset:
  name: fc_200
  batch_size: 16
  train_set: 0.9
  test_set: 0.1
  fc_path: /mnt/ssd1/mehul_data/research/fc_200_data.npy
  node_sz: 200
  node_feature_sz: 200
  num_classes: 2
  perc_edges: 100
  node: fc
model:
  name: GAT
  num_layers: 2
  hidden_size: 64
  dropout: 0.5
  readout: mean
optimizer:
- name: Adam
  lr: 0.0001
  match_rule: None
  except_rule: None
  no_weight_decay: false
  weight_decay: 0.0001
  lr_scheduler:
    mode: poly
    base_lr: 0.0001
    target_lr: 1.0e-05
    decay_factor: 0.1
    milestones:
    - 0.3
    - 0.6
    - 0.9
    poly_power: 2.0
    lr_decay: 0.98
    warm_up_from: 0.0
    warm_up_steps: 0
training:
  name: Train
  epochs: 100
  l2: 0.0
log_path: result
repeat_time: 2
device: cuda:0
is_wandb: true
project: asd-graph
steps_per_epoch: 46.0
total_steps: 4600.0

[2023-08-17 09:44:08][__init__.py][L15][INFO]cfg.dataset.name: fc_200
[2023-08-17 09:44:09][optimizer.py][L66][INFO]Parameters [normal] length [12]
[2023-08-17 09:44:09][__init__.py][L25][INFO]Training: Train
[2023-08-17 09:44:09][Train.py][L35][INFO]#model params: 836609
[2023-08-17 09:44:10][Train.py][L163][INFO]Epoch[1/100] | Train Loss: 0.695 | Train Accuracy: 49.589% | Test Loss: 0.692 | Test Accuracy: 57.317% | Test AUC:0.5227 | Test Sen:0.3158 | Test Spe:0.7955 | Test F1:0.5732 | Test Recall:0.5732 | Test Precision:0.5732 | Best Test Accuracy: 57.317% | Best Test AUC:0.5227 | Best Test Sensitivity:0.3158 | Best Test Specificity:0.7955 | LR:0.0000982
[2023-08-17 09:44:11][Train.py][L163][INFO]Epoch[2/100] | Train Loss: 0.673 | Train Accuracy: 56.849% | Test Loss: 0.693 | Test Accuracy: 51.220% | Test AUC:0.5257 | Test Sen:0.2632 | Test Spe:0.7273 | Test F1:0.5122 | Test Recall:0.5122 | Test Precision:0.5122 | Best Test Accuracy: 57.317% | Best Test AUC:0.5227 | Best Test Sensitivity:0.3158 | Best Test Specificity:0.7955 | LR:0.0000964
[2023-08-17 09:44:12][Train.py][L163][INFO]Epoch[3/100] | Train Loss: 0.661 | Train Accuracy: 60.137% | Test Loss: 0.686 | Test Accuracy: 53.659% | Test AUC:0.5778 | Test Sen:0.6579 | Test Spe:0.4318 | Test F1:0.5366 | Test Recall:0.5366 | Test Precision:0.5366 | Best Test Accuracy: 57.317% | Best Test AUC:0.5227 | Best Test Sensitivity:0.3158 | Best Test Specificity:0.7955 | LR:0.0000947
[2023-08-17 09:44:12][Train.py][L163][INFO]Epoch[4/100] | Train Loss: 0.643 | Train Accuracy: 65.205% | Test Loss: 0.695 | Test Accuracy: 53.659% | Test AUC:0.5532 | Test Sen:0.2895 | Test Spe:0.7500 | Test F1:0.5366 | Test Recall:0.5366 | Test Precision:0.5366 | Best Test Accuracy: 57.317% | Best Test AUC:0.5227 | Best Test Sensitivity:0.3158 | Best Test Specificity:0.7955 | LR:0.0000929
[2023-08-17 09:44:13][Train.py][L163][INFO]Epoch[5/100] | Train Loss: 0.641 | Train Accuracy: 64.932% | Test Loss: 0.713 | Test Accuracy: 56.098% | Test AUC:0.5508 | Test Sen:0.1316 | Test Spe:0.9318 | Test F1:0.5610 | Test Recall:0.5610 | Test Precision:0.5610 | Best Test Accuracy: 57.317% | Best Test AUC:0.5227 | Best Test Sensitivity:0.3158 | Best Test Specificity:0.7955 | LR:0.0000912
[2023-08-17 09:44:14][Train.py][L163][INFO]Epoch[6/100] | Train Loss: 0.624 | Train Accuracy: 65.753% | Test Loss: 0.675 | Test Accuracy: 56.098% | Test AUC:0.6334 | Test Sen:0.7105 | Test Spe:0.4318 | Test F1:0.5610 | Test Recall:0.5610 | Test Precision:0.5610 | Best Test Accuracy: 57.317% | Best Test AUC:0.5227 | Best Test Sensitivity:0.3158 | Best Test Specificity:0.7955 | LR:0.0000895
[2023-08-17 09:44:14][Train.py][L163][INFO]Epoch[7/100] | Train Loss: 0.597 | Train Accuracy: 69.589% | Test Loss: 0.680 | Test Accuracy: 60.976% | Test AUC:0.6100 | Test Sen:0.5000 | Test Spe:0.7045 | Test F1:0.6098 | Test Recall:0.6098 | Test Precision:0.6098 | Best Test Accuracy: 60.976% | Best Test AUC:0.6100 | Best Test Sensitivity:0.5000 | Best Test Specificity:0.7045 | LR:0.0000878
[2023-08-17 09:44:15][Train.py][L163][INFO]Epoch[8/100] | Train Loss: 0.580 | Train Accuracy: 70.411% | Test Loss: 0.678 | Test Accuracy: 59.756% | Test AUC:0.6214 | Test Sen:0.4737 | Test Spe:0.7045 | Test F1:0.5976 | Test Recall:0.5976 | Test Precision:0.5976 | Best Test Accuracy: 60.976% | Best Test AUC:0.6100 | Best Test Sensitivity:0.5000 | Best Test Specificity:0.7045 | LR:0.0000862
[2023-08-17 09:44:16][Train.py][L163][INFO]Epoch[9/100] | Train Loss: 0.593 | Train Accuracy: 69.178% | Test Loss: 0.662 | Test Accuracy: 59.756% | Test AUC:0.6411 | Test Sen:0.5789 | Test Spe:0.6136 | Test F1:0.5976 | Test Recall:0.5976 | Test Precision:0.5976 | Best Test Accuracy: 60.976% | Best Test AUC:0.6100 | Best Test Sensitivity:0.5000 | Best Test Specificity:0.7045 | LR:0.0000845
[2023-08-17 09:44:16][Train.py][L163][INFO]Epoch[10/100] | Train Loss: 0.559 | Train Accuracy: 72.329% | Test Loss: 0.705 | Test Accuracy: 51.220% | Test AUC:0.6591 | Test Sen:0.7632 | Test Spe:0.2955 | Test F1:0.5122 | Test Recall:0.5122 | Test Precision:0.5122 | Best Test Accuracy: 60.976% | Best Test AUC:0.6100 | Best Test Sensitivity:0.5000 | Best Test Specificity:0.7045 | LR:0.0000829
[2023-08-17 09:44:17][Train.py][L163][INFO]Epoch[11/100] | Train Loss: 0.544 | Train Accuracy: 71.644% | Test Loss: 0.715 | Test Accuracy: 52.439% | Test AUC:0.6645 | Test Sen:0.8158 | Test Spe:0.2727 | Test F1:0.5244 | Test Recall:0.5244 | Test Precision:0.5244 | Best Test Accuracy: 60.976% | Best Test AUC:0.6100 | Best Test Sensitivity:0.5000 | Best Test Specificity:0.7045 | LR:0.0000813
[2023-08-17 09:44:18][Train.py][L163][INFO]Epoch[12/100] | Train Loss: 0.529 | Train Accuracy: 74.247% | Test Loss: 0.703 | Test Accuracy: 62.195% | Test AUC:0.6136 | Test Sen:0.4474 | Test Spe:0.7727 | Test F1:0.6220 | Test Recall:0.6220 | Test Precision:0.6220 | Best Test Accuracy: 62.195% | Best Test AUC:0.6136 | Best Test Sensitivity:0.4474 | Best Test Specificity:0.7727 | LR:0.0000797
[2023-08-17 09:44:18][Train.py][L163][INFO]Epoch[13/100] | Train Loss: 0.509 | Train Accuracy: 74.521% | Test Loss: 0.709 | Test Accuracy: 56.098% | Test AUC:0.6633 | Test Sen:0.7895 | Test Spe:0.3636 | Test F1:0.5610 | Test Recall:0.5610 | Test Precision:0.5610 | Best Test Accuracy: 62.195% | Best Test AUC:0.6136 | Best Test Sensitivity:0.4474 | Best Test Specificity:0.7727 | LR:0.0000781
[2023-08-17 09:44:19][Train.py][L163][INFO]Epoch[14/100] | Train Loss: 0.511 | Train Accuracy: 74.932% | Test Loss: 0.690 | Test Accuracy: 58.537% | Test AUC:0.6627 | Test Sen:0.7632 | Test Spe:0.4318 | Test F1:0.5854 | Test Recall:0.5854 | Test Precision:0.5854 | Best Test Accuracy: 62.195% | Best Test AUC:0.6136 | Best Test Sensitivity:0.4474 | Best Test Specificity:0.7727 | LR:0.0000766
[2023-08-17 09:44:20][Train.py][L163][INFO]Epoch[15/100] | Train Loss: 0.484 | Train Accuracy: 76.301% | Test Loss: 0.693 | Test Accuracy: 57.317% | Test AUC:0.6471 | Test Sen:0.6053 | Test Spe:0.5455 | Test F1:0.5732 | Test Recall:0.5732 | Test Precision:0.5732 | Best Test Accuracy: 62.195% | Best Test AUC:0.6136 | Best Test Sensitivity:0.4474 | Best Test Specificity:0.7727 | LR:0.0000750
[2023-08-17 09:44:20][Train.py][L163][INFO]Epoch[16/100] | Train Loss: 0.464 | Train Accuracy: 77.808% | Test Loss: 0.696 | Test Accuracy: 57.317% | Test AUC:0.6477 | Test Sen:0.5789 | Test Spe:0.5682 | Test F1:0.5732 | Test Recall:0.5732 | Test Precision:0.5732 | Best Test Accuracy: 62.195% | Best Test AUC:0.6136 | Best Test Sensitivity:0.4474 | Best Test Specificity:0.7727 | LR:0.0000735
[2023-08-17 09:44:21][Train.py][L163][INFO]Epoch[17/100] | Train Loss: 0.451 | Train Accuracy: 77.945% | Test Loss: 0.725 | Test Accuracy: 57.317% | Test AUC:0.6609 | Test Sen:0.7368 | Test Spe:0.4318 | Test F1:0.5732 | Test Recall:0.5732 | Test Precision:0.5732 | Best Test Accuracy: 62.195% | Best Test AUC:0.6136 | Best Test Sensitivity:0.4474 | Best Test Specificity:0.7727 | LR:0.0000720
[2023-08-17 09:44:22][Train.py][L163][INFO]Epoch[18/100] | Train Loss: 0.447 | Train Accuracy: 78.904% | Test Loss: 0.727 | Test Accuracy: 58.537% | Test AUC:0.6519 | Test Sen:0.6842 | Test Spe:0.5000 | Test F1:0.5854 | Test Recall:0.5854 | Test Precision:0.5854 | Best Test Accuracy: 62.195% | Best Test AUC:0.6136 | Best Test Sensitivity:0.4474 | Best Test Specificity:0.7727 | LR:0.0000705
[2023-08-17 09:44:22][Train.py][L163][INFO]Epoch[19/100] | Train Loss: 0.435 | Train Accuracy: 80.000% | Test Loss: 0.741 | Test Accuracy: 58.537% | Test AUC:0.6489 | Test Sen:0.6842 | Test Spe:0.5000 | Test F1:0.5854 | Test Recall:0.5854 | Test Precision:0.5854 | Best Test Accuracy: 62.195% | Best Test AUC:0.6136 | Best Test Sensitivity:0.4474 | Best Test Specificity:0.7727 | LR:0.0000690
[2023-08-17 09:44:23][Train.py][L163][INFO]Epoch[20/100] | Train Loss: 0.420 | Train Accuracy: 82.055% | Test Loss: 0.751 | Test Accuracy: 63.415% | Test AUC:0.6441 | Test Sen:0.5000 | Test Spe:0.7500 | Test F1:0.6341 | Test Recall:0.6341 | Test Precision:0.6341 | Best Test Accuracy: 63.415% | Best Test AUC:0.6441 | Best Test Sensitivity:0.5000 | Best Test Specificity:0.7500 | LR:0.0000676
[2023-08-17 09:44:24][Train.py][L163][INFO]Epoch[21/100] | Train Loss: 0.411 | Train Accuracy: 81.507% | Test Loss: 0.733 | Test Accuracy: 62.195% | Test AUC:0.6579 | Test Sen:0.6053 | Test Spe:0.6364 | Test F1:0.6220 | Test Recall:0.6220 | Test Precision:0.6220 | Best Test Accuracy: 63.415% | Best Test AUC:0.6441 | Best Test Sensitivity:0.5000 | Best Test Specificity:0.7500 | LR:0.0000662
[2023-08-17 09:44:24][Train.py][L163][INFO]Epoch[22/100] | Train Loss: 0.398 | Train Accuracy: 82.055% | Test Loss: 0.808 | Test Accuracy: 56.098% | Test AUC:0.6633 | Test Sen:0.7632 | Test Spe:0.3864 | Test F1:0.5610 | Test Recall:0.5610 | Test Precision:0.5610 | Best Test Accuracy: 63.415% | Best Test AUC:0.6441 | Best Test Sensitivity:0.5000 | Best Test Specificity:0.7500 | LR:0.0000648
[2023-08-17 09:44:25][Train.py][L163][INFO]Epoch[23/100] | Train Loss: 0.397 | Train Accuracy: 82.329% | Test Loss: 0.764 | Test Accuracy: 59.756% | Test AUC:0.6465 | Test Sen:0.5000 | Test Spe:0.6818 | Test F1:0.5976 | Test Recall:0.5976 | Test Precision:0.5976 | Best Test Accuracy: 63.415% | Best Test AUC:0.6441 | Best Test Sensitivity:0.5000 | Best Test Specificity:0.7500 | LR:0.0000634
[2023-08-17 09:44:26][Train.py][L163][INFO]Epoch[24/100] | Train Loss: 0.372 | Train Accuracy: 83.562% | Test Loss: 0.763 | Test Accuracy: 60.976% | Test AUC:0.6579 | Test Sen:0.6316 | Test Spe:0.5909 | Test F1:0.6098 | Test Recall:0.6098 | Test Precision:0.6098 | Best Test Accuracy: 63.415% | Best Test AUC:0.6441 | Best Test Sensitivity:0.5000 | Best Test Specificity:0.7500 | LR:0.0000620
[2023-08-17 09:44:26][Train.py][L163][INFO]Epoch[25/100] | Train Loss: 0.364 | Train Accuracy: 83.425% | Test Loss: 0.788 | Test Accuracy: 60.976% | Test AUC:0.6477 | Test Sen:0.5526 | Test Spe:0.6591 | Test F1:0.6098 | Test Recall:0.6098 | Test Precision:0.6098 | Best Test Accuracy: 63.415% | Best Test AUC:0.6441 | Best Test Sensitivity:0.5000 | Best Test Specificity:0.7500 | LR:0.0000606
[2023-08-17 09:44:27][Train.py][L163][INFO]Epoch[26/100] | Train Loss: 0.366 | Train Accuracy: 83.699% | Test Loss: 0.781 | Test Accuracy: 59.756% | Test AUC:0.6591 | Test Sen:0.5789 | Test Spe:0.6136 | Test F1:0.5976 | Test Recall:0.5976 | Test Precision:0.5976 | Best Test Accuracy: 63.415% | Best Test AUC:0.6441 | Best Test Sensitivity:0.5000 | Best Test Specificity:0.7500 | LR:0.0000593
[2023-08-17 09:44:28][Train.py][L163][INFO]Epoch[27/100] | Train Loss: 0.346 | Train Accuracy: 84.795% | Test Loss: 0.793 | Test Accuracy: 58.537% | Test AUC:0.6573 | Test Sen:0.5789 | Test Spe:0.5909 | Test F1:0.5854 | Test Recall:0.5854 | Test Precision:0.5854 | Best Test Accuracy: 63.415% | Best Test AUC:0.6441 | Best Test Sensitivity:0.5000 | Best Test Specificity:0.7500 | LR:0.0000580
[2023-08-17 09:44:28][Train.py][L163][INFO]Epoch[28/100] | Train Loss: 0.336 | Train Accuracy: 86.027% | Test Loss: 0.815 | Test Accuracy: 60.976% | Test AUC:0.6579 | Test Sen:0.6316 | Test Spe:0.5909 | Test F1:0.6098 | Test Recall:0.6098 | Test Precision:0.6098 | Best Test Accuracy: 63.415% | Best Test AUC:0.6441 | Best Test Sensitivity:0.5000 | Best Test Specificity:0.7500 | LR:0.0000567
[2023-08-17 09:44:29][Train.py][L163][INFO]Epoch[29/100] | Train Loss: 0.321 | Train Accuracy: 86.575% | Test Loss: 0.825 | Test Accuracy: 60.976% | Test AUC:0.6609 | Test Sen:0.6053 | Test Spe:0.6136 | Test F1:0.6098 | Test Recall:0.6098 | Test Precision:0.6098 | Best Test Accuracy: 63.415% | Best Test AUC:0.6441 | Best Test Sensitivity:0.5000 | Best Test Specificity:0.7500 | LR:0.0000554
[2023-08-17 09:44:30][Train.py][L163][INFO]Epoch[30/100] | Train Loss: 0.316 | Train Accuracy: 86.849% | Test Loss: 0.837 | Test Accuracy: 62.195% | Test AUC:0.6663 | Test Sen:0.7105 | Test Spe:0.5455 | Test F1:0.6220 | Test Recall:0.6220 | Test Precision:0.6220 | Best Test Accuracy: 63.415% | Best Test AUC:0.6441 | Best Test Sensitivity:0.5000 | Best Test Specificity:0.7500 | LR:0.0000541
[2023-08-17 09:44:30][Train.py][L163][INFO]Epoch[31/100] | Train Loss: 0.303 | Train Accuracy: 87.671% | Test Loss: 0.833 | Test Accuracy: 60.976% | Test AUC:0.6699 | Test Sen:0.6579 | Test Spe:0.5682 | Test F1:0.6098 | Test Recall:0.6098 | Test Precision:0.6098 | Best Test Accuracy: 63.415% | Best Test AUC:0.6441 | Best Test Sensitivity:0.5000 | Best Test Specificity:0.7500 | LR:0.0000528
[2023-08-17 09:44:31][Train.py][L163][INFO]Epoch[32/100] | Train Loss: 0.295 | Train Accuracy: 88.219% | Test Loss: 0.863 | Test Accuracy: 62.195% | Test AUC:0.6728 | Test Sen:0.7105 | Test Spe:0.5455 | Test F1:0.6220 | Test Recall:0.6220 | Test Precision:0.6220 | Best Test Accuracy: 63.415% | Best Test AUC:0.6441 | Best Test Sensitivity:0.5000 | Best Test Specificity:0.7500 | LR:0.0000516
[2023-08-17 09:44:32][Train.py][L163][INFO]Epoch[33/100] | Train Loss: 0.285 | Train Accuracy: 89.315% | Test Loss: 0.864 | Test Accuracy: 65.854% | Test AUC:0.6591 | Test Sen:0.6316 | Test Spe:0.6818 | Test F1:0.6585 | Test Recall:0.6585 | Test Precision:0.6585 | Best Test Accuracy: 65.854% | Best Test AUC:0.6591 | Best Test Sensitivity:0.6316 | Best Test Specificity:0.6818 | LR:0.0000504
[2023-08-17 09:44:32][Train.py][L163][INFO]Epoch[34/100] | Train Loss: 0.286 | Train Accuracy: 88.082% | Test Loss: 0.865 | Test Accuracy: 62.195% | Test AUC:0.6591 | Test Sen:0.6316 | Test Spe:0.6136 | Test F1:0.6220 | Test Recall:0.6220 | Test Precision:0.6220 | Best Test Accuracy: 65.854% | Best Test AUC:0.6591 | Best Test Sensitivity:0.6316 | Best Test Specificity:0.6818 | LR:0.0000492
[2023-08-17 09:44:33][Train.py][L163][INFO]Epoch[35/100] | Train Loss: 0.271 | Train Accuracy: 89.315% | Test Loss: 0.880 | Test Accuracy: 64.634% | Test AUC:0.6597 | Test Sen:0.6053 | Test Spe:0.6818 | Test F1:0.6463 | Test Recall:0.6463 | Test Precision:0.6463 | Best Test Accuracy: 65.854% | Best Test AUC:0.6591 | Best Test Sensitivity:0.6316 | Best Test Specificity:0.6818 | LR:0.0000480
[2023-08-17 09:44:34][Train.py][L163][INFO]Epoch[36/100] | Train Loss: 0.263 | Train Accuracy: 89.315% | Test Loss: 0.912 | Test Accuracy: 60.976% | Test AUC:0.6681 | Test Sen:0.7105 | Test Spe:0.5227 | Test F1:0.6098 | Test Recall:0.6098 | Test Precision:0.6098 | Best Test Accuracy: 65.854% | Best Test AUC:0.6591 | Best Test Sensitivity:0.6316 | Best Test Specificity:0.6818 | LR:0.0000469
[2023-08-17 09:44:35][Train.py][L163][INFO]Epoch[37/100] | Train Loss: 0.261 | Train Accuracy: 90.411% | Test Loss: 0.912 | Test Accuracy: 62.195% | Test AUC:0.6734 | Test Sen:0.7105 | Test Spe:0.5455 | Test F1:0.6220 | Test Recall:0.6220 | Test Precision:0.6220 | Best Test Accuracy: 65.854% | Best Test AUC:0.6591 | Best Test Sensitivity:0.6316 | Best Test Specificity:0.6818 | LR:0.0000457
[2023-08-17 09:44:35][Train.py][L163][INFO]Epoch[38/100] | Train Loss: 0.252 | Train Accuracy: 90.000% | Test Loss: 0.935 | Test Accuracy: 60.976% | Test AUC:0.6573 | Test Sen:0.6842 | Test Spe:0.5455 | Test F1:0.6098 | Test Recall:0.6098 | Test Precision:0.6098 | Best Test Accuracy: 65.854% | Best Test AUC:0.6591 | Best Test Sensitivity:0.6316 | Best Test Specificity:0.6818 | LR:0.0000446
[2023-08-17 09:44:36][Train.py][L163][INFO]Epoch[39/100] | Train Loss: 0.244 | Train Accuracy: 91.233% | Test Loss: 0.941 | Test Accuracy: 59.756% | Test AUC:0.6573 | Test Sen:0.6842 | Test Spe:0.5227 | Test F1:0.5976 | Test Recall:0.5976 | Test Precision:0.5976 | Best Test Accuracy: 65.854% | Best Test AUC:0.6591 | Best Test Sensitivity:0.6316 | Best Test Specificity:0.6818 | LR:0.0000435
[2023-08-17 09:44:37][Train.py][L163][INFO]Epoch[40/100] | Train Loss: 0.240 | Train Accuracy: 90.685% | Test Loss: 0.935 | Test Accuracy: 59.756% | Test AUC:0.6621 | Test Sen:0.6316 | Test Spe:0.5682 | Test F1:0.5976 | Test Recall:0.5976 | Test Precision:0.5976 | Best Test Accuracy: 65.854% | Best Test AUC:0.6591 | Best Test Sensitivity:0.6316 | Best Test Specificity:0.6818 | LR:0.0000424
[2023-08-17 09:44:37][Train.py][L163][INFO]Epoch[41/100] | Train Loss: 0.237 | Train Accuracy: 92.192% | Test Loss: 0.949 | Test Accuracy: 63.415% | Test AUC:0.6693 | Test Sen:0.7105 | Test Spe:0.5682 | Test F1:0.6341 | Test Recall:0.6341 | Test Precision:0.6341 | Best Test Accuracy: 65.854% | Best Test AUC:0.6591 | Best Test Sensitivity:0.6316 | Best Test Specificity:0.6818 | LR:0.0000413
[2023-08-17 09:44:38][Train.py][L163][INFO]Epoch[42/100] | Train Loss: 0.223 | Train Accuracy: 91.370% | Test Loss: 0.951 | Test Accuracy: 62.195% | Test AUC:0.6591 | Test Sen:0.5526 | Test Spe:0.6818 | Test F1:0.6220 | Test Recall:0.6220 | Test Precision:0.6220 | Best Test Accuracy: 65.854% | Best Test AUC:0.6591 | Best Test Sensitivity:0.6316 | Best Test Specificity:0.6818 | LR:0.0000403
[2023-08-17 09:44:39][Train.py][L163][INFO]Epoch[43/100] | Train Loss: 0.219 | Train Accuracy: 92.466% | Test Loss: 0.972 | Test Accuracy: 62.195% | Test AUC:0.6597 | Test Sen:0.6579 | Test Spe:0.5909 | Test F1:0.6220 | Test Recall:0.6220 | Test Precision:0.6220 | Best Test Accuracy: 65.854% | Best Test AUC:0.6591 | Best Test Sensitivity:0.6316 | Best Test Specificity:0.6818 | LR:0.0000392
[2023-08-17 09:44:39][Train.py][L163][INFO]Epoch[44/100] | Train Loss: 0.212 | Train Accuracy: 92.603% | Test Loss: 0.974 | Test Accuracy: 62.195% | Test AUC:0.6573 | Test Sen:0.5526 | Test Spe:0.6818 | Test F1:0.6220 | Test Recall:0.6220 | Test Precision:0.6220 | Best Test Accuracy: 65.854% | Best Test AUC:0.6591 | Best Test Sensitivity:0.6316 | Best Test Specificity:0.6818 | LR:0.0000382
[2023-08-17 09:44:40][Train.py][L163][INFO]Epoch[45/100] | Train Loss: 0.208 | Train Accuracy: 92.740% | Test Loss: 0.994 | Test Accuracy: 59.756% | Test AUC:0.6555 | Test Sen:0.5789 | Test Spe:0.6136 | Test F1:0.5976 | Test Recall:0.5976 | Test Precision:0.5976 | Best Test Accuracy: 65.854% | Best Test AUC:0.6591 | Best Test Sensitivity:0.6316 | Best Test Specificity:0.6818 | LR:0.0000372
[2023-08-17 09:44:41][Train.py][L163][INFO]Epoch[46/100] | Train Loss: 0.204 | Train Accuracy: 92.192% | Test Loss: 0.991 | Test Accuracy: 63.415% | Test AUC:0.6627 | Test Sen:0.6316 | Test Spe:0.6364 | Test F1:0.6341 | Test Recall:0.6341 | Test Precision:0.6341 | Best Test Accuracy: 65.854% | Best Test AUC:0.6591 | Best Test Sensitivity:0.6316 | Best Test Specificity:0.6818 | LR:0.0000362
[2023-08-17 09:44:41][Train.py][L163][INFO]Epoch[47/100] | Train Loss: 0.198 | Train Accuracy: 92.740% | Test Loss: 1.014 | Test Accuracy: 62.195% | Test AUC:0.6561 | Test Sen:0.6316 | Test Spe:0.6136 | Test F1:0.6220 | Test Recall:0.6220 | Test Precision:0.6220 | Best Test Accuracy: 65.854% | Best Test AUC:0.6591 | Best Test Sensitivity:0.6316 | Best Test Specificity:0.6818 | LR:0.0000353
[2023-08-17 09:44:42][Train.py][L163][INFO]Epoch[48/100] | Train Loss: 0.192 | Train Accuracy: 93.699% | Test Loss: 1.021 | Test Accuracy: 63.415% | Test AUC:0.6603 | Test Sen:0.6579 | Test Spe:0.6136 | Test F1:0.6341 | Test Recall:0.6341 | Test Precision:0.6341 | Best Test Accuracy: 65.854% | Best Test AUC:0.6591 | Best Test Sensitivity:0.6316 | Best Test Specificity:0.6818 | LR:0.0000343
[2023-08-17 09:44:43][Train.py][L163][INFO]Epoch[49/100] | Train Loss: 0.186 | Train Accuracy: 93.973% | Test Loss: 1.028 | Test Accuracy: 62.195% | Test AUC:0.6537 | Test Sen:0.5526 | Test Spe:0.6818 | Test F1:0.6220 | Test Recall:0.6220 | Test Precision:0.6220 | Best Test Accuracy: 65.854% | Best Test AUC:0.6591 | Best Test Sensitivity:0.6316 | Best Test Specificity:0.6818 | LR:0.0000334
[2023-08-17 09:44:44][Train.py][L163][INFO]Epoch[50/100] | Train Loss: 0.181 | Train Accuracy: 93.562% | Test Loss: 1.057 | Test Accuracy: 60.976% | Test AUC:0.6561 | Test Sen:0.6842 | Test Spe:0.5455 | Test F1:0.6098 | Test Recall:0.6098 | Test Precision:0.6098 | Best Test Accuracy: 65.854% | Best Test AUC:0.6591 | Best Test Sensitivity:0.6316 | Best Test Specificity:0.6818 | LR:0.0000325
[2023-08-17 09:44:44][Train.py][L163][INFO]Epoch[51/100] | Train Loss: 0.186 | Train Accuracy: 93.288% | Test Loss: 1.039 | Test Accuracy: 63.415% | Test AUC:0.6561 | Test Sen:0.5789 | Test Spe:0.6818 | Test F1:0.6341 | Test Recall:0.6341 | Test Precision:0.6341 | Best Test Accuracy: 65.854% | Best Test AUC:0.6591 | Best Test Sensitivity:0.6316 | Best Test Specificity:0.6818 | LR:0.0000316
[2023-08-17 09:44:45][Train.py][L163][INFO]Epoch[52/100] | Train Loss: 0.175 | Train Accuracy: 94.658% | Test Loss: 1.046 | Test Accuracy: 60.976% | Test AUC:0.6573 | Test Sen:0.6053 | Test Spe:0.6136 | Test F1:0.6098 | Test Recall:0.6098 | Test Precision:0.6098 | Best Test Accuracy: 65.854% | Best Test AUC:0.6591 | Best Test Sensitivity:0.6316 | Best Test Specificity:0.6818 | LR:0.0000307
[2023-08-17 09:44:46][Train.py][L163][INFO]Epoch[53/100] | Train Loss: 0.173 | Train Accuracy: 94.658% | Test Loss: 1.060 | Test Accuracy: 60.976% | Test AUC:0.6549 | Test Sen:0.6053 | Test Spe:0.6136 | Test F1:0.6098 | Test Recall:0.6098 | Test Precision:0.6098 | Best Test Accuracy: 65.854% | Best Test AUC:0.6591 | Best Test Sensitivity:0.6316 | Best Test Specificity:0.6818 | LR:0.0000299
[2023-08-17 09:44:46][Train.py][L163][INFO]Epoch[54/100] | Train Loss: 0.172 | Train Accuracy: 94.658% | Test Loss: 1.076 | Test Accuracy: 64.634% | Test AUC:0.6573 | Test Sen:0.6842 | Test Spe:0.6136 | Test F1:0.6463 | Test Recall:0.6463 | Test Precision:0.6463 | Best Test Accuracy: 65.854% | Best Test AUC:0.6591 | Best Test Sensitivity:0.6316 | Best Test Specificity:0.6818 | LR:0.0000290
[2023-08-17 09:44:47][Train.py][L163][INFO]Epoch[55/100] | Train Loss: 0.162 | Train Accuracy: 95.205% | Test Loss: 1.091 | Test Accuracy: 60.976% | Test AUC:0.6573 | Test Sen:0.6842 | Test Spe:0.5455 | Test F1:0.6098 | Test Recall:0.6098 | Test Precision:0.6098 | Best Test Accuracy: 65.854% | Best Test AUC:0.6591 | Best Test Sensitivity:0.6316 | Best Test Specificity:0.6818 | LR:0.0000282
[2023-08-17 09:44:48][Train.py][L163][INFO]Epoch[56/100] | Train Loss: 0.161 | Train Accuracy: 95.753% | Test Loss: 1.090 | Test Accuracy: 60.976% | Test AUC:0.6537 | Test Sen:0.5526 | Test Spe:0.6591 | Test F1:0.6098 | Test Recall:0.6098 | Test Precision:0.6098 | Best Test Accuracy: 65.854% | Best Test AUC:0.6591 | Best Test Sensitivity:0.6316 | Best Test Specificity:0.6818 | LR:0.0000274
[2023-08-17 09:44:48][Train.py][L163][INFO]Epoch[57/100] | Train Loss: 0.153 | Train Accuracy: 96.164% | Test Loss: 1.098 | Test Accuracy: 60.976% | Test AUC:0.6537 | Test Sen:0.6053 | Test Spe:0.6136 | Test F1:0.6098 | Test Recall:0.6098 | Test Precision:0.6098 | Best Test Accuracy: 65.854% | Best Test AUC:0.6591 | Best Test Sensitivity:0.6316 | Best Test Specificity:0.6818 | LR:0.0000266
[2023-08-17 09:44:49][Train.py][L163][INFO]Epoch[58/100] | Train Loss: 0.151 | Train Accuracy: 96.301% | Test Loss: 1.138 | Test Accuracy: 58.537% | Test AUC:0.6573 | Test Sen:0.6842 | Test Spe:0.5000 | Test F1:0.5854 | Test Recall:0.5854 | Test Precision:0.5854 | Best Test Accuracy: 65.854% | Best Test AUC:0.6591 | Best Test Sensitivity:0.6316 | Best Test Specificity:0.6818 | LR:0.0000259
[2023-08-17 09:44:50][Train.py][L163][INFO]Epoch[59/100] | Train Loss: 0.149 | Train Accuracy: 96.575% | Test Loss: 1.122 | Test Accuracy: 60.976% | Test AUC:0.6537 | Test Sen:0.5789 | Test Spe:0.6364 | Test F1:0.6098 | Test Recall:0.6098 | Test Precision:0.6098 | Best Test Accuracy: 65.854% | Best Test AUC:0.6591 | Best Test Sensitivity:0.6316 | Best Test Specificity:0.6818 | LR:0.0000251
[2023-08-17 09:44:50][Train.py][L163][INFO]Epoch[60/100] | Train Loss: 0.145 | Train Accuracy: 96.849% | Test Loss: 1.124 | Test Accuracy: 58.537% | Test AUC:0.6531 | Test Sen:0.5526 | Test Spe:0.6136 | Test F1:0.5854 | Test Recall:0.5854 | Test Precision:0.5854 | Best Test Accuracy: 65.854% | Best Test AUC:0.6591 | Best Test Sensitivity:0.6316 | Best Test Specificity:0.6818 | LR:0.0000244
[2023-08-17 09:44:51][Train.py][L163][INFO]Epoch[61/100] | Train Loss: 0.141 | Train Accuracy: 97.260% | Test Loss: 1.135 | Test Accuracy: 64.634% | Test AUC:0.6543 | Test Sen:0.6842 | Test Spe:0.6136 | Test F1:0.6463 | Test Recall:0.6463 | Test Precision:0.6463 | Best Test Accuracy: 65.854% | Best Test AUC:0.6591 | Best Test Sensitivity:0.6316 | Best Test Specificity:0.6818 | LR:0.0000237
[2023-08-17 09:44:52][Train.py][L163][INFO]Epoch[62/100] | Train Loss: 0.139 | Train Accuracy: 96.849% | Test Loss: 1.160 | Test Accuracy: 60.976% | Test AUC:0.6519 | Test Sen:0.6842 | Test Spe:0.5455 | Test F1:0.6098 | Test Recall:0.6098 | Test Precision:0.6098 | Best Test Accuracy: 65.854% | Best Test AUC:0.6591 | Best Test Sensitivity:0.6316 | Best Test Specificity:0.6818 | LR:0.0000230
[2023-08-17 09:44:53][Train.py][L163][INFO]Epoch[63/100] | Train Loss: 0.136 | Train Accuracy: 97.260% | Test Loss: 1.154 | Test Accuracy: 64.634% | Test AUC:0.6525 | Test Sen:0.6842 | Test Spe:0.6136 | Test F1:0.6463 | Test Recall:0.6463 | Test Precision:0.6463 | Best Test Accuracy: 65.854% | Best Test AUC:0.6591 | Best Test Sensitivity:0.6316 | Best Test Specificity:0.6818 | LR:0.0000223
[2023-08-17 09:44:53][Train.py][L163][INFO]Epoch[64/100] | Train Loss: 0.132 | Train Accuracy: 96.986% | Test Loss: 1.159 | Test Accuracy: 63.415% | Test AUC:0.6525 | Test Sen:0.6842 | Test Spe:0.5909 | Test F1:0.6341 | Test Recall:0.6341 | Test Precision:0.6341 | Best Test Accuracy: 65.854% | Best Test AUC:0.6591 | Best Test Sensitivity:0.6316 | Best Test Specificity:0.6818 | LR:0.0000217
[2023-08-17 09:44:54][Train.py][L163][INFO]Epoch[65/100] | Train Loss: 0.130 | Train Accuracy: 97.260% | Test Loss: 1.163 | Test Accuracy: 59.756% | Test AUC:0.6507 | Test Sen:0.5789 | Test Spe:0.6136 | Test F1:0.5976 | Test Recall:0.5976 | Test Precision:0.5976 | Best Test Accuracy: 65.854% | Best Test AUC:0.6591 | Best Test Sensitivity:0.6316 | Best Test Specificity:0.6818 | LR:0.0000210
[2023-08-17 09:44:55][Train.py][L163][INFO]Epoch[66/100] | Train Loss: 0.129 | Train Accuracy: 97.534% | Test Loss: 1.177 | Test Accuracy: 62.195% | Test AUC:0.6525 | Test Sen:0.6316 | Test Spe:0.6136 | Test F1:0.6220 | Test Recall:0.6220 | Test Precision:0.6220 | Best Test Accuracy: 65.854% | Best Test AUC:0.6591 | Best Test Sensitivity:0.6316 | Best Test Specificity:0.6818 | LR:0.0000204
[2023-08-17 09:44:55][Train.py][L163][INFO]Epoch[67/100] | Train Loss: 0.127 | Train Accuracy: 97.945% | Test Loss: 1.178 | Test Accuracy: 59.756% | Test AUC:0.6501 | Test Sen:0.5789 | Test Spe:0.6136 | Test F1:0.5976 | Test Recall:0.5976 | Test Precision:0.5976 | Best Test Accuracy: 65.854% | Best Test AUC:0.6591 | Best Test Sensitivity:0.6316 | Best Test Specificity:0.6818 | LR:0.0000198
[2023-08-17 09:44:56][Train.py][L163][INFO]Epoch[68/100] | Train Loss: 0.123 | Train Accuracy: 98.082% | Test Loss: 1.196 | Test Accuracy: 60.976% | Test AUC:0.6477 | Test Sen:0.5526 | Test Spe:0.6591 | Test F1:0.6098 | Test Recall:0.6098 | Test Precision:0.6098 | Best Test Accuracy: 65.854% | Best Test AUC:0.6591 | Best Test Sensitivity:0.6316 | Best Test Specificity:0.6818 | LR:0.0000192
[2023-08-17 09:44:57][Train.py][L163][INFO]Epoch[69/100] | Train Loss: 0.121 | Train Accuracy: 98.219% | Test Loss: 1.194 | Test Accuracy: 59.756% | Test AUC:0.6525 | Test Sen:0.5789 | Test Spe:0.6136 | Test F1:0.5976 | Test Recall:0.5976 | Test Precision:0.5976 | Best Test Accuracy: 65.854% | Best Test AUC:0.6591 | Best Test Sensitivity:0.6316 | Best Test Specificity:0.6818 | LR:0.0000186
[2023-08-17 09:44:57][Train.py][L163][INFO]Epoch[70/100] | Train Loss: 0.119 | Train Accuracy: 97.945% | Test Loss: 1.208 | Test Accuracy: 63.415% | Test AUC:0.6519 | Test Sen:0.6579 | Test Spe:0.6136 | Test F1:0.6341 | Test Recall:0.6341 | Test Precision:0.6341 | Best Test Accuracy: 65.854% | Best Test AUC:0.6591 | Best Test Sensitivity:0.6316 | Best Test Specificity:0.6818 | LR:0.0000181
[2023-08-17 09:44:58][Train.py][L163][INFO]Epoch[71/100] | Train Loss: 0.115 | Train Accuracy: 98.219% | Test Loss: 1.210 | Test Accuracy: 60.976% | Test AUC:0.6495 | Test Sen:0.5526 | Test Spe:0.6591 | Test F1:0.6098 | Test Recall:0.6098 | Test Precision:0.6098 | Best Test Accuracy: 65.854% | Best Test AUC:0.6591 | Best Test Sensitivity:0.6316 | Best Test Specificity:0.6818 | LR:0.0000176
[2023-08-17 09:44:59][Train.py][L163][INFO]Epoch[72/100] | Train Loss: 0.116 | Train Accuracy: 98.082% | Test Loss: 1.214 | Test Accuracy: 59.756% | Test AUC:0.6537 | Test Sen:0.5789 | Test Spe:0.6136 | Test F1:0.5976 | Test Recall:0.5976 | Test Precision:0.5976 | Best Test Accuracy: 65.854% | Best Test AUC:0.6591 | Best Test Sensitivity:0.6316 | Best Test Specificity:0.6818 | LR:0.0000171
[2023-08-17 09:44:59][Train.py][L163][INFO]Epoch[73/100] | Train Loss: 0.114 | Train Accuracy: 98.356% | Test Loss: 1.221 | Test Accuracy: 59.756% | Test AUC:0.6543 | Test Sen:0.5789 | Test Spe:0.6136 | Test F1:0.5976 | Test Recall:0.5976 | Test Precision:0.5976 | Best Test Accuracy: 65.854% | Best Test AUC:0.6591 | Best Test Sensitivity:0.6316 | Best Test Specificity:0.6818 | LR:0.0000166
[2023-08-17 09:45:00][Train.py][L163][INFO]Epoch[74/100] | Train Loss: 0.112 | Train Accuracy: 98.356% | Test Loss: 1.221 | Test Accuracy: 59.756% | Test AUC:0.6537 | Test Sen:0.5789 | Test Spe:0.6136 | Test F1:0.5976 | Test Recall:0.5976 | Test Precision:0.5976 | Best Test Accuracy: 65.854% | Best Test AUC:0.6591 | Best Test Sensitivity:0.6316 | Best Test Specificity:0.6818 | LR:0.0000161
[2023-08-17 09:45:01][Train.py][L163][INFO]Epoch[75/100] | Train Loss: 0.109 | Train Accuracy: 98.356% | Test Loss: 1.230 | Test Accuracy: 60.976% | Test AUC:0.6543 | Test Sen:0.5789 | Test Spe:0.6364 | Test F1:0.6098 | Test Recall:0.6098 | Test Precision:0.6098 | Best Test Accuracy: 65.854% | Best Test AUC:0.6591 | Best Test Sensitivity:0.6316 | Best Test Specificity:0.6818 | LR:0.0000156
[2023-08-17 09:45:01][Train.py][L163][INFO]Epoch[76/100] | Train Loss: 0.111 | Train Accuracy: 98.493% | Test Loss: 1.239 | Test Accuracy: 60.976% | Test AUC:0.6513 | Test Sen:0.5789 | Test Spe:0.6364 | Test F1:0.6098 | Test Recall:0.6098 | Test Precision:0.6098 | Best Test Accuracy: 65.854% | Best Test AUC:0.6591 | Best Test Sensitivity:0.6316 | Best Test Specificity:0.6818 | LR:0.0000152
[2023-08-17 09:45:02][Train.py][L163][INFO]Epoch[77/100] | Train Loss: 0.105 | Train Accuracy: 98.493% | Test Loss: 1.247 | Test Accuracy: 59.756% | Test AUC:0.6519 | Test Sen:0.5789 | Test Spe:0.6136 | Test F1:0.5976 | Test Recall:0.5976 | Test Precision:0.5976 | Best Test Accuracy: 65.854% | Best Test AUC:0.6591 | Best Test Sensitivity:0.6316 | Best Test Specificity:0.6818 | LR:0.0000148
[2023-08-17 09:45:03][Train.py][L163][INFO]Epoch[78/100] | Train Loss: 0.104 | Train Accuracy: 98.493% | Test Loss: 1.255 | Test Accuracy: 62.195% | Test AUC:0.6531 | Test Sen:0.6842 | Test Spe:0.5682 | Test F1:0.6220 | Test Recall:0.6220 | Test Precision:0.6220 | Best Test Accuracy: 65.854% | Best Test AUC:0.6591 | Best Test Sensitivity:0.6316 | Best Test Specificity:0.6818 | LR:0.0000144
[2023-08-17 09:45:03][Train.py][L163][INFO]Epoch[79/100] | Train Loss: 0.104 | Train Accuracy: 99.041% | Test Loss: 1.264 | Test Accuracy: 62.195% | Test AUC:0.6519 | Test Sen:0.6842 | Test Spe:0.5682 | Test F1:0.6220 | Test Recall:0.6220 | Test Precision:0.6220 | Best Test Accuracy: 65.854% | Best Test AUC:0.6591 | Best Test Sensitivity:0.6316 | Best Test Specificity:0.6818 | LR:0.0000140
[2023-08-17 09:45:04][Train.py][L163][INFO]Epoch[80/100] | Train Loss: 0.101 | Train Accuracy: 98.630% | Test Loss: 1.262 | Test Accuracy: 59.756% | Test AUC:0.6519 | Test Sen:0.5789 | Test Spe:0.6136 | Test F1:0.5976 | Test Recall:0.5976 | Test Precision:0.5976 | Best Test Accuracy: 65.854% | Best Test AUC:0.6591 | Best Test Sensitivity:0.6316 | Best Test Specificity:0.6818 | LR:0.0000136
[2023-08-17 09:45:05][Train.py][L163][INFO]Epoch[81/100] | Train Loss: 0.101 | Train Accuracy: 99.041% | Test Loss: 1.273 | Test Accuracy: 60.976% | Test AUC:0.6501 | Test Sen:0.5789 | Test Spe:0.6364 | Test F1:0.6098 | Test Recall:0.6098 | Test Precision:0.6098 | Best Test Accuracy: 65.854% | Best Test AUC:0.6591 | Best Test Sensitivity:0.6316 | Best Test Specificity:0.6818 | LR:0.0000132
[2023-08-17 09:45:06][Train.py][L163][INFO]Epoch[82/100] | Train Loss: 0.099 | Train Accuracy: 98.904% | Test Loss: 1.274 | Test Accuracy: 60.976% | Test AUC:0.6531 | Test Sen:0.5789 | Test Spe:0.6364 | Test F1:0.6098 | Test Recall:0.6098 | Test Precision:0.6098 | Best Test Accuracy: 65.854% | Best Test AUC:0.6591 | Best Test Sensitivity:0.6316 | Best Test Specificity:0.6818 | LR:0.0000129
[2023-08-17 09:45:06][Train.py][L163][INFO]Epoch[83/100] | Train Loss: 0.096 | Train Accuracy: 98.904% | Test Loss: 1.285 | Test Accuracy: 60.976% | Test AUC:0.6537 | Test Sen:0.6842 | Test Spe:0.5455 | Test F1:0.6098 | Test Recall:0.6098 | Test Precision:0.6098 | Best Test Accuracy: 65.854% | Best Test AUC:0.6591 | Best Test Sensitivity:0.6316 | Best Test Specificity:0.6818 | LR:0.0000126
[2023-08-17 09:45:07][Train.py][L163][INFO]Epoch[84/100] | Train Loss: 0.096 | Train Accuracy: 98.904% | Test Loss: 1.286 | Test Accuracy: 62.195% | Test AUC:0.6513 | Test Sen:0.6579 | Test Spe:0.5909 | Test F1:0.6220 | Test Recall:0.6220 | Test Precision:0.6220 | Best Test Accuracy: 65.854% | Best Test AUC:0.6591 | Best Test Sensitivity:0.6316 | Best Test Specificity:0.6818 | LR:0.0000123
[2023-08-17 09:45:08][Train.py][L163][INFO]Epoch[85/100] | Train Loss: 0.095 | Train Accuracy: 98.904% | Test Loss: 1.299 | Test Accuracy: 60.976% | Test AUC:0.6525 | Test Sen:0.6842 | Test Spe:0.5455 | Test F1:0.6098 | Test Recall:0.6098 | Test Precision:0.6098 | Best Test Accuracy: 65.854% | Best Test AUC:0.6591 | Best Test Sensitivity:0.6316 | Best Test Specificity:0.6818 | LR:0.0000120
[2023-08-17 09:45:08][Train.py][L163][INFO]Epoch[86/100] | Train Loss: 0.094 | Train Accuracy: 99.041% | Test Loss: 1.298 | Test Accuracy: 62.195% | Test AUC:0.6531 | Test Sen:0.6842 | Test Spe:0.5682 | Test F1:0.6220 | Test Recall:0.6220 | Test Precision:0.6220 | Best Test Accuracy: 65.854% | Best Test AUC:0.6591 | Best Test Sensitivity:0.6316 | Best Test Specificity:0.6818 | LR:0.0000118
[2023-08-17 09:45:09][Train.py][L163][INFO]Epoch[87/100] | Train Loss: 0.093 | Train Accuracy: 99.041% | Test Loss: 1.301 | Test Accuracy: 59.756% | Test AUC:0.6537 | Test Sen:0.5789 | Test Spe:0.6136 | Test F1:0.5976 | Test Recall:0.5976 | Test Precision:0.5976 | Best Test Accuracy: 65.854% | Best Test AUC:0.6591 | Best Test Sensitivity:0.6316 | Best Test Specificity:0.6818 | LR:0.0000115
[2023-08-17 09:45:10][Train.py][L163][INFO]Epoch[88/100] | Train Loss: 0.091 | Train Accuracy: 99.041% | Test Loss: 1.305 | Test Accuracy: 62.195% | Test AUC:0.6489 | Test Sen:0.6579 | Test Spe:0.5909 | Test F1:0.6220 | Test Recall:0.6220 | Test Precision:0.6220 | Best Test Accuracy: 65.854% | Best Test AUC:0.6591 | Best Test Sensitivity:0.6316 | Best Test Specificity:0.6818 | LR:0.0000113
[2023-08-17 09:45:11][Train.py][L163][INFO]Epoch[89/100] | Train Loss: 0.090 | Train Accuracy: 99.041% | Test Loss: 1.311 | Test Accuracy: 63.415% | Test AUC:0.6519 | Test Sen:0.6842 | Test Spe:0.5909 | Test F1:0.6341 | Test Recall:0.6341 | Test Precision:0.6341 | Best Test Accuracy: 65.854% | Best Test AUC:0.6591 | Best Test Sensitivity:0.6316 | Best Test Specificity:0.6818 | LR:0.0000111
[2023-08-17 09:45:11][Train.py][L163][INFO]Epoch[90/100] | Train Loss: 0.089 | Train Accuracy: 98.904% | Test Loss: 1.322 | Test Accuracy: 60.976% | Test AUC:0.6531 | Test Sen:0.6842 | Test Spe:0.5455 | Test F1:0.6098 | Test Recall:0.6098 | Test Precision:0.6098 | Best Test Accuracy: 65.854% | Best Test AUC:0.6591 | Best Test Sensitivity:0.6316 | Best Test Specificity:0.6818 | LR:0.0000109
[2023-08-17 09:45:12][Train.py][L163][INFO]Epoch[91/100] | Train Loss: 0.088 | Train Accuracy: 99.041% | Test Loss: 1.324 | Test Accuracy: 60.976% | Test AUC:0.6531 | Test Sen:0.6842 | Test Spe:0.5455 | Test F1:0.6098 | Test Recall:0.6098 | Test Precision:0.6098 | Best Test Accuracy: 65.854% | Best Test AUC:0.6591 | Best Test Sensitivity:0.6316 | Best Test Specificity:0.6818 | LR:0.0000107
[2023-08-17 09:45:13][Train.py][L163][INFO]Epoch[92/100] | Train Loss: 0.087 | Train Accuracy: 99.041% | Test Loss: 1.325 | Test Accuracy: 60.976% | Test AUC:0.6507 | Test Sen:0.6316 | Test Spe:0.5909 | Test F1:0.6098 | Test Recall:0.6098 | Test Precision:0.6098 | Best Test Accuracy: 65.854% | Best Test AUC:0.6591 | Best Test Sensitivity:0.6316 | Best Test Specificity:0.6818 | LR:0.0000106
[2023-08-17 09:45:13][Train.py][L163][INFO]Epoch[93/100] | Train Loss: 0.085 | Train Accuracy: 99.178% | Test Loss: 1.332 | Test Accuracy: 60.976% | Test AUC:0.6471 | Test Sen:0.6579 | Test Spe:0.5682 | Test F1:0.6098 | Test Recall:0.6098 | Test Precision:0.6098 | Best Test Accuracy: 65.854% | Best Test AUC:0.6591 | Best Test Sensitivity:0.6316 | Best Test Specificity:0.6818 | LR:0.0000104
[2023-08-17 09:45:14][Train.py][L163][INFO]Epoch[94/100] | Train Loss: 0.084 | Train Accuracy: 99.041% | Test Loss: 1.334 | Test Accuracy: 59.756% | Test AUC:0.6495 | Test Sen:0.6053 | Test Spe:0.5909 | Test F1:0.5976 | Test Recall:0.5976 | Test Precision:0.5976 | Best Test Accuracy: 65.854% | Best Test AUC:0.6591 | Best Test Sensitivity:0.6316 | Best Test Specificity:0.6818 | LR:0.0000103
[2023-08-17 09:45:15][Train.py][L163][INFO]Epoch[95/100] | Train Loss: 0.084 | Train Accuracy: 99.178% | Test Loss: 1.341 | Test Accuracy: 60.976% | Test AUC:0.6519 | Test Sen:0.6842 | Test Spe:0.5455 | Test F1:0.6098 | Test Recall:0.6098 | Test Precision:0.6098 | Best Test Accuracy: 65.854% | Best Test AUC:0.6591 | Best Test Sensitivity:0.6316 | Best Test Specificity:0.6818 | LR:0.0000102
[2023-08-17 09:45:15][Train.py][L163][INFO]Epoch[96/100] | Train Loss: 0.083 | Train Accuracy: 99.178% | Test Loss: 1.342 | Test Accuracy: 63.415% | Test AUC:0.6501 | Test Sen:0.6842 | Test Spe:0.5909 | Test F1:0.6341 | Test Recall:0.6341 | Test Precision:0.6341 | Best Test Accuracy: 65.854% | Best Test AUC:0.6591 | Best Test Sensitivity:0.6316 | Best Test Specificity:0.6818 | LR:0.0000101
[2023-08-17 09:45:16][Train.py][L163][INFO]Epoch[97/100] | Train Loss: 0.082 | Train Accuracy: 99.315% | Test Loss: 1.349 | Test Accuracy: 60.976% | Test AUC:0.6483 | Test Sen:0.6316 | Test Spe:0.5909 | Test F1:0.6098 | Test Recall:0.6098 | Test Precision:0.6098 | Best Test Accuracy: 65.854% | Best Test AUC:0.6591 | Best Test Sensitivity:0.6316 | Best Test Specificity:0.6818 | LR:0.0000101
[2023-08-17 09:45:17][Train.py][L163][INFO]Epoch[98/100] | Train Loss: 0.081 | Train Accuracy: 99.178% | Test Loss: 1.355 | Test Accuracy: 60.976% | Test AUC:0.6477 | Test Sen:0.6053 | Test Spe:0.6136 | Test F1:0.6098 | Test Recall:0.6098 | Test Precision:0.6098 | Best Test Accuracy: 65.854% | Best Test AUC:0.6591 | Best Test Sensitivity:0.6316 | Best Test Specificity:0.6818 | LR:0.0000100
[2023-08-17 09:45:18][Train.py][L163][INFO]Epoch[99/100] | Train Loss: 0.080 | Train Accuracy: 99.178% | Test Loss: 1.361 | Test Accuracy: 60.976% | Test AUC:0.6489 | Test Sen:0.6842 | Test Spe:0.5455 | Test F1:0.6098 | Test Recall:0.6098 | Test Precision:0.6098 | Best Test Accuracy: 65.854% | Best Test AUC:0.6591 | Best Test Sensitivity:0.6316 | Best Test Specificity:0.6818 | LR:0.0000100
[2023-08-17 09:45:18][Train.py][L163][INFO]Epoch[100/100] | Train Loss: 0.080 | Train Accuracy: 99.178% | Test Loss: 1.363 | Test Accuracy: 59.756% | Test AUC:0.6489 | Test Sen:0.6316 | Test Spe:0.5682 | Test F1:0.5976 | Test Recall:0.5976 | Test Precision:0.5976 | Best Test Accuracy: 65.854% | Best Test AUC:0.6591 | Best Test Sensitivity:0.6316 | Best Test Specificity:0.6818 | LR:0.0000100
