[2023-08-17 10:04:16][__main__.py][L41][INFO]dataset:
  name: fc_200
  batch_size: 16
  train_set: 0.9
  test_set: 0.1
  fc_path: /mnt/ssd1/mehul_data/research/fc_200_data.npy
  node_sz: 200
  node_feature_sz: 200
  num_classes: 2
  perc_edges: 100
  node: fc
model:
  name: GraphSAGE
  num_layers: 2
  hidden_size: 64
  dropout: 0.5
  readout: mean
  edge_percentage: 0.1
optimizer:
- name: Adam
  lr: 0.0001
  match_rule: None
  except_rule: None
  no_weight_decay: false
  weight_decay: 0.0001
  lr_scheduler:
    mode: poly
    base_lr: 0.0001
    target_lr: 1.0e-05
    decay_factor: 0.1
    milestones:
    - 0.3
    - 0.6
    - 0.9
    poly_power: 2.0
    lr_decay: 0.98
    warm_up_from: 0.0
    warm_up_steps: 0
training:
  name: Train
  epochs: 100
  l2: 0.0
log_path: result
repeat_time: 2
device: cuda:0
is_wandb: true
project: asd-graph

[2023-08-17 10:04:16][__init__.py][L15][INFO]cfg.dataset.name: fc_200
[2023-08-17 10:04:18][optimizer.py][L66][INFO]Parameters [normal] length [10]
[2023-08-17 10:04:18][__init__.py][L25][INFO]Training: Train
[2023-08-17 10:04:18][Train.py][L35][INFO]#model params: 853249
[2023-08-17 10:04:19][Train.py][L163][INFO]Epoch[1/100] | Train Loss: 0.699 | Train Accuracy: 52.055% | Test Loss: 0.672 | Test Accuracy: 59.756% | Test AUC:0.6459 | Test Sen:0.1316 | Test Spe:1.0000 | Test F1:0.5976 | Test Recall:0.5976 | Test Precision:0.5976 | Best Test Accuracy: 59.756% | Best Test AUC:0.6459 | Best Test Sensitivity:0.1316 | Best Test Specificity:1.0000 | LR:0.0000982
[2023-08-17 10:04:20][Train.py][L163][INFO]Epoch[2/100] | Train Loss: 0.653 | Train Accuracy: 63.836% | Test Loss: 0.651 | Test Accuracy: 58.537% | Test AUC:0.6842 | Test Sen:0.6053 | Test Spe:0.5682 | Test F1:0.5854 | Test Recall:0.5854 | Test Precision:0.5854 | Best Test Accuracy: 59.756% | Best Test AUC:0.6459 | Best Test Sensitivity:0.1316 | Best Test Specificity:1.0000 | LR:0.0000964
[2023-08-17 10:04:21][Train.py][L163][INFO]Epoch[3/100] | Train Loss: 0.610 | Train Accuracy: 71.370% | Test Loss: 0.628 | Test Accuracy: 65.854% | Test AUC:0.7273 | Test Sen:0.7368 | Test Spe:0.5909 | Test F1:0.6585 | Test Recall:0.6585 | Test Precision:0.6585 | Best Test Accuracy: 65.854% | Best Test AUC:0.7273 | Best Test Sensitivity:0.7368 | Best Test Specificity:0.5909 | LR:0.0000947
[2023-08-17 10:04:21][Train.py][L163][INFO]Epoch[4/100] | Train Loss: 0.573 | Train Accuracy: 72.740% | Test Loss: 0.614 | Test Accuracy: 65.854% | Test AUC:0.7428 | Test Sen:0.7895 | Test Spe:0.5455 | Test F1:0.6585 | Test Recall:0.6585 | Test Precision:0.6585 | Best Test Accuracy: 65.854% | Best Test AUC:0.7273 | Best Test Sensitivity:0.7368 | Best Test Specificity:0.5909 | LR:0.0000929
[2023-08-17 10:04:22][Train.py][L163][INFO]Epoch[5/100] | Train Loss: 0.531 | Train Accuracy: 74.932% | Test Loss: 0.605 | Test Accuracy: 68.293% | Test AUC:0.7309 | Test Sen:0.5526 | Test Spe:0.7955 | Test F1:0.6829 | Test Recall:0.6829 | Test Precision:0.6829 | Best Test Accuracy: 68.293% | Best Test AUC:0.7309 | Best Test Sensitivity:0.5526 | Best Test Specificity:0.7955 | LR:0.0000912
[2023-08-17 10:04:23][Train.py][L163][INFO]Epoch[6/100] | Train Loss: 0.490 | Train Accuracy: 78.630% | Test Loss: 0.605 | Test Accuracy: 64.634% | Test AUC:0.7578 | Test Sen:0.7632 | Test Spe:0.5455 | Test F1:0.6463 | Test Recall:0.6463 | Test Precision:0.6463 | Best Test Accuracy: 68.293% | Best Test AUC:0.7309 | Best Test Sensitivity:0.5526 | Best Test Specificity:0.7955 | LR:0.0000895
[2023-08-17 10:04:23][Train.py][L163][INFO]Epoch[7/100] | Train Loss: 0.443 | Train Accuracy: 80.548% | Test Loss: 0.632 | Test Accuracy: 62.195% | Test AUC:0.7494 | Test Sen:0.7895 | Test Spe:0.4773 | Test F1:0.6220 | Test Recall:0.6220 | Test Precision:0.6220 | Best Test Accuracy: 68.293% | Best Test AUC:0.7309 | Best Test Sensitivity:0.5526 | Best Test Specificity:0.7955 | LR:0.0000878
[2023-08-17 10:04:24][Train.py][L163][INFO]Epoch[8/100] | Train Loss: 0.420 | Train Accuracy: 82.329% | Test Loss: 0.607 | Test Accuracy: 67.073% | Test AUC:0.7362 | Test Sen:0.6053 | Test Spe:0.7273 | Test F1:0.6707 | Test Recall:0.6707 | Test Precision:0.6707 | Best Test Accuracy: 68.293% | Best Test AUC:0.7309 | Best Test Sensitivity:0.5526 | Best Test Specificity:0.7955 | LR:0.0000862
[2023-08-17 10:04:25][Train.py][L163][INFO]Epoch[9/100] | Train Loss: 0.371 | Train Accuracy: 86.301% | Test Loss: 0.614 | Test Accuracy: 64.634% | Test AUC:0.7297 | Test Sen:0.6579 | Test Spe:0.6364 | Test F1:0.6463 | Test Recall:0.6463 | Test Precision:0.6463 | Best Test Accuracy: 68.293% | Best Test AUC:0.7309 | Best Test Sensitivity:0.5526 | Best Test Specificity:0.7955 | LR:0.0000845
[2023-08-17 10:04:25][Train.py][L163][INFO]Epoch[10/100] | Train Loss: 0.334 | Train Accuracy: 89.041% | Test Loss: 0.632 | Test Accuracy: 64.634% | Test AUC:0.7177 | Test Sen:0.5526 | Test Spe:0.7273 | Test F1:0.6463 | Test Recall:0.6463 | Test Precision:0.6463 | Best Test Accuracy: 68.293% | Best Test AUC:0.7309 | Best Test Sensitivity:0.5526 | Best Test Specificity:0.7955 | LR:0.0000829
[2023-08-17 10:04:26][Train.py][L163][INFO]Epoch[11/100] | Train Loss: 0.300 | Train Accuracy: 91.781% | Test Loss: 0.626 | Test Accuracy: 67.073% | Test AUC:0.7279 | Test Sen:0.6316 | Test Spe:0.7045 | Test F1:0.6707 | Test Recall:0.6707 | Test Precision:0.6707 | Best Test Accuracy: 68.293% | Best Test AUC:0.7309 | Best Test Sensitivity:0.5526 | Best Test Specificity:0.7955 | LR:0.0000813
[2023-08-17 10:04:27][Train.py][L163][INFO]Epoch[12/100] | Train Loss: 0.265 | Train Accuracy: 92.466% | Test Loss: 0.666 | Test Accuracy: 67.073% | Test AUC:0.7177 | Test Sen:0.5263 | Test Spe:0.7955 | Test F1:0.6707 | Test Recall:0.6707 | Test Precision:0.6707 | Best Test Accuracy: 68.293% | Best Test AUC:0.7309 | Best Test Sensitivity:0.5526 | Best Test Specificity:0.7955 | LR:0.0000797
[2023-08-17 10:04:27][Train.py][L163][INFO]Epoch[13/100] | Train Loss: 0.234 | Train Accuracy: 93.973% | Test Loss: 0.680 | Test Accuracy: 63.415% | Test AUC:0.7177 | Test Sen:0.6842 | Test Spe:0.5909 | Test F1:0.6341 | Test Recall:0.6341 | Test Precision:0.6341 | Best Test Accuracy: 68.293% | Best Test AUC:0.7309 | Best Test Sensitivity:0.5526 | Best Test Specificity:0.7955 | LR:0.0000781
[2023-08-17 10:04:28][Train.py][L163][INFO]Epoch[14/100] | Train Loss: 0.214 | Train Accuracy: 94.658% | Test Loss: 0.684 | Test Accuracy: 62.195% | Test AUC:0.7225 | Test Sen:0.6579 | Test Spe:0.5909 | Test F1:0.6220 | Test Recall:0.6220 | Test Precision:0.6220 | Best Test Accuracy: 68.293% | Best Test AUC:0.7309 | Best Test Sensitivity:0.5526 | Best Test Specificity:0.7955 | LR:0.0000766
[2023-08-17 10:04:29][Train.py][L163][INFO]Epoch[15/100] | Train Loss: 0.185 | Train Accuracy: 96.027% | Test Loss: 0.700 | Test Accuracy: 59.756% | Test AUC:0.7105 | Test Sen:0.6053 | Test Spe:0.5909 | Test F1:0.5976 | Test Recall:0.5976 | Test Precision:0.5976 | Best Test Accuracy: 68.293% | Best Test AUC:0.7309 | Best Test Sensitivity:0.5526 | Best Test Specificity:0.7955 | LR:0.0000750
[2023-08-17 10:04:29][Train.py][L163][INFO]Epoch[16/100] | Train Loss: 0.170 | Train Accuracy: 96.849% | Test Loss: 0.738 | Test Accuracy: 60.976% | Test AUC:0.7010 | Test Sen:0.5789 | Test Spe:0.6364 | Test F1:0.6098 | Test Recall:0.6098 | Test Precision:0.6098 | Best Test Accuracy: 68.293% | Best Test AUC:0.7309 | Best Test Sensitivity:0.5526 | Best Test Specificity:0.7955 | LR:0.0000735
[2023-08-17 10:04:30][Train.py][L163][INFO]Epoch[17/100] | Train Loss: 0.150 | Train Accuracy: 97.534% | Test Loss: 0.817 | Test Accuracy: 63.415% | Test AUC:0.7135 | Test Sen:0.7368 | Test Spe:0.5455 | Test F1:0.6341 | Test Recall:0.6341 | Test Precision:0.6341 | Best Test Accuracy: 68.293% | Best Test AUC:0.7309 | Best Test Sensitivity:0.5526 | Best Test Specificity:0.7955 | LR:0.0000720
[2023-08-17 10:04:31][Train.py][L163][INFO]Epoch[18/100] | Train Loss: 0.127 | Train Accuracy: 97.945% | Test Loss: 0.785 | Test Accuracy: 62.195% | Test AUC:0.7016 | Test Sen:0.6579 | Test Spe:0.5909 | Test F1:0.6220 | Test Recall:0.6220 | Test Precision:0.6220 | Best Test Accuracy: 68.293% | Best Test AUC:0.7309 | Best Test Sensitivity:0.5526 | Best Test Specificity:0.7955 | LR:0.0000705
[2023-08-17 10:04:31][Train.py][L163][INFO]Epoch[19/100] | Train Loss: 0.110 | Train Accuracy: 99.452% | Test Loss: 0.809 | Test Accuracy: 62.195% | Test AUC:0.6992 | Test Sen:0.6053 | Test Spe:0.6364 | Test F1:0.6220 | Test Recall:0.6220 | Test Precision:0.6220 | Best Test Accuracy: 68.293% | Best Test AUC:0.7309 | Best Test Sensitivity:0.5526 | Best Test Specificity:0.7955 | LR:0.0000690
[2023-08-17 10:04:32][Train.py][L163][INFO]Epoch[20/100] | Train Loss: 0.102 | Train Accuracy: 99.041% | Test Loss: 0.831 | Test Accuracy: 63.415% | Test AUC:0.7075 | Test Sen:0.7105 | Test Spe:0.5682 | Test F1:0.6341 | Test Recall:0.6341 | Test Precision:0.6341 | Best Test Accuracy: 68.293% | Best Test AUC:0.7309 | Best Test Sensitivity:0.5526 | Best Test Specificity:0.7955 | LR:0.0000676
[2023-08-17 10:04:33][Train.py][L163][INFO]Epoch[21/100] | Train Loss: 0.087 | Train Accuracy: 99.589% | Test Loss: 0.838 | Test Accuracy: 60.976% | Test AUC:0.6974 | Test Sen:0.6053 | Test Spe:0.6136 | Test F1:0.6098 | Test Recall:0.6098 | Test Precision:0.6098 | Best Test Accuracy: 68.293% | Best Test AUC:0.7309 | Best Test Sensitivity:0.5526 | Best Test Specificity:0.7955 | LR:0.0000662
[2023-08-17 10:04:34][Train.py][L163][INFO]Epoch[22/100] | Train Loss: 0.079 | Train Accuracy: 99.726% | Test Loss: 0.863 | Test Accuracy: 59.756% | Test AUC:0.6950 | Test Sen:0.5526 | Test Spe:0.6364 | Test F1:0.5976 | Test Recall:0.5976 | Test Precision:0.5976 | Best Test Accuracy: 68.293% | Best Test AUC:0.7309 | Best Test Sensitivity:0.5526 | Best Test Specificity:0.7955 | LR:0.0000648
[2023-08-17 10:04:34][Train.py][L163][INFO]Epoch[23/100] | Train Loss: 0.068 | Train Accuracy: 99.863% | Test Loss: 0.894 | Test Accuracy: 62.195% | Test AUC:0.6956 | Test Sen:0.6316 | Test Spe:0.6136 | Test F1:0.6220 | Test Recall:0.6220 | Test Precision:0.6220 | Best Test Accuracy: 68.293% | Best Test AUC:0.7309 | Best Test Sensitivity:0.5526 | Best Test Specificity:0.7955 | LR:0.0000634
[2023-08-17 10:04:35][Train.py][L163][INFO]Epoch[24/100] | Train Loss: 0.060 | Train Accuracy: 99.863% | Test Loss: 0.951 | Test Accuracy: 63.415% | Test AUC:0.6962 | Test Sen:0.7105 | Test Spe:0.5682 | Test F1:0.6341 | Test Recall:0.6341 | Test Precision:0.6341 | Best Test Accuracy: 68.293% | Best Test AUC:0.7309 | Best Test Sensitivity:0.5526 | Best Test Specificity:0.7955 | LR:0.0000620
[2023-08-17 10:04:36][Train.py][L163][INFO]Epoch[25/100] | Train Loss: 0.057 | Train Accuracy: 100.000% | Test Loss: 0.926 | Test Accuracy: 60.976% | Test AUC:0.6920 | Test Sen:0.6316 | Test Spe:0.5909 | Test F1:0.6098 | Test Recall:0.6098 | Test Precision:0.6098 | Best Test Accuracy: 68.293% | Best Test AUC:0.7309 | Best Test Sensitivity:0.5526 | Best Test Specificity:0.7955 | LR:0.0000606
[2023-08-17 10:04:36][Train.py][L163][INFO]Epoch[26/100] | Train Loss: 0.049 | Train Accuracy: 100.000% | Test Loss: 0.943 | Test Accuracy: 60.976% | Test AUC:0.6956 | Test Sen:0.5789 | Test Spe:0.6364 | Test F1:0.6098 | Test Recall:0.6098 | Test Precision:0.6098 | Best Test Accuracy: 68.293% | Best Test AUC:0.7309 | Best Test Sensitivity:0.5526 | Best Test Specificity:0.7955 | LR:0.0000593
[2023-08-17 10:04:37][Train.py][L163][INFO]Epoch[27/100] | Train Loss: 0.045 | Train Accuracy: 100.000% | Test Loss: 0.978 | Test Accuracy: 60.976% | Test AUC:0.6914 | Test Sen:0.6579 | Test Spe:0.5682 | Test F1:0.6098 | Test Recall:0.6098 | Test Precision:0.6098 | Best Test Accuracy: 68.293% | Best Test AUC:0.7309 | Best Test Sensitivity:0.5526 | Best Test Specificity:0.7955 | LR:0.0000580
[2023-08-17 10:04:38][Train.py][L163][INFO]Epoch[28/100] | Train Loss: 0.040 | Train Accuracy: 100.000% | Test Loss: 0.987 | Test Accuracy: 60.976% | Test AUC:0.6914 | Test Sen:0.6316 | Test Spe:0.5909 | Test F1:0.6098 | Test Recall:0.6098 | Test Precision:0.6098 | Best Test Accuracy: 68.293% | Best Test AUC:0.7309 | Best Test Sensitivity:0.5526 | Best Test Specificity:0.7955 | LR:0.0000567
[2023-08-17 10:04:38][Train.py][L163][INFO]Epoch[29/100] | Train Loss: 0.036 | Train Accuracy: 100.000% | Test Loss: 1.022 | Test Accuracy: 60.976% | Test AUC:0.6914 | Test Sen:0.6579 | Test Spe:0.5682 | Test F1:0.6098 | Test Recall:0.6098 | Test Precision:0.6098 | Best Test Accuracy: 68.293% | Best Test AUC:0.7309 | Best Test Sensitivity:0.5526 | Best Test Specificity:0.7955 | LR:0.0000554
[2023-08-17 10:04:39][Train.py][L163][INFO]Epoch[30/100] | Train Loss: 0.033 | Train Accuracy: 100.000% | Test Loss: 1.035 | Test Accuracy: 62.195% | Test AUC:0.6932 | Test Sen:0.6579 | Test Spe:0.5909 | Test F1:0.6220 | Test Recall:0.6220 | Test Precision:0.6220 | Best Test Accuracy: 68.293% | Best Test AUC:0.7309 | Best Test Sensitivity:0.5526 | Best Test Specificity:0.7955 | LR:0.0000541
[2023-08-17 10:04:40][Train.py][L163][INFO]Epoch[31/100] | Train Loss: 0.030 | Train Accuracy: 100.000% | Test Loss: 1.055 | Test Accuracy: 60.976% | Test AUC:0.6908 | Test Sen:0.6579 | Test Spe:0.5682 | Test F1:0.6098 | Test Recall:0.6098 | Test Precision:0.6098 | Best Test Accuracy: 68.293% | Best Test AUC:0.7309 | Best Test Sensitivity:0.5526 | Best Test Specificity:0.7955 | LR:0.0000528
[2023-08-17 10:04:40][Train.py][L163][INFO]Epoch[32/100] | Train Loss: 0.027 | Train Accuracy: 100.000% | Test Loss: 1.078 | Test Accuracy: 62.195% | Test AUC:0.6896 | Test Sen:0.6579 | Test Spe:0.5909 | Test F1:0.6220 | Test Recall:0.6220 | Test Precision:0.6220 | Best Test Accuracy: 68.293% | Best Test AUC:0.7309 | Best Test Sensitivity:0.5526 | Best Test Specificity:0.7955 | LR:0.0000516
[2023-08-17 10:04:41][Train.py][L163][INFO]Epoch[33/100] | Train Loss: 0.027 | Train Accuracy: 100.000% | Test Loss: 1.079 | Test Accuracy: 60.976% | Test AUC:0.6926 | Test Sen:0.6316 | Test Spe:0.5909 | Test F1:0.6098 | Test Recall:0.6098 | Test Precision:0.6098 | Best Test Accuracy: 68.293% | Best Test AUC:0.7309 | Best Test Sensitivity:0.5526 | Best Test Specificity:0.7955 | LR:0.0000504
[2023-08-17 10:04:42][Train.py][L163][INFO]Epoch[34/100] | Train Loss: 0.023 | Train Accuracy: 100.000% | Test Loss: 1.103 | Test Accuracy: 62.195% | Test AUC:0.6896 | Test Sen:0.6579 | Test Spe:0.5909 | Test F1:0.6220 | Test Recall:0.6220 | Test Precision:0.6220 | Best Test Accuracy: 68.293% | Best Test AUC:0.7309 | Best Test Sensitivity:0.5526 | Best Test Specificity:0.7955 | LR:0.0000492
[2023-08-17 10:04:42][Train.py][L163][INFO]Epoch[35/100] | Train Loss: 0.022 | Train Accuracy: 100.000% | Test Loss: 1.127 | Test Accuracy: 60.976% | Test AUC:0.6926 | Test Sen:0.6579 | Test Spe:0.5682 | Test F1:0.6098 | Test Recall:0.6098 | Test Precision:0.6098 | Best Test Accuracy: 68.293% | Best Test AUC:0.7309 | Best Test Sensitivity:0.5526 | Best Test Specificity:0.7955 | LR:0.0000480
[2023-08-17 10:04:43][Train.py][L163][INFO]Epoch[36/100] | Train Loss: 0.020 | Train Accuracy: 100.000% | Test Loss: 1.129 | Test Accuracy: 62.195% | Test AUC:0.6872 | Test Sen:0.6579 | Test Spe:0.5909 | Test F1:0.6220 | Test Recall:0.6220 | Test Precision:0.6220 | Best Test Accuracy: 68.293% | Best Test AUC:0.7309 | Best Test Sensitivity:0.5526 | Best Test Specificity:0.7955 | LR:0.0000469
[2023-08-17 10:04:44][Train.py][L163][INFO]Epoch[37/100] | Train Loss: 0.018 | Train Accuracy: 100.000% | Test Loss: 1.147 | Test Accuracy: 60.976% | Test AUC:0.6866 | Test Sen:0.5789 | Test Spe:0.6364 | Test F1:0.6098 | Test Recall:0.6098 | Test Precision:0.6098 | Best Test Accuracy: 68.293% | Best Test AUC:0.7309 | Best Test Sensitivity:0.5526 | Best Test Specificity:0.7955 | LR:0.0000457
[2023-08-17 10:04:44][Train.py][L163][INFO]Epoch[38/100] | Train Loss: 0.017 | Train Accuracy: 100.000% | Test Loss: 1.155 | Test Accuracy: 60.976% | Test AUC:0.6842 | Test Sen:0.5789 | Test Spe:0.6364 | Test F1:0.6098 | Test Recall:0.6098 | Test Precision:0.6098 | Best Test Accuracy: 68.293% | Best Test AUC:0.7309 | Best Test Sensitivity:0.5526 | Best Test Specificity:0.7955 | LR:0.0000446
[2023-08-17 10:04:45][Train.py][L163][INFO]Epoch[39/100] | Train Loss: 0.017 | Train Accuracy: 100.000% | Test Loss: 1.169 | Test Accuracy: 60.976% | Test AUC:0.6848 | Test Sen:0.6053 | Test Spe:0.6136 | Test F1:0.6098 | Test Recall:0.6098 | Test Precision:0.6098 | Best Test Accuracy: 68.293% | Best Test AUC:0.7309 | Best Test Sensitivity:0.5526 | Best Test Specificity:0.7955 | LR:0.0000435
[2023-08-17 10:04:46][Train.py][L163][INFO]Epoch[40/100] | Train Loss: 0.016 | Train Accuracy: 100.000% | Test Loss: 1.192 | Test Accuracy: 60.976% | Test AUC:0.6854 | Test Sen:0.6316 | Test Spe:0.5909 | Test F1:0.6098 | Test Recall:0.6098 | Test Precision:0.6098 | Best Test Accuracy: 68.293% | Best Test AUC:0.7309 | Best Test Sensitivity:0.5526 | Best Test Specificity:0.7955 | LR:0.0000424
[2023-08-17 10:04:46][Train.py][L163][INFO]Epoch[41/100] | Train Loss: 0.014 | Train Accuracy: 100.000% | Test Loss: 1.194 | Test Accuracy: 59.756% | Test AUC:0.6866 | Test Sen:0.6053 | Test Spe:0.5909 | Test F1:0.5976 | Test Recall:0.5976 | Test Precision:0.5976 | Best Test Accuracy: 68.293% | Best Test AUC:0.7309 | Best Test Sensitivity:0.5526 | Best Test Specificity:0.7955 | LR:0.0000413
[2023-08-17 10:04:47][Train.py][L163][INFO]Epoch[42/100] | Train Loss: 0.014 | Train Accuracy: 100.000% | Test Loss: 1.203 | Test Accuracy: 59.756% | Test AUC:0.6866 | Test Sen:0.6053 | Test Spe:0.5909 | Test F1:0.5976 | Test Recall:0.5976 | Test Precision:0.5976 | Best Test Accuracy: 68.293% | Best Test AUC:0.7309 | Best Test Sensitivity:0.5526 | Best Test Specificity:0.7955 | LR:0.0000403
[2023-08-17 10:04:48][Train.py][L163][INFO]Epoch[43/100] | Train Loss: 0.013 | Train Accuracy: 100.000% | Test Loss: 1.216 | Test Accuracy: 59.756% | Test AUC:0.6860 | Test Sen:0.5789 | Test Spe:0.6136 | Test F1:0.5976 | Test Recall:0.5976 | Test Precision:0.5976 | Best Test Accuracy: 68.293% | Best Test AUC:0.7309 | Best Test Sensitivity:0.5526 | Best Test Specificity:0.7955 | LR:0.0000392
[2023-08-17 10:04:48][Train.py][L163][INFO]Epoch[44/100] | Train Loss: 0.012 | Train Accuracy: 100.000% | Test Loss: 1.232 | Test Accuracy: 62.195% | Test AUC:0.6866 | Test Sen:0.6579 | Test Spe:0.5909 | Test F1:0.6220 | Test Recall:0.6220 | Test Precision:0.6220 | Best Test Accuracy: 68.293% | Best Test AUC:0.7309 | Best Test Sensitivity:0.5526 | Best Test Specificity:0.7955 | LR:0.0000382
[2023-08-17 10:04:49][Train.py][L163][INFO]Epoch[45/100] | Train Loss: 0.012 | Train Accuracy: 100.000% | Test Loss: 1.239 | Test Accuracy: 60.976% | Test AUC:0.6872 | Test Sen:0.6316 | Test Spe:0.5909 | Test F1:0.6098 | Test Recall:0.6098 | Test Precision:0.6098 | Best Test Accuracy: 68.293% | Best Test AUC:0.7309 | Best Test Sensitivity:0.5526 | Best Test Specificity:0.7955 | LR:0.0000372
[2023-08-17 10:04:50][Train.py][L163][INFO]Epoch[46/100] | Train Loss: 0.011 | Train Accuracy: 100.000% | Test Loss: 1.250 | Test Accuracy: 59.756% | Test AUC:0.6860 | Test Sen:0.5789 | Test Spe:0.6136 | Test F1:0.5976 | Test Recall:0.5976 | Test Precision:0.5976 | Best Test Accuracy: 68.293% | Best Test AUC:0.7309 | Best Test Sensitivity:0.5526 | Best Test Specificity:0.7955 | LR:0.0000362
[2023-08-17 10:04:51][Train.py][L163][INFO]Epoch[47/100] | Train Loss: 0.011 | Train Accuracy: 100.000% | Test Loss: 1.269 | Test Accuracy: 62.195% | Test AUC:0.6860 | Test Sen:0.6579 | Test Spe:0.5909 | Test F1:0.6220 | Test Recall:0.6220 | Test Precision:0.6220 | Best Test Accuracy: 68.293% | Best Test AUC:0.7309 | Best Test Sensitivity:0.5526 | Best Test Specificity:0.7955 | LR:0.0000353
[2023-08-17 10:04:51][Train.py][L163][INFO]Epoch[48/100] | Train Loss: 0.010 | Train Accuracy: 100.000% | Test Loss: 1.273 | Test Accuracy: 62.195% | Test AUC:0.6866 | Test Sen:0.6579 | Test Spe:0.5909 | Test F1:0.6220 | Test Recall:0.6220 | Test Precision:0.6220 | Best Test Accuracy: 68.293% | Best Test AUC:0.7309 | Best Test Sensitivity:0.5526 | Best Test Specificity:0.7955 | LR:0.0000343
[2023-08-17 10:04:52][Train.py][L163][INFO]Epoch[49/100] | Train Loss: 0.010 | Train Accuracy: 100.000% | Test Loss: 1.276 | Test Accuracy: 59.756% | Test AUC:0.6854 | Test Sen:0.6053 | Test Spe:0.5909 | Test F1:0.5976 | Test Recall:0.5976 | Test Precision:0.5976 | Best Test Accuracy: 68.293% | Best Test AUC:0.7309 | Best Test Sensitivity:0.5526 | Best Test Specificity:0.7955 | LR:0.0000334
[2023-08-17 10:04:53][Train.py][L163][INFO]Epoch[50/100] | Train Loss: 0.009 | Train Accuracy: 100.000% | Test Loss: 1.287 | Test Accuracy: 59.756% | Test AUC:0.6848 | Test Sen:0.6053 | Test Spe:0.5909 | Test F1:0.5976 | Test Recall:0.5976 | Test Precision:0.5976 | Best Test Accuracy: 68.293% | Best Test AUC:0.7309 | Best Test Sensitivity:0.5526 | Best Test Specificity:0.7955 | LR:0.0000325
[2023-08-17 10:04:53][Train.py][L163][INFO]Epoch[51/100] | Train Loss: 0.009 | Train Accuracy: 100.000% | Test Loss: 1.297 | Test Accuracy: 59.756% | Test AUC:0.6854 | Test Sen:0.6053 | Test Spe:0.5909 | Test F1:0.5976 | Test Recall:0.5976 | Test Precision:0.5976 | Best Test Accuracy: 68.293% | Best Test AUC:0.7309 | Best Test Sensitivity:0.5526 | Best Test Specificity:0.7955 | LR:0.0000316
[2023-08-17 10:04:54][Train.py][L163][INFO]Epoch[52/100] | Train Loss: 0.008 | Train Accuracy: 100.000% | Test Loss: 1.308 | Test Accuracy: 59.756% | Test AUC:0.6836 | Test Sen:0.6053 | Test Spe:0.5909 | Test F1:0.5976 | Test Recall:0.5976 | Test Precision:0.5976 | Best Test Accuracy: 68.293% | Best Test AUC:0.7309 | Best Test Sensitivity:0.5526 | Best Test Specificity:0.7955 | LR:0.0000307
[2023-08-17 10:04:55][Train.py][L163][INFO]Epoch[53/100] | Train Loss: 0.008 | Train Accuracy: 100.000% | Test Loss: 1.313 | Test Accuracy: 60.976% | Test AUC:0.6836 | Test Sen:0.6316 | Test Spe:0.5909 | Test F1:0.6098 | Test Recall:0.6098 | Test Precision:0.6098 | Best Test Accuracy: 68.293% | Best Test AUC:0.7309 | Best Test Sensitivity:0.5526 | Best Test Specificity:0.7955 | LR:0.0000299
[2023-08-17 10:04:55][Train.py][L163][INFO]Epoch[54/100] | Train Loss: 0.008 | Train Accuracy: 100.000% | Test Loss: 1.327 | Test Accuracy: 59.756% | Test AUC:0.6848 | Test Sen:0.5526 | Test Spe:0.6364 | Test F1:0.5976 | Test Recall:0.5976 | Test Precision:0.5976 | Best Test Accuracy: 68.293% | Best Test AUC:0.7309 | Best Test Sensitivity:0.5526 | Best Test Specificity:0.7955 | LR:0.0000290
[2023-08-17 10:04:56][Train.py][L163][INFO]Epoch[55/100] | Train Loss: 0.008 | Train Accuracy: 100.000% | Test Loss: 1.326 | Test Accuracy: 62.195% | Test AUC:0.6854 | Test Sen:0.6579 | Test Spe:0.5909 | Test F1:0.6220 | Test Recall:0.6220 | Test Precision:0.6220 | Best Test Accuracy: 68.293% | Best Test AUC:0.7309 | Best Test Sensitivity:0.5526 | Best Test Specificity:0.7955 | LR:0.0000282
[2023-08-17 10:04:57][Train.py][L163][INFO]Epoch[56/100] | Train Loss: 0.007 | Train Accuracy: 100.000% | Test Loss: 1.338 | Test Accuracy: 62.195% | Test AUC:0.6866 | Test Sen:0.6579 | Test Spe:0.5909 | Test F1:0.6220 | Test Recall:0.6220 | Test Precision:0.6220 | Best Test Accuracy: 68.293% | Best Test AUC:0.7309 | Best Test Sensitivity:0.5526 | Best Test Specificity:0.7955 | LR:0.0000274
[2023-08-17 10:04:57][Train.py][L163][INFO]Epoch[57/100] | Train Loss: 0.007 | Train Accuracy: 100.000% | Test Loss: 1.340 | Test Accuracy: 59.756% | Test AUC:0.6836 | Test Sen:0.5789 | Test Spe:0.6136 | Test F1:0.5976 | Test Recall:0.5976 | Test Precision:0.5976 | Best Test Accuracy: 68.293% | Best Test AUC:0.7309 | Best Test Sensitivity:0.5526 | Best Test Specificity:0.7955 | LR:0.0000266
[2023-08-17 10:04:58][Train.py][L163][INFO]Epoch[58/100] | Train Loss: 0.007 | Train Accuracy: 100.000% | Test Loss: 1.350 | Test Accuracy: 62.195% | Test AUC:0.6830 | Test Sen:0.6579 | Test Spe:0.5909 | Test F1:0.6220 | Test Recall:0.6220 | Test Precision:0.6220 | Best Test Accuracy: 68.293% | Best Test AUC:0.7309 | Best Test Sensitivity:0.5526 | Best Test Specificity:0.7955 | LR:0.0000259
[2023-08-17 10:04:58][Train.py][L163][INFO]Epoch[59/100] | Train Loss: 0.007 | Train Accuracy: 100.000% | Test Loss: 1.368 | Test Accuracy: 62.195% | Test AUC:0.6836 | Test Sen:0.6579 | Test Spe:0.5909 | Test F1:0.6220 | Test Recall:0.6220 | Test Precision:0.6220 | Best Test Accuracy: 68.293% | Best Test AUC:0.7309 | Best Test Sensitivity:0.5526 | Best Test Specificity:0.7955 | LR:0.0000251
[2023-08-17 10:04:59][Train.py][L163][INFO]Epoch[60/100] | Train Loss: 0.006 | Train Accuracy: 100.000% | Test Loss: 1.364 | Test Accuracy: 62.195% | Test AUC:0.6866 | Test Sen:0.6579 | Test Spe:0.5909 | Test F1:0.6220 | Test Recall:0.6220 | Test Precision:0.6220 | Best Test Accuracy: 68.293% | Best Test AUC:0.7309 | Best Test Sensitivity:0.5526 | Best Test Specificity:0.7955 | LR:0.0000244
[2023-08-17 10:05:00][Train.py][L163][INFO]Epoch[61/100] | Train Loss: 0.006 | Train Accuracy: 100.000% | Test Loss: 1.369 | Test Accuracy: 59.756% | Test AUC:0.6818 | Test Sen:0.6053 | Test Spe:0.5909 | Test F1:0.5976 | Test Recall:0.5976 | Test Precision:0.5976 | Best Test Accuracy: 68.293% | Best Test AUC:0.7309 | Best Test Sensitivity:0.5526 | Best Test Specificity:0.7955 | LR:0.0000237
[2023-08-17 10:05:00][Train.py][L163][INFO]Epoch[62/100] | Train Loss: 0.006 | Train Accuracy: 100.000% | Test Loss: 1.377 | Test Accuracy: 59.756% | Test AUC:0.6836 | Test Sen:0.6053 | Test Spe:0.5909 | Test F1:0.5976 | Test Recall:0.5976 | Test Precision:0.5976 | Best Test Accuracy: 68.293% | Best Test AUC:0.7309 | Best Test Sensitivity:0.5526 | Best Test Specificity:0.7955 | LR:0.0000230
[2023-08-17 10:05:01][Train.py][L163][INFO]Epoch[63/100] | Train Loss: 0.006 | Train Accuracy: 100.000% | Test Loss: 1.380 | Test Accuracy: 62.195% | Test AUC:0.6854 | Test Sen:0.6579 | Test Spe:0.5909 | Test F1:0.6220 | Test Recall:0.6220 | Test Precision:0.6220 | Best Test Accuracy: 68.293% | Best Test AUC:0.7309 | Best Test Sensitivity:0.5526 | Best Test Specificity:0.7955 | LR:0.0000223
[2023-08-17 10:05:02][Train.py][L163][INFO]Epoch[64/100] | Train Loss: 0.006 | Train Accuracy: 100.000% | Test Loss: 1.389 | Test Accuracy: 62.195% | Test AUC:0.6836 | Test Sen:0.6579 | Test Spe:0.5909 | Test F1:0.6220 | Test Recall:0.6220 | Test Precision:0.6220 | Best Test Accuracy: 68.293% | Best Test AUC:0.7309 | Best Test Sensitivity:0.5526 | Best Test Specificity:0.7955 | LR:0.0000217
[2023-08-17 10:05:02][Train.py][L163][INFO]Epoch[65/100] | Train Loss: 0.006 | Train Accuracy: 100.000% | Test Loss: 1.391 | Test Accuracy: 60.976% | Test AUC:0.6812 | Test Sen:0.6316 | Test Spe:0.5909 | Test F1:0.6098 | Test Recall:0.6098 | Test Precision:0.6098 | Best Test Accuracy: 68.293% | Best Test AUC:0.7309 | Best Test Sensitivity:0.5526 | Best Test Specificity:0.7955 | LR:0.0000210
[2023-08-17 10:05:03][Train.py][L163][INFO]Epoch[66/100] | Train Loss: 0.005 | Train Accuracy: 100.000% | Test Loss: 1.401 | Test Accuracy: 62.195% | Test AUC:0.6830 | Test Sen:0.6579 | Test Spe:0.5909 | Test F1:0.6220 | Test Recall:0.6220 | Test Precision:0.6220 | Best Test Accuracy: 68.293% | Best Test AUC:0.7309 | Best Test Sensitivity:0.5526 | Best Test Specificity:0.7955 | LR:0.0000204
[2023-08-17 10:05:04][Train.py][L163][INFO]Epoch[67/100] | Train Loss: 0.005 | Train Accuracy: 100.000% | Test Loss: 1.404 | Test Accuracy: 60.976% | Test AUC:0.6830 | Test Sen:0.6316 | Test Spe:0.5909 | Test F1:0.6098 | Test Recall:0.6098 | Test Precision:0.6098 | Best Test Accuracy: 68.293% | Best Test AUC:0.7309 | Best Test Sensitivity:0.5526 | Best Test Specificity:0.7955 | LR:0.0000198
[2023-08-17 10:05:04][Train.py][L163][INFO]Epoch[68/100] | Train Loss: 0.005 | Train Accuracy: 100.000% | Test Loss: 1.409 | Test Accuracy: 62.195% | Test AUC:0.6836 | Test Sen:0.6579 | Test Spe:0.5909 | Test F1:0.6220 | Test Recall:0.6220 | Test Precision:0.6220 | Best Test Accuracy: 68.293% | Best Test AUC:0.7309 | Best Test Sensitivity:0.5526 | Best Test Specificity:0.7955 | LR:0.0000192
[2023-08-17 10:05:05][Train.py][L163][INFO]Epoch[69/100] | Train Loss: 0.005 | Train Accuracy: 100.000% | Test Loss: 1.413 | Test Accuracy: 62.195% | Test AUC:0.6836 | Test Sen:0.6579 | Test Spe:0.5909 | Test F1:0.6220 | Test Recall:0.6220 | Test Precision:0.6220 | Best Test Accuracy: 68.293% | Best Test AUC:0.7309 | Best Test Sensitivity:0.5526 | Best Test Specificity:0.7955 | LR:0.0000186
[2023-08-17 10:05:06][Train.py][L163][INFO]Epoch[70/100] | Train Loss: 0.005 | Train Accuracy: 100.000% | Test Loss: 1.421 | Test Accuracy: 62.195% | Test AUC:0.6842 | Test Sen:0.6579 | Test Spe:0.5909 | Test F1:0.6220 | Test Recall:0.6220 | Test Precision:0.6220 | Best Test Accuracy: 68.293% | Best Test AUC:0.7309 | Best Test Sensitivity:0.5526 | Best Test Specificity:0.7955 | LR:0.0000181
[2023-08-17 10:05:06][Train.py][L163][INFO]Epoch[71/100] | Train Loss: 0.005 | Train Accuracy: 100.000% | Test Loss: 1.423 | Test Accuracy: 60.976% | Test AUC:0.6818 | Test Sen:0.6316 | Test Spe:0.5909 | Test F1:0.6098 | Test Recall:0.6098 | Test Precision:0.6098 | Best Test Accuracy: 68.293% | Best Test AUC:0.7309 | Best Test Sensitivity:0.5526 | Best Test Specificity:0.7955 | LR:0.0000176
[2023-08-17 10:05:07][Train.py][L163][INFO]Epoch[72/100] | Train Loss: 0.005 | Train Accuracy: 100.000% | Test Loss: 1.429 | Test Accuracy: 60.976% | Test AUC:0.6818 | Test Sen:0.6316 | Test Spe:0.5909 | Test F1:0.6098 | Test Recall:0.6098 | Test Precision:0.6098 | Best Test Accuracy: 68.293% | Best Test AUC:0.7309 | Best Test Sensitivity:0.5526 | Best Test Specificity:0.7955 | LR:0.0000171
[2023-08-17 10:05:08][Train.py][L163][INFO]Epoch[73/100] | Train Loss: 0.005 | Train Accuracy: 100.000% | Test Loss: 1.435 | Test Accuracy: 62.195% | Test AUC:0.6836 | Test Sen:0.6579 | Test Spe:0.5909 | Test F1:0.6220 | Test Recall:0.6220 | Test Precision:0.6220 | Best Test Accuracy: 68.293% | Best Test AUC:0.7309 | Best Test Sensitivity:0.5526 | Best Test Specificity:0.7955 | LR:0.0000166
[2023-08-17 10:05:08][Train.py][L163][INFO]Epoch[74/100] | Train Loss: 0.005 | Train Accuracy: 100.000% | Test Loss: 1.439 | Test Accuracy: 60.976% | Test AUC:0.6818 | Test Sen:0.6316 | Test Spe:0.5909 | Test F1:0.6098 | Test Recall:0.6098 | Test Precision:0.6098 | Best Test Accuracy: 68.293% | Best Test AUC:0.7309 | Best Test Sensitivity:0.5526 | Best Test Specificity:0.7955 | LR:0.0000161
[2023-08-17 10:05:09][Train.py][L163][INFO]Epoch[75/100] | Train Loss: 0.004 | Train Accuracy: 100.000% | Test Loss: 1.443 | Test Accuracy: 60.976% | Test AUC:0.6812 | Test Sen:0.6316 | Test Spe:0.5909 | Test F1:0.6098 | Test Recall:0.6098 | Test Precision:0.6098 | Best Test Accuracy: 68.293% | Best Test AUC:0.7309 | Best Test Sensitivity:0.5526 | Best Test Specificity:0.7955 | LR:0.0000156
[2023-08-17 10:05:10][Train.py][L163][INFO]Epoch[76/100] | Train Loss: 0.004 | Train Accuracy: 100.000% | Test Loss: 1.448 | Test Accuracy: 59.756% | Test AUC:0.6824 | Test Sen:0.5789 | Test Spe:0.6136 | Test F1:0.5976 | Test Recall:0.5976 | Test Precision:0.5976 | Best Test Accuracy: 68.293% | Best Test AUC:0.7309 | Best Test Sensitivity:0.5526 | Best Test Specificity:0.7955 | LR:0.0000152
[2023-08-17 10:05:10][Train.py][L163][INFO]Epoch[77/100] | Train Loss: 0.004 | Train Accuracy: 100.000% | Test Loss: 1.454 | Test Accuracy: 60.976% | Test AUC:0.6836 | Test Sen:0.6316 | Test Spe:0.5909 | Test F1:0.6098 | Test Recall:0.6098 | Test Precision:0.6098 | Best Test Accuracy: 68.293% | Best Test AUC:0.7309 | Best Test Sensitivity:0.5526 | Best Test Specificity:0.7955 | LR:0.0000148
[2023-08-17 10:05:11][Train.py][L163][INFO]Epoch[78/100] | Train Loss: 0.004 | Train Accuracy: 100.000% | Test Loss: 1.458 | Test Accuracy: 60.976% | Test AUC:0.6818 | Test Sen:0.6316 | Test Spe:0.5909 | Test F1:0.6098 | Test Recall:0.6098 | Test Precision:0.6098 | Best Test Accuracy: 68.293% | Best Test AUC:0.7309 | Best Test Sensitivity:0.5526 | Best Test Specificity:0.7955 | LR:0.0000144
[2023-08-17 10:05:12][Train.py][L163][INFO]Epoch[79/100] | Train Loss: 0.004 | Train Accuracy: 100.000% | Test Loss: 1.464 | Test Accuracy: 62.195% | Test AUC:0.6836 | Test Sen:0.6579 | Test Spe:0.5909 | Test F1:0.6220 | Test Recall:0.6220 | Test Precision:0.6220 | Best Test Accuracy: 68.293% | Best Test AUC:0.7309 | Best Test Sensitivity:0.5526 | Best Test Specificity:0.7955 | LR:0.0000140
[2023-08-17 10:05:13][Train.py][L163][INFO]Epoch[80/100] | Train Loss: 0.004 | Train Accuracy: 100.000% | Test Loss: 1.463 | Test Accuracy: 58.537% | Test AUC:0.6806 | Test Sen:0.5789 | Test Spe:0.5909 | Test F1:0.5854 | Test Recall:0.5854 | Test Precision:0.5854 | Best Test Accuracy: 68.293% | Best Test AUC:0.7309 | Best Test Sensitivity:0.5526 | Best Test Specificity:0.7955 | LR:0.0000136
[2023-08-17 10:05:13][Train.py][L163][INFO]Epoch[81/100] | Train Loss: 0.004 | Train Accuracy: 100.000% | Test Loss: 1.469 | Test Accuracy: 60.976% | Test AUC:0.6812 | Test Sen:0.6316 | Test Spe:0.5909 | Test F1:0.6098 | Test Recall:0.6098 | Test Precision:0.6098 | Best Test Accuracy: 68.293% | Best Test AUC:0.7309 | Best Test Sensitivity:0.5526 | Best Test Specificity:0.7955 | LR:0.0000132
[2023-08-17 10:05:14][Train.py][L163][INFO]Epoch[82/100] | Train Loss: 0.004 | Train Accuracy: 100.000% | Test Loss: 1.474 | Test Accuracy: 60.976% | Test AUC:0.6830 | Test Sen:0.6316 | Test Spe:0.5909 | Test F1:0.6098 | Test Recall:0.6098 | Test Precision:0.6098 | Best Test Accuracy: 68.293% | Best Test AUC:0.7309 | Best Test Sensitivity:0.5526 | Best Test Specificity:0.7955 | LR:0.0000129
[2023-08-17 10:05:15][Train.py][L163][INFO]Epoch[83/100] | Train Loss: 0.004 | Train Accuracy: 100.000% | Test Loss: 1.475 | Test Accuracy: 60.976% | Test AUC:0.6812 | Test Sen:0.6316 | Test Spe:0.5909 | Test F1:0.6098 | Test Recall:0.6098 | Test Precision:0.6098 | Best Test Accuracy: 68.293% | Best Test AUC:0.7309 | Best Test Sensitivity:0.5526 | Best Test Specificity:0.7955 | LR:0.0000126
[2023-08-17 10:05:15][Train.py][L163][INFO]Epoch[84/100] | Train Loss: 0.004 | Train Accuracy: 100.000% | Test Loss: 1.484 | Test Accuracy: 62.195% | Test AUC:0.6836 | Test Sen:0.6579 | Test Spe:0.5909 | Test F1:0.6220 | Test Recall:0.6220 | Test Precision:0.6220 | Best Test Accuracy: 68.293% | Best Test AUC:0.7309 | Best Test Sensitivity:0.5526 | Best Test Specificity:0.7955 | LR:0.0000123
[2023-08-17 10:05:16][Train.py][L163][INFO]Epoch[85/100] | Train Loss: 0.004 | Train Accuracy: 100.000% | Test Loss: 1.490 | Test Accuracy: 62.195% | Test AUC:0.6806 | Test Sen:0.6579 | Test Spe:0.5909 | Test F1:0.6220 | Test Recall:0.6220 | Test Precision:0.6220 | Best Test Accuracy: 68.293% | Best Test AUC:0.7309 | Best Test Sensitivity:0.5526 | Best Test Specificity:0.7955 | LR:0.0000120
[2023-08-17 10:05:17][Train.py][L163][INFO]Epoch[86/100] | Train Loss: 0.004 | Train Accuracy: 100.000% | Test Loss: 1.489 | Test Accuracy: 59.756% | Test AUC:0.6806 | Test Sen:0.6053 | Test Spe:0.5909 | Test F1:0.5976 | Test Recall:0.5976 | Test Precision:0.5976 | Best Test Accuracy: 68.293% | Best Test AUC:0.7309 | Best Test Sensitivity:0.5526 | Best Test Specificity:0.7955 | LR:0.0000118
[2023-08-17 10:05:17][Train.py][L163][INFO]Epoch[87/100] | Train Loss: 0.004 | Train Accuracy: 100.000% | Test Loss: 1.495 | Test Accuracy: 59.756% | Test AUC:0.6806 | Test Sen:0.6053 | Test Spe:0.5909 | Test F1:0.5976 | Test Recall:0.5976 | Test Precision:0.5976 | Best Test Accuracy: 68.293% | Best Test AUC:0.7309 | Best Test Sensitivity:0.5526 | Best Test Specificity:0.7955 | LR:0.0000115
[2023-08-17 10:05:18][Train.py][L163][INFO]Epoch[88/100] | Train Loss: 0.004 | Train Accuracy: 100.000% | Test Loss: 1.498 | Test Accuracy: 60.976% | Test AUC:0.6818 | Test Sen:0.6316 | Test Spe:0.5909 | Test F1:0.6098 | Test Recall:0.6098 | Test Precision:0.6098 | Best Test Accuracy: 68.293% | Best Test AUC:0.7309 | Best Test Sensitivity:0.5526 | Best Test Specificity:0.7955 | LR:0.0000113
[2023-08-17 10:05:19][Train.py][L163][INFO]Epoch[89/100] | Train Loss: 0.003 | Train Accuracy: 100.000% | Test Loss: 1.501 | Test Accuracy: 60.976% | Test AUC:0.6812 | Test Sen:0.6316 | Test Spe:0.5909 | Test F1:0.6098 | Test Recall:0.6098 | Test Precision:0.6098 | Best Test Accuracy: 68.293% | Best Test AUC:0.7309 | Best Test Sensitivity:0.5526 | Best Test Specificity:0.7955 | LR:0.0000111
[2023-08-17 10:05:19][Train.py][L163][INFO]Epoch[90/100] | Train Loss: 0.003 | Train Accuracy: 100.000% | Test Loss: 1.507 | Test Accuracy: 60.976% | Test AUC:0.6812 | Test Sen:0.6316 | Test Spe:0.5909 | Test F1:0.6098 | Test Recall:0.6098 | Test Precision:0.6098 | Best Test Accuracy: 68.293% | Best Test AUC:0.7309 | Best Test Sensitivity:0.5526 | Best Test Specificity:0.7955 | LR:0.0000109
[2023-08-17 10:05:20][Train.py][L163][INFO]Epoch[91/100] | Train Loss: 0.003 | Train Accuracy: 100.000% | Test Loss: 1.508 | Test Accuracy: 60.976% | Test AUC:0.6812 | Test Sen:0.6316 | Test Spe:0.5909 | Test F1:0.6098 | Test Recall:0.6098 | Test Precision:0.6098 | Best Test Accuracy: 68.293% | Best Test AUC:0.7309 | Best Test Sensitivity:0.5526 | Best Test Specificity:0.7955 | LR:0.0000107
[2023-08-17 10:05:21][Train.py][L163][INFO]Epoch[92/100] | Train Loss: 0.003 | Train Accuracy: 100.000% | Test Loss: 1.516 | Test Accuracy: 62.195% | Test AUC:0.6818 | Test Sen:0.6579 | Test Spe:0.5909 | Test F1:0.6220 | Test Recall:0.6220 | Test Precision:0.6220 | Best Test Accuracy: 68.293% | Best Test AUC:0.7309 | Best Test Sensitivity:0.5526 | Best Test Specificity:0.7955 | LR:0.0000106
[2023-08-17 10:05:22][Train.py][L163][INFO]Epoch[93/100] | Train Loss: 0.003 | Train Accuracy: 100.000% | Test Loss: 1.514 | Test Accuracy: 60.976% | Test AUC:0.6800 | Test Sen:0.6316 | Test Spe:0.5909 | Test F1:0.6098 | Test Recall:0.6098 | Test Precision:0.6098 | Best Test Accuracy: 68.293% | Best Test AUC:0.7309 | Best Test Sensitivity:0.5526 | Best Test Specificity:0.7955 | LR:0.0000104
[2023-08-17 10:05:22][Train.py][L163][INFO]Epoch[94/100] | Train Loss: 0.003 | Train Accuracy: 100.000% | Test Loss: 1.523 | Test Accuracy: 62.195% | Test AUC:0.6818 | Test Sen:0.6579 | Test Spe:0.5909 | Test F1:0.6220 | Test Recall:0.6220 | Test Precision:0.6220 | Best Test Accuracy: 68.293% | Best Test AUC:0.7309 | Best Test Sensitivity:0.5526 | Best Test Specificity:0.7955 | LR:0.0000103
[2023-08-17 10:05:23][Train.py][L163][INFO]Epoch[95/100] | Train Loss: 0.003 | Train Accuracy: 100.000% | Test Loss: 1.523 | Test Accuracy: 60.976% | Test AUC:0.6818 | Test Sen:0.6316 | Test Spe:0.5909 | Test F1:0.6098 | Test Recall:0.6098 | Test Precision:0.6098 | Best Test Accuracy: 68.293% | Best Test AUC:0.7309 | Best Test Sensitivity:0.5526 | Best Test Specificity:0.7955 | LR:0.0000102
[2023-08-17 10:05:24][Train.py][L163][INFO]Epoch[96/100] | Train Loss: 0.003 | Train Accuracy: 100.000% | Test Loss: 1.529 | Test Accuracy: 62.195% | Test AUC:0.6812 | Test Sen:0.6579 | Test Spe:0.5909 | Test F1:0.6220 | Test Recall:0.6220 | Test Precision:0.6220 | Best Test Accuracy: 68.293% | Best Test AUC:0.7309 | Best Test Sensitivity:0.5526 | Best Test Specificity:0.7955 | LR:0.0000101
[2023-08-17 10:05:24][Train.py][L163][INFO]Epoch[97/100] | Train Loss: 0.003 | Train Accuracy: 100.000% | Test Loss: 1.530 | Test Accuracy: 60.976% | Test AUC:0.6800 | Test Sen:0.6316 | Test Spe:0.5909 | Test F1:0.6098 | Test Recall:0.6098 | Test Precision:0.6098 | Best Test Accuracy: 68.293% | Best Test AUC:0.7309 | Best Test Sensitivity:0.5526 | Best Test Specificity:0.7955 | LR:0.0000101
[2023-08-17 10:05:25][Train.py][L163][INFO]Epoch[98/100] | Train Loss: 0.003 | Train Accuracy: 100.000% | Test Loss: 1.532 | Test Accuracy: 60.976% | Test AUC:0.6812 | Test Sen:0.6316 | Test Spe:0.5909 | Test F1:0.6098 | Test Recall:0.6098 | Test Precision:0.6098 | Best Test Accuracy: 68.293% | Best Test AUC:0.7309 | Best Test Sensitivity:0.5526 | Best Test Specificity:0.7955 | LR:0.0000100
[2023-08-17 10:05:26][Train.py][L163][INFO]Epoch[99/100] | Train Loss: 0.003 | Train Accuracy: 100.000% | Test Loss: 1.536 | Test Accuracy: 60.976% | Test AUC:0.6806 | Test Sen:0.6316 | Test Spe:0.5909 | Test F1:0.6098 | Test Recall:0.6098 | Test Precision:0.6098 | Best Test Accuracy: 68.293% | Best Test AUC:0.7309 | Best Test Sensitivity:0.5526 | Best Test Specificity:0.7955 | LR:0.0000100
[2023-08-17 10:05:26][Train.py][L163][INFO]Epoch[100/100] | Train Loss: 0.003 | Train Accuracy: 100.000% | Test Loss: 1.540 | Test Accuracy: 60.976% | Test AUC:0.6794 | Test Sen:0.6316 | Test Spe:0.5909 | Test F1:0.6098 | Test Recall:0.6098 | Test Precision:0.6098 | Best Test Accuracy: 68.293% | Best Test AUC:0.7309 | Best Test Sensitivity:0.5526 | Best Test Specificity:0.7955 | LR:0.0000100
[2023-08-17 10:05:38][__main__.py][L41][INFO]dataset:
  name: fc_200
  batch_size: 16
  train_set: 0.9
  test_set: 0.1
  fc_path: /mnt/ssd1/mehul_data/research/fc_200_data.npy
  node_sz: 200
  node_feature_sz: 200
  num_classes: 2
  perc_edges: 100
  node: fc
model:
  name: GraphSAGE
  num_layers: 2
  hidden_size: 64
  dropout: 0.5
  readout: mean
  edge_percentage: 0.1
optimizer:
- name: Adam
  lr: 0.0001
  match_rule: None
  except_rule: None
  no_weight_decay: false
  weight_decay: 0.0001
  lr_scheduler:
    mode: poly
    base_lr: 0.0001
    target_lr: 1.0e-05
    decay_factor: 0.1
    milestones:
    - 0.3
    - 0.6
    - 0.9
    poly_power: 2.0
    lr_decay: 0.98
    warm_up_from: 0.0
    warm_up_steps: 0
training:
  name: Train
  epochs: 100
  l2: 0.0
log_path: result
repeat_time: 2
device: cuda:0
is_wandb: true
project: asd-graph
steps_per_epoch: 46.0
total_steps: 4600.0

[2023-08-17 10:05:38][__init__.py][L15][INFO]cfg.dataset.name: fc_200
[2023-08-17 10:05:40][optimizer.py][L66][INFO]Parameters [normal] length [10]
[2023-08-17 10:05:40][__init__.py][L25][INFO]Training: Train
[2023-08-17 10:05:40][Train.py][L35][INFO]#model params: 853249
[2023-08-17 10:05:41][Train.py][L163][INFO]Epoch[1/100] | Train Loss: 0.693 | Train Accuracy: 53.699% | Test Loss: 0.671 | Test Accuracy: 57.317% | Test AUC:0.6519 | Test Sen:0.1316 | Test Spe:0.9545 | Test F1:0.5732 | Test Recall:0.5732 | Test Precision:0.5732 | Best Test Accuracy: 57.317% | Best Test AUC:0.6519 | Best Test Sensitivity:0.1316 | Best Test Specificity:0.9545 | LR:0.0000982
[2023-08-17 10:05:41][Train.py][L163][INFO]Epoch[2/100] | Train Loss: 0.644 | Train Accuracy: 66.164% | Test Loss: 0.652 | Test Accuracy: 57.317% | Test AUC:0.7099 | Test Sen:0.7632 | Test Spe:0.4091 | Test F1:0.5732 | Test Recall:0.5732 | Test Precision:0.5732 | Best Test Accuracy: 57.317% | Best Test AUC:0.6519 | Best Test Sensitivity:0.1316 | Best Test Specificity:0.9545 | LR:0.0000964
[2023-08-17 10:05:42][Train.py][L163][INFO]Epoch[3/100] | Train Loss: 0.605 | Train Accuracy: 68.630% | Test Loss: 0.619 | Test Accuracy: 68.293% | Test AUC:0.7327 | Test Sen:0.4737 | Test Spe:0.8636 | Test F1:0.6829 | Test Recall:0.6829 | Test Precision:0.6829 | Best Test Accuracy: 68.293% | Best Test AUC:0.7327 | Best Test Sensitivity:0.4737 | Best Test Specificity:0.8636 | LR:0.0000947
[2023-08-17 10:05:43][Train.py][L163][INFO]Epoch[4/100] | Train Loss: 0.566 | Train Accuracy: 72.603% | Test Loss: 0.592 | Test Accuracy: 71.951% | Test AUC:0.7661 | Test Sen:0.6842 | Test Spe:0.7500 | Test F1:0.7195 | Test Recall:0.7195 | Test Precision:0.7195 | Best Test Accuracy: 71.951% | Best Test AUC:0.7661 | Best Test Sensitivity:0.6842 | Best Test Specificity:0.7500 | LR:0.0000929
[2023-08-17 10:05:43][Train.py][L163][INFO]Epoch[5/100] | Train Loss: 0.513 | Train Accuracy: 77.123% | Test Loss: 0.578 | Test Accuracy: 73.171% | Test AUC:0.7931 | Test Sen:0.8421 | Test Spe:0.6364 | Test F1:0.7317 | Test Recall:0.7317 | Test Precision:0.7317 | Best Test Accuracy: 73.171% | Best Test AUC:0.7931 | Best Test Sensitivity:0.8421 | Best Test Specificity:0.6364 | LR:0.0000912
[2023-08-17 10:05:44][Train.py][L163][INFO]Epoch[6/100] | Train Loss: 0.476 | Train Accuracy: 78.493% | Test Loss: 0.575 | Test Accuracy: 69.512% | Test AUC:0.8110 | Test Sen:0.8421 | Test Spe:0.5682 | Test F1:0.6951 | Test Recall:0.6951 | Test Precision:0.6951 | Best Test Accuracy: 73.171% | Best Test AUC:0.7931 | Best Test Sensitivity:0.8421 | Best Test Specificity:0.6364 | LR:0.0000895
[2023-08-17 10:05:45][Train.py][L163][INFO]Epoch[7/100] | Train Loss: 0.430 | Train Accuracy: 82.740% | Test Loss: 0.545 | Test Accuracy: 73.171% | Test AUC:0.8230 | Test Sen:0.8421 | Test Spe:0.6364 | Test F1:0.7317 | Test Recall:0.7317 | Test Precision:0.7317 | Best Test Accuracy: 73.171% | Best Test AUC:0.7931 | Best Test Sensitivity:0.8421 | Best Test Specificity:0.6364 | LR:0.0000878
[2023-08-17 10:05:46][Train.py][L163][INFO]Epoch[8/100] | Train Loss: 0.396 | Train Accuracy: 82.877% | Test Loss: 0.521 | Test Accuracy: 73.171% | Test AUC:0.8140 | Test Sen:0.6316 | Test Spe:0.8182 | Test F1:0.7317 | Test Recall:0.7317 | Test Precision:0.7317 | Best Test Accuracy: 73.171% | Best Test AUC:0.7931 | Best Test Sensitivity:0.8421 | Best Test Specificity:0.6364 | LR:0.0000862
[2023-08-17 10:05:46][Train.py][L163][INFO]Epoch[9/100] | Train Loss: 0.352 | Train Accuracy: 86.986% | Test Loss: 0.543 | Test Accuracy: 73.171% | Test AUC:0.8218 | Test Sen:0.5000 | Test Spe:0.9318 | Test F1:0.7317 | Test Recall:0.7317 | Test Precision:0.7317 | Best Test Accuracy: 73.171% | Best Test AUC:0.7931 | Best Test Sensitivity:0.8421 | Best Test Specificity:0.6364 | LR:0.0000845
[2023-08-17 10:05:47][Train.py][L163][INFO]Epoch[10/100] | Train Loss: 0.317 | Train Accuracy: 89.452% | Test Loss: 0.506 | Test Accuracy: 80.488% | Test AUC:0.8289 | Test Sen:0.7895 | Test Spe:0.8182 | Test F1:0.8049 | Test Recall:0.8049 | Test Precision:0.8049 | Best Test Accuracy: 80.488% | Best Test AUC:0.8289 | Best Test Sensitivity:0.7895 | Best Test Specificity:0.8182 | LR:0.0000829
[2023-08-17 10:05:48][Train.py][L163][INFO]Epoch[11/100] | Train Loss: 0.278 | Train Accuracy: 92.055% | Test Loss: 0.509 | Test Accuracy: 76.829% | Test AUC:0.8301 | Test Sen:0.8158 | Test Spe:0.7273 | Test F1:0.7683 | Test Recall:0.7683 | Test Precision:0.7683 | Best Test Accuracy: 80.488% | Best Test AUC:0.8289 | Best Test Sensitivity:0.7895 | Best Test Specificity:0.8182 | LR:0.0000813
[2023-08-17 10:05:48][Train.py][L163][INFO]Epoch[12/100] | Train Loss: 0.266 | Train Accuracy: 91.507% | Test Loss: 0.536 | Test Accuracy: 75.610% | Test AUC:0.8170 | Test Sen:0.8158 | Test Spe:0.7045 | Test F1:0.7561 | Test Recall:0.7561 | Test Precision:0.7561 | Best Test Accuracy: 80.488% | Best Test AUC:0.8289 | Best Test Sensitivity:0.7895 | Best Test Specificity:0.8182 | LR:0.0000797
[2023-08-17 10:05:49][Train.py][L163][INFO]Epoch[13/100] | Train Loss: 0.235 | Train Accuracy: 93.699% | Test Loss: 0.519 | Test Accuracy: 74.390% | Test AUC:0.8164 | Test Sen:0.7632 | Test Spe:0.7273 | Test F1:0.7439 | Test Recall:0.7439 | Test Precision:0.7439 | Best Test Accuracy: 80.488% | Best Test AUC:0.8289 | Best Test Sensitivity:0.7895 | Best Test Specificity:0.8182 | LR:0.0000781
[2023-08-17 10:05:50][Train.py][L163][INFO]Epoch[14/100] | Train Loss: 0.201 | Train Accuracy: 95.753% | Test Loss: 0.539 | Test Accuracy: 74.390% | Test AUC:0.8140 | Test Sen:0.7632 | Test Spe:0.7273 | Test F1:0.7439 | Test Recall:0.7439 | Test Precision:0.7439 | Best Test Accuracy: 80.488% | Best Test AUC:0.8289 | Best Test Sensitivity:0.7895 | Best Test Specificity:0.8182 | LR:0.0000766
[2023-08-17 10:05:50][Train.py][L163][INFO]Epoch[15/100] | Train Loss: 0.177 | Train Accuracy: 97.260% | Test Loss: 0.542 | Test Accuracy: 76.829% | Test AUC:0.8224 | Test Sen:0.8158 | Test Spe:0.7273 | Test F1:0.7683 | Test Recall:0.7683 | Test Precision:0.7683 | Best Test Accuracy: 80.488% | Best Test AUC:0.8289 | Best Test Sensitivity:0.7895 | Best Test Specificity:0.8182 | LR:0.0000750
[2023-08-17 10:05:51][Train.py][L163][INFO]Epoch[16/100] | Train Loss: 0.153 | Train Accuracy: 98.219% | Test Loss: 0.554 | Test Accuracy: 75.610% | Test AUC:0.8140 | Test Sen:0.7632 | Test Spe:0.7500 | Test F1:0.7561 | Test Recall:0.7561 | Test Precision:0.7561 | Best Test Accuracy: 80.488% | Best Test AUC:0.8289 | Best Test Sensitivity:0.7895 | Best Test Specificity:0.8182 | LR:0.0000735
[2023-08-17 10:05:52][Train.py][L163][INFO]Epoch[17/100] | Train Loss: 0.139 | Train Accuracy: 98.219% | Test Loss: 0.567 | Test Accuracy: 78.049% | Test AUC:0.8182 | Test Sen:0.8421 | Test Spe:0.7273 | Test F1:0.7805 | Test Recall:0.7805 | Test Precision:0.7805 | Best Test Accuracy: 80.488% | Best Test AUC:0.8289 | Best Test Sensitivity:0.7895 | Best Test Specificity:0.8182 | LR:0.0000720
[2023-08-17 10:05:53][Train.py][L163][INFO]Epoch[18/100] | Train Loss: 0.124 | Train Accuracy: 98.356% | Test Loss: 0.575 | Test Accuracy: 74.390% | Test AUC:0.8158 | Test Sen:0.7632 | Test Spe:0.7273 | Test F1:0.7439 | Test Recall:0.7439 | Test Precision:0.7439 | Best Test Accuracy: 80.488% | Best Test AUC:0.8289 | Best Test Sensitivity:0.7895 | Best Test Specificity:0.8182 | LR:0.0000705
[2023-08-17 10:05:53][Train.py][L163][INFO]Epoch[19/100] | Train Loss: 0.113 | Train Accuracy: 98.630% | Test Loss: 0.625 | Test Accuracy: 76.829% | Test AUC:0.8200 | Test Sen:0.8947 | Test Spe:0.6591 | Test F1:0.7683 | Test Recall:0.7683 | Test Precision:0.7683 | Best Test Accuracy: 80.488% | Best Test AUC:0.8289 | Best Test Sensitivity:0.7895 | Best Test Specificity:0.8182 | LR:0.0000690
[2023-08-17 10:05:54][Train.py][L163][INFO]Epoch[20/100] | Train Loss: 0.097 | Train Accuracy: 99.452% | Test Loss: 0.607 | Test Accuracy: 76.829% | Test AUC:0.8092 | Test Sen:0.8158 | Test Spe:0.7273 | Test F1:0.7683 | Test Recall:0.7683 | Test Precision:0.7683 | Best Test Accuracy: 80.488% | Best Test AUC:0.8289 | Best Test Sensitivity:0.7895 | Best Test Specificity:0.8182 | LR:0.0000676
[2023-08-17 10:05:55][Train.py][L163][INFO]Epoch[21/100] | Train Loss: 0.080 | Train Accuracy: 99.589% | Test Loss: 0.626 | Test Accuracy: 76.829% | Test AUC:0.8122 | Test Sen:0.8158 | Test Spe:0.7273 | Test F1:0.7683 | Test Recall:0.7683 | Test Precision:0.7683 | Best Test Accuracy: 80.488% | Best Test AUC:0.8289 | Best Test Sensitivity:0.7895 | Best Test Specificity:0.8182 | LR:0.0000662
[2023-08-17 10:05:55][Train.py][L163][INFO]Epoch[22/100] | Train Loss: 0.071 | Train Accuracy: 99.726% | Test Loss: 0.641 | Test Accuracy: 76.829% | Test AUC:0.8056 | Test Sen:0.7895 | Test Spe:0.7500 | Test F1:0.7683 | Test Recall:0.7683 | Test Precision:0.7683 | Best Test Accuracy: 80.488% | Best Test AUC:0.8289 | Best Test Sensitivity:0.7895 | Best Test Specificity:0.8182 | LR:0.0000648
[2023-08-17 10:05:56][Train.py][L163][INFO]Epoch[23/100] | Train Loss: 0.064 | Train Accuracy: 100.000% | Test Loss: 0.666 | Test Accuracy: 79.268% | Test AUC:0.8080 | Test Sen:0.8684 | Test Spe:0.7273 | Test F1:0.7927 | Test Recall:0.7927 | Test Precision:0.7927 | Best Test Accuracy: 80.488% | Best Test AUC:0.8289 | Best Test Sensitivity:0.7895 | Best Test Specificity:0.8182 | LR:0.0000634
[2023-08-17 10:05:57][Train.py][L163][INFO]Epoch[24/100] | Train Loss: 0.059 | Train Accuracy: 99.726% | Test Loss: 0.662 | Test Accuracy: 75.610% | Test AUC:0.8062 | Test Sen:0.7632 | Test Spe:0.7500 | Test F1:0.7561 | Test Recall:0.7561 | Test Precision:0.7561 | Best Test Accuracy: 80.488% | Best Test AUC:0.8289 | Best Test Sensitivity:0.7895 | Best Test Specificity:0.8182 | LR:0.0000620
[2023-08-17 10:05:57][Train.py][L163][INFO]Epoch[25/100] | Train Loss: 0.051 | Train Accuracy: 100.000% | Test Loss: 0.681 | Test Accuracy: 76.829% | Test AUC:0.8080 | Test Sen:0.7895 | Test Spe:0.7500 | Test F1:0.7683 | Test Recall:0.7683 | Test Precision:0.7683 | Best Test Accuracy: 80.488% | Best Test AUC:0.8289 | Best Test Sensitivity:0.7895 | Best Test Specificity:0.8182 | LR:0.0000606
[2023-08-17 10:05:58][Train.py][L163][INFO]Epoch[26/100] | Train Loss: 0.046 | Train Accuracy: 100.000% | Test Loss: 0.698 | Test Accuracy: 76.829% | Test AUC:0.8050 | Test Sen:0.8158 | Test Spe:0.7273 | Test F1:0.7683 | Test Recall:0.7683 | Test Precision:0.7683 | Best Test Accuracy: 80.488% | Best Test AUC:0.8289 | Best Test Sensitivity:0.7895 | Best Test Specificity:0.8182 | LR:0.0000593
[2023-08-17 10:05:59][Train.py][L163][INFO]Epoch[27/100] | Train Loss: 0.041 | Train Accuracy: 100.000% | Test Loss: 0.710 | Test Accuracy: 76.829% | Test AUC:0.8044 | Test Sen:0.8158 | Test Spe:0.7273 | Test F1:0.7683 | Test Recall:0.7683 | Test Precision:0.7683 | Best Test Accuracy: 80.488% | Best Test AUC:0.8289 | Best Test Sensitivity:0.7895 | Best Test Specificity:0.8182 | LR:0.0000580
[2023-08-17 10:06:00][Train.py][L163][INFO]Epoch[28/100] | Train Loss: 0.036 | Train Accuracy: 100.000% | Test Loss: 0.724 | Test Accuracy: 76.829% | Test AUC:0.8032 | Test Sen:0.7895 | Test Spe:0.7500 | Test F1:0.7683 | Test Recall:0.7683 | Test Precision:0.7683 | Best Test Accuracy: 80.488% | Best Test AUC:0.8289 | Best Test Sensitivity:0.7895 | Best Test Specificity:0.8182 | LR:0.0000567
[2023-08-17 10:06:00][Train.py][L163][INFO]Epoch[29/100] | Train Loss: 0.035 | Train Accuracy: 100.000% | Test Loss: 0.744 | Test Accuracy: 76.829% | Test AUC:0.8044 | Test Sen:0.8158 | Test Spe:0.7273 | Test F1:0.7683 | Test Recall:0.7683 | Test Precision:0.7683 | Best Test Accuracy: 80.488% | Best Test AUC:0.8289 | Best Test Sensitivity:0.7895 | Best Test Specificity:0.8182 | LR:0.0000554
[2023-08-17 10:06:01][Train.py][L163][INFO]Epoch[30/100] | Train Loss: 0.031 | Train Accuracy: 100.000% | Test Loss: 0.767 | Test Accuracy: 79.268% | Test AUC:0.8038 | Test Sen:0.8684 | Test Spe:0.7273 | Test F1:0.7927 | Test Recall:0.7927 | Test Precision:0.7927 | Best Test Accuracy: 80.488% | Best Test AUC:0.8289 | Best Test Sensitivity:0.7895 | Best Test Specificity:0.8182 | LR:0.0000541
[2023-08-17 10:06:02][Train.py][L163][INFO]Epoch[31/100] | Train Loss: 0.028 | Train Accuracy: 100.000% | Test Loss: 0.761 | Test Accuracy: 78.049% | Test AUC:0.8044 | Test Sen:0.8421 | Test Spe:0.7273 | Test F1:0.7805 | Test Recall:0.7805 | Test Precision:0.7805 | Best Test Accuracy: 80.488% | Best Test AUC:0.8289 | Best Test Sensitivity:0.7895 | Best Test Specificity:0.8182 | LR:0.0000528
[2023-08-17 10:06:02][Train.py][L163][INFO]Epoch[32/100] | Train Loss: 0.027 | Train Accuracy: 100.000% | Test Loss: 0.787 | Test Accuracy: 78.049% | Test AUC:0.8050 | Test Sen:0.8684 | Test Spe:0.7045 | Test F1:0.7805 | Test Recall:0.7805 | Test Precision:0.7805 | Best Test Accuracy: 80.488% | Best Test AUC:0.8289 | Best Test Sensitivity:0.7895 | Best Test Specificity:0.8182 | LR:0.0000516
[2023-08-17 10:06:03][Train.py][L163][INFO]Epoch[33/100] | Train Loss: 0.024 | Train Accuracy: 100.000% | Test Loss: 0.781 | Test Accuracy: 78.049% | Test AUC:0.8002 | Test Sen:0.8158 | Test Spe:0.7500 | Test F1:0.7805 | Test Recall:0.7805 | Test Precision:0.7805 | Best Test Accuracy: 80.488% | Best Test AUC:0.8289 | Best Test Sensitivity:0.7895 | Best Test Specificity:0.8182 | LR:0.0000504
[2023-08-17 10:06:04][Train.py][L163][INFO]Epoch[34/100] | Train Loss: 0.022 | Train Accuracy: 100.000% | Test Loss: 0.850 | Test Accuracy: 75.610% | Test AUC:0.8068 | Test Sen:0.8947 | Test Spe:0.6364 | Test F1:0.7561 | Test Recall:0.7561 | Test Precision:0.7561 | Best Test Accuracy: 80.488% | Best Test AUC:0.8289 | Best Test Sensitivity:0.7895 | Best Test Specificity:0.8182 | LR:0.0000492
[2023-08-17 10:06:04][Train.py][L163][INFO]Epoch[35/100] | Train Loss: 0.022 | Train Accuracy: 100.000% | Test Loss: 0.807 | Test Accuracy: 76.829% | Test AUC:0.7996 | Test Sen:0.8158 | Test Spe:0.7273 | Test F1:0.7683 | Test Recall:0.7683 | Test Precision:0.7683 | Best Test Accuracy: 80.488% | Best Test AUC:0.8289 | Best Test Sensitivity:0.7895 | Best Test Specificity:0.8182 | LR:0.0000480
[2023-08-17 10:06:05][Train.py][L163][INFO]Epoch[36/100] | Train Loss: 0.019 | Train Accuracy: 100.000% | Test Loss: 0.827 | Test Accuracy: 76.829% | Test AUC:0.8026 | Test Sen:0.8421 | Test Spe:0.7045 | Test F1:0.7683 | Test Recall:0.7683 | Test Precision:0.7683 | Best Test Accuracy: 80.488% | Best Test AUC:0.8289 | Best Test Sensitivity:0.7895 | Best Test Specificity:0.8182 | LR:0.0000469
[2023-08-17 10:06:06][Train.py][L163][INFO]Epoch[37/100] | Train Loss: 0.018 | Train Accuracy: 100.000% | Test Loss: 0.820 | Test Accuracy: 78.049% | Test AUC:0.7984 | Test Sen:0.8158 | Test Spe:0.7500 | Test F1:0.7805 | Test Recall:0.7805 | Test Precision:0.7805 | Best Test Accuracy: 80.488% | Best Test AUC:0.8289 | Best Test Sensitivity:0.7895 | Best Test Specificity:0.8182 | LR:0.0000457
[2023-08-17 10:06:07][Train.py][L163][INFO]Epoch[38/100] | Train Loss: 0.017 | Train Accuracy: 100.000% | Test Loss: 0.837 | Test Accuracy: 78.049% | Test AUC:0.7967 | Test Sen:0.8421 | Test Spe:0.7273 | Test F1:0.7805 | Test Recall:0.7805 | Test Precision:0.7805 | Best Test Accuracy: 80.488% | Best Test AUC:0.8289 | Best Test Sensitivity:0.7895 | Best Test Specificity:0.8182 | LR:0.0000446
[2023-08-17 10:06:07][Train.py][L163][INFO]Epoch[39/100] | Train Loss: 0.016 | Train Accuracy: 100.000% | Test Loss: 0.836 | Test Accuracy: 78.049% | Test AUC:0.7961 | Test Sen:0.8158 | Test Spe:0.7500 | Test F1:0.7805 | Test Recall:0.7805 | Test Precision:0.7805 | Best Test Accuracy: 80.488% | Best Test AUC:0.8289 | Best Test Sensitivity:0.7895 | Best Test Specificity:0.8182 | LR:0.0000435
[2023-08-17 10:06:08][Train.py][L163][INFO]Epoch[40/100] | Train Loss: 0.015 | Train Accuracy: 100.000% | Test Loss: 0.840 | Test Accuracy: 78.049% | Test AUC:0.7967 | Test Sen:0.8158 | Test Spe:0.7500 | Test F1:0.7805 | Test Recall:0.7805 | Test Precision:0.7805 | Best Test Accuracy: 80.488% | Best Test AUC:0.8289 | Best Test Sensitivity:0.7895 | Best Test Specificity:0.8182 | LR:0.0000424
[2023-08-17 10:06:09][Train.py][L163][INFO]Epoch[41/100] | Train Loss: 0.014 | Train Accuracy: 100.000% | Test Loss: 0.865 | Test Accuracy: 78.049% | Test AUC:0.7990 | Test Sen:0.8421 | Test Spe:0.7273 | Test F1:0.7805 | Test Recall:0.7805 | Test Precision:0.7805 | Best Test Accuracy: 80.488% | Best Test AUC:0.8289 | Best Test Sensitivity:0.7895 | Best Test Specificity:0.8182 | LR:0.0000413
[2023-08-17 10:06:09][Train.py][L163][INFO]Epoch[42/100] | Train Loss: 0.013 | Train Accuracy: 100.000% | Test Loss: 0.876 | Test Accuracy: 76.829% | Test AUC:0.7978 | Test Sen:0.8158 | Test Spe:0.7273 | Test F1:0.7683 | Test Recall:0.7683 | Test Precision:0.7683 | Best Test Accuracy: 80.488% | Best Test AUC:0.8289 | Best Test Sensitivity:0.7895 | Best Test Specificity:0.8182 | LR:0.0000403
[2023-08-17 10:06:10][Train.py][L163][INFO]Epoch[43/100] | Train Loss: 0.013 | Train Accuracy: 100.000% | Test Loss: 0.866 | Test Accuracy: 75.610% | Test AUC:0.7925 | Test Sen:0.7632 | Test Spe:0.7500 | Test F1:0.7561 | Test Recall:0.7561 | Test Precision:0.7561 | Best Test Accuracy: 80.488% | Best Test AUC:0.8289 | Best Test Sensitivity:0.7895 | Best Test Specificity:0.8182 | LR:0.0000392
[2023-08-17 10:06:11][Train.py][L163][INFO]Epoch[44/100] | Train Loss: 0.012 | Train Accuracy: 100.000% | Test Loss: 0.897 | Test Accuracy: 76.829% | Test AUC:0.7978 | Test Sen:0.8421 | Test Spe:0.7045 | Test F1:0.7683 | Test Recall:0.7683 | Test Precision:0.7683 | Best Test Accuracy: 80.488% | Best Test AUC:0.8289 | Best Test Sensitivity:0.7895 | Best Test Specificity:0.8182 | LR:0.0000382
[2023-08-17 10:06:11][Train.py][L163][INFO]Epoch[45/100] | Train Loss: 0.011 | Train Accuracy: 100.000% | Test Loss: 0.896 | Test Accuracy: 78.049% | Test AUC:0.7967 | Test Sen:0.8158 | Test Spe:0.7500 | Test F1:0.7805 | Test Recall:0.7805 | Test Precision:0.7805 | Best Test Accuracy: 80.488% | Best Test AUC:0.8289 | Best Test Sensitivity:0.7895 | Best Test Specificity:0.8182 | LR:0.0000372
[2023-08-17 10:06:12][Train.py][L163][INFO]Epoch[46/100] | Train Loss: 0.011 | Train Accuracy: 100.000% | Test Loss: 0.923 | Test Accuracy: 75.610% | Test AUC:0.7961 | Test Sen:0.8684 | Test Spe:0.6591 | Test F1:0.7561 | Test Recall:0.7561 | Test Precision:0.7561 | Best Test Accuracy: 80.488% | Best Test AUC:0.8289 | Best Test Sensitivity:0.7895 | Best Test Specificity:0.8182 | LR:0.0000362
[2023-08-17 10:06:13][Train.py][L163][INFO]Epoch[47/100] | Train Loss: 0.010 | Train Accuracy: 100.000% | Test Loss: 0.907 | Test Accuracy: 78.049% | Test AUC:0.7949 | Test Sen:0.8158 | Test Spe:0.7500 | Test F1:0.7805 | Test Recall:0.7805 | Test Precision:0.7805 | Best Test Accuracy: 80.488% | Best Test AUC:0.8289 | Best Test Sensitivity:0.7895 | Best Test Specificity:0.8182 | LR:0.0000353
[2023-08-17 10:06:13][Train.py][L163][INFO]Epoch[48/100] | Train Loss: 0.010 | Train Accuracy: 100.000% | Test Loss: 0.934 | Test Accuracy: 75.610% | Test AUC:0.7972 | Test Sen:0.8684 | Test Spe:0.6591 | Test F1:0.7561 | Test Recall:0.7561 | Test Precision:0.7561 | Best Test Accuracy: 80.488% | Best Test AUC:0.8289 | Best Test Sensitivity:0.7895 | Best Test Specificity:0.8182 | LR:0.0000343
[2023-08-17 10:06:14][Train.py][L163][INFO]Epoch[49/100] | Train Loss: 0.009 | Train Accuracy: 100.000% | Test Loss: 0.924 | Test Accuracy: 76.829% | Test AUC:0.7949 | Test Sen:0.8158 | Test Spe:0.7273 | Test F1:0.7683 | Test Recall:0.7683 | Test Precision:0.7683 | Best Test Accuracy: 80.488% | Best Test AUC:0.8289 | Best Test Sensitivity:0.7895 | Best Test Specificity:0.8182 | LR:0.0000334
[2023-08-17 10:06:15][Train.py][L163][INFO]Epoch[50/100] | Train Loss: 0.009 | Train Accuracy: 100.000% | Test Loss: 0.927 | Test Accuracy: 76.829% | Test AUC:0.7931 | Test Sen:0.8158 | Test Spe:0.7273 | Test F1:0.7683 | Test Recall:0.7683 | Test Precision:0.7683 | Best Test Accuracy: 80.488% | Best Test AUC:0.8289 | Best Test Sensitivity:0.7895 | Best Test Specificity:0.8182 | LR:0.0000325
[2023-08-17 10:06:16][Train.py][L163][INFO]Epoch[51/100] | Train Loss: 0.009 | Train Accuracy: 100.000% | Test Loss: 0.944 | Test Accuracy: 75.610% | Test AUC:0.7955 | Test Sen:0.8421 | Test Spe:0.6818 | Test F1:0.7561 | Test Recall:0.7561 | Test Precision:0.7561 | Best Test Accuracy: 80.488% | Best Test AUC:0.8289 | Best Test Sensitivity:0.7895 | Best Test Specificity:0.8182 | LR:0.0000316
[2023-08-17 10:06:16][Train.py][L163][INFO]Epoch[52/100] | Train Loss: 0.008 | Train Accuracy: 100.000% | Test Loss: 0.935 | Test Accuracy: 78.049% | Test AUC:0.7925 | Test Sen:0.8158 | Test Spe:0.7500 | Test F1:0.7805 | Test Recall:0.7805 | Test Precision:0.7805 | Best Test Accuracy: 80.488% | Best Test AUC:0.8289 | Best Test Sensitivity:0.7895 | Best Test Specificity:0.8182 | LR:0.0000307
[2023-08-17 10:06:17][Train.py][L163][INFO]Epoch[53/100] | Train Loss: 0.008 | Train Accuracy: 100.000% | Test Loss: 0.953 | Test Accuracy: 75.610% | Test AUC:0.7937 | Test Sen:0.8158 | Test Spe:0.7045 | Test F1:0.7561 | Test Recall:0.7561 | Test Precision:0.7561 | Best Test Accuracy: 80.488% | Best Test AUC:0.8289 | Best Test Sensitivity:0.7895 | Best Test Specificity:0.8182 | LR:0.0000299
[2023-08-17 10:06:18][Train.py][L163][INFO]Epoch[54/100] | Train Loss: 0.008 | Train Accuracy: 100.000% | Test Loss: 0.961 | Test Accuracy: 76.829% | Test AUC:0.7943 | Test Sen:0.8421 | Test Spe:0.7045 | Test F1:0.7683 | Test Recall:0.7683 | Test Precision:0.7683 | Best Test Accuracy: 80.488% | Best Test AUC:0.8289 | Best Test Sensitivity:0.7895 | Best Test Specificity:0.8182 | LR:0.0000290
[2023-08-17 10:06:18][Train.py][L163][INFO]Epoch[55/100] | Train Loss: 0.007 | Train Accuracy: 100.000% | Test Loss: 0.953 | Test Accuracy: 78.049% | Test AUC:0.7907 | Test Sen:0.8158 | Test Spe:0.7500 | Test F1:0.7805 | Test Recall:0.7805 | Test Precision:0.7805 | Best Test Accuracy: 80.488% | Best Test AUC:0.8289 | Best Test Sensitivity:0.7895 | Best Test Specificity:0.8182 | LR:0.0000282
[2023-08-17 10:06:19][Train.py][L163][INFO]Epoch[56/100] | Train Loss: 0.007 | Train Accuracy: 100.000% | Test Loss: 0.955 | Test Accuracy: 76.829% | Test AUC:0.7907 | Test Sen:0.7895 | Test Spe:0.7500 | Test F1:0.7683 | Test Recall:0.7683 | Test Precision:0.7683 | Best Test Accuracy: 80.488% | Best Test AUC:0.8289 | Best Test Sensitivity:0.7895 | Best Test Specificity:0.8182 | LR:0.0000274
[2023-08-17 10:06:20][Train.py][L163][INFO]Epoch[57/100] | Train Loss: 0.007 | Train Accuracy: 100.000% | Test Loss: 0.962 | Test Accuracy: 78.049% | Test AUC:0.7907 | Test Sen:0.8158 | Test Spe:0.7500 | Test F1:0.7805 | Test Recall:0.7805 | Test Precision:0.7805 | Best Test Accuracy: 80.488% | Best Test AUC:0.8289 | Best Test Sensitivity:0.7895 | Best Test Specificity:0.8182 | LR:0.0000266
[2023-08-17 10:06:20][Train.py][L163][INFO]Epoch[58/100] | Train Loss: 0.007 | Train Accuracy: 100.000% | Test Loss: 0.985 | Test Accuracy: 76.829% | Test AUC:0.7925 | Test Sen:0.8421 | Test Spe:0.7045 | Test F1:0.7683 | Test Recall:0.7683 | Test Precision:0.7683 | Best Test Accuracy: 80.488% | Best Test AUC:0.8289 | Best Test Sensitivity:0.7895 | Best Test Specificity:0.8182 | LR:0.0000259
[2023-08-17 10:06:21][Train.py][L163][INFO]Epoch[59/100] | Train Loss: 0.006 | Train Accuracy: 100.000% | Test Loss: 0.978 | Test Accuracy: 76.829% | Test AUC:0.7919 | Test Sen:0.8158 | Test Spe:0.7273 | Test F1:0.7683 | Test Recall:0.7683 | Test Precision:0.7683 | Best Test Accuracy: 80.488% | Best Test AUC:0.8289 | Best Test Sensitivity:0.7895 | Best Test Specificity:0.8182 | LR:0.0000251
[2023-08-17 10:06:22][Train.py][L163][INFO]Epoch[60/100] | Train Loss: 0.006 | Train Accuracy: 100.000% | Test Loss: 0.984 | Test Accuracy: 76.829% | Test AUC:0.7919 | Test Sen:0.8158 | Test Spe:0.7273 | Test F1:0.7683 | Test Recall:0.7683 | Test Precision:0.7683 | Best Test Accuracy: 80.488% | Best Test AUC:0.8289 | Best Test Sensitivity:0.7895 | Best Test Specificity:0.8182 | LR:0.0000244
[2023-08-17 10:06:22][Train.py][L163][INFO]Epoch[61/100] | Train Loss: 0.006 | Train Accuracy: 100.000% | Test Loss: 0.988 | Test Accuracy: 76.829% | Test AUC:0.7925 | Test Sen:0.8158 | Test Spe:0.7273 | Test F1:0.7683 | Test Recall:0.7683 | Test Precision:0.7683 | Best Test Accuracy: 80.488% | Best Test AUC:0.8289 | Best Test Sensitivity:0.7895 | Best Test Specificity:0.8182 | LR:0.0000237
[2023-08-17 10:06:23][Train.py][L163][INFO]Epoch[62/100] | Train Loss: 0.006 | Train Accuracy: 100.000% | Test Loss: 0.998 | Test Accuracy: 76.829% | Test AUC:0.7919 | Test Sen:0.8421 | Test Spe:0.7045 | Test F1:0.7683 | Test Recall:0.7683 | Test Precision:0.7683 | Best Test Accuracy: 80.488% | Best Test AUC:0.8289 | Best Test Sensitivity:0.7895 | Best Test Specificity:0.8182 | LR:0.0000230
[2023-08-17 10:06:24][Train.py][L163][INFO]Epoch[63/100] | Train Loss: 0.006 | Train Accuracy: 100.000% | Test Loss: 1.004 | Test Accuracy: 76.829% | Test AUC:0.7919 | Test Sen:0.8421 | Test Spe:0.7045 | Test F1:0.7683 | Test Recall:0.7683 | Test Precision:0.7683 | Best Test Accuracy: 80.488% | Best Test AUC:0.8289 | Best Test Sensitivity:0.7895 | Best Test Specificity:0.8182 | LR:0.0000223
[2023-08-17 10:06:25][Train.py][L163][INFO]Epoch[64/100] | Train Loss: 0.006 | Train Accuracy: 100.000% | Test Loss: 0.999 | Test Accuracy: 76.829% | Test AUC:0.7919 | Test Sen:0.8158 | Test Spe:0.7273 | Test F1:0.7683 | Test Recall:0.7683 | Test Precision:0.7683 | Best Test Accuracy: 80.488% | Best Test AUC:0.8289 | Best Test Sensitivity:0.7895 | Best Test Specificity:0.8182 | LR:0.0000217
[2023-08-17 10:06:25][Train.py][L163][INFO]Epoch[65/100] | Train Loss: 0.005 | Train Accuracy: 100.000% | Test Loss: 1.009 | Test Accuracy: 76.829% | Test AUC:0.7913 | Test Sen:0.8421 | Test Spe:0.7045 | Test F1:0.7683 | Test Recall:0.7683 | Test Precision:0.7683 | Best Test Accuracy: 80.488% | Best Test AUC:0.8289 | Best Test Sensitivity:0.7895 | Best Test Specificity:0.8182 | LR:0.0000210
[2023-08-17 10:06:26][Train.py][L163][INFO]Epoch[66/100] | Train Loss: 0.005 | Train Accuracy: 100.000% | Test Loss: 1.014 | Test Accuracy: 76.829% | Test AUC:0.7907 | Test Sen:0.8421 | Test Spe:0.7045 | Test F1:0.7683 | Test Recall:0.7683 | Test Precision:0.7683 | Best Test Accuracy: 80.488% | Best Test AUC:0.8289 | Best Test Sensitivity:0.7895 | Best Test Specificity:0.8182 | LR:0.0000204
[2023-08-17 10:06:27][Train.py][L163][INFO]Epoch[67/100] | Train Loss: 0.005 | Train Accuracy: 100.000% | Test Loss: 1.030 | Test Accuracy: 75.610% | Test AUC:0.7925 | Test Sen:0.8421 | Test Spe:0.6818 | Test F1:0.7561 | Test Recall:0.7561 | Test Precision:0.7561 | Best Test Accuracy: 80.488% | Best Test AUC:0.8289 | Best Test Sensitivity:0.7895 | Best Test Specificity:0.8182 | LR:0.0000198
[2023-08-17 10:06:27][Train.py][L163][INFO]Epoch[68/100] | Train Loss: 0.005 | Train Accuracy: 100.000% | Test Loss: 1.025 | Test Accuracy: 76.829% | Test AUC:0.7907 | Test Sen:0.8421 | Test Spe:0.7045 | Test F1:0.7683 | Test Recall:0.7683 | Test Precision:0.7683 | Best Test Accuracy: 80.488% | Best Test AUC:0.8289 | Best Test Sensitivity:0.7895 | Best Test Specificity:0.8182 | LR:0.0000192
[2023-08-17 10:06:28][Train.py][L163][INFO]Epoch[69/100] | Train Loss: 0.005 | Train Accuracy: 100.000% | Test Loss: 1.011 | Test Accuracy: 76.829% | Test AUC:0.7907 | Test Sen:0.7895 | Test Spe:0.7500 | Test F1:0.7683 | Test Recall:0.7683 | Test Precision:0.7683 | Best Test Accuracy: 80.488% | Best Test AUC:0.8289 | Best Test Sensitivity:0.7895 | Best Test Specificity:0.8182 | LR:0.0000186
[2023-08-17 10:06:29][Train.py][L163][INFO]Epoch[70/100] | Train Loss: 0.005 | Train Accuracy: 100.000% | Test Loss: 1.014 | Test Accuracy: 76.829% | Test AUC:0.7895 | Test Sen:0.7895 | Test Spe:0.7500 | Test F1:0.7683 | Test Recall:0.7683 | Test Precision:0.7683 | Best Test Accuracy: 80.488% | Best Test AUC:0.8289 | Best Test Sensitivity:0.7895 | Best Test Specificity:0.8182 | LR:0.0000181
[2023-08-17 10:06:29][Train.py][L163][INFO]Epoch[71/100] | Train Loss: 0.005 | Train Accuracy: 100.000% | Test Loss: 1.029 | Test Accuracy: 75.610% | Test AUC:0.7895 | Test Sen:0.8158 | Test Spe:0.7045 | Test F1:0.7561 | Test Recall:0.7561 | Test Precision:0.7561 | Best Test Accuracy: 80.488% | Best Test AUC:0.8289 | Best Test Sensitivity:0.7895 | Best Test Specificity:0.8182 | LR:0.0000176
[2023-08-17 10:06:30][Train.py][L163][INFO]Epoch[72/100] | Train Loss: 0.005 | Train Accuracy: 100.000% | Test Loss: 1.042 | Test Accuracy: 76.829% | Test AUC:0.7907 | Test Sen:0.8421 | Test Spe:0.7045 | Test F1:0.7683 | Test Recall:0.7683 | Test Precision:0.7683 | Best Test Accuracy: 80.488% | Best Test AUC:0.8289 | Best Test Sensitivity:0.7895 | Best Test Specificity:0.8182 | LR:0.0000171
[2023-08-17 10:06:31][Train.py][L163][INFO]Epoch[73/100] | Train Loss: 0.005 | Train Accuracy: 100.000% | Test Loss: 1.049 | Test Accuracy: 75.610% | Test AUC:0.7901 | Test Sen:0.8421 | Test Spe:0.6818 | Test F1:0.7561 | Test Recall:0.7561 | Test Precision:0.7561 | Best Test Accuracy: 80.488% | Best Test AUC:0.8289 | Best Test Sensitivity:0.7895 | Best Test Specificity:0.8182 | LR:0.0000166
[2023-08-17 10:06:31][Train.py][L163][INFO]Epoch[74/100] | Train Loss: 0.004 | Train Accuracy: 100.000% | Test Loss: 1.039 | Test Accuracy: 76.829% | Test AUC:0.7901 | Test Sen:0.8158 | Test Spe:0.7273 | Test F1:0.7683 | Test Recall:0.7683 | Test Precision:0.7683 | Best Test Accuracy: 80.488% | Best Test AUC:0.8289 | Best Test Sensitivity:0.7895 | Best Test Specificity:0.8182 | LR:0.0000161
[2023-08-17 10:06:32][Train.py][L163][INFO]Epoch[75/100] | Train Loss: 0.004 | Train Accuracy: 100.000% | Test Loss: 1.043 | Test Accuracy: 74.390% | Test AUC:0.7895 | Test Sen:0.7895 | Test Spe:0.7045 | Test F1:0.7439 | Test Recall:0.7439 | Test Precision:0.7439 | Best Test Accuracy: 80.488% | Best Test AUC:0.8289 | Best Test Sensitivity:0.7895 | Best Test Specificity:0.8182 | LR:0.0000156
[2023-08-17 10:06:33][Train.py][L163][INFO]Epoch[76/100] | Train Loss: 0.004 | Train Accuracy: 100.000% | Test Loss: 1.048 | Test Accuracy: 75.610% | Test AUC:0.7901 | Test Sen:0.8158 | Test Spe:0.7045 | Test F1:0.7561 | Test Recall:0.7561 | Test Precision:0.7561 | Best Test Accuracy: 80.488% | Best Test AUC:0.8289 | Best Test Sensitivity:0.7895 | Best Test Specificity:0.8182 | LR:0.0000152
[2023-08-17 10:06:33][Train.py][L163][INFO]Epoch[77/100] | Train Loss: 0.004 | Train Accuracy: 100.000% | Test Loss: 1.052 | Test Accuracy: 76.829% | Test AUC:0.7901 | Test Sen:0.8421 | Test Spe:0.7045 | Test F1:0.7683 | Test Recall:0.7683 | Test Precision:0.7683 | Best Test Accuracy: 80.488% | Best Test AUC:0.8289 | Best Test Sensitivity:0.7895 | Best Test Specificity:0.8182 | LR:0.0000148
[2023-08-17 10:06:34][Train.py][L163][INFO]Epoch[78/100] | Train Loss: 0.004 | Train Accuracy: 100.000% | Test Loss: 1.048 | Test Accuracy: 74.390% | Test AUC:0.7889 | Test Sen:0.7895 | Test Spe:0.7045 | Test F1:0.7439 | Test Recall:0.7439 | Test Precision:0.7439 | Best Test Accuracy: 80.488% | Best Test AUC:0.8289 | Best Test Sensitivity:0.7895 | Best Test Specificity:0.8182 | LR:0.0000144
[2023-08-17 10:06:35][Train.py][L163][INFO]Epoch[79/100] | Train Loss: 0.004 | Train Accuracy: 100.000% | Test Loss: 1.056 | Test Accuracy: 76.829% | Test AUC:0.7895 | Test Sen:0.8421 | Test Spe:0.7045 | Test F1:0.7683 | Test Recall:0.7683 | Test Precision:0.7683 | Best Test Accuracy: 80.488% | Best Test AUC:0.8289 | Best Test Sensitivity:0.7895 | Best Test Specificity:0.8182 | LR:0.0000140
[2023-08-17 10:06:36][Train.py][L163][INFO]Epoch[80/100] | Train Loss: 0.004 | Train Accuracy: 100.000% | Test Loss: 1.062 | Test Accuracy: 76.829% | Test AUC:0.7895 | Test Sen:0.8421 | Test Spe:0.7045 | Test F1:0.7683 | Test Recall:0.7683 | Test Precision:0.7683 | Best Test Accuracy: 80.488% | Best Test AUC:0.8289 | Best Test Sensitivity:0.7895 | Best Test Specificity:0.8182 | LR:0.0000136
[2023-08-17 10:06:36][Train.py][L163][INFO]Epoch[81/100] | Train Loss: 0.004 | Train Accuracy: 100.000% | Test Loss: 1.067 | Test Accuracy: 76.829% | Test AUC:0.7889 | Test Sen:0.8421 | Test Spe:0.7045 | Test F1:0.7683 | Test Recall:0.7683 | Test Precision:0.7683 | Best Test Accuracy: 80.488% | Best Test AUC:0.8289 | Best Test Sensitivity:0.7895 | Best Test Specificity:0.8182 | LR:0.0000132
[2023-08-17 10:06:37][Train.py][L163][INFO]Epoch[82/100] | Train Loss: 0.004 | Train Accuracy: 100.000% | Test Loss: 1.069 | Test Accuracy: 76.829% | Test AUC:0.7889 | Test Sen:0.8421 | Test Spe:0.7045 | Test F1:0.7683 | Test Recall:0.7683 | Test Precision:0.7683 | Best Test Accuracy: 80.488% | Best Test AUC:0.8289 | Best Test Sensitivity:0.7895 | Best Test Specificity:0.8182 | LR:0.0000129
[2023-08-17 10:06:38][Train.py][L163][INFO]Epoch[83/100] | Train Loss: 0.004 | Train Accuracy: 100.000% | Test Loss: 1.068 | Test Accuracy: 76.829% | Test AUC:0.7889 | Test Sen:0.8421 | Test Spe:0.7045 | Test F1:0.7683 | Test Recall:0.7683 | Test Precision:0.7683 | Best Test Accuracy: 80.488% | Best Test AUC:0.8289 | Best Test Sensitivity:0.7895 | Best Test Specificity:0.8182 | LR:0.0000126
[2023-08-17 10:06:38][Train.py][L163][INFO]Epoch[84/100] | Train Loss: 0.004 | Train Accuracy: 100.000% | Test Loss: 1.067 | Test Accuracy: 74.390% | Test AUC:0.7889 | Test Sen:0.7895 | Test Spe:0.7045 | Test F1:0.7439 | Test Recall:0.7439 | Test Precision:0.7439 | Best Test Accuracy: 80.488% | Best Test AUC:0.8289 | Best Test Sensitivity:0.7895 | Best Test Specificity:0.8182 | LR:0.0000123
[2023-08-17 10:06:39][Train.py][L163][INFO]Epoch[85/100] | Train Loss: 0.004 | Train Accuracy: 100.000% | Test Loss: 1.072 | Test Accuracy: 75.610% | Test AUC:0.7883 | Test Sen:0.8158 | Test Spe:0.7045 | Test F1:0.7561 | Test Recall:0.7561 | Test Precision:0.7561 | Best Test Accuracy: 80.488% | Best Test AUC:0.8289 | Best Test Sensitivity:0.7895 | Best Test Specificity:0.8182 | LR:0.0000120
[2023-08-17 10:06:40][Train.py][L163][INFO]Epoch[86/100] | Train Loss: 0.004 | Train Accuracy: 100.000% | Test Loss: 1.072 | Test Accuracy: 74.390% | Test AUC:0.7883 | Test Sen:0.7895 | Test Spe:0.7045 | Test F1:0.7439 | Test Recall:0.7439 | Test Precision:0.7439 | Best Test Accuracy: 80.488% | Best Test AUC:0.8289 | Best Test Sensitivity:0.7895 | Best Test Specificity:0.8182 | LR:0.0000118
[2023-08-17 10:06:40][Train.py][L163][INFO]Epoch[87/100] | Train Loss: 0.003 | Train Accuracy: 100.000% | Test Loss: 1.085 | Test Accuracy: 75.610% | Test AUC:0.7907 | Test Sen:0.8421 | Test Spe:0.6818 | Test F1:0.7561 | Test Recall:0.7561 | Test Precision:0.7561 | Best Test Accuracy: 80.488% | Best Test AUC:0.8289 | Best Test Sensitivity:0.7895 | Best Test Specificity:0.8182 | LR:0.0000115
[2023-08-17 10:06:41][Train.py][L163][INFO]Epoch[88/100] | Train Loss: 0.003 | Train Accuracy: 100.000% | Test Loss: 1.082 | Test Accuracy: 76.829% | Test AUC:0.7901 | Test Sen:0.8421 | Test Spe:0.7045 | Test F1:0.7683 | Test Recall:0.7683 | Test Precision:0.7683 | Best Test Accuracy: 80.488% | Best Test AUC:0.8289 | Best Test Sensitivity:0.7895 | Best Test Specificity:0.8182 | LR:0.0000113
[2023-08-17 10:06:42][Train.py][L163][INFO]Epoch[89/100] | Train Loss: 0.003 | Train Accuracy: 100.000% | Test Loss: 1.083 | Test Accuracy: 74.390% | Test AUC:0.7895 | Test Sen:0.7895 | Test Spe:0.7045 | Test F1:0.7439 | Test Recall:0.7439 | Test Precision:0.7439 | Best Test Accuracy: 80.488% | Best Test AUC:0.8289 | Best Test Sensitivity:0.7895 | Best Test Specificity:0.8182 | LR:0.0000111
[2023-08-17 10:06:42][Train.py][L163][INFO]Epoch[90/100] | Train Loss: 0.003 | Train Accuracy: 100.000% | Test Loss: 1.082 | Test Accuracy: 74.390% | Test AUC:0.7889 | Test Sen:0.7895 | Test Spe:0.7045 | Test F1:0.7439 | Test Recall:0.7439 | Test Precision:0.7439 | Best Test Accuracy: 80.488% | Best Test AUC:0.8289 | Best Test Sensitivity:0.7895 | Best Test Specificity:0.8182 | LR:0.0000109
[2023-08-17 10:06:43][Train.py][L163][INFO]Epoch[91/100] | Train Loss: 0.003 | Train Accuracy: 100.000% | Test Loss: 1.095 | Test Accuracy: 75.610% | Test AUC:0.7901 | Test Sen:0.8421 | Test Spe:0.6818 | Test F1:0.7561 | Test Recall:0.7561 | Test Precision:0.7561 | Best Test Accuracy: 80.488% | Best Test AUC:0.8289 | Best Test Sensitivity:0.7895 | Best Test Specificity:0.8182 | LR:0.0000107
[2023-08-17 10:06:44][Train.py][L163][INFO]Epoch[92/100] | Train Loss: 0.003 | Train Accuracy: 100.000% | Test Loss: 1.092 | Test Accuracy: 76.829% | Test AUC:0.7895 | Test Sen:0.8421 | Test Spe:0.7045 | Test F1:0.7683 | Test Recall:0.7683 | Test Precision:0.7683 | Best Test Accuracy: 80.488% | Best Test AUC:0.8289 | Best Test Sensitivity:0.7895 | Best Test Specificity:0.8182 | LR:0.0000106
[2023-08-17 10:06:44][Train.py][L163][INFO]Epoch[93/100] | Train Loss: 0.003 | Train Accuracy: 100.000% | Test Loss: 1.098 | Test Accuracy: 75.610% | Test AUC:0.7901 | Test Sen:0.8421 | Test Spe:0.6818 | Test F1:0.7561 | Test Recall:0.7561 | Test Precision:0.7561 | Best Test Accuracy: 80.488% | Best Test AUC:0.8289 | Best Test Sensitivity:0.7895 | Best Test Specificity:0.8182 | LR:0.0000104
[2023-08-17 10:06:45][Train.py][L163][INFO]Epoch[94/100] | Train Loss: 0.003 | Train Accuracy: 100.000% | Test Loss: 1.100 | Test Accuracy: 76.829% | Test AUC:0.7895 | Test Sen:0.8421 | Test Spe:0.7045 | Test F1:0.7683 | Test Recall:0.7683 | Test Precision:0.7683 | Best Test Accuracy: 80.488% | Best Test AUC:0.8289 | Best Test Sensitivity:0.7895 | Best Test Specificity:0.8182 | LR:0.0000103
[2023-08-17 10:06:46][Train.py][L163][INFO]Epoch[95/100] | Train Loss: 0.003 | Train Accuracy: 100.000% | Test Loss: 1.097 | Test Accuracy: 74.390% | Test AUC:0.7895 | Test Sen:0.7895 | Test Spe:0.7045 | Test F1:0.7439 | Test Recall:0.7439 | Test Precision:0.7439 | Best Test Accuracy: 80.488% | Best Test AUC:0.8289 | Best Test Sensitivity:0.7895 | Best Test Specificity:0.8182 | LR:0.0000102
[2023-08-17 10:06:46][Train.py][L163][INFO]Epoch[96/100] | Train Loss: 0.003 | Train Accuracy: 100.000% | Test Loss: 1.097 | Test Accuracy: 74.390% | Test AUC:0.7889 | Test Sen:0.7895 | Test Spe:0.7045 | Test F1:0.7439 | Test Recall:0.7439 | Test Precision:0.7439 | Best Test Accuracy: 80.488% | Best Test AUC:0.8289 | Best Test Sensitivity:0.7895 | Best Test Specificity:0.8182 | LR:0.0000101
[2023-08-17 10:06:47][Train.py][L163][INFO]Epoch[97/100] | Train Loss: 0.003 | Train Accuracy: 100.000% | Test Loss: 1.112 | Test Accuracy: 75.610% | Test AUC:0.7901 | Test Sen:0.8421 | Test Spe:0.6818 | Test F1:0.7561 | Test Recall:0.7561 | Test Precision:0.7561 | Best Test Accuracy: 80.488% | Best Test AUC:0.8289 | Best Test Sensitivity:0.7895 | Best Test Specificity:0.8182 | LR:0.0000101
[2023-08-17 10:06:48][Train.py][L163][INFO]Epoch[98/100] | Train Loss: 0.003 | Train Accuracy: 100.000% | Test Loss: 1.117 | Test Accuracy: 75.610% | Test AUC:0.7901 | Test Sen:0.8421 | Test Spe:0.6818 | Test F1:0.7561 | Test Recall:0.7561 | Test Precision:0.7561 | Best Test Accuracy: 80.488% | Best Test AUC:0.8289 | Best Test Sensitivity:0.7895 | Best Test Specificity:0.8182 | LR:0.0000100
[2023-08-17 10:06:48][Train.py][L163][INFO]Epoch[99/100] | Train Loss: 0.003 | Train Accuracy: 100.000% | Test Loss: 1.109 | Test Accuracy: 75.610% | Test AUC:0.7889 | Test Sen:0.8158 | Test Spe:0.7045 | Test F1:0.7561 | Test Recall:0.7561 | Test Precision:0.7561 | Best Test Accuracy: 80.488% | Best Test AUC:0.8289 | Best Test Sensitivity:0.7895 | Best Test Specificity:0.8182 | LR:0.0000100
[2023-08-17 10:06:49][Train.py][L163][INFO]Epoch[100/100] | Train Loss: 0.003 | Train Accuracy: 100.000% | Test Loss: 1.103 | Test Accuracy: 74.390% | Test AUC:0.7871 | Test Sen:0.7895 | Test Spe:0.7045 | Test F1:0.7439 | Test Recall:0.7439 | Test Precision:0.7439 | Best Test Accuracy: 80.488% | Best Test AUC:0.8289 | Best Test Sensitivity:0.7895 | Best Test Specificity:0.8182 | LR:0.0000100
