[2023-08-16 22:27:14][__main__.py][L41][INFO]dataset:
  name: fc_large
  batch_size: 16
  train_set: 0.9
  test_set: 0.1
  fc_path: /mnt/ssd1/mehul_data/research/fc_large_data.npy
  node_sz: 400
  node_feature_sz: 400
  num_classes: 2
  perc_edges: 100
  node: fc
model:
  name: GraphSAGE
  num_layers: 2
  hidden_size: 64
  dropout: 0.5
  readout: mean
  edge_percentage: 0.1
optimizer:
- name: Adam
  lr: 0.0001
  match_rule: None
  except_rule: None
  no_weight_decay: false
  weight_decay: 0.0001
  lr_scheduler:
    mode: poly
    base_lr: 0.0001
    target_lr: 1.0e-05
    decay_factor: 0.1
    milestones:
    - 0.3
    - 0.6
    - 0.9
    poly_power: 2.0
    lr_decay: 0.98
    warm_up_from: 0.0
    warm_up_steps: 0
training:
  name: Train
  epochs: 100
  l2: 0.0
log_path: result
repeat_time: 2
device: cuda:0
is_wandb: true
project: asd-graph

[2023-08-16 22:27:14][__init__.py][L15][INFO]cfg.dataset.name: fc_large
[2023-08-16 22:27:22][optimizer.py][L66][INFO]Parameters [normal] length [10]
[2023-08-16 22:27:22][__init__.py][L25][INFO]Training: Train
[2023-08-16 22:27:22][Train.py][L35][INFO]#model params: 1698049
[2023-08-16 22:27:23][Train.py][L163][INFO]Epoch[1/100] | Train Loss: 0.704 | Train Accuracy: 50.137% | Test Loss: 0.682 | Test Accuracy: 56.098% | Test AUC:0.6486 | Test Sen:0.3556 | Test Spe:0.8108 | Test F1:0.5610 | Test Recall:0.5610 | Test Precision:0.5610 | Best Test Accuracy: 56.098% | Best Test AUC:0.6486 | Best Test Sensitivity:0.3556 | Best Test Specificity:0.8108 | LR:0.0000982
[2023-08-16 22:27:25][Train.py][L163][INFO]Epoch[2/100] | Train Loss: 0.646 | Train Accuracy: 61.644% | Test Loss: 0.751 | Test Accuracy: 47.561% | Test AUC:0.6613 | Test Sen:0.0667 | Test Spe:0.9730 | Test F1:0.4756 | Test Recall:0.4756 | Test Precision:0.4756 | Best Test Accuracy: 56.098% | Best Test AUC:0.6486 | Best Test Sensitivity:0.3556 | Best Test Specificity:0.8108 | LR:0.0000964
[2023-08-16 22:27:26][Train.py][L163][INFO]Epoch[3/100] | Train Loss: 0.577 | Train Accuracy: 69.863% | Test Loss: 0.657 | Test Accuracy: 62.195% | Test AUC:0.7135 | Test Sen:0.4667 | Test Spe:0.8108 | Test F1:0.6220 | Test Recall:0.6220 | Test Precision:0.6220 | Best Test Accuracy: 62.195% | Best Test AUC:0.7135 | Best Test Sensitivity:0.4667 | Best Test Specificity:0.8108 | LR:0.0000947
[2023-08-16 22:27:27][Train.py][L163][INFO]Epoch[4/100] | Train Loss: 0.501 | Train Accuracy: 79.315% | Test Loss: 0.688 | Test Accuracy: 63.415% | Test AUC:0.7099 | Test Sen:0.4222 | Test Spe:0.8919 | Test F1:0.6341 | Test Recall:0.6341 | Test Precision:0.6341 | Best Test Accuracy: 63.415% | Best Test AUC:0.7099 | Best Test Sensitivity:0.4222 | Best Test Specificity:0.8919 | LR:0.0000929
[2023-08-16 22:27:29][Train.py][L163][INFO]Epoch[5/100] | Train Loss: 0.435 | Train Accuracy: 82.740% | Test Loss: 0.704 | Test Accuracy: 59.756% | Test AUC:0.7063 | Test Sen:0.3778 | Test Spe:0.8649 | Test F1:0.5976 | Test Recall:0.5976 | Test Precision:0.5976 | Best Test Accuracy: 63.415% | Best Test AUC:0.7099 | Best Test Sensitivity:0.4222 | Best Test Specificity:0.8919 | LR:0.0000912
[2023-08-16 22:27:30][Train.py][L163][INFO]Epoch[6/100] | Train Loss: 0.381 | Train Accuracy: 85.205% | Test Loss: 0.619 | Test Accuracy: 63.415% | Test AUC:0.7273 | Test Sen:0.7556 | Test Spe:0.4865 | Test F1:0.6341 | Test Recall:0.6341 | Test Precision:0.6341 | Best Test Accuracy: 63.415% | Best Test AUC:0.7099 | Best Test Sensitivity:0.4222 | Best Test Specificity:0.8919 | LR:0.0000895
[2023-08-16 22:27:31][Train.py][L163][INFO]Epoch[7/100] | Train Loss: 0.302 | Train Accuracy: 90.274% | Test Loss: 0.685 | Test Accuracy: 65.854% | Test AUC:0.7159 | Test Sen:0.6000 | Test Spe:0.7297 | Test F1:0.6585 | Test Recall:0.6585 | Test Precision:0.6585 | Best Test Accuracy: 65.854% | Best Test AUC:0.7159 | Best Test Sensitivity:0.6000 | Best Test Specificity:0.7297 | LR:0.0000878
[2023-08-16 22:27:33][Train.py][L163][INFO]Epoch[8/100] | Train Loss: 0.256 | Train Accuracy: 92.329% | Test Loss: 0.746 | Test Accuracy: 65.854% | Test AUC:0.7045 | Test Sen:0.5556 | Test Spe:0.7838 | Test F1:0.6585 | Test Recall:0.6585 | Test Precision:0.6585 | Best Test Accuracy: 65.854% | Best Test AUC:0.7159 | Best Test Sensitivity:0.6000 | Best Test Specificity:0.7297 | LR:0.0000862
[2023-08-16 22:27:34][Train.py][L163][INFO]Epoch[9/100] | Train Loss: 0.211 | Train Accuracy: 93.699% | Test Loss: 0.795 | Test Accuracy: 62.195% | Test AUC:0.6943 | Test Sen:0.5111 | Test Spe:0.7568 | Test F1:0.6220 | Test Recall:0.6220 | Test Precision:0.6220 | Best Test Accuracy: 65.854% | Best Test AUC:0.7159 | Best Test Sensitivity:0.6000 | Best Test Specificity:0.7297 | LR:0.0000845
[2023-08-16 22:27:36][Train.py][L163][INFO]Epoch[10/100] | Train Loss: 0.155 | Train Accuracy: 98.356% | Test Loss: 0.884 | Test Accuracy: 63.415% | Test AUC:0.6943 | Test Sen:0.5111 | Test Spe:0.7838 | Test F1:0.6341 | Test Recall:0.6341 | Test Precision:0.6341 | Best Test Accuracy: 65.854% | Best Test AUC:0.7159 | Best Test Sensitivity:0.6000 | Best Test Specificity:0.7297 | LR:0.0000829
[2023-08-16 22:27:37][Train.py][L163][INFO]Epoch[11/100] | Train Loss: 0.123 | Train Accuracy: 98.219% | Test Loss: 0.895 | Test Accuracy: 64.634% | Test AUC:0.6949 | Test Sen:0.5556 | Test Spe:0.7568 | Test F1:0.6463 | Test Recall:0.6463 | Test Precision:0.6463 | Best Test Accuracy: 65.854% | Best Test AUC:0.7159 | Best Test Sensitivity:0.6000 | Best Test Specificity:0.7297 | LR:0.0000813
[2023-08-16 22:27:38][Train.py][L163][INFO]Epoch[12/100] | Train Loss: 0.093 | Train Accuracy: 99.726% | Test Loss: 0.931 | Test Accuracy: 65.854% | Test AUC:0.6943 | Test Sen:0.5778 | Test Spe:0.7568 | Test F1:0.6585 | Test Recall:0.6585 | Test Precision:0.6585 | Best Test Accuracy: 65.854% | Best Test AUC:0.7159 | Best Test Sensitivity:0.6000 | Best Test Specificity:0.7297 | LR:0.0000797
[2023-08-16 22:27:40][Train.py][L163][INFO]Epoch[13/100] | Train Loss: 0.073 | Train Accuracy: 100.000% | Test Loss: 1.150 | Test Accuracy: 62.195% | Test AUC:0.6937 | Test Sen:0.4667 | Test Spe:0.8108 | Test F1:0.6220 | Test Recall:0.6220 | Test Precision:0.6220 | Best Test Accuracy: 65.854% | Best Test AUC:0.7159 | Best Test Sensitivity:0.6000 | Best Test Specificity:0.7297 | LR:0.0000781
[2023-08-16 22:27:41][Train.py][L163][INFO]Epoch[14/100] | Train Loss: 0.057 | Train Accuracy: 100.000% | Test Loss: 1.109 | Test Accuracy: 63.415% | Test AUC:0.6901 | Test Sen:0.5333 | Test Spe:0.7568 | Test F1:0.6341 | Test Recall:0.6341 | Test Precision:0.6341 | Best Test Accuracy: 65.854% | Best Test AUC:0.7159 | Best Test Sensitivity:0.6000 | Best Test Specificity:0.7297 | LR:0.0000766
[2023-08-16 22:27:42][Train.py][L163][INFO]Epoch[15/100] | Train Loss: 0.045 | Train Accuracy: 100.000% | Test Loss: 1.108 | Test Accuracy: 65.854% | Test AUC:0.6937 | Test Sen:0.5778 | Test Spe:0.7568 | Test F1:0.6585 | Test Recall:0.6585 | Test Precision:0.6585 | Best Test Accuracy: 65.854% | Best Test AUC:0.7159 | Best Test Sensitivity:0.6000 | Best Test Specificity:0.7297 | LR:0.0000750
[2023-08-16 22:27:44][Train.py][L163][INFO]Epoch[16/100] | Train Loss: 0.037 | Train Accuracy: 100.000% | Test Loss: 1.192 | Test Accuracy: 63.415% | Test AUC:0.6895 | Test Sen:0.5333 | Test Spe:0.7568 | Test F1:0.6341 | Test Recall:0.6341 | Test Precision:0.6341 | Best Test Accuracy: 65.854% | Best Test AUC:0.7159 | Best Test Sensitivity:0.6000 | Best Test Specificity:0.7297 | LR:0.0000735
[2023-08-16 22:27:45][Train.py][L163][INFO]Epoch[17/100] | Train Loss: 0.029 | Train Accuracy: 100.000% | Test Loss: 1.240 | Test Accuracy: 64.634% | Test AUC:0.6937 | Test Sen:0.5556 | Test Spe:0.7568 | Test F1:0.6463 | Test Recall:0.6463 | Test Precision:0.6463 | Best Test Accuracy: 65.854% | Best Test AUC:0.7159 | Best Test Sensitivity:0.6000 | Best Test Specificity:0.7297 | LR:0.0000720
[2023-08-16 22:27:46][Train.py][L163][INFO]Epoch[18/100] | Train Loss: 0.024 | Train Accuracy: 100.000% | Test Loss: 1.251 | Test Accuracy: 65.854% | Test AUC:0.6889 | Test Sen:0.5778 | Test Spe:0.7568 | Test F1:0.6585 | Test Recall:0.6585 | Test Precision:0.6585 | Best Test Accuracy: 65.854% | Best Test AUC:0.7159 | Best Test Sensitivity:0.6000 | Best Test Specificity:0.7297 | LR:0.0000705
[2023-08-16 22:27:48][Train.py][L163][INFO]Epoch[19/100] | Train Loss: 0.020 | Train Accuracy: 100.000% | Test Loss: 1.296 | Test Accuracy: 65.854% | Test AUC:0.6871 | Test Sen:0.5778 | Test Spe:0.7568 | Test F1:0.6585 | Test Recall:0.6585 | Test Precision:0.6585 | Best Test Accuracy: 65.854% | Best Test AUC:0.7159 | Best Test Sensitivity:0.6000 | Best Test Specificity:0.7297 | LR:0.0000690
[2023-08-16 22:27:49][Train.py][L163][INFO]Epoch[20/100] | Train Loss: 0.018 | Train Accuracy: 100.000% | Test Loss: 1.298 | Test Accuracy: 65.854% | Test AUC:0.6907 | Test Sen:0.5778 | Test Spe:0.7568 | Test F1:0.6585 | Test Recall:0.6585 | Test Precision:0.6585 | Best Test Accuracy: 65.854% | Best Test AUC:0.7159 | Best Test Sensitivity:0.6000 | Best Test Specificity:0.7297 | LR:0.0000676
[2023-08-16 22:27:50][Train.py][L163][INFO]Epoch[21/100] | Train Loss: 0.015 | Train Accuracy: 100.000% | Test Loss: 1.333 | Test Accuracy: 65.854% | Test AUC:0.6901 | Test Sen:0.6000 | Test Spe:0.7297 | Test F1:0.6585 | Test Recall:0.6585 | Test Precision:0.6585 | Best Test Accuracy: 65.854% | Best Test AUC:0.7159 | Best Test Sensitivity:0.6000 | Best Test Specificity:0.7297 | LR:0.0000662
[2023-08-16 22:27:52][Train.py][L163][INFO]Epoch[22/100] | Train Loss: 0.013 | Train Accuracy: 100.000% | Test Loss: 1.401 | Test Accuracy: 65.854% | Test AUC:0.6877 | Test Sen:0.5778 | Test Spe:0.7568 | Test F1:0.6585 | Test Recall:0.6585 | Test Precision:0.6585 | Best Test Accuracy: 65.854% | Best Test AUC:0.7159 | Best Test Sensitivity:0.6000 | Best Test Specificity:0.7297 | LR:0.0000648
[2023-08-16 22:27:53][Train.py][L163][INFO]Epoch[23/100] | Train Loss: 0.012 | Train Accuracy: 100.000% | Test Loss: 1.415 | Test Accuracy: 67.073% | Test AUC:0.6841 | Test Sen:0.6000 | Test Spe:0.7568 | Test F1:0.6707 | Test Recall:0.6707 | Test Precision:0.6707 | Best Test Accuracy: 67.073% | Best Test AUC:0.6841 | Best Test Sensitivity:0.6000 | Best Test Specificity:0.7568 | LR:0.0000634
[2023-08-16 22:27:55][Train.py][L163][INFO]Epoch[24/100] | Train Loss: 0.010 | Train Accuracy: 100.000% | Test Loss: 1.414 | Test Accuracy: 65.854% | Test AUC:0.6871 | Test Sen:0.6000 | Test Spe:0.7297 | Test F1:0.6585 | Test Recall:0.6585 | Test Precision:0.6585 | Best Test Accuracy: 67.073% | Best Test AUC:0.6841 | Best Test Sensitivity:0.6000 | Best Test Specificity:0.7568 | LR:0.0000620
[2023-08-16 22:27:56][Train.py][L163][INFO]Epoch[25/100] | Train Loss: 0.009 | Train Accuracy: 100.000% | Test Loss: 1.511 | Test Accuracy: 67.073% | Test AUC:0.6859 | Test Sen:0.6000 | Test Spe:0.7568 | Test F1:0.6707 | Test Recall:0.6707 | Test Precision:0.6707 | Best Test Accuracy: 67.073% | Best Test AUC:0.6841 | Best Test Sensitivity:0.6000 | Best Test Specificity:0.7568 | LR:0.0000606
[2023-08-16 22:27:57][Train.py][L163][INFO]Epoch[26/100] | Train Loss: 0.008 | Train Accuracy: 100.000% | Test Loss: 1.518 | Test Accuracy: 67.073% | Test AUC:0.6865 | Test Sen:0.6000 | Test Spe:0.7568 | Test F1:0.6707 | Test Recall:0.6707 | Test Precision:0.6707 | Best Test Accuracy: 67.073% | Best Test AUC:0.6841 | Best Test Sensitivity:0.6000 | Best Test Specificity:0.7568 | LR:0.0000593
[2023-08-16 22:27:59][Train.py][L163][INFO]Epoch[27/100] | Train Loss: 0.007 | Train Accuracy: 100.000% | Test Loss: 1.540 | Test Accuracy: 67.073% | Test AUC:0.6871 | Test Sen:0.6000 | Test Spe:0.7568 | Test F1:0.6707 | Test Recall:0.6707 | Test Precision:0.6707 | Best Test Accuracy: 67.073% | Best Test AUC:0.6841 | Best Test Sensitivity:0.6000 | Best Test Specificity:0.7568 | LR:0.0000580
[2023-08-16 22:28:00][Train.py][L163][INFO]Epoch[28/100] | Train Loss: 0.007 | Train Accuracy: 100.000% | Test Loss: 1.529 | Test Accuracy: 65.854% | Test AUC:0.6871 | Test Sen:0.6000 | Test Spe:0.7297 | Test F1:0.6585 | Test Recall:0.6585 | Test Precision:0.6585 | Best Test Accuracy: 67.073% | Best Test AUC:0.6841 | Best Test Sensitivity:0.6000 | Best Test Specificity:0.7568 | LR:0.0000567
[2023-08-16 22:28:01][Train.py][L163][INFO]Epoch[29/100] | Train Loss: 0.006 | Train Accuracy: 100.000% | Test Loss: 1.568 | Test Accuracy: 65.854% | Test AUC:0.6871 | Test Sen:0.6000 | Test Spe:0.7297 | Test F1:0.6585 | Test Recall:0.6585 | Test Precision:0.6585 | Best Test Accuracy: 67.073% | Best Test AUC:0.6841 | Best Test Sensitivity:0.6000 | Best Test Specificity:0.7568 | LR:0.0000554
[2023-08-16 22:28:03][Train.py][L163][INFO]Epoch[30/100] | Train Loss: 0.006 | Train Accuracy: 100.000% | Test Loss: 1.569 | Test Accuracy: 65.854% | Test AUC:0.6841 | Test Sen:0.6000 | Test Spe:0.7297 | Test F1:0.6585 | Test Recall:0.6585 | Test Precision:0.6585 | Best Test Accuracy: 67.073% | Best Test AUC:0.6841 | Best Test Sensitivity:0.6000 | Best Test Specificity:0.7568 | LR:0.0000541
[2023-08-16 22:28:04][Train.py][L163][INFO]Epoch[31/100] | Train Loss: 0.005 | Train Accuracy: 100.000% | Test Loss: 1.616 | Test Accuracy: 65.854% | Test AUC:0.6859 | Test Sen:0.5778 | Test Spe:0.7568 | Test F1:0.6585 | Test Recall:0.6585 | Test Precision:0.6585 | Best Test Accuracy: 67.073% | Best Test AUC:0.6841 | Best Test Sensitivity:0.6000 | Best Test Specificity:0.7568 | LR:0.0000528
[2023-08-16 22:28:05][Train.py][L163][INFO]Epoch[32/100] | Train Loss: 0.005 | Train Accuracy: 100.000% | Test Loss: 1.620 | Test Accuracy: 65.854% | Test AUC:0.6865 | Test Sen:0.5778 | Test Spe:0.7568 | Test F1:0.6585 | Test Recall:0.6585 | Test Precision:0.6585 | Best Test Accuracy: 67.073% | Best Test AUC:0.6841 | Best Test Sensitivity:0.6000 | Best Test Specificity:0.7568 | LR:0.0000516
[2023-08-16 22:28:07][Train.py][L163][INFO]Epoch[33/100] | Train Loss: 0.005 | Train Accuracy: 100.000% | Test Loss: 1.667 | Test Accuracy: 64.634% | Test AUC:0.6853 | Test Sen:0.5556 | Test Spe:0.7568 | Test F1:0.6463 | Test Recall:0.6463 | Test Precision:0.6463 | Best Test Accuracy: 67.073% | Best Test AUC:0.6841 | Best Test Sensitivity:0.6000 | Best Test Specificity:0.7568 | LR:0.0000504
[2023-08-16 22:28:08][Train.py][L163][INFO]Epoch[34/100] | Train Loss: 0.004 | Train Accuracy: 100.000% | Test Loss: 1.657 | Test Accuracy: 64.634% | Test AUC:0.6853 | Test Sen:0.5778 | Test Spe:0.7297 | Test F1:0.6463 | Test Recall:0.6463 | Test Precision:0.6463 | Best Test Accuracy: 67.073% | Best Test AUC:0.6841 | Best Test Sensitivity:0.6000 | Best Test Specificity:0.7568 | LR:0.0000492
[2023-08-16 22:28:10][Train.py][L163][INFO]Epoch[35/100] | Train Loss: 0.004 | Train Accuracy: 100.000% | Test Loss: 1.659 | Test Accuracy: 64.634% | Test AUC:0.6841 | Test Sen:0.5778 | Test Spe:0.7297 | Test F1:0.6463 | Test Recall:0.6463 | Test Precision:0.6463 | Best Test Accuracy: 67.073% | Best Test AUC:0.6841 | Best Test Sensitivity:0.6000 | Best Test Specificity:0.7568 | LR:0.0000480
[2023-08-16 22:28:11][Train.py][L163][INFO]Epoch[36/100] | Train Loss: 0.004 | Train Accuracy: 100.000% | Test Loss: 1.680 | Test Accuracy: 64.634% | Test AUC:0.6859 | Test Sen:0.5778 | Test Spe:0.7297 | Test F1:0.6463 | Test Recall:0.6463 | Test Precision:0.6463 | Best Test Accuracy: 67.073% | Best Test AUC:0.6841 | Best Test Sensitivity:0.6000 | Best Test Specificity:0.7568 | LR:0.0000469
[2023-08-16 22:28:12][Train.py][L163][INFO]Epoch[37/100] | Train Loss: 0.004 | Train Accuracy: 100.000% | Test Loss: 1.693 | Test Accuracy: 64.634% | Test AUC:0.6847 | Test Sen:0.5778 | Test Spe:0.7297 | Test F1:0.6463 | Test Recall:0.6463 | Test Precision:0.6463 | Best Test Accuracy: 67.073% | Best Test AUC:0.6841 | Best Test Sensitivity:0.6000 | Best Test Specificity:0.7568 | LR:0.0000457
[2023-08-16 22:28:14][Train.py][L163][INFO]Epoch[38/100] | Train Loss: 0.003 | Train Accuracy: 100.000% | Test Loss: 1.715 | Test Accuracy: 64.634% | Test AUC:0.6835 | Test Sen:0.5778 | Test Spe:0.7297 | Test F1:0.6463 | Test Recall:0.6463 | Test Precision:0.6463 | Best Test Accuracy: 67.073% | Best Test AUC:0.6841 | Best Test Sensitivity:0.6000 | Best Test Specificity:0.7568 | LR:0.0000446
[2023-08-16 22:28:15][Train.py][L163][INFO]Epoch[39/100] | Train Loss: 0.003 | Train Accuracy: 100.000% | Test Loss: 1.743 | Test Accuracy: 65.854% | Test AUC:0.6847 | Test Sen:0.5778 | Test Spe:0.7568 | Test F1:0.6585 | Test Recall:0.6585 | Test Precision:0.6585 | Best Test Accuracy: 67.073% | Best Test AUC:0.6841 | Best Test Sensitivity:0.6000 | Best Test Specificity:0.7568 | LR:0.0000435
[2023-08-16 22:28:16][Train.py][L163][INFO]Epoch[40/100] | Train Loss: 0.003 | Train Accuracy: 100.000% | Test Loss: 1.756 | Test Accuracy: 64.634% | Test AUC:0.6853 | Test Sen:0.5778 | Test Spe:0.7297 | Test F1:0.6463 | Test Recall:0.6463 | Test Precision:0.6463 | Best Test Accuracy: 67.073% | Best Test AUC:0.6841 | Best Test Sensitivity:0.6000 | Best Test Specificity:0.7568 | LR:0.0000424
[2023-08-16 22:28:18][Train.py][L163][INFO]Epoch[41/100] | Train Loss: 0.003 | Train Accuracy: 100.000% | Test Loss: 1.754 | Test Accuracy: 64.634% | Test AUC:0.6859 | Test Sen:0.5778 | Test Spe:0.7297 | Test F1:0.6463 | Test Recall:0.6463 | Test Precision:0.6463 | Best Test Accuracy: 67.073% | Best Test AUC:0.6841 | Best Test Sensitivity:0.6000 | Best Test Specificity:0.7568 | LR:0.0000413
[2023-08-16 22:28:19][Train.py][L163][INFO]Epoch[42/100] | Train Loss: 0.003 | Train Accuracy: 100.000% | Test Loss: 1.755 | Test Accuracy: 64.634% | Test AUC:0.6841 | Test Sen:0.5778 | Test Spe:0.7297 | Test F1:0.6463 | Test Recall:0.6463 | Test Precision:0.6463 | Best Test Accuracy: 67.073% | Best Test AUC:0.6841 | Best Test Sensitivity:0.6000 | Best Test Specificity:0.7568 | LR:0.0000403
[2023-08-16 22:28:21][Train.py][L163][INFO]Epoch[43/100] | Train Loss: 0.003 | Train Accuracy: 100.000% | Test Loss: 1.760 | Test Accuracy: 64.634% | Test AUC:0.6859 | Test Sen:0.5778 | Test Spe:0.7297 | Test F1:0.6463 | Test Recall:0.6463 | Test Precision:0.6463 | Best Test Accuracy: 67.073% | Best Test AUC:0.6841 | Best Test Sensitivity:0.6000 | Best Test Specificity:0.7568 | LR:0.0000392
[2023-08-16 22:28:22][Train.py][L163][INFO]Epoch[44/100] | Train Loss: 0.003 | Train Accuracy: 100.000% | Test Loss: 1.805 | Test Accuracy: 64.634% | Test AUC:0.6865 | Test Sen:0.5778 | Test Spe:0.7297 | Test F1:0.6463 | Test Recall:0.6463 | Test Precision:0.6463 | Best Test Accuracy: 67.073% | Best Test AUC:0.6841 | Best Test Sensitivity:0.6000 | Best Test Specificity:0.7568 | LR:0.0000382
[2023-08-16 22:28:23][Train.py][L163][INFO]Epoch[45/100] | Train Loss: 0.002 | Train Accuracy: 100.000% | Test Loss: 1.799 | Test Accuracy: 64.634% | Test AUC:0.6853 | Test Sen:0.5778 | Test Spe:0.7297 | Test F1:0.6463 | Test Recall:0.6463 | Test Precision:0.6463 | Best Test Accuracy: 67.073% | Best Test AUC:0.6841 | Best Test Sensitivity:0.6000 | Best Test Specificity:0.7568 | LR:0.0000372
[2023-08-16 22:28:25][Train.py][L163][INFO]Epoch[46/100] | Train Loss: 0.002 | Train Accuracy: 100.000% | Test Loss: 1.820 | Test Accuracy: 64.634% | Test AUC:0.6859 | Test Sen:0.5778 | Test Spe:0.7297 | Test F1:0.6463 | Test Recall:0.6463 | Test Precision:0.6463 | Best Test Accuracy: 67.073% | Best Test AUC:0.6841 | Best Test Sensitivity:0.6000 | Best Test Specificity:0.7568 | LR:0.0000362
[2023-08-16 22:28:26][Train.py][L163][INFO]Epoch[47/100] | Train Loss: 0.002 | Train Accuracy: 100.000% | Test Loss: 1.817 | Test Accuracy: 64.634% | Test AUC:0.6847 | Test Sen:0.5778 | Test Spe:0.7297 | Test F1:0.6463 | Test Recall:0.6463 | Test Precision:0.6463 | Best Test Accuracy: 67.073% | Best Test AUC:0.6841 | Best Test Sensitivity:0.6000 | Best Test Specificity:0.7568 | LR:0.0000353
[2023-08-16 22:28:27][Train.py][L163][INFO]Epoch[48/100] | Train Loss: 0.002 | Train Accuracy: 100.000% | Test Loss: 1.850 | Test Accuracy: 64.634% | Test AUC:0.6859 | Test Sen:0.5778 | Test Spe:0.7297 | Test F1:0.6463 | Test Recall:0.6463 | Test Precision:0.6463 | Best Test Accuracy: 67.073% | Best Test AUC:0.6841 | Best Test Sensitivity:0.6000 | Best Test Specificity:0.7568 | LR:0.0000343
[2023-08-16 22:28:29][Train.py][L163][INFO]Epoch[49/100] | Train Loss: 0.002 | Train Accuracy: 100.000% | Test Loss: 1.871 | Test Accuracy: 64.634% | Test AUC:0.6865 | Test Sen:0.5556 | Test Spe:0.7568 | Test F1:0.6463 | Test Recall:0.6463 | Test Precision:0.6463 | Best Test Accuracy: 67.073% | Best Test AUC:0.6841 | Best Test Sensitivity:0.6000 | Best Test Specificity:0.7568 | LR:0.0000334
[2023-08-16 22:28:30][Train.py][L163][INFO]Epoch[50/100] | Train Loss: 0.002 | Train Accuracy: 100.000% | Test Loss: 1.862 | Test Accuracy: 64.634% | Test AUC:0.6871 | Test Sen:0.5778 | Test Spe:0.7297 | Test F1:0.6463 | Test Recall:0.6463 | Test Precision:0.6463 | Best Test Accuracy: 67.073% | Best Test AUC:0.6841 | Best Test Sensitivity:0.6000 | Best Test Specificity:0.7568 | LR:0.0000325
[2023-08-16 22:28:31][Train.py][L163][INFO]Epoch[51/100] | Train Loss: 0.002 | Train Accuracy: 100.000% | Test Loss: 1.878 | Test Accuracy: 64.634% | Test AUC:0.6859 | Test Sen:0.5778 | Test Spe:0.7297 | Test F1:0.6463 | Test Recall:0.6463 | Test Precision:0.6463 | Best Test Accuracy: 67.073% | Best Test AUC:0.6841 | Best Test Sensitivity:0.6000 | Best Test Specificity:0.7568 | LR:0.0000316
[2023-08-16 22:28:33][Train.py][L163][INFO]Epoch[52/100] | Train Loss: 0.002 | Train Accuracy: 100.000% | Test Loss: 1.859 | Test Accuracy: 64.634% | Test AUC:0.6859 | Test Sen:0.5778 | Test Spe:0.7297 | Test F1:0.6463 | Test Recall:0.6463 | Test Precision:0.6463 | Best Test Accuracy: 67.073% | Best Test AUC:0.6841 | Best Test Sensitivity:0.6000 | Best Test Specificity:0.7568 | LR:0.0000307
[2023-08-16 22:28:34][Train.py][L163][INFO]Epoch[53/100] | Train Loss: 0.002 | Train Accuracy: 100.000% | Test Loss: 1.881 | Test Accuracy: 64.634% | Test AUC:0.6871 | Test Sen:0.5778 | Test Spe:0.7297 | Test F1:0.6463 | Test Recall:0.6463 | Test Precision:0.6463 | Best Test Accuracy: 67.073% | Best Test AUC:0.6841 | Best Test Sensitivity:0.6000 | Best Test Specificity:0.7568 | LR:0.0000299
[2023-08-16 22:28:35][Train.py][L163][INFO]Epoch[54/100] | Train Loss: 0.002 | Train Accuracy: 100.000% | Test Loss: 1.890 | Test Accuracy: 64.634% | Test AUC:0.6865 | Test Sen:0.5778 | Test Spe:0.7297 | Test F1:0.6463 | Test Recall:0.6463 | Test Precision:0.6463 | Best Test Accuracy: 67.073% | Best Test AUC:0.6841 | Best Test Sensitivity:0.6000 | Best Test Specificity:0.7568 | LR:0.0000290
[2023-08-16 22:28:37][Train.py][L163][INFO]Epoch[55/100] | Train Loss: 0.002 | Train Accuracy: 100.000% | Test Loss: 1.916 | Test Accuracy: 64.634% | Test AUC:0.6871 | Test Sen:0.5778 | Test Spe:0.7297 | Test F1:0.6463 | Test Recall:0.6463 | Test Precision:0.6463 | Best Test Accuracy: 67.073% | Best Test AUC:0.6841 | Best Test Sensitivity:0.6000 | Best Test Specificity:0.7568 | LR:0.0000282
[2023-08-16 22:28:38][Train.py][L163][INFO]Epoch[56/100] | Train Loss: 0.002 | Train Accuracy: 100.000% | Test Loss: 1.898 | Test Accuracy: 64.634% | Test AUC:0.6877 | Test Sen:0.5778 | Test Spe:0.7297 | Test F1:0.6463 | Test Recall:0.6463 | Test Precision:0.6463 | Best Test Accuracy: 67.073% | Best Test AUC:0.6841 | Best Test Sensitivity:0.6000 | Best Test Specificity:0.7568 | LR:0.0000274
[2023-08-16 22:28:39][Train.py][L163][INFO]Epoch[57/100] | Train Loss: 0.002 | Train Accuracy: 100.000% | Test Loss: 1.931 | Test Accuracy: 64.634% | Test AUC:0.6865 | Test Sen:0.5778 | Test Spe:0.7297 | Test F1:0.6463 | Test Recall:0.6463 | Test Precision:0.6463 | Best Test Accuracy: 67.073% | Best Test AUC:0.6841 | Best Test Sensitivity:0.6000 | Best Test Specificity:0.7568 | LR:0.0000266
[2023-08-16 22:28:41][Train.py][L163][INFO]Epoch[58/100] | Train Loss: 0.002 | Train Accuracy: 100.000% | Test Loss: 1.889 | Test Accuracy: 63.415% | Test AUC:0.6865 | Test Sen:0.5778 | Test Spe:0.7027 | Test F1:0.6341 | Test Recall:0.6341 | Test Precision:0.6341 | Best Test Accuracy: 67.073% | Best Test AUC:0.6841 | Best Test Sensitivity:0.6000 | Best Test Specificity:0.7568 | LR:0.0000259
[2023-08-16 22:28:42][Train.py][L163][INFO]Epoch[59/100] | Train Loss: 0.002 | Train Accuracy: 100.000% | Test Loss: 1.899 | Test Accuracy: 63.415% | Test AUC:0.6859 | Test Sen:0.5778 | Test Spe:0.7027 | Test F1:0.6341 | Test Recall:0.6341 | Test Precision:0.6341 | Best Test Accuracy: 67.073% | Best Test AUC:0.6841 | Best Test Sensitivity:0.6000 | Best Test Specificity:0.7568 | LR:0.0000251
[2023-08-16 22:28:43][Train.py][L163][INFO]Epoch[60/100] | Train Loss: 0.002 | Train Accuracy: 100.000% | Test Loss: 1.935 | Test Accuracy: 64.634% | Test AUC:0.6871 | Test Sen:0.5778 | Test Spe:0.7297 | Test F1:0.6463 | Test Recall:0.6463 | Test Precision:0.6463 | Best Test Accuracy: 67.073% | Best Test AUC:0.6841 | Best Test Sensitivity:0.6000 | Best Test Specificity:0.7568 | LR:0.0000244
[2023-08-16 22:28:45][Train.py][L163][INFO]Epoch[61/100] | Train Loss: 0.001 | Train Accuracy: 100.000% | Test Loss: 1.970 | Test Accuracy: 63.415% | Test AUC:0.6859 | Test Sen:0.5556 | Test Spe:0.7297 | Test F1:0.6341 | Test Recall:0.6341 | Test Precision:0.6341 | Best Test Accuracy: 67.073% | Best Test AUC:0.6841 | Best Test Sensitivity:0.6000 | Best Test Specificity:0.7568 | LR:0.0000237
[2023-08-16 22:28:46][Train.py][L163][INFO]Epoch[62/100] | Train Loss: 0.001 | Train Accuracy: 100.000% | Test Loss: 1.960 | Test Accuracy: 64.634% | Test AUC:0.6871 | Test Sen:0.5778 | Test Spe:0.7297 | Test F1:0.6463 | Test Recall:0.6463 | Test Precision:0.6463 | Best Test Accuracy: 67.073% | Best Test AUC:0.6841 | Best Test Sensitivity:0.6000 | Best Test Specificity:0.7568 | LR:0.0000230
[2023-08-16 22:28:48][Train.py][L163][INFO]Epoch[63/100] | Train Loss: 0.001 | Train Accuracy: 100.000% | Test Loss: 1.935 | Test Accuracy: 63.415% | Test AUC:0.6865 | Test Sen:0.5778 | Test Spe:0.7027 | Test F1:0.6341 | Test Recall:0.6341 | Test Precision:0.6341 | Best Test Accuracy: 67.073% | Best Test AUC:0.6841 | Best Test Sensitivity:0.6000 | Best Test Specificity:0.7568 | LR:0.0000223
[2023-08-16 22:28:49][Train.py][L163][INFO]Epoch[64/100] | Train Loss: 0.001 | Train Accuracy: 100.000% | Test Loss: 1.946 | Test Accuracy: 64.634% | Test AUC:0.6865 | Test Sen:0.5778 | Test Spe:0.7297 | Test F1:0.6463 | Test Recall:0.6463 | Test Precision:0.6463 | Best Test Accuracy: 67.073% | Best Test AUC:0.6841 | Best Test Sensitivity:0.6000 | Best Test Specificity:0.7568 | LR:0.0000217
[2023-08-16 22:28:50][Train.py][L163][INFO]Epoch[65/100] | Train Loss: 0.001 | Train Accuracy: 100.000% | Test Loss: 1.944 | Test Accuracy: 64.634% | Test AUC:0.6859 | Test Sen:0.5778 | Test Spe:0.7297 | Test F1:0.6463 | Test Recall:0.6463 | Test Precision:0.6463 | Best Test Accuracy: 67.073% | Best Test AUC:0.6841 | Best Test Sensitivity:0.6000 | Best Test Specificity:0.7568 | LR:0.0000210
[2023-08-16 22:28:52][Train.py][L163][INFO]Epoch[66/100] | Train Loss: 0.001 | Train Accuracy: 100.000% | Test Loss: 1.950 | Test Accuracy: 64.634% | Test AUC:0.6865 | Test Sen:0.5778 | Test Spe:0.7297 | Test F1:0.6463 | Test Recall:0.6463 | Test Precision:0.6463 | Best Test Accuracy: 67.073% | Best Test AUC:0.6841 | Best Test Sensitivity:0.6000 | Best Test Specificity:0.7568 | LR:0.0000204
[2023-08-16 22:28:53][Train.py][L163][INFO]Epoch[67/100] | Train Loss: 0.001 | Train Accuracy: 100.000% | Test Loss: 1.990 | Test Accuracy: 64.634% | Test AUC:0.6853 | Test Sen:0.5778 | Test Spe:0.7297 | Test F1:0.6463 | Test Recall:0.6463 | Test Precision:0.6463 | Best Test Accuracy: 67.073% | Best Test AUC:0.6841 | Best Test Sensitivity:0.6000 | Best Test Specificity:0.7568 | LR:0.0000198
[2023-08-16 22:28:54][Train.py][L163][INFO]Epoch[68/100] | Train Loss: 0.001 | Train Accuracy: 100.000% | Test Loss: 1.956 | Test Accuracy: 64.634% | Test AUC:0.6853 | Test Sen:0.5778 | Test Spe:0.7297 | Test F1:0.6463 | Test Recall:0.6463 | Test Precision:0.6463 | Best Test Accuracy: 67.073% | Best Test AUC:0.6841 | Best Test Sensitivity:0.6000 | Best Test Specificity:0.7568 | LR:0.0000192
[2023-08-16 22:28:56][Train.py][L163][INFO]Epoch[69/100] | Train Loss: 0.001 | Train Accuracy: 100.000% | Test Loss: 2.002 | Test Accuracy: 64.634% | Test AUC:0.6859 | Test Sen:0.5778 | Test Spe:0.7297 | Test F1:0.6463 | Test Recall:0.6463 | Test Precision:0.6463 | Best Test Accuracy: 67.073% | Best Test AUC:0.6841 | Best Test Sensitivity:0.6000 | Best Test Specificity:0.7568 | LR:0.0000186
[2023-08-16 22:28:57][Train.py][L163][INFO]Epoch[70/100] | Train Loss: 0.001 | Train Accuracy: 100.000% | Test Loss: 1.978 | Test Accuracy: 64.634% | Test AUC:0.6865 | Test Sen:0.5778 | Test Spe:0.7297 | Test F1:0.6463 | Test Recall:0.6463 | Test Precision:0.6463 | Best Test Accuracy: 67.073% | Best Test AUC:0.6841 | Best Test Sensitivity:0.6000 | Best Test Specificity:0.7568 | LR:0.0000181
[2023-08-16 22:28:58][Train.py][L163][INFO]Epoch[71/100] | Train Loss: 0.001 | Train Accuracy: 100.000% | Test Loss: 1.993 | Test Accuracy: 64.634% | Test AUC:0.6859 | Test Sen:0.5778 | Test Spe:0.7297 | Test F1:0.6463 | Test Recall:0.6463 | Test Precision:0.6463 | Best Test Accuracy: 67.073% | Best Test AUC:0.6841 | Best Test Sensitivity:0.6000 | Best Test Specificity:0.7568 | LR:0.0000176
[2023-08-16 22:29:00][Train.py][L163][INFO]Epoch[72/100] | Train Loss: 0.001 | Train Accuracy: 100.000% | Test Loss: 1.975 | Test Accuracy: 64.634% | Test AUC:0.6859 | Test Sen:0.5778 | Test Spe:0.7297 | Test F1:0.6463 | Test Recall:0.6463 | Test Precision:0.6463 | Best Test Accuracy: 67.073% | Best Test AUC:0.6841 | Best Test Sensitivity:0.6000 | Best Test Specificity:0.7568 | LR:0.0000171
[2023-08-16 22:29:01][Train.py][L163][INFO]Epoch[73/100] | Train Loss: 0.001 | Train Accuracy: 100.000% | Test Loss: 1.992 | Test Accuracy: 64.634% | Test AUC:0.6853 | Test Sen:0.5778 | Test Spe:0.7297 | Test F1:0.6463 | Test Recall:0.6463 | Test Precision:0.6463 | Best Test Accuracy: 67.073% | Best Test AUC:0.6841 | Best Test Sensitivity:0.6000 | Best Test Specificity:0.7568 | LR:0.0000166
[2023-08-16 22:29:02][Train.py][L163][INFO]Epoch[74/100] | Train Loss: 0.001 | Train Accuracy: 100.000% | Test Loss: 2.024 | Test Accuracy: 64.634% | Test AUC:0.6859 | Test Sen:0.5778 | Test Spe:0.7297 | Test F1:0.6463 | Test Recall:0.6463 | Test Precision:0.6463 | Best Test Accuracy: 67.073% | Best Test AUC:0.6841 | Best Test Sensitivity:0.6000 | Best Test Specificity:0.7568 | LR:0.0000161
[2023-08-16 22:29:04][Train.py][L163][INFO]Epoch[75/100] | Train Loss: 0.001 | Train Accuracy: 100.000% | Test Loss: 1.992 | Test Accuracy: 64.634% | Test AUC:0.6847 | Test Sen:0.5778 | Test Spe:0.7297 | Test F1:0.6463 | Test Recall:0.6463 | Test Precision:0.6463 | Best Test Accuracy: 67.073% | Best Test AUC:0.6841 | Best Test Sensitivity:0.6000 | Best Test Specificity:0.7568 | LR:0.0000156
[2023-08-16 22:29:05][Train.py][L163][INFO]Epoch[76/100] | Train Loss: 0.001 | Train Accuracy: 100.000% | Test Loss: 1.981 | Test Accuracy: 63.415% | Test AUC:0.6841 | Test Sen:0.5778 | Test Spe:0.7027 | Test F1:0.6341 | Test Recall:0.6341 | Test Precision:0.6341 | Best Test Accuracy: 67.073% | Best Test AUC:0.6841 | Best Test Sensitivity:0.6000 | Best Test Specificity:0.7568 | LR:0.0000152
[2023-08-16 22:29:06][Train.py][L163][INFO]Epoch[77/100] | Train Loss: 0.001 | Train Accuracy: 100.000% | Test Loss: 2.008 | Test Accuracy: 64.634% | Test AUC:0.6859 | Test Sen:0.5778 | Test Spe:0.7297 | Test F1:0.6463 | Test Recall:0.6463 | Test Precision:0.6463 | Best Test Accuracy: 67.073% | Best Test AUC:0.6841 | Best Test Sensitivity:0.6000 | Best Test Specificity:0.7568 | LR:0.0000148
[2023-08-16 22:29:08][Train.py][L163][INFO]Epoch[78/100] | Train Loss: 0.001 | Train Accuracy: 100.000% | Test Loss: 2.024 | Test Accuracy: 64.634% | Test AUC:0.6859 | Test Sen:0.5778 | Test Spe:0.7297 | Test F1:0.6463 | Test Recall:0.6463 | Test Precision:0.6463 | Best Test Accuracy: 67.073% | Best Test AUC:0.6841 | Best Test Sensitivity:0.6000 | Best Test Specificity:0.7568 | LR:0.0000144
[2023-08-16 22:29:09][Train.py][L163][INFO]Epoch[79/100] | Train Loss: 0.001 | Train Accuracy: 100.000% | Test Loss: 2.020 | Test Accuracy: 64.634% | Test AUC:0.6859 | Test Sen:0.5778 | Test Spe:0.7297 | Test F1:0.6463 | Test Recall:0.6463 | Test Precision:0.6463 | Best Test Accuracy: 67.073% | Best Test AUC:0.6841 | Best Test Sensitivity:0.6000 | Best Test Specificity:0.7568 | LR:0.0000140
[2023-08-16 22:29:10][Train.py][L163][INFO]Epoch[80/100] | Train Loss: 0.001 | Train Accuracy: 100.000% | Test Loss: 2.011 | Test Accuracy: 64.634% | Test AUC:0.6847 | Test Sen:0.5778 | Test Spe:0.7297 | Test F1:0.6463 | Test Recall:0.6463 | Test Precision:0.6463 | Best Test Accuracy: 67.073% | Best Test AUC:0.6841 | Best Test Sensitivity:0.6000 | Best Test Specificity:0.7568 | LR:0.0000136
[2023-08-16 22:29:12][Train.py][L163][INFO]Epoch[81/100] | Train Loss: 0.001 | Train Accuracy: 100.000% | Test Loss: 2.033 | Test Accuracy: 64.634% | Test AUC:0.6859 | Test Sen:0.5778 | Test Spe:0.7297 | Test F1:0.6463 | Test Recall:0.6463 | Test Precision:0.6463 | Best Test Accuracy: 67.073% | Best Test AUC:0.6841 | Best Test Sensitivity:0.6000 | Best Test Specificity:0.7568 | LR:0.0000132
[2023-08-16 22:29:13][Train.py][L163][INFO]Epoch[82/100] | Train Loss: 0.001 | Train Accuracy: 100.000% | Test Loss: 2.030 | Test Accuracy: 64.634% | Test AUC:0.6859 | Test Sen:0.5778 | Test Spe:0.7297 | Test F1:0.6463 | Test Recall:0.6463 | Test Precision:0.6463 | Best Test Accuracy: 67.073% | Best Test AUC:0.6841 | Best Test Sensitivity:0.6000 | Best Test Specificity:0.7568 | LR:0.0000129
[2023-08-16 22:29:14][Train.py][L163][INFO]Epoch[83/100] | Train Loss: 0.001 | Train Accuracy: 100.000% | Test Loss: 2.011 | Test Accuracy: 63.415% | Test AUC:0.6847 | Test Sen:0.5778 | Test Spe:0.7027 | Test F1:0.6341 | Test Recall:0.6341 | Test Precision:0.6341 | Best Test Accuracy: 67.073% | Best Test AUC:0.6841 | Best Test Sensitivity:0.6000 | Best Test Specificity:0.7568 | LR:0.0000126
[2023-08-16 22:29:16][Train.py][L163][INFO]Epoch[84/100] | Train Loss: 0.001 | Train Accuracy: 100.000% | Test Loss: 2.020 | Test Accuracy: 63.415% | Test AUC:0.6841 | Test Sen:0.5778 | Test Spe:0.7027 | Test F1:0.6341 | Test Recall:0.6341 | Test Precision:0.6341 | Best Test Accuracy: 67.073% | Best Test AUC:0.6841 | Best Test Sensitivity:0.6000 | Best Test Specificity:0.7568 | LR:0.0000123
[2023-08-16 22:29:17][Train.py][L163][INFO]Epoch[85/100] | Train Loss: 0.001 | Train Accuracy: 100.000% | Test Loss: 2.043 | Test Accuracy: 64.634% | Test AUC:0.6859 | Test Sen:0.5778 | Test Spe:0.7297 | Test F1:0.6463 | Test Recall:0.6463 | Test Precision:0.6463 | Best Test Accuracy: 67.073% | Best Test AUC:0.6841 | Best Test Sensitivity:0.6000 | Best Test Specificity:0.7568 | LR:0.0000120
[2023-08-16 22:29:18][Train.py][L163][INFO]Epoch[86/100] | Train Loss: 0.001 | Train Accuracy: 100.000% | Test Loss: 2.013 | Test Accuracy: 63.415% | Test AUC:0.6853 | Test Sen:0.5778 | Test Spe:0.7027 | Test F1:0.6341 | Test Recall:0.6341 | Test Precision:0.6341 | Best Test Accuracy: 67.073% | Best Test AUC:0.6841 | Best Test Sensitivity:0.6000 | Best Test Specificity:0.7568 | LR:0.0000118
[2023-08-16 22:29:20][Train.py][L163][INFO]Epoch[87/100] | Train Loss: 0.001 | Train Accuracy: 100.000% | Test Loss: 2.031 | Test Accuracy: 63.415% | Test AUC:0.6841 | Test Sen:0.5778 | Test Spe:0.7027 | Test F1:0.6341 | Test Recall:0.6341 | Test Precision:0.6341 | Best Test Accuracy: 67.073% | Best Test AUC:0.6841 | Best Test Sensitivity:0.6000 | Best Test Specificity:0.7568 | LR:0.0000115
[2023-08-16 22:29:21][Train.py][L163][INFO]Epoch[88/100] | Train Loss: 0.001 | Train Accuracy: 100.000% | Test Loss: 2.048 | Test Accuracy: 64.634% | Test AUC:0.6835 | Test Sen:0.5778 | Test Spe:0.7297 | Test F1:0.6463 | Test Recall:0.6463 | Test Precision:0.6463 | Best Test Accuracy: 67.073% | Best Test AUC:0.6841 | Best Test Sensitivity:0.6000 | Best Test Specificity:0.7568 | LR:0.0000113
[2023-08-16 22:29:22][Train.py][L163][INFO]Epoch[89/100] | Train Loss: 0.001 | Train Accuracy: 100.000% | Test Loss: 2.058 | Test Accuracy: 64.634% | Test AUC:0.6859 | Test Sen:0.5778 | Test Spe:0.7297 | Test F1:0.6463 | Test Recall:0.6463 | Test Precision:0.6463 | Best Test Accuracy: 67.073% | Best Test AUC:0.6841 | Best Test Sensitivity:0.6000 | Best Test Specificity:0.7568 | LR:0.0000111
[2023-08-16 22:29:24][Train.py][L163][INFO]Epoch[90/100] | Train Loss: 0.001 | Train Accuracy: 100.000% | Test Loss: 2.057 | Test Accuracy: 64.634% | Test AUC:0.6841 | Test Sen:0.5778 | Test Spe:0.7297 | Test F1:0.6463 | Test Recall:0.6463 | Test Precision:0.6463 | Best Test Accuracy: 67.073% | Best Test AUC:0.6841 | Best Test Sensitivity:0.6000 | Best Test Specificity:0.7568 | LR:0.0000109
[2023-08-16 22:29:25][Train.py][L163][INFO]Epoch[91/100] | Train Loss: 0.001 | Train Accuracy: 100.000% | Test Loss: 2.065 | Test Accuracy: 64.634% | Test AUC:0.6847 | Test Sen:0.5778 | Test Spe:0.7297 | Test F1:0.6463 | Test Recall:0.6463 | Test Precision:0.6463 | Best Test Accuracy: 67.073% | Best Test AUC:0.6841 | Best Test Sensitivity:0.6000 | Best Test Specificity:0.7568 | LR:0.0000107
[2023-08-16 22:29:26][Train.py][L163][INFO]Epoch[92/100] | Train Loss: 0.001 | Train Accuracy: 100.000% | Test Loss: 2.065 | Test Accuracy: 64.634% | Test AUC:0.6853 | Test Sen:0.5778 | Test Spe:0.7297 | Test F1:0.6463 | Test Recall:0.6463 | Test Precision:0.6463 | Best Test Accuracy: 67.073% | Best Test AUC:0.6841 | Best Test Sensitivity:0.6000 | Best Test Specificity:0.7568 | LR:0.0000106
[2023-08-16 22:29:28][Train.py][L163][INFO]Epoch[93/100] | Train Loss: 0.001 | Train Accuracy: 100.000% | Test Loss: 2.061 | Test Accuracy: 64.634% | Test AUC:0.6841 | Test Sen:0.5778 | Test Spe:0.7297 | Test F1:0.6463 | Test Recall:0.6463 | Test Precision:0.6463 | Best Test Accuracy: 67.073% | Best Test AUC:0.6841 | Best Test Sensitivity:0.6000 | Best Test Specificity:0.7568 | LR:0.0000104
[2023-08-16 22:29:29][Train.py][L163][INFO]Epoch[94/100] | Train Loss: 0.001 | Train Accuracy: 100.000% | Test Loss: 2.046 | Test Accuracy: 63.415% | Test AUC:0.6847 | Test Sen:0.5778 | Test Spe:0.7027 | Test F1:0.6341 | Test Recall:0.6341 | Test Precision:0.6341 | Best Test Accuracy: 67.073% | Best Test AUC:0.6841 | Best Test Sensitivity:0.6000 | Best Test Specificity:0.7568 | LR:0.0000103
[2023-08-16 22:29:30][Train.py][L163][INFO]Epoch[95/100] | Train Loss: 0.001 | Train Accuracy: 100.000% | Test Loss: 2.062 | Test Accuracy: 63.415% | Test AUC:0.6847 | Test Sen:0.5778 | Test Spe:0.7027 | Test F1:0.6341 | Test Recall:0.6341 | Test Precision:0.6341 | Best Test Accuracy: 67.073% | Best Test AUC:0.6841 | Best Test Sensitivity:0.6000 | Best Test Specificity:0.7568 | LR:0.0000102
[2023-08-16 22:29:32][Train.py][L163][INFO]Epoch[96/100] | Train Loss: 0.001 | Train Accuracy: 100.000% | Test Loss: 2.049 | Test Accuracy: 63.415% | Test AUC:0.6853 | Test Sen:0.5778 | Test Spe:0.7027 | Test F1:0.6341 | Test Recall:0.6341 | Test Precision:0.6341 | Best Test Accuracy: 67.073% | Best Test AUC:0.6841 | Best Test Sensitivity:0.6000 | Best Test Specificity:0.7568 | LR:0.0000101
[2023-08-16 22:29:33][Train.py][L163][INFO]Epoch[97/100] | Train Loss: 0.001 | Train Accuracy: 100.000% | Test Loss: 2.059 | Test Accuracy: 63.415% | Test AUC:0.6859 | Test Sen:0.5778 | Test Spe:0.7027 | Test F1:0.6341 | Test Recall:0.6341 | Test Precision:0.6341 | Best Test Accuracy: 67.073% | Best Test AUC:0.6841 | Best Test Sensitivity:0.6000 | Best Test Specificity:0.7568 | LR:0.0000101
[2023-08-16 22:29:34][Train.py][L163][INFO]Epoch[98/100] | Train Loss: 0.001 | Train Accuracy: 100.000% | Test Loss: 2.083 | Test Accuracy: 64.634% | Test AUC:0.6847 | Test Sen:0.5778 | Test Spe:0.7297 | Test F1:0.6463 | Test Recall:0.6463 | Test Precision:0.6463 | Best Test Accuracy: 67.073% | Best Test AUC:0.6841 | Best Test Sensitivity:0.6000 | Best Test Specificity:0.7568 | LR:0.0000100
[2023-08-16 22:29:36][Train.py][L163][INFO]Epoch[99/100] | Train Loss: 0.001 | Train Accuracy: 100.000% | Test Loss: 2.054 | Test Accuracy: 63.415% | Test AUC:0.6847 | Test Sen:0.5778 | Test Spe:0.7027 | Test F1:0.6341 | Test Recall:0.6341 | Test Precision:0.6341 | Best Test Accuracy: 67.073% | Best Test AUC:0.6841 | Best Test Sensitivity:0.6000 | Best Test Specificity:0.7568 | LR:0.0000100
[2023-08-16 22:29:37][Train.py][L163][INFO]Epoch[100/100] | Train Loss: 0.001 | Train Accuracy: 100.000% | Test Loss: 2.081 | Test Accuracy: 64.634% | Test AUC:0.6835 | Test Sen:0.5778 | Test Spe:0.7297 | Test F1:0.6463 | Test Recall:0.6463 | Test Precision:0.6463 | Best Test Accuracy: 67.073% | Best Test AUC:0.6841 | Best Test Sensitivity:0.6000 | Best Test Specificity:0.7568 | LR:0.0000100
[2023-08-16 22:29:46][__main__.py][L41][INFO]dataset:
  name: fc_large
  batch_size: 16
  train_set: 0.9
  test_set: 0.1
  fc_path: /mnt/ssd1/mehul_data/research/fc_large_data.npy
  node_sz: 400
  node_feature_sz: 400
  num_classes: 2
  perc_edges: 100
  node: fc
model:
  name: GraphSAGE
  num_layers: 2
  hidden_size: 64
  dropout: 0.5
  readout: mean
  edge_percentage: 0.1
optimizer:
- name: Adam
  lr: 0.0001
  match_rule: None
  except_rule: None
  no_weight_decay: false
  weight_decay: 0.0001
  lr_scheduler:
    mode: poly
    base_lr: 0.0001
    target_lr: 1.0e-05
    decay_factor: 0.1
    milestones:
    - 0.3
    - 0.6
    - 0.9
    poly_power: 2.0
    lr_decay: 0.98
    warm_up_from: 0.0
    warm_up_steps: 0
training:
  name: Train
  epochs: 100
  l2: 0.0
log_path: result
repeat_time: 2
device: cuda:0
is_wandb: true
project: asd-graph
steps_per_epoch: 46.0
total_steps: 4600.0

[2023-08-16 22:29:46][__init__.py][L15][INFO]cfg.dataset.name: fc_large
[2023-08-16 22:29:54][optimizer.py][L66][INFO]Parameters [normal] length [10]
[2023-08-16 22:29:54][__init__.py][L25][INFO]Training: Train
[2023-08-16 22:29:54][Train.py][L35][INFO]#model params: 1698049
[2023-08-16 22:29:55][Train.py][L163][INFO]Epoch[1/100] | Train Loss: 0.693 | Train Accuracy: 54.521% | Test Loss: 0.664 | Test Accuracy: 67.073% | Test AUC:0.7087 | Test Sen:0.6000 | Test Spe:0.7568 | Test F1:0.6707 | Test Recall:0.6707 | Test Precision:0.6707 | Best Test Accuracy: 67.073% | Best Test AUC:0.7087 | Best Test Sensitivity:0.6000 | Best Test Specificity:0.7568 | LR:0.0000982
[2023-08-16 22:29:56][Train.py][L163][INFO]Epoch[2/100] | Train Loss: 0.634 | Train Accuracy: 65.342% | Test Loss: 0.619 | Test Accuracy: 70.732% | Test AUC:0.7676 | Test Sen:0.8889 | Test Spe:0.4865 | Test F1:0.7073 | Test Recall:0.7073 | Test Precision:0.7073 | Best Test Accuracy: 70.732% | Best Test AUC:0.7676 | Best Test Sensitivity:0.8889 | Best Test Specificity:0.4865 | LR:0.0000964
[2023-08-16 22:29:58][Train.py][L163][INFO]Epoch[3/100] | Train Loss: 0.573 | Train Accuracy: 71.370% | Test Loss: 0.627 | Test Accuracy: 64.634% | Test AUC:0.7814 | Test Sen:0.4444 | Test Spe:0.8919 | Test F1:0.6463 | Test Recall:0.6463 | Test Precision:0.6463 | Best Test Accuracy: 70.732% | Best Test AUC:0.7676 | Best Test Sensitivity:0.8889 | Best Test Specificity:0.4865 | LR:0.0000947
[2023-08-16 22:29:59][Train.py][L163][INFO]Epoch[4/100] | Train Loss: 0.492 | Train Accuracy: 80.685% | Test Loss: 0.575 | Test Accuracy: 73.171% | Test AUC:0.7778 | Test Sen:0.8444 | Test Spe:0.5946 | Test F1:0.7317 | Test Recall:0.7317 | Test Precision:0.7317 | Best Test Accuracy: 73.171% | Best Test AUC:0.7778 | Best Test Sensitivity:0.8444 | Best Test Specificity:0.5946 | LR:0.0000929
[2023-08-16 22:30:00][Train.py][L163][INFO]Epoch[5/100] | Train Loss: 0.426 | Train Accuracy: 83.973% | Test Loss: 0.664 | Test Accuracy: 65.854% | Test AUC:0.7598 | Test Sen:0.5111 | Test Spe:0.8378 | Test F1:0.6585 | Test Recall:0.6585 | Test Precision:0.6585 | Best Test Accuracy: 73.171% | Best Test AUC:0.7778 | Best Test Sensitivity:0.8444 | Best Test Specificity:0.5946 | LR:0.0000912
[2023-08-16 22:30:02][Train.py][L163][INFO]Epoch[6/100] | Train Loss: 0.374 | Train Accuracy: 86.027% | Test Loss: 0.589 | Test Accuracy: 69.512% | Test AUC:0.7652 | Test Sen:0.7111 | Test Spe:0.6757 | Test F1:0.6951 | Test Recall:0.6951 | Test Precision:0.6951 | Best Test Accuracy: 73.171% | Best Test AUC:0.7778 | Best Test Sensitivity:0.8444 | Best Test Specificity:0.5946 | LR:0.0000895
[2023-08-16 22:30:03][Train.py][L163][INFO]Epoch[7/100] | Train Loss: 0.297 | Train Accuracy: 91.096% | Test Loss: 0.644 | Test Accuracy: 64.634% | Test AUC:0.7465 | Test Sen:0.6222 | Test Spe:0.6757 | Test F1:0.6463 | Test Recall:0.6463 | Test Precision:0.6463 | Best Test Accuracy: 73.171% | Best Test AUC:0.7778 | Best Test Sensitivity:0.8444 | Best Test Specificity:0.5946 | LR:0.0000878
[2023-08-16 22:30:04][Train.py][L163][INFO]Epoch[8/100] | Train Loss: 0.248 | Train Accuracy: 93.562% | Test Loss: 0.766 | Test Accuracy: 68.293% | Test AUC:0.7423 | Test Sen:0.5556 | Test Spe:0.8378 | Test F1:0.6829 | Test Recall:0.6829 | Test Precision:0.6829 | Best Test Accuracy: 73.171% | Best Test AUC:0.7778 | Best Test Sensitivity:0.8444 | Best Test Specificity:0.5946 | LR:0.0000862
[2023-08-16 22:30:06][Train.py][L163][INFO]Epoch[9/100] | Train Loss: 0.193 | Train Accuracy: 97.123% | Test Loss: 0.737 | Test Accuracy: 65.854% | Test AUC:0.7393 | Test Sen:0.6222 | Test Spe:0.7027 | Test F1:0.6585 | Test Recall:0.6585 | Test Precision:0.6585 | Best Test Accuracy: 73.171% | Best Test AUC:0.7778 | Best Test Sensitivity:0.8444 | Best Test Specificity:0.5946 | LR:0.0000845
[2023-08-16 22:30:07][Train.py][L163][INFO]Epoch[10/100] | Train Loss: 0.160 | Train Accuracy: 97.123% | Test Loss: 0.749 | Test Accuracy: 69.512% | Test AUC:0.7333 | Test Sen:0.6667 | Test Spe:0.7297 | Test F1:0.6951 | Test Recall:0.6951 | Test Precision:0.6951 | Best Test Accuracy: 73.171% | Best Test AUC:0.7778 | Best Test Sensitivity:0.8444 | Best Test Specificity:0.5946 | LR:0.0000829
[2023-08-16 22:30:08][Train.py][L163][INFO]Epoch[11/100] | Train Loss: 0.117 | Train Accuracy: 98.630% | Test Loss: 0.819 | Test Accuracy: 65.854% | Test AUC:0.7231 | Test Sen:0.6222 | Test Spe:0.7027 | Test F1:0.6585 | Test Recall:0.6585 | Test Precision:0.6585 | Best Test Accuracy: 73.171% | Best Test AUC:0.7778 | Best Test Sensitivity:0.8444 | Best Test Specificity:0.5946 | LR:0.0000813
[2023-08-16 22:30:10][Train.py][L163][INFO]Epoch[12/100] | Train Loss: 0.086 | Train Accuracy: 99.452% | Test Loss: 0.910 | Test Accuracy: 67.073% | Test AUC:0.7333 | Test Sen:0.6000 | Test Spe:0.7568 | Test F1:0.6707 | Test Recall:0.6707 | Test Precision:0.6707 | Best Test Accuracy: 73.171% | Best Test AUC:0.7778 | Best Test Sensitivity:0.8444 | Best Test Specificity:0.5946 | LR:0.0000797
[2023-08-16 22:30:11][Train.py][L163][INFO]Epoch[13/100] | Train Loss: 0.068 | Train Accuracy: 99.589% | Test Loss: 0.982 | Test Accuracy: 65.854% | Test AUC:0.7273 | Test Sen:0.5556 | Test Spe:0.7838 | Test F1:0.6585 | Test Recall:0.6585 | Test Precision:0.6585 | Best Test Accuracy: 73.171% | Best Test AUC:0.7778 | Best Test Sensitivity:0.8444 | Best Test Specificity:0.5946 | LR:0.0000781
[2023-08-16 22:30:12][Train.py][L163][INFO]Epoch[14/100] | Train Loss: 0.054 | Train Accuracy: 100.000% | Test Loss: 0.892 | Test Accuracy: 68.293% | Test AUC:0.7321 | Test Sen:0.7111 | Test Spe:0.6486 | Test F1:0.6829 | Test Recall:0.6829 | Test Precision:0.6829 | Best Test Accuracy: 73.171% | Best Test AUC:0.7778 | Best Test Sensitivity:0.8444 | Best Test Specificity:0.5946 | LR:0.0000766
[2023-08-16 22:30:14][Train.py][L163][INFO]Epoch[15/100] | Train Loss: 0.047 | Train Accuracy: 100.000% | Test Loss: 1.025 | Test Accuracy: 65.854% | Test AUC:0.7315 | Test Sen:0.6000 | Test Spe:0.7297 | Test F1:0.6585 | Test Recall:0.6585 | Test Precision:0.6585 | Best Test Accuracy: 73.171% | Best Test AUC:0.7778 | Best Test Sensitivity:0.8444 | Best Test Specificity:0.5946 | LR:0.0000750
[2023-08-16 22:30:15][Train.py][L163][INFO]Epoch[16/100] | Train Loss: 0.035 | Train Accuracy: 100.000% | Test Loss: 1.059 | Test Accuracy: 65.854% | Test AUC:0.7309 | Test Sen:0.5778 | Test Spe:0.7568 | Test F1:0.6585 | Test Recall:0.6585 | Test Precision:0.6585 | Best Test Accuracy: 73.171% | Best Test AUC:0.7778 | Best Test Sensitivity:0.8444 | Best Test Specificity:0.5946 | LR:0.0000735
[2023-08-16 22:30:16][Train.py][L163][INFO]Epoch[17/100] | Train Loss: 0.027 | Train Accuracy: 100.000% | Test Loss: 1.041 | Test Accuracy: 69.512% | Test AUC:0.7309 | Test Sen:0.6444 | Test Spe:0.7568 | Test F1:0.6951 | Test Recall:0.6951 | Test Precision:0.6951 | Best Test Accuracy: 73.171% | Best Test AUC:0.7778 | Best Test Sensitivity:0.8444 | Best Test Specificity:0.5946 | LR:0.0000720
[2023-08-16 22:30:18][Train.py][L163][INFO]Epoch[18/100] | Train Loss: 0.025 | Train Accuracy: 100.000% | Test Loss: 1.162 | Test Accuracy: 64.634% | Test AUC:0.7327 | Test Sen:0.5556 | Test Spe:0.7568 | Test F1:0.6463 | Test Recall:0.6463 | Test Precision:0.6463 | Best Test Accuracy: 73.171% | Best Test AUC:0.7778 | Best Test Sensitivity:0.8444 | Best Test Specificity:0.5946 | LR:0.0000705
[2023-08-16 22:30:19][Train.py][L163][INFO]Epoch[19/100] | Train Loss: 0.019 | Train Accuracy: 100.000% | Test Loss: 1.134 | Test Accuracy: 68.293% | Test AUC:0.7393 | Test Sen:0.6222 | Test Spe:0.7568 | Test F1:0.6829 | Test Recall:0.6829 | Test Precision:0.6829 | Best Test Accuracy: 73.171% | Best Test AUC:0.7778 | Best Test Sensitivity:0.8444 | Best Test Specificity:0.5946 | LR:0.0000690
[2023-08-16 22:30:20][Train.py][L163][INFO]Epoch[20/100] | Train Loss: 0.016 | Train Accuracy: 100.000% | Test Loss: 1.175 | Test Accuracy: 67.073% | Test AUC:0.7351 | Test Sen:0.6000 | Test Spe:0.7568 | Test F1:0.6707 | Test Recall:0.6707 | Test Precision:0.6707 | Best Test Accuracy: 73.171% | Best Test AUC:0.7778 | Best Test Sensitivity:0.8444 | Best Test Specificity:0.5946 | LR:0.0000676
[2023-08-16 22:30:21][Train.py][L163][INFO]Epoch[21/100] | Train Loss: 0.014 | Train Accuracy: 100.000% | Test Loss: 1.165 | Test Accuracy: 70.732% | Test AUC:0.7333 | Test Sen:0.6667 | Test Spe:0.7568 | Test F1:0.7073 | Test Recall:0.7073 | Test Precision:0.7073 | Best Test Accuracy: 73.171% | Best Test AUC:0.7778 | Best Test Sensitivity:0.8444 | Best Test Specificity:0.5946 | LR:0.0000662
[2023-08-16 22:30:23][Train.py][L163][INFO]Epoch[22/100] | Train Loss: 0.013 | Train Accuracy: 100.000% | Test Loss: 1.259 | Test Accuracy: 64.634% | Test AUC:0.7363 | Test Sen:0.5556 | Test Spe:0.7568 | Test F1:0.6463 | Test Recall:0.6463 | Test Precision:0.6463 | Best Test Accuracy: 73.171% | Best Test AUC:0.7778 | Best Test Sensitivity:0.8444 | Best Test Specificity:0.5946 | LR:0.0000648
[2023-08-16 22:30:24][Train.py][L163][INFO]Epoch[23/100] | Train Loss: 0.011 | Train Accuracy: 100.000% | Test Loss: 1.283 | Test Accuracy: 65.854% | Test AUC:0.7357 | Test Sen:0.5778 | Test Spe:0.7568 | Test F1:0.6585 | Test Recall:0.6585 | Test Precision:0.6585 | Best Test Accuracy: 73.171% | Best Test AUC:0.7778 | Best Test Sensitivity:0.8444 | Best Test Specificity:0.5946 | LR:0.0000634
[2023-08-16 22:30:25][Train.py][L163][INFO]Epoch[24/100] | Train Loss: 0.010 | Train Accuracy: 100.000% | Test Loss: 1.272 | Test Accuracy: 67.073% | Test AUC:0.7357 | Test Sen:0.6000 | Test Spe:0.7568 | Test F1:0.6707 | Test Recall:0.6707 | Test Precision:0.6707 | Best Test Accuracy: 73.171% | Best Test AUC:0.7778 | Best Test Sensitivity:0.8444 | Best Test Specificity:0.5946 | LR:0.0000620
[2023-08-16 22:30:27][Train.py][L163][INFO]Epoch[25/100] | Train Loss: 0.009 | Train Accuracy: 100.000% | Test Loss: 1.264 | Test Accuracy: 69.512% | Test AUC:0.7339 | Test Sen:0.6444 | Test Spe:0.7568 | Test F1:0.6951 | Test Recall:0.6951 | Test Precision:0.6951 | Best Test Accuracy: 73.171% | Best Test AUC:0.7778 | Best Test Sensitivity:0.8444 | Best Test Specificity:0.5946 | LR:0.0000606
[2023-08-16 22:30:28][Train.py][L163][INFO]Epoch[26/100] | Train Loss: 0.008 | Train Accuracy: 100.000% | Test Loss: 1.301 | Test Accuracy: 67.073% | Test AUC:0.7375 | Test Sen:0.6000 | Test Spe:0.7568 | Test F1:0.6707 | Test Recall:0.6707 | Test Precision:0.6707 | Best Test Accuracy: 73.171% | Best Test AUC:0.7778 | Best Test Sensitivity:0.8444 | Best Test Specificity:0.5946 | LR:0.0000593
[2023-08-16 22:30:29][Train.py][L163][INFO]Epoch[27/100] | Train Loss: 0.007 | Train Accuracy: 100.000% | Test Loss: 1.301 | Test Accuracy: 69.512% | Test AUC:0.7339 | Test Sen:0.6444 | Test Spe:0.7568 | Test F1:0.6951 | Test Recall:0.6951 | Test Precision:0.6951 | Best Test Accuracy: 73.171% | Best Test AUC:0.7778 | Best Test Sensitivity:0.8444 | Best Test Specificity:0.5946 | LR:0.0000580
[2023-08-16 22:30:31][Train.py][L163][INFO]Epoch[28/100] | Train Loss: 0.007 | Train Accuracy: 100.000% | Test Loss: 1.297 | Test Accuracy: 69.512% | Test AUC:0.7357 | Test Sen:0.6444 | Test Spe:0.7568 | Test F1:0.6951 | Test Recall:0.6951 | Test Precision:0.6951 | Best Test Accuracy: 73.171% | Best Test AUC:0.7778 | Best Test Sensitivity:0.8444 | Best Test Specificity:0.5946 | LR:0.0000567
[2023-08-16 22:30:32][Train.py][L163][INFO]Epoch[29/100] | Train Loss: 0.006 | Train Accuracy: 100.000% | Test Loss: 1.304 | Test Accuracy: 69.512% | Test AUC:0.7369 | Test Sen:0.6444 | Test Spe:0.7568 | Test F1:0.6951 | Test Recall:0.6951 | Test Precision:0.6951 | Best Test Accuracy: 73.171% | Best Test AUC:0.7778 | Best Test Sensitivity:0.8444 | Best Test Specificity:0.5946 | LR:0.0000554
[2023-08-16 22:30:33][Train.py][L163][INFO]Epoch[30/100] | Train Loss: 0.006 | Train Accuracy: 100.000% | Test Loss: 1.358 | Test Accuracy: 68.293% | Test AUC:0.7363 | Test Sen:0.6222 | Test Spe:0.7568 | Test F1:0.6829 | Test Recall:0.6829 | Test Precision:0.6829 | Best Test Accuracy: 73.171% | Best Test AUC:0.7778 | Best Test Sensitivity:0.8444 | Best Test Specificity:0.5946 | LR:0.0000541
[2023-08-16 22:30:35][Train.py][L163][INFO]Epoch[31/100] | Train Loss: 0.005 | Train Accuracy: 100.000% | Test Loss: 1.341 | Test Accuracy: 69.512% | Test AUC:0.7381 | Test Sen:0.6444 | Test Spe:0.7568 | Test F1:0.6951 | Test Recall:0.6951 | Test Precision:0.6951 | Best Test Accuracy: 73.171% | Best Test AUC:0.7778 | Best Test Sensitivity:0.8444 | Best Test Specificity:0.5946 | LR:0.0000528
[2023-08-16 22:30:36][Train.py][L163][INFO]Epoch[32/100] | Train Loss: 0.005 | Train Accuracy: 100.000% | Test Loss: 1.358 | Test Accuracy: 69.512% | Test AUC:0.7375 | Test Sen:0.6444 | Test Spe:0.7568 | Test F1:0.6951 | Test Recall:0.6951 | Test Precision:0.6951 | Best Test Accuracy: 73.171% | Best Test AUC:0.7778 | Best Test Sensitivity:0.8444 | Best Test Specificity:0.5946 | LR:0.0000516
[2023-08-16 22:30:37][Train.py][L163][INFO]Epoch[33/100] | Train Loss: 0.005 | Train Accuracy: 100.000% | Test Loss: 1.402 | Test Accuracy: 67.073% | Test AUC:0.7363 | Test Sen:0.6000 | Test Spe:0.7568 | Test F1:0.6707 | Test Recall:0.6707 | Test Precision:0.6707 | Best Test Accuracy: 73.171% | Best Test AUC:0.7778 | Best Test Sensitivity:0.8444 | Best Test Specificity:0.5946 | LR:0.0000504
[2023-08-16 22:30:39][Train.py][L163][INFO]Epoch[34/100] | Train Loss: 0.004 | Train Accuracy: 100.000% | Test Loss: 1.405 | Test Accuracy: 69.512% | Test AUC:0.7363 | Test Sen:0.6444 | Test Spe:0.7568 | Test F1:0.6951 | Test Recall:0.6951 | Test Precision:0.6951 | Best Test Accuracy: 73.171% | Best Test AUC:0.7778 | Best Test Sensitivity:0.8444 | Best Test Specificity:0.5946 | LR:0.0000492
[2023-08-16 22:30:40][Train.py][L163][INFO]Epoch[35/100] | Train Loss: 0.004 | Train Accuracy: 100.000% | Test Loss: 1.429 | Test Accuracy: 67.073% | Test AUC:0.7363 | Test Sen:0.6000 | Test Spe:0.7568 | Test F1:0.6707 | Test Recall:0.6707 | Test Precision:0.6707 | Best Test Accuracy: 73.171% | Best Test AUC:0.7778 | Best Test Sensitivity:0.8444 | Best Test Specificity:0.5946 | LR:0.0000480
[2023-08-16 22:30:41][Train.py][L163][INFO]Epoch[36/100] | Train Loss: 0.004 | Train Accuracy: 100.000% | Test Loss: 1.437 | Test Accuracy: 68.293% | Test AUC:0.7369 | Test Sen:0.6222 | Test Spe:0.7568 | Test F1:0.6829 | Test Recall:0.6829 | Test Precision:0.6829 | Best Test Accuracy: 73.171% | Best Test AUC:0.7778 | Best Test Sensitivity:0.8444 | Best Test Specificity:0.5946 | LR:0.0000469
[2023-08-16 22:30:43][Train.py][L163][INFO]Epoch[37/100] | Train Loss: 0.003 | Train Accuracy: 100.000% | Test Loss: 1.462 | Test Accuracy: 65.854% | Test AUC:0.7375 | Test Sen:0.5778 | Test Spe:0.7568 | Test F1:0.6585 | Test Recall:0.6585 | Test Precision:0.6585 | Best Test Accuracy: 73.171% | Best Test AUC:0.7778 | Best Test Sensitivity:0.8444 | Best Test Specificity:0.5946 | LR:0.0000457
[2023-08-16 22:30:44][Train.py][L163][INFO]Epoch[38/100] | Train Loss: 0.003 | Train Accuracy: 100.000% | Test Loss: 1.503 | Test Accuracy: 65.854% | Test AUC:0.7387 | Test Sen:0.5778 | Test Spe:0.7568 | Test F1:0.6585 | Test Recall:0.6585 | Test Precision:0.6585 | Best Test Accuracy: 73.171% | Best Test AUC:0.7778 | Best Test Sensitivity:0.8444 | Best Test Specificity:0.5946 | LR:0.0000446
[2023-08-16 22:30:45][Train.py][L163][INFO]Epoch[39/100] | Train Loss: 0.003 | Train Accuracy: 100.000% | Test Loss: 1.456 | Test Accuracy: 69.512% | Test AUC:0.7393 | Test Sen:0.6444 | Test Spe:0.7568 | Test F1:0.6951 | Test Recall:0.6951 | Test Precision:0.6951 | Best Test Accuracy: 73.171% | Best Test AUC:0.7778 | Best Test Sensitivity:0.8444 | Best Test Specificity:0.5946 | LR:0.0000435
[2023-08-16 22:30:47][Train.py][L163][INFO]Epoch[40/100] | Train Loss: 0.003 | Train Accuracy: 100.000% | Test Loss: 1.467 | Test Accuracy: 69.512% | Test AUC:0.7381 | Test Sen:0.6444 | Test Spe:0.7568 | Test F1:0.6951 | Test Recall:0.6951 | Test Precision:0.6951 | Best Test Accuracy: 73.171% | Best Test AUC:0.7778 | Best Test Sensitivity:0.8444 | Best Test Specificity:0.5946 | LR:0.0000424
[2023-08-16 22:30:48][Train.py][L163][INFO]Epoch[41/100] | Train Loss: 0.003 | Train Accuracy: 100.000% | Test Loss: 1.519 | Test Accuracy: 65.854% | Test AUC:0.7369 | Test Sen:0.5778 | Test Spe:0.7568 | Test F1:0.6585 | Test Recall:0.6585 | Test Precision:0.6585 | Best Test Accuracy: 73.171% | Best Test AUC:0.7778 | Best Test Sensitivity:0.8444 | Best Test Specificity:0.5946 | LR:0.0000413
[2023-08-16 22:30:49][Train.py][L163][INFO]Epoch[42/100] | Train Loss: 0.003 | Train Accuracy: 100.000% | Test Loss: 1.468 | Test Accuracy: 69.512% | Test AUC:0.7375 | Test Sen:0.6444 | Test Spe:0.7568 | Test F1:0.6951 | Test Recall:0.6951 | Test Precision:0.6951 | Best Test Accuracy: 73.171% | Best Test AUC:0.7778 | Best Test Sensitivity:0.8444 | Best Test Specificity:0.5946 | LR:0.0000403
[2023-08-16 22:30:51][Train.py][L163][INFO]Epoch[43/100] | Train Loss: 0.003 | Train Accuracy: 100.000% | Test Loss: 1.508 | Test Accuracy: 68.293% | Test AUC:0.7381 | Test Sen:0.6222 | Test Spe:0.7568 | Test F1:0.6829 | Test Recall:0.6829 | Test Precision:0.6829 | Best Test Accuracy: 73.171% | Best Test AUC:0.7778 | Best Test Sensitivity:0.8444 | Best Test Specificity:0.5946 | LR:0.0000392
[2023-08-16 22:30:52][Train.py][L163][INFO]Epoch[44/100] | Train Loss: 0.003 | Train Accuracy: 100.000% | Test Loss: 1.529 | Test Accuracy: 65.854% | Test AUC:0.7375 | Test Sen:0.5778 | Test Spe:0.7568 | Test F1:0.6585 | Test Recall:0.6585 | Test Precision:0.6585 | Best Test Accuracy: 73.171% | Best Test AUC:0.7778 | Best Test Sensitivity:0.8444 | Best Test Specificity:0.5946 | LR:0.0000382
[2023-08-16 22:30:53][Train.py][L163][INFO]Epoch[45/100] | Train Loss: 0.002 | Train Accuracy: 100.000% | Test Loss: 1.508 | Test Accuracy: 69.512% | Test AUC:0.7393 | Test Sen:0.6444 | Test Spe:0.7568 | Test F1:0.6951 | Test Recall:0.6951 | Test Precision:0.6951 | Best Test Accuracy: 73.171% | Best Test AUC:0.7778 | Best Test Sensitivity:0.8444 | Best Test Specificity:0.5946 | LR:0.0000372
[2023-08-16 22:30:55][Train.py][L163][INFO]Epoch[46/100] | Train Loss: 0.002 | Train Accuracy: 100.000% | Test Loss: 1.538 | Test Accuracy: 67.073% | Test AUC:0.7381 | Test Sen:0.6000 | Test Spe:0.7568 | Test F1:0.6707 | Test Recall:0.6707 | Test Precision:0.6707 | Best Test Accuracy: 73.171% | Best Test AUC:0.7778 | Best Test Sensitivity:0.8444 | Best Test Specificity:0.5946 | LR:0.0000362
[2023-08-16 22:30:56][Train.py][L163][INFO]Epoch[47/100] | Train Loss: 0.002 | Train Accuracy: 100.000% | Test Loss: 1.543 | Test Accuracy: 68.293% | Test AUC:0.7363 | Test Sen:0.6222 | Test Spe:0.7568 | Test F1:0.6829 | Test Recall:0.6829 | Test Precision:0.6829 | Best Test Accuracy: 73.171% | Best Test AUC:0.7778 | Best Test Sensitivity:0.8444 | Best Test Specificity:0.5946 | LR:0.0000353
[2023-08-16 22:30:57][Train.py][L163][INFO]Epoch[48/100] | Train Loss: 0.002 | Train Accuracy: 100.000% | Test Loss: 1.547 | Test Accuracy: 68.293% | Test AUC:0.7387 | Test Sen:0.6222 | Test Spe:0.7568 | Test F1:0.6829 | Test Recall:0.6829 | Test Precision:0.6829 | Best Test Accuracy: 73.171% | Best Test AUC:0.7778 | Best Test Sensitivity:0.8444 | Best Test Specificity:0.5946 | LR:0.0000343
[2023-08-16 22:30:59][Train.py][L163][INFO]Epoch[49/100] | Train Loss: 0.002 | Train Accuracy: 100.000% | Test Loss: 1.567 | Test Accuracy: 65.854% | Test AUC:0.7369 | Test Sen:0.5778 | Test Spe:0.7568 | Test F1:0.6585 | Test Recall:0.6585 | Test Precision:0.6585 | Best Test Accuracy: 73.171% | Best Test AUC:0.7778 | Best Test Sensitivity:0.8444 | Best Test Specificity:0.5946 | LR:0.0000334
[2023-08-16 22:31:00][Train.py][L163][INFO]Epoch[50/100] | Train Loss: 0.002 | Train Accuracy: 100.000% | Test Loss: 1.560 | Test Accuracy: 68.293% | Test AUC:0.7387 | Test Sen:0.6222 | Test Spe:0.7568 | Test F1:0.6829 | Test Recall:0.6829 | Test Precision:0.6829 | Best Test Accuracy: 73.171% | Best Test AUC:0.7778 | Best Test Sensitivity:0.8444 | Best Test Specificity:0.5946 | LR:0.0000325
[2023-08-16 22:31:01][Train.py][L163][INFO]Epoch[51/100] | Train Loss: 0.002 | Train Accuracy: 100.000% | Test Loss: 1.570 | Test Accuracy: 68.293% | Test AUC:0.7381 | Test Sen:0.6222 | Test Spe:0.7568 | Test F1:0.6829 | Test Recall:0.6829 | Test Precision:0.6829 | Best Test Accuracy: 73.171% | Best Test AUC:0.7778 | Best Test Sensitivity:0.8444 | Best Test Specificity:0.5946 | LR:0.0000316
[2023-08-16 22:31:03][Train.py][L163][INFO]Epoch[52/100] | Train Loss: 0.002 | Train Accuracy: 100.000% | Test Loss: 1.552 | Test Accuracy: 69.512% | Test AUC:0.7369 | Test Sen:0.6444 | Test Spe:0.7568 | Test F1:0.6951 | Test Recall:0.6951 | Test Precision:0.6951 | Best Test Accuracy: 73.171% | Best Test AUC:0.7778 | Best Test Sensitivity:0.8444 | Best Test Specificity:0.5946 | LR:0.0000307
[2023-08-16 22:31:04][Train.py][L163][INFO]Epoch[53/100] | Train Loss: 0.002 | Train Accuracy: 100.000% | Test Loss: 1.575 | Test Accuracy: 68.293% | Test AUC:0.7381 | Test Sen:0.6222 | Test Spe:0.7568 | Test F1:0.6829 | Test Recall:0.6829 | Test Precision:0.6829 | Best Test Accuracy: 73.171% | Best Test AUC:0.7778 | Best Test Sensitivity:0.8444 | Best Test Specificity:0.5946 | LR:0.0000299
[2023-08-16 22:31:05][Train.py][L163][INFO]Epoch[54/100] | Train Loss: 0.002 | Train Accuracy: 100.000% | Test Loss: 1.594 | Test Accuracy: 67.073% | Test AUC:0.7375 | Test Sen:0.6000 | Test Spe:0.7568 | Test F1:0.6707 | Test Recall:0.6707 | Test Precision:0.6707 | Best Test Accuracy: 73.171% | Best Test AUC:0.7778 | Best Test Sensitivity:0.8444 | Best Test Specificity:0.5946 | LR:0.0000290
[2023-08-16 22:31:07][Train.py][L163][INFO]Epoch[55/100] | Train Loss: 0.002 | Train Accuracy: 100.000% | Test Loss: 1.549 | Test Accuracy: 69.512% | Test AUC:0.7381 | Test Sen:0.6444 | Test Spe:0.7568 | Test F1:0.6951 | Test Recall:0.6951 | Test Precision:0.6951 | Best Test Accuracy: 73.171% | Best Test AUC:0.7778 | Best Test Sensitivity:0.8444 | Best Test Specificity:0.5946 | LR:0.0000282
[2023-08-16 22:31:08][Train.py][L163][INFO]Epoch[56/100] | Train Loss: 0.002 | Train Accuracy: 100.000% | Test Loss: 1.562 | Test Accuracy: 69.512% | Test AUC:0.7387 | Test Sen:0.6444 | Test Spe:0.7568 | Test F1:0.6951 | Test Recall:0.6951 | Test Precision:0.6951 | Best Test Accuracy: 73.171% | Best Test AUC:0.7778 | Best Test Sensitivity:0.8444 | Best Test Specificity:0.5946 | LR:0.0000274
[2023-08-16 22:31:09][Train.py][L163][INFO]Epoch[57/100] | Train Loss: 0.002 | Train Accuracy: 100.000% | Test Loss: 1.620 | Test Accuracy: 65.854% | Test AUC:0.7357 | Test Sen:0.5778 | Test Spe:0.7568 | Test F1:0.6585 | Test Recall:0.6585 | Test Precision:0.6585 | Best Test Accuracy: 73.171% | Best Test AUC:0.7778 | Best Test Sensitivity:0.8444 | Best Test Specificity:0.5946 | LR:0.0000266
[2023-08-16 22:31:11][Train.py][L163][INFO]Epoch[58/100] | Train Loss: 0.002 | Train Accuracy: 100.000% | Test Loss: 1.620 | Test Accuracy: 65.854% | Test AUC:0.7363 | Test Sen:0.5778 | Test Spe:0.7568 | Test F1:0.6585 | Test Recall:0.6585 | Test Precision:0.6585 | Best Test Accuracy: 73.171% | Best Test AUC:0.7778 | Best Test Sensitivity:0.8444 | Best Test Specificity:0.5946 | LR:0.0000259
[2023-08-16 22:31:12][Train.py][L163][INFO]Epoch[59/100] | Train Loss: 0.002 | Train Accuracy: 100.000% | Test Loss: 1.626 | Test Accuracy: 65.854% | Test AUC:0.7375 | Test Sen:0.5778 | Test Spe:0.7568 | Test F1:0.6585 | Test Recall:0.6585 | Test Precision:0.6585 | Best Test Accuracy: 73.171% | Best Test AUC:0.7778 | Best Test Sensitivity:0.8444 | Best Test Specificity:0.5946 | LR:0.0000251
[2023-08-16 22:31:13][Train.py][L163][INFO]Epoch[60/100] | Train Loss: 0.002 | Train Accuracy: 100.000% | Test Loss: 1.606 | Test Accuracy: 68.293% | Test AUC:0.7393 | Test Sen:0.6222 | Test Spe:0.7568 | Test F1:0.6829 | Test Recall:0.6829 | Test Precision:0.6829 | Best Test Accuracy: 73.171% | Best Test AUC:0.7778 | Best Test Sensitivity:0.8444 | Best Test Specificity:0.5946 | LR:0.0000244
[2023-08-16 22:31:14][Train.py][L163][INFO]Epoch[61/100] | Train Loss: 0.001 | Train Accuracy: 100.000% | Test Loss: 1.626 | Test Accuracy: 67.073% | Test AUC:0.7381 | Test Sen:0.6000 | Test Spe:0.7568 | Test F1:0.6707 | Test Recall:0.6707 | Test Precision:0.6707 | Best Test Accuracy: 73.171% | Best Test AUC:0.7778 | Best Test Sensitivity:0.8444 | Best Test Specificity:0.5946 | LR:0.0000237
[2023-08-16 22:31:16][Train.py][L163][INFO]Epoch[62/100] | Train Loss: 0.001 | Train Accuracy: 100.000% | Test Loss: 1.630 | Test Accuracy: 67.073% | Test AUC:0.7381 | Test Sen:0.6000 | Test Spe:0.7568 | Test F1:0.6707 | Test Recall:0.6707 | Test Precision:0.6707 | Best Test Accuracy: 73.171% | Best Test AUC:0.7778 | Best Test Sensitivity:0.8444 | Best Test Specificity:0.5946 | LR:0.0000230
[2023-08-16 22:31:17][Train.py][L163][INFO]Epoch[63/100] | Train Loss: 0.001 | Train Accuracy: 100.000% | Test Loss: 1.634 | Test Accuracy: 67.073% | Test AUC:0.7375 | Test Sen:0.6000 | Test Spe:0.7568 | Test F1:0.6707 | Test Recall:0.6707 | Test Precision:0.6707 | Best Test Accuracy: 73.171% | Best Test AUC:0.7778 | Best Test Sensitivity:0.8444 | Best Test Specificity:0.5946 | LR:0.0000223
[2023-08-16 22:31:18][Train.py][L163][INFO]Epoch[64/100] | Train Loss: 0.001 | Train Accuracy: 100.000% | Test Loss: 1.616 | Test Accuracy: 69.512% | Test AUC:0.7375 | Test Sen:0.6444 | Test Spe:0.7568 | Test F1:0.6951 | Test Recall:0.6951 | Test Precision:0.6951 | Best Test Accuracy: 73.171% | Best Test AUC:0.7778 | Best Test Sensitivity:0.8444 | Best Test Specificity:0.5946 | LR:0.0000217
[2023-08-16 22:31:20][Train.py][L163][INFO]Epoch[65/100] | Train Loss: 0.001 | Train Accuracy: 100.000% | Test Loss: 1.619 | Test Accuracy: 69.512% | Test AUC:0.7375 | Test Sen:0.6444 | Test Spe:0.7568 | Test F1:0.6951 | Test Recall:0.6951 | Test Precision:0.6951 | Best Test Accuracy: 73.171% | Best Test AUC:0.7778 | Best Test Sensitivity:0.8444 | Best Test Specificity:0.5946 | LR:0.0000210
[2023-08-16 22:31:21][Train.py][L163][INFO]Epoch[66/100] | Train Loss: 0.001 | Train Accuracy: 100.000% | Test Loss: 1.640 | Test Accuracy: 67.073% | Test AUC:0.7369 | Test Sen:0.6000 | Test Spe:0.7568 | Test F1:0.6707 | Test Recall:0.6707 | Test Precision:0.6707 | Best Test Accuracy: 73.171% | Best Test AUC:0.7778 | Best Test Sensitivity:0.8444 | Best Test Specificity:0.5946 | LR:0.0000204
[2023-08-16 22:31:22][Train.py][L163][INFO]Epoch[67/100] | Train Loss: 0.001 | Train Accuracy: 100.000% | Test Loss: 1.655 | Test Accuracy: 67.073% | Test AUC:0.7387 | Test Sen:0.6000 | Test Spe:0.7568 | Test F1:0.6707 | Test Recall:0.6707 | Test Precision:0.6707 | Best Test Accuracy: 73.171% | Best Test AUC:0.7778 | Best Test Sensitivity:0.8444 | Best Test Specificity:0.5946 | LR:0.0000198
[2023-08-16 22:31:24][Train.py][L163][INFO]Epoch[68/100] | Train Loss: 0.001 | Train Accuracy: 100.000% | Test Loss: 1.633 | Test Accuracy: 69.512% | Test AUC:0.7381 | Test Sen:0.6444 | Test Spe:0.7568 | Test F1:0.6951 | Test Recall:0.6951 | Test Precision:0.6951 | Best Test Accuracy: 73.171% | Best Test AUC:0.7778 | Best Test Sensitivity:0.8444 | Best Test Specificity:0.5946 | LR:0.0000192
[2023-08-16 22:31:25][Train.py][L163][INFO]Epoch[69/100] | Train Loss: 0.001 | Train Accuracy: 100.000% | Test Loss: 1.634 | Test Accuracy: 69.512% | Test AUC:0.7375 | Test Sen:0.6444 | Test Spe:0.7568 | Test F1:0.6951 | Test Recall:0.6951 | Test Precision:0.6951 | Best Test Accuracy: 73.171% | Best Test AUC:0.7778 | Best Test Sensitivity:0.8444 | Best Test Specificity:0.5946 | LR:0.0000186
[2023-08-16 22:31:26][Train.py][L163][INFO]Epoch[70/100] | Train Loss: 0.001 | Train Accuracy: 100.000% | Test Loss: 1.662 | Test Accuracy: 67.073% | Test AUC:0.7381 | Test Sen:0.6000 | Test Spe:0.7568 | Test F1:0.6707 | Test Recall:0.6707 | Test Precision:0.6707 | Best Test Accuracy: 73.171% | Best Test AUC:0.7778 | Best Test Sensitivity:0.8444 | Best Test Specificity:0.5946 | LR:0.0000181
[2023-08-16 22:31:28][Train.py][L163][INFO]Epoch[71/100] | Train Loss: 0.001 | Train Accuracy: 100.000% | Test Loss: 1.634 | Test Accuracy: 69.512% | Test AUC:0.7375 | Test Sen:0.6444 | Test Spe:0.7568 | Test F1:0.6951 | Test Recall:0.6951 | Test Precision:0.6951 | Best Test Accuracy: 73.171% | Best Test AUC:0.7778 | Best Test Sensitivity:0.8444 | Best Test Specificity:0.5946 | LR:0.0000176
[2023-08-16 22:31:29][Train.py][L163][INFO]Epoch[72/100] | Train Loss: 0.001 | Train Accuracy: 100.000% | Test Loss: 1.629 | Test Accuracy: 69.512% | Test AUC:0.7381 | Test Sen:0.6444 | Test Spe:0.7568 | Test F1:0.6951 | Test Recall:0.6951 | Test Precision:0.6951 | Best Test Accuracy: 73.171% | Best Test AUC:0.7778 | Best Test Sensitivity:0.8444 | Best Test Specificity:0.5946 | LR:0.0000171
[2023-08-16 22:31:31][Train.py][L163][INFO]Epoch[73/100] | Train Loss: 0.001 | Train Accuracy: 100.000% | Test Loss: 1.659 | Test Accuracy: 67.073% | Test AUC:0.7375 | Test Sen:0.6000 | Test Spe:0.7568 | Test F1:0.6707 | Test Recall:0.6707 | Test Precision:0.6707 | Best Test Accuracy: 73.171% | Best Test AUC:0.7778 | Best Test Sensitivity:0.8444 | Best Test Specificity:0.5946 | LR:0.0000166
[2023-08-16 22:31:32][Train.py][L163][INFO]Epoch[74/100] | Train Loss: 0.001 | Train Accuracy: 100.000% | Test Loss: 1.656 | Test Accuracy: 69.512% | Test AUC:0.7375 | Test Sen:0.6444 | Test Spe:0.7568 | Test F1:0.6951 | Test Recall:0.6951 | Test Precision:0.6951 | Best Test Accuracy: 73.171% | Best Test AUC:0.7778 | Best Test Sensitivity:0.8444 | Best Test Specificity:0.5946 | LR:0.0000161
[2023-08-16 22:31:33][Train.py][L163][INFO]Epoch[75/100] | Train Loss: 0.001 | Train Accuracy: 100.000% | Test Loss: 1.662 | Test Accuracy: 67.073% | Test AUC:0.7393 | Test Sen:0.6000 | Test Spe:0.7568 | Test F1:0.6707 | Test Recall:0.6707 | Test Precision:0.6707 | Best Test Accuracy: 73.171% | Best Test AUC:0.7778 | Best Test Sensitivity:0.8444 | Best Test Specificity:0.5946 | LR:0.0000156
[2023-08-16 22:31:35][Train.py][L163][INFO]Epoch[76/100] | Train Loss: 0.001 | Train Accuracy: 100.000% | Test Loss: 1.668 | Test Accuracy: 67.073% | Test AUC:0.7381 | Test Sen:0.6000 | Test Spe:0.7568 | Test F1:0.6707 | Test Recall:0.6707 | Test Precision:0.6707 | Best Test Accuracy: 73.171% | Best Test AUC:0.7778 | Best Test Sensitivity:0.8444 | Best Test Specificity:0.5946 | LR:0.0000152
[2023-08-16 22:31:36][Train.py][L163][INFO]Epoch[77/100] | Train Loss: 0.001 | Train Accuracy: 100.000% | Test Loss: 1.669 | Test Accuracy: 67.073% | Test AUC:0.7381 | Test Sen:0.6000 | Test Spe:0.7568 | Test F1:0.6707 | Test Recall:0.6707 | Test Precision:0.6707 | Best Test Accuracy: 73.171% | Best Test AUC:0.7778 | Best Test Sensitivity:0.8444 | Best Test Specificity:0.5946 | LR:0.0000148
[2023-08-16 22:31:37][Train.py][L163][INFO]Epoch[78/100] | Train Loss: 0.001 | Train Accuracy: 100.000% | Test Loss: 1.655 | Test Accuracy: 69.512% | Test AUC:0.7381 | Test Sen:0.6444 | Test Spe:0.7568 | Test F1:0.6951 | Test Recall:0.6951 | Test Precision:0.6951 | Best Test Accuracy: 73.171% | Best Test AUC:0.7778 | Best Test Sensitivity:0.8444 | Best Test Specificity:0.5946 | LR:0.0000144
[2023-08-16 22:31:39][Train.py][L163][INFO]Epoch[79/100] | Train Loss: 0.001 | Train Accuracy: 100.000% | Test Loss: 1.663 | Test Accuracy: 69.512% | Test AUC:0.7381 | Test Sen:0.6444 | Test Spe:0.7568 | Test F1:0.6951 | Test Recall:0.6951 | Test Precision:0.6951 | Best Test Accuracy: 73.171% | Best Test AUC:0.7778 | Best Test Sensitivity:0.8444 | Best Test Specificity:0.5946 | LR:0.0000140
[2023-08-16 22:31:40][Train.py][L163][INFO]Epoch[80/100] | Train Loss: 0.001 | Train Accuracy: 100.000% | Test Loss: 1.668 | Test Accuracy: 69.512% | Test AUC:0.7381 | Test Sen:0.6444 | Test Spe:0.7568 | Test F1:0.6951 | Test Recall:0.6951 | Test Precision:0.6951 | Best Test Accuracy: 73.171% | Best Test AUC:0.7778 | Best Test Sensitivity:0.8444 | Best Test Specificity:0.5946 | LR:0.0000136
[2023-08-16 22:31:42][Train.py][L163][INFO]Epoch[81/100] | Train Loss: 0.001 | Train Accuracy: 100.000% | Test Loss: 1.676 | Test Accuracy: 68.293% | Test AUC:0.7387 | Test Sen:0.6222 | Test Spe:0.7568 | Test F1:0.6829 | Test Recall:0.6829 | Test Precision:0.6829 | Best Test Accuracy: 73.171% | Best Test AUC:0.7778 | Best Test Sensitivity:0.8444 | Best Test Specificity:0.5946 | LR:0.0000132
[2023-08-16 22:31:43][Train.py][L163][INFO]Epoch[82/100] | Train Loss: 0.001 | Train Accuracy: 100.000% | Test Loss: 1.674 | Test Accuracy: 69.512% | Test AUC:0.7381 | Test Sen:0.6444 | Test Spe:0.7568 | Test F1:0.6951 | Test Recall:0.6951 | Test Precision:0.6951 | Best Test Accuracy: 73.171% | Best Test AUC:0.7778 | Best Test Sensitivity:0.8444 | Best Test Specificity:0.5946 | LR:0.0000129
[2023-08-16 22:31:44][Train.py][L163][INFO]Epoch[83/100] | Train Loss: 0.001 | Train Accuracy: 100.000% | Test Loss: 1.703 | Test Accuracy: 67.073% | Test AUC:0.7381 | Test Sen:0.6000 | Test Spe:0.7568 | Test F1:0.6707 | Test Recall:0.6707 | Test Precision:0.6707 | Best Test Accuracy: 73.171% | Best Test AUC:0.7778 | Best Test Sensitivity:0.8444 | Best Test Specificity:0.5946 | LR:0.0000126
[2023-08-16 22:31:46][Train.py][L163][INFO]Epoch[84/100] | Train Loss: 0.001 | Train Accuracy: 100.000% | Test Loss: 1.706 | Test Accuracy: 67.073% | Test AUC:0.7393 | Test Sen:0.6000 | Test Spe:0.7568 | Test F1:0.6707 | Test Recall:0.6707 | Test Precision:0.6707 | Best Test Accuracy: 73.171% | Best Test AUC:0.7778 | Best Test Sensitivity:0.8444 | Best Test Specificity:0.5946 | LR:0.0000123
[2023-08-16 22:31:47][Train.py][L163][INFO]Epoch[85/100] | Train Loss: 0.001 | Train Accuracy: 100.000% | Test Loss: 1.674 | Test Accuracy: 69.512% | Test AUC:0.7381 | Test Sen:0.6444 | Test Spe:0.7568 | Test F1:0.6951 | Test Recall:0.6951 | Test Precision:0.6951 | Best Test Accuracy: 73.171% | Best Test AUC:0.7778 | Best Test Sensitivity:0.8444 | Best Test Specificity:0.5946 | LR:0.0000120
[2023-08-16 22:31:49][Train.py][L163][INFO]Epoch[86/100] | Train Loss: 0.001 | Train Accuracy: 100.000% | Test Loss: 1.671 | Test Accuracy: 69.512% | Test AUC:0.7381 | Test Sen:0.6444 | Test Spe:0.7568 | Test F1:0.6951 | Test Recall:0.6951 | Test Precision:0.6951 | Best Test Accuracy: 73.171% | Best Test AUC:0.7778 | Best Test Sensitivity:0.8444 | Best Test Specificity:0.5946 | LR:0.0000118
[2023-08-16 22:31:50][Train.py][L163][INFO]Epoch[87/100] | Train Loss: 0.001 | Train Accuracy: 100.000% | Test Loss: 1.698 | Test Accuracy: 67.073% | Test AUC:0.7381 | Test Sen:0.6000 | Test Spe:0.7568 | Test F1:0.6707 | Test Recall:0.6707 | Test Precision:0.6707 | Best Test Accuracy: 73.171% | Best Test AUC:0.7778 | Best Test Sensitivity:0.8444 | Best Test Specificity:0.5946 | LR:0.0000115
[2023-08-16 22:31:51][Train.py][L163][INFO]Epoch[88/100] | Train Loss: 0.001 | Train Accuracy: 100.000% | Test Loss: 1.675 | Test Accuracy: 69.512% | Test AUC:0.7387 | Test Sen:0.6444 | Test Spe:0.7568 | Test F1:0.6951 | Test Recall:0.6951 | Test Precision:0.6951 | Best Test Accuracy: 73.171% | Best Test AUC:0.7778 | Best Test Sensitivity:0.8444 | Best Test Specificity:0.5946 | LR:0.0000113
[2023-08-16 22:31:53][Train.py][L163][INFO]Epoch[89/100] | Train Loss: 0.001 | Train Accuracy: 100.000% | Test Loss: 1.696 | Test Accuracy: 69.512% | Test AUC:0.7381 | Test Sen:0.6444 | Test Spe:0.7568 | Test F1:0.6951 | Test Recall:0.6951 | Test Precision:0.6951 | Best Test Accuracy: 73.171% | Best Test AUC:0.7778 | Best Test Sensitivity:0.8444 | Best Test Specificity:0.5946 | LR:0.0000111
[2023-08-16 22:31:54][Train.py][L163][INFO]Epoch[90/100] | Train Loss: 0.001 | Train Accuracy: 100.000% | Test Loss: 1.691 | Test Accuracy: 69.512% | Test AUC:0.7381 | Test Sen:0.6444 | Test Spe:0.7568 | Test F1:0.6951 | Test Recall:0.6951 | Test Precision:0.6951 | Best Test Accuracy: 73.171% | Best Test AUC:0.7778 | Best Test Sensitivity:0.8444 | Best Test Specificity:0.5946 | LR:0.0000109
[2023-08-16 22:31:55][Train.py][L163][INFO]Epoch[91/100] | Train Loss: 0.001 | Train Accuracy: 100.000% | Test Loss: 1.708 | Test Accuracy: 67.073% | Test AUC:0.7399 | Test Sen:0.6000 | Test Spe:0.7568 | Test F1:0.6707 | Test Recall:0.6707 | Test Precision:0.6707 | Best Test Accuracy: 73.171% | Best Test AUC:0.7778 | Best Test Sensitivity:0.8444 | Best Test Specificity:0.5946 | LR:0.0000107
[2023-08-16 22:31:57][Train.py][L163][INFO]Epoch[92/100] | Train Loss: 0.001 | Train Accuracy: 100.000% | Test Loss: 1.698 | Test Accuracy: 69.512% | Test AUC:0.7393 | Test Sen:0.6444 | Test Spe:0.7568 | Test F1:0.6951 | Test Recall:0.6951 | Test Precision:0.6951 | Best Test Accuracy: 73.171% | Best Test AUC:0.7778 | Best Test Sensitivity:0.8444 | Best Test Specificity:0.5946 | LR:0.0000106
[2023-08-16 22:31:58][Train.py][L163][INFO]Epoch[93/100] | Train Loss: 0.001 | Train Accuracy: 100.000% | Test Loss: 1.689 | Test Accuracy: 69.512% | Test AUC:0.7387 | Test Sen:0.6444 | Test Spe:0.7568 | Test F1:0.6951 | Test Recall:0.6951 | Test Precision:0.6951 | Best Test Accuracy: 73.171% | Best Test AUC:0.7778 | Best Test Sensitivity:0.8444 | Best Test Specificity:0.5946 | LR:0.0000104
[2023-08-16 22:31:59][Train.py][L163][INFO]Epoch[94/100] | Train Loss: 0.001 | Train Accuracy: 100.000% | Test Loss: 1.734 | Test Accuracy: 67.073% | Test AUC:0.7381 | Test Sen:0.6000 | Test Spe:0.7568 | Test F1:0.6707 | Test Recall:0.6707 | Test Precision:0.6707 | Best Test Accuracy: 73.171% | Best Test AUC:0.7778 | Best Test Sensitivity:0.8444 | Best Test Specificity:0.5946 | LR:0.0000103
[2023-08-16 22:32:01][Train.py][L163][INFO]Epoch[95/100] | Train Loss: 0.001 | Train Accuracy: 100.000% | Test Loss: 1.704 | Test Accuracy: 69.512% | Test AUC:0.7387 | Test Sen:0.6444 | Test Spe:0.7568 | Test F1:0.6951 | Test Recall:0.6951 | Test Precision:0.6951 | Best Test Accuracy: 73.171% | Best Test AUC:0.7778 | Best Test Sensitivity:0.8444 | Best Test Specificity:0.5946 | LR:0.0000102
[2023-08-16 22:32:02][Train.py][L163][INFO]Epoch[96/100] | Train Loss: 0.001 | Train Accuracy: 100.000% | Test Loss: 1.693 | Test Accuracy: 69.512% | Test AUC:0.7387 | Test Sen:0.6444 | Test Spe:0.7568 | Test F1:0.6951 | Test Recall:0.6951 | Test Precision:0.6951 | Best Test Accuracy: 73.171% | Best Test AUC:0.7778 | Best Test Sensitivity:0.8444 | Best Test Specificity:0.5946 | LR:0.0000101
[2023-08-16 22:32:04][Train.py][L163][INFO]Epoch[97/100] | Train Loss: 0.001 | Train Accuracy: 100.000% | Test Loss: 1.722 | Test Accuracy: 67.073% | Test AUC:0.7399 | Test Sen:0.6000 | Test Spe:0.7568 | Test F1:0.6707 | Test Recall:0.6707 | Test Precision:0.6707 | Best Test Accuracy: 73.171% | Best Test AUC:0.7778 | Best Test Sensitivity:0.8444 | Best Test Specificity:0.5946 | LR:0.0000101
[2023-08-16 22:32:05][Train.py][L163][INFO]Epoch[98/100] | Train Loss: 0.001 | Train Accuracy: 100.000% | Test Loss: 1.724 | Test Accuracy: 67.073% | Test AUC:0.7387 | Test Sen:0.6000 | Test Spe:0.7568 | Test F1:0.6707 | Test Recall:0.6707 | Test Precision:0.6707 | Best Test Accuracy: 73.171% | Best Test AUC:0.7778 | Best Test Sensitivity:0.8444 | Best Test Specificity:0.5946 | LR:0.0000100
[2023-08-16 22:32:07][Train.py][L163][INFO]Epoch[99/100] | Train Loss: 0.001 | Train Accuracy: 100.000% | Test Loss: 1.719 | Test Accuracy: 67.073% | Test AUC:0.7387 | Test Sen:0.6000 | Test Spe:0.7568 | Test F1:0.6707 | Test Recall:0.6707 | Test Precision:0.6707 | Best Test Accuracy: 73.171% | Best Test AUC:0.7778 | Best Test Sensitivity:0.8444 | Best Test Specificity:0.5946 | LR:0.0000100
[2023-08-16 22:32:08][Train.py][L163][INFO]Epoch[100/100] | Train Loss: 0.001 | Train Accuracy: 100.000% | Test Loss: 1.726 | Test Accuracy: 67.073% | Test AUC:0.7387 | Test Sen:0.6000 | Test Spe:0.7568 | Test F1:0.6707 | Test Recall:0.6707 | Test Precision:0.6707 | Best Test Accuracy: 73.171% | Best Test AUC:0.7778 | Best Test Sensitivity:0.8444 | Best Test Specificity:0.5946 | LR:0.0000100
